[2017-11-17 21:12:17][debug] begin goods notify
[2017-11-17 21:12:17][debug] call back...:{"appid":"wx7d05a96d073b899b","attach":"GoodsPayParam;20;10\u5143\u5957\u9910;1;27","bank_type":"CFT","cash_fee":"1","fee_type":"CNY","is_subscribe":"Y","mch_id":"1489371702","nonce_str":"qhi1ferglyrhpbbuujcnz6x4iter85u9","openid":"olXx5wUZLt41E-Ul_PWwGqsUfJm0","out_trade_no":"148937170220171117211211","result_code":"SUCCESS","return_code":"SUCCESS","sign":"8222559F00CF1FC35694FEB6D4716296","time_end":"20171117211216","total_fee":"1","trade_type":"JSAPI","transaction_id":"4200000040201711175320505447"}
[2017-11-17 21:12:17][debug] query:{"appid":"wx7d05a96d073b899b","attach":"GoodsPayParam;20;10\u5143\u5957\u9910;1;27","bank_type":"CFT","cash_fee":"1","fee_type":"CNY","is_subscribe":"Y","mch_id":"1489371702","nonce_str":"UAQnvMyWb9RhpBSJ","openid":"olXx5wUZLt41E-Ul_PWwGqsUfJm0","out_trade_no":"148937170220171117211211","result_code":"SUCCESS","return_code":"SUCCESS","return_msg":"OK","sign":"9481610CE4005F2AD0C1D57EAA0264F8","time_end":"20171117211216","total_fee":"1","trade_state":"SUCCESS","trade_type":"JSAPI","transaction_id":"4200000040201711175320505447"}
[2017-11-17 21:12:17][debug] im enter
[2017-11-17 21:12:17][debug] addgoods4200000040201711175320505447
[2017-11-17 21:12:31][debug] begin goods notify
[2017-11-17 21:12:31][debug] call back...:{"appid":"wx7d05a96d073b899b","attach":"GoodsPayParam;20;10\u5143\u5957\u9910;1;27","bank_type":"CFT","cash_fee":"1","fee_type":"CNY","is_subscribe":"Y","mch_id":"1489371702","nonce_str":"qhi1ferglyrhpbbuujcnz6x4iter85u9","openid":"olXx5wUZLt41E-Ul_PWwGqsUfJm0","out_trade_no":"148937170220171117211211","result_code":"SUCCESS","return_code":"SUCCESS","sign":"8222559F00CF1FC35694FEB6D4716296","time_end":"20171117211216","total_fee":"1","trade_type":"JSAPI","transaction_id":"4200000040201711175320505447"}
[2017-11-17 21:12:31][debug] query:{"appid":"wx7d05a96d073b899b","attach":"GoodsPayParam;20;10\u5143\u5957\u9910;1;27","bank_type":"CFT","cash_fee":"1","fee_type":"CNY","is_subscribe":"Y","mch_id":"1489371702","nonce_str":"2d6nVa4e7APkIslA","openid":"olXx5wUZLt41E-Ul_PWwGqsUfJm0","out_trade_no":"148937170220171117211211","result_code":"SUCCESS","return_code":"SUCCESS","return_msg":"OK","sign":"D773683A01F0D0D978F420AC6FF90802","time_end":"20171117211216","total_fee":"1","trade_state":"SUCCESS","trade_type":"JSAPI","transaction_id":"4200000040201711175320505447"}
[2017-11-17 21:12:31][debug] im enter
[2017-11-17 21:12:48][debug] begin goods notify
[2017-11-17 21:12:48][debug] call back...:{"appid":"wx7d05a96d073b899b","attach":"GoodsPayParam;20;10\u5143\u5957\u9910;1;27","bank_type":"CFT","cash_fee":"1","fee_type":"CNY","is_subscribe":"Y","mch_id":"1489371702","nonce_str":"qhi1ferglyrhpbbuujcnz6x4iter85u9","openid":"olXx5wUZLt41E-Ul_PWwGqsUfJm0","out_trade_no":"148937170220171117211211","result_code":"SUCCESS","return_code":"SUCCESS","sign":"8222559F00CF1FC35694FEB6D4716296","time_end":"20171117211216","total_fee":"1","trade_type":"JSAPI","transaction_id":"4200000040201711175320505447"}
[2017-11-17 21:12:49][debug] query:{"appid":"wx7d05a96d073b899b","attach":"GoodsPayParam;20;10\u5143\u5957\u9910;1;27","bank_type":"CFT","cash_fee":"1","fee_type":"CNY","is_subscribe":"Y","mch_id":"1489371702","nonce_str":"fV8CKf2k4nW1PC4c","openid":"olXx5wUZLt41E-Ul_PWwGqsUfJm0","out_trade_no":"148937170220171117211211","result_code":"SUCCESS","return_code":"SUCCESS","return_msg":"OK","sign":"7CD749F751D8277A4FB6409D554E0485","time_end":"20171117211216","total_fee":"1","trade_state":"SUCCESS","trade_type":"JSAPI","transaction_id":"4200000040201711175320505447"}
[2017-11-17 21:12:49][debug] im enter
[2017-11-17 21:13:20][debug] begin goods notify
[2017-11-17 21:13:20][debug] call back...:{"appid":"wx7d05a96d073b899b","attach":"GoodsPayParam;20;10\u5143\u5957\u9910;1;27","bank_type":"CFT","cash_fee":"1","fee_type":"CNY","is_subscribe":"Y","mch_id":"1489371702","nonce_str":"qhi1ferglyrhpbbuujcnz6x4iter85u9","openid":"olXx5wUZLt41E-Ul_PWwGqsUfJm0","out_trade_no":"148937170220171117211211","result_code":"SUCCESS","return_code":"SUCCESS","sign":"8222559F00CF1FC35694FEB6D4716296","time_end":"20171117211216","total_fee":"1","trade_type":"JSAPI","transaction_id":"4200000040201711175320505447"}
[2017-11-17 21:13:20][debug] query:{"appid":"wx7d05a96d073b899b","attach":"GoodsPayParam;20;10\u5143\u5957\u9910;1;27","bank_type":"CFT","cash_fee":"1","fee_type":"CNY","is_subscribe":"Y","mch_id":"1489371702","nonce_str":"sLVmKjXKbdp21PIE","openid":"olXx5wUZLt41E-Ul_PWwGqsUfJm0","out_trade_no":"148937170220171117211211","result_code":"SUCCESS","return_code":"SUCCESS","return_msg":"OK","sign":"6C366E5ABC78593586805F09FD0C228E","time_end":"20171117211216","total_fee":"1","trade_state":"SUCCESS","trade_type":"JSAPI","transaction_id":"4200000040201711175320505447"}
[2017-11-17 21:13:20][debug] im enter
[2017-11-17 21:16:23][debug] begin goods notify
[2017-11-17 21:16:23][debug] call back...:{"appid":"wx7d05a96d073b899b","attach":"GoodsPayParam;20;10\u5143\u5957\u9910;1;27","bank_type":"CFT","cash_fee":"1","fee_type":"CNY","is_subscribe":"Y","mch_id":"1489371702","nonce_str":"qhi1ferglyrhpbbuujcnz6x4iter85u9","openid":"olXx5wUZLt41E-Ul_PWwGqsUfJm0","out_trade_no":"148937170220171117211211","result_code":"SUCCESS","return_code":"SUCCESS","sign":"8222559F00CF1FC35694FEB6D4716296","time_end":"20171117211216","total_fee":"1","trade_type":"JSAPI","transaction_id":"4200000040201711175320505447"}
[2017-11-17 21:16:24][debug] query:{"appid":"wx7d05a96d073b899b","attach":"GoodsPayParam;20;10\u5143\u5957\u9910;1;27","bank_type":"CFT","cash_fee":"1","fee_type":"CNY","is_subscribe":"Y","mch_id":"1489371702","nonce_str":"qTtqR60JGLECZZbg","openid":"olXx5wUZLt41E-Ul_PWwGqsUfJm0","out_trade_no":"148937170220171117211211","result_code":"SUCCESS","return_code":"SUCCESS","return_msg":"OK","sign":"2DF8AB30533E4431B935DFAABD87B9E3","time_end":"20171117211216","total_fee":"1","trade_state":"SUCCESS","trade_type":"JSAPI","transaction_id":"4200000040201711175320505447"}
[2017-11-17 21:16:24][debug] im enter
[2017-11-17 21:46:26][debug] begin goods notify
[2017-11-17 21:46:26][debug] call back...:{"appid":"wx7d05a96d073b899b","attach":"GoodsPayParam;20;10\u5143\u5957\u9910;1;27","bank_type":"CFT","cash_fee":"1","fee_type":"CNY","is_subscribe":"Y","mch_id":"1489371702","nonce_str":"qhi1ferglyrhpbbuujcnz6x4iter85u9","openid":"olXx5wUZLt41E-Ul_PWwGqsUfJm0","out_trade_no":"148937170220171117211211","result_code":"SUCCESS","return_code":"SUCCESS","sign":"8222559F00CF1FC35694FEB6D4716296","time_end":"20171117211216","total_fee":"1","trade_type":"JSAPI","transaction_id":"4200000040201711175320505447"}
[2017-11-17 21:46:26][debug] query:{"appid":"wx7d05a96d073b899b","attach":"GoodsPayParam;20;10\u5143\u5957\u9910;1;27","bank_type":"CFT","cash_fee":"1","fee_type":"CNY","is_subscribe":"Y","mch_id":"1489371702","nonce_str":"c2taLpCR1z8OHKAp","openid":"olXx5wUZLt41E-Ul_PWwGqsUfJm0","out_trade_no":"148937170220171117211211","result_code":"SUCCESS","return_code":"SUCCESS","return_msg":"OK","sign":"E0256AE94E80D46277A447D858C78E9A","time_end":"20171117211216","total_fee":"1","trade_state":"SUCCESS","trade_type":"JSAPI","transaction_id":"4200000040201711175320505447"}
[2017-11-17 21:46:26][debug] im enter
[2017-11-17 22:16:28][debug] begin goods notify
[2017-11-17 22:16:28][debug] call back...:{"appid":"wx7d05a96d073b899b","attach":"GoodsPayParam;20;10\u5143\u5957\u9910;1;27","bank_type":"CFT","cash_fee":"1","fee_type":"CNY","is_subscribe":"Y","mch_id":"1489371702","nonce_str":"qhi1ferglyrhpbbuujcnz6x4iter85u9","openid":"olXx5wUZLt41E-Ul_PWwGqsUfJm0","out_trade_no":"148937170220171117211211","result_code":"SUCCESS","return_code":"SUCCESS","sign":"8222559F00CF1FC35694FEB6D4716296","time_end":"20171117211216","total_fee":"1","trade_type":"JSAPI","transaction_id":"4200000040201711175320505447"}
[2017-11-17 22:16:28][debug] query:{"appid":"wx7d05a96d073b899b","attach":"GoodsPayParam;20;10\u5143\u5957\u9910;1;27","bank_type":"CFT","cash_fee":"1","fee_type":"CNY","is_subscribe":"Y","mch_id":"1489371702","nonce_str":"DJwAQnTZlLrlfUFy","openid":"olXx5wUZLt41E-Ul_PWwGqsUfJm0","out_trade_no":"148937170220171117211211","result_code":"SUCCESS","return_code":"SUCCESS","return_msg":"OK","sign":"9FEA066A119BE626459B87F577D53B55","time_end":"20171117211216","total_fee":"1","trade_state":"SUCCESS","trade_type":"JSAPI","transaction_id":"4200000040201711175320505447"}
[2017-11-17 22:16:28][debug] im enter
[2017-11-17 22:46:30][debug] begin goods notify
[2017-11-17 22:46:30][debug] call back...:{"appid":"wx7d05a96d073b899b","attach":"GoodsPayParam;20;10\u5143\u5957\u9910;1;27","bank_type":"CFT","cash_fee":"1","fee_type":"CNY","is_subscribe":"Y","mch_id":"1489371702","nonce_str":"qhi1ferglyrhpbbuujcnz6x4iter85u9","openid":"olXx5wUZLt41E-Ul_PWwGqsUfJm0","out_trade_no":"148937170220171117211211","result_code":"SUCCESS","return_code":"SUCCESS","sign":"8222559F00CF1FC35694FEB6D4716296","time_end":"20171117211216","total_fee":"1","trade_type":"JSAPI","transaction_id":"4200000040201711175320505447"}
[2017-11-17 22:46:31][debug] query:{"appid":"wx7d05a96d073b899b","attach":"GoodsPayParam;20;10\u5143\u5957\u9910;1;27","bank_type":"CFT","cash_fee":"1","fee_type":"CNY","is_subscribe":"Y","mch_id":"1489371702","nonce_str":"AqFBwoEXAdoNSFah","openid":"olXx5wUZLt41E-Ul_PWwGqsUfJm0","out_trade_no":"148937170220171117211211","result_code":"SUCCESS","return_code":"SUCCESS","return_msg":"OK","sign":"F5BEF19496C1C1E7B49CE3BE2134E224","time_end":"20171117211216","total_fee":"1","trade_state":"SUCCESS","trade_type":"JSAPI","transaction_id":"4200000040201711175320505447"}
[2017-11-17 22:46:31][debug] im enter
[2017-11-17 23:16:33][debug] begin goods notify
[2017-11-17 23:16:33][debug] call back...:{"appid":"wx7d05a96d073b899b","attach":"GoodsPayParam;20;10\u5143\u5957\u9910;1;27","bank_type":"CFT","cash_fee":"1","fee_type":"CNY","is_subscribe":"Y","mch_id":"1489371702","nonce_str":"qhi1ferglyrhpbbuujcnz6x4iter85u9","openid":"olXx5wUZLt41E-Ul_PWwGqsUfJm0","out_trade_no":"148937170220171117211211","result_code":"SUCCESS","return_code":"SUCCESS","sign":"8222559F00CF1FC35694FEB6D4716296","time_end":"20171117211216","total_fee":"1","trade_type":"JSAPI","transaction_id":"4200000040201711175320505447"}
[2017-11-17 23:16:33][debug] query:{"appid":"wx7d05a96d073b899b","attach":"GoodsPayParam;20;10\u5143\u5957\u9910;1;27","bank_type":"CFT","cash_fee":"1","fee_type":"CNY","is_subscribe":"Y","mch_id":"1489371702","nonce_str":"E7mgbrRyAzfMeo2K","openid":"olXx5wUZLt41E-Ul_PWwGqsUfJm0","out_trade_no":"148937170220171117211211","result_code":"SUCCESS","return_code":"SUCCESS","return_msg":"OK","sign":"B28DCF9AD2CCBF85BE63938BC6F2CC04","time_end":"20171117211216","total_fee":"1","trade_state":"SUCCESS","trade_type":"JSAPI","transaction_id":"4200000040201711175320505447"}
[2017-11-17 23:16:33][debug] im enter
