[2018-04-01 13:57:18][debug] begin goods notify
[2018-04-01 13:57:18][debug] call back...---:{"appid":"wxecd6b654b7533930","attach":"GoodsPayParam;280;9.9\u5143\u63a8\u5e7f\u5361;990;39;1","bank_type":"CCB_DEBIT","cash_fee":"990","fee_type":"CNY","is_subscribe":"N","mch_id":"1285500001","nonce_str":"7vjgxm5w88hrz8at1pws6dsh3p4r9kcl","openid":"oW5_rjt3yW_tX0D_cnjb8JSnAl5k","out_trade_no":"128550000120180401135707","result_code":"SUCCESS","return_code":"SUCCESS","sign":"497ECE5B7DD98A9A86A4EDB6166E4A0C","time_end":"20180401135718","total_fee":"990","trade_type":"JSAPI","transaction_id":"4200000099201804019812694557"}
[2018-04-01 13:57:18][debug] query:{"appid":"wxecd6b654b7533930","attach":"GoodsPayParam;280;9.9\u5143\u63a8\u5e7f\u5361;990;39;1","bank_type":"CCB_DEBIT","cash_fee":"990","fee_type":"CNY","is_subscribe":"N","mch_id":"1285500001","nonce_str":"oIuGLE1PHmP30Yyw","openid":"oW5_rjt3yW_tX0D_cnjb8JSnAl5k","out_trade_no":"128550000120180401135707","result_code":"SUCCESS","return_code":"SUCCESS","return_msg":"OK","sign":"D3831DA7142DAD54499BF94A074C0721","time_end":"20180401135718","total_fee":"990","trade_state":"SUCCESS","trade_state_desc":"\u652f\u4ed8\u6210\u529f","trade_type":"JSAPI","transaction_id":"4200000099201804019812694557"}
[2018-04-01 13:57:18][debug] im enter
[2018-04-01 13:57:18][debug] start add call data:4200000099201804019812694557
[2018-04-01 13:57:18][debug] addgoods4200000099201804019812694557
[2018-04-01 14:02:44][debug] begin goods notify
[2018-04-01 14:02:44][debug] call back...---:{"appid":"wxecd6b654b7533930","attach":"GoodsPayParam;282;9.9\u5143\u63a8\u5e7f\u5361;990;39;1","bank_type":"CFT","cash_fee":"979","coupon_count":"1","coupon_fee":"11","coupon_fee_0":"11","coupon_id_0":"2000000026878711208","fee_type":"CNY","is_subscribe":"N","mch_id":"1285500001","nonce_str":"cavljft3m3xttlxc4eic4yr7tnwwtcra","openid":"oW5_rjhgOiQXg1t252c_wodAC73w","out_trade_no":"128550000120180401140238","result_code":"SUCCESS","return_code":"SUCCESS","sign":"C256F23F836E836D6D9192CAF8A77FB9","time_end":"20180401140244","total_fee":"990","trade_type":"JSAPI","transaction_id":"4200000090201804019879786494"}
[2018-04-01 14:02:45][debug] query:{"appid":"wxecd6b654b7533930","attach":"GoodsPayParam;282;9.9\u5143\u63a8\u5e7f\u5361;990;39;1","bank_type":"CFT","cash_fee":"979","coupon_count":"1","coupon_fee":"11","coupon_fee_0":"11","coupon_id_0":"2000000026878711208","fee_type":"CNY","is_subscribe":"N","mch_id":"1285500001","nonce_str":"Llzxig5xHGdQx7lT","openid":"oW5_rjhgOiQXg1t252c_wodAC73w","out_trade_no":"128550000120180401140238","result_code":"SUCCESS","return_code":"SUCCESS","return_msg":"OK","sign":"2F9E2CFB8F605C73B80FB084D63A5504","time_end":"20180401140244","total_fee":"990","trade_state":"SUCCESS","trade_state_desc":"\u652f\u4ed8\u6210\u529f","trade_type":"JSAPI","transaction_id":"4200000090201804019879786494"}
[2018-04-01 14:02:45][debug] im enter
[2018-04-01 14:02:45][debug] start add call data:4200000090201804019879786494
[2018-04-01 14:02:45][debug] addgoods4200000090201804019879786494
[2018-04-01 14:08:39][debug] begin goods notify
[2018-04-01 14:08:39][debug] call back...---:{"appid":"wxecd6b654b7533930","attach":"GoodsPayParam;283;9.9\u5143\u63a8\u5e7f\u5361;990;39;1","bank_type":"ABC_DEBIT","cash_fee":"990","fee_type":"CNY","is_subscribe":"N","mch_id":"1285500001","nonce_str":"l7dmdzuq2suqw70q761xf93fk4z6sxsf","openid":"oW5_rjh3t39A0U7PCTOhKxRFXDLM","out_trade_no":"128550000120180401140829","result_code":"SUCCESS","return_code":"SUCCESS","sign":"7174F584C3E282B6E763F8E56D226357","time_end":"20180401140838","total_fee":"990","trade_type":"JSAPI","transaction_id":"4200000085201804019897511069"}
[2018-04-01 14:08:39][debug] query:{"appid":"wxecd6b654b7533930","attach":"GoodsPayParam;283;9.9\u5143\u63a8\u5e7f\u5361;990;39;1","bank_type":"ABC_DEBIT","cash_fee":"990","fee_type":"CNY","is_subscribe":"N","mch_id":"1285500001","nonce_str":"voCLt9iC8YfqnjC4","openid":"oW5_rjh3t39A0U7PCTOhKxRFXDLM","out_trade_no":"128550000120180401140829","result_code":"SUCCESS","return_code":"SUCCESS","return_msg":"OK","sign":"77BEE75F2FF401C1C0E82B4D0AFD154F","time_end":"20180401140838","total_fee":"990","trade_state":"SUCCESS","trade_state_desc":"\u652f\u4ed8\u6210\u529f","trade_type":"JSAPI","transaction_id":"4200000085201804019897511069"}
[2018-04-01 14:08:39][debug] im enter
[2018-04-01 14:08:39][debug] start add call data:4200000085201804019897511069
[2018-04-01 14:08:39][debug] addgoods4200000085201804019897511069
[2018-04-01 14:11:04][debug] begin goods notify
[2018-04-01 14:11:04][debug] call back...---:{"appid":"wxecd6b654b7533930","attach":"GoodsPayParam;284;9.9\u5143\u63a8\u5e7f\u5361;990;39;1","bank_type":"CFT","cash_fee":"990","fee_type":"CNY","is_subscribe":"N","mch_id":"1285500001","nonce_str":"l5xrmekfhavmdt7smeh90g3ck2hfsvng","openid":"oW5_rjsYjUvwKfmZWlrzhHjVZwf8","out_trade_no":"128550000120180401141049","result_code":"SUCCESS","return_code":"SUCCESS","sign":"2A5E79654EBF50694E358559B6D54852","time_end":"20180401141104","total_fee":"990","trade_type":"JSAPI","transaction_id":"4200000099201804019861556819"}
[2018-04-01 14:11:04][debug] query:{"appid":"wxecd6b654b7533930","attach":"GoodsPayParam;284;9.9\u5143\u63a8\u5e7f\u5361;990;39;1","bank_type":"CFT","cash_fee":"990","fee_type":"CNY","is_subscribe":"N","mch_id":"1285500001","nonce_str":"wBAnDmmcpLgR8oEn","openid":"oW5_rjsYjUvwKfmZWlrzhHjVZwf8","out_trade_no":"128550000120180401141049","result_code":"SUCCESS","return_code":"SUCCESS","return_msg":"OK","sign":"ADD37E219725C968EC015790AD4CBA01","time_end":"20180401141104","total_fee":"990","trade_state":"SUCCESS","trade_state_desc":"\u652f\u4ed8\u6210\u529f","trade_type":"JSAPI","transaction_id":"4200000099201804019861556819"}
[2018-04-01 14:11:04][debug] im enter
[2018-04-01 14:11:04][debug] start add call data:4200000099201804019861556819
[2018-04-01 14:11:04][debug] addgoods4200000099201804019861556819
[2018-04-01 14:12:01][debug] begin goods notify
[2018-04-01 14:12:01][debug] call back...---:{"appid":"wxecd6b654b7533930","attach":"GoodsPayParam;285;9.9\u5143\u63a8\u5e7f\u5361;990;39;1","bank_type":"CFT","cash_fee":"990","fee_type":"CNY","is_subscribe":"N","mch_id":"1285500001","nonce_str":"h8pfolojv74xwi53qxx4dz9r7fizohtz","openid":"oW5_rjnEdvu3tHxlQTe5soX6irr8","out_trade_no":"128550000120180401141156","result_code":"SUCCESS","return_code":"SUCCESS","sign":"885950BE70BEFBF7D56A737CF08C5E14","time_end":"20180401141200","total_fee":"990","trade_type":"JSAPI","transaction_id":"4200000088201804019823943430"}
[2018-04-01 14:12:01][debug] query:{"appid":"wxecd6b654b7533930","attach":"GoodsPayParam;285;9.9\u5143\u63a8\u5e7f\u5361;990;39;1","bank_type":"CFT","cash_fee":"990","fee_type":"CNY","is_subscribe":"N","mch_id":"1285500001","nonce_str":"UMzRhcsYNHIQnvbe","openid":"oW5_rjnEdvu3tHxlQTe5soX6irr8","out_trade_no":"128550000120180401141156","result_code":"SUCCESS","return_code":"SUCCESS","return_msg":"OK","sign":"BA4A0364C5BC8A2CDCEF7F92A34805BA","time_end":"20180401141200","total_fee":"990","trade_state":"SUCCESS","trade_state_desc":"\u652f\u4ed8\u6210\u529f","trade_type":"JSAPI","transaction_id":"4200000088201804019823943430"}
[2018-04-01 14:12:01][debug] im enter
[2018-04-01 14:12:01][debug] start add call data:4200000088201804019823943430
[2018-04-01 14:12:01][debug] addgoods4200000088201804019823943430
[2018-04-01 15:07:43][debug] begin goods notify
[2018-04-01 15:07:43][debug] call back...---:{"appid":"wxecd6b654b7533930","attach":"GoodsPayParam;183;\u79d1\u598d\u9c9c\u989c\u6d01\u9762\u4e73;7800;23;1","bank_type":"ICBC_DEBIT","cash_fee":"7800","fee_type":"CNY","is_subscribe":"Y","mch_id":"1285500001","nonce_str":"w22ddr4q07f8hg1m773xqhdkc0u9cc24","openid":"oW5_rjhppKz1e4rzMqVcnDxAGFH4","out_trade_no":"128550000120180401150735","result_code":"SUCCESS","return_code":"SUCCESS","sign":"9FC57539C6C0BE544141E4FC76F587E0","time_end":"20180401150743","total_fee":"7800","trade_type":"JSAPI","transaction_id":"4200000086201804019829192164"}
[2018-04-01 15:07:44][debug] query:{"appid":"wxecd6b654b7533930","attach":"GoodsPayParam;183;\u79d1\u598d\u9c9c\u989c\u6d01\u9762\u4e73;7800;23;1","bank_type":"ICBC_DEBIT","cash_fee":"7800","fee_type":"CNY","is_subscribe":"Y","mch_id":"1285500001","nonce_str":"9DZChsPAYqt9Dgiu","openid":"oW5_rjhppKz1e4rzMqVcnDxAGFH4","out_trade_no":"128550000120180401150735","result_code":"SUCCESS","return_code":"SUCCESS","return_msg":"OK","sign":"F0C012830BFC2BD7F39AE2BEE0D374B4","time_end":"20180401150743","total_fee":"7800","trade_state":"SUCCESS","trade_state_desc":"\u652f\u4ed8\u6210\u529f","trade_type":"JSAPI","transaction_id":"4200000086201804019829192164"}
[2018-04-01 15:07:44][debug] im enter
[2018-04-01 15:07:44][debug] start add call data:4200000086201804019829192164
[2018-04-01 15:07:44][debug] addgoods4200000086201804019829192164
[2018-04-01 15:18:34][debug] begin goods notify
[2018-04-01 15:18:34][debug] call back...---:{"appid":"wxecd6b654b7533930","attach":"GoodsPayParam;290;9.9\u5143\u63a8\u5e7f\u5361;990;39;1","bank_type":"CFT","cash_fee":"990","fee_type":"CNY","is_subscribe":"N","mch_id":"1285500001","nonce_str":"dj2wmmj0zqagb86jpx9l7udk6iupat5q","openid":"oW5_rjlJoxBHfcJwhIWTqafb47xY","out_trade_no":"128550000120180401151828","result_code":"SUCCESS","return_code":"SUCCESS","sign":"CFB426191CDB841014EE6E9D4EAD6E8C","time_end":"20180401151834","total_fee":"990","trade_type":"JSAPI","transaction_id":"4200000093201804019875742807"}
[2018-04-01 15:18:34][debug] query:{"appid":"wxecd6b654b7533930","attach":"GoodsPayParam;290;9.9\u5143\u63a8\u5e7f\u5361;990;39;1","bank_type":"CFT","cash_fee":"990","fee_type":"CNY","is_subscribe":"N","mch_id":"1285500001","nonce_str":"dPIUExvbvkKviXbS","openid":"oW5_rjlJoxBHfcJwhIWTqafb47xY","out_trade_no":"128550000120180401151828","result_code":"SUCCESS","return_code":"SUCCESS","return_msg":"OK","sign":"8802625A918E4AF7ED7293D329CDBBE9","time_end":"20180401151834","total_fee":"990","trade_state":"SUCCESS","trade_state_desc":"\u652f\u4ed8\u6210\u529f","trade_type":"JSAPI","transaction_id":"4200000093201804019875742807"}
[2018-04-01 15:18:34][debug] im enter
[2018-04-01 15:18:34][debug] start add call data:4200000093201804019875742807
[2018-04-01 15:18:34][debug] addgoods4200000093201804019875742807
[2018-04-01 16:11:11][debug] begin goods notify
[2018-04-01 16:11:11][debug] call back...---:{"appid":"wxecd6b654b7533930","attach":"GoodsPayParam;291;9.9\u5143\u63a8\u5e7f\u5361;990;39;1","bank_type":"CFT","cash_fee":"990","fee_type":"CNY","is_subscribe":"N","mch_id":"1285500001","nonce_str":"9syj56okwws29d41ndvaizz3bfux1f6g","openid":"oW5_rjnM3B4ijsRF1sE7CqZ0ZKGk","out_trade_no":"128550000120180401161104","result_code":"SUCCESS","return_code":"SUCCESS","sign":"F0299E86C043009DBA590E6B11032144","time_end":"20180401161111","total_fee":"990","trade_type":"JSAPI","transaction_id":"4200000097201804019963747339"}
[2018-04-01 16:11:12][debug] query:{"appid":"wxecd6b654b7533930","attach":"GoodsPayParam;291;9.9\u5143\u63a8\u5e7f\u5361;990;39;1","bank_type":"CFT","cash_fee":"990","fee_type":"CNY","is_subscribe":"N","mch_id":"1285500001","nonce_str":"uoRsCElGBTcRv7fs","openid":"oW5_rjnM3B4ijsRF1sE7CqZ0ZKGk","out_trade_no":"128550000120180401161104","result_code":"SUCCESS","return_code":"SUCCESS","return_msg":"OK","sign":"96ABB63D5F77B98D6EEDEBBD1B182B89","time_end":"20180401161111","total_fee":"990","trade_state":"SUCCESS","trade_state_desc":"\u652f\u4ed8\u6210\u529f","trade_type":"JSAPI","transaction_id":"4200000097201804019963747339"}
[2018-04-01 16:11:12][debug] im enter
[2018-04-01 16:11:12][debug] start add call data:4200000097201804019963747339
[2018-04-01 16:11:12][debug] addgoods4200000097201804019963747339
[2018-04-01 16:18:44][debug] begin goods notify
[2018-04-01 16:18:44][debug] call back...---:{"appid":"wxecd6b654b7533930","attach":"GoodsPayParam;293;9.9\u5143\u63a8\u5e7f\u5361;990;39;1","bank_type":"CFT","cash_fee":"990","fee_type":"CNY","is_subscribe":"N","mch_id":"1285500001","nonce_str":"k6w367ohd824vgn23f7vv586t85j9g6p","openid":"oW5_rjt8jOGD8GGiFhF01_0mEhHk","out_trade_no":"128550000120180401161839","result_code":"SUCCESS","return_code":"SUCCESS","sign":"9AA814581313F3955A384A4C52049FEB","time_end":"20180401161844","total_fee":"990","trade_type":"JSAPI","transaction_id":"4200000084201804019990867322"}
[2018-04-01 16:18:44][debug] query:{"appid":"wxecd6b654b7533930","attach":"GoodsPayParam;293;9.9\u5143\u63a8\u5e7f\u5361;990;39;1","bank_type":"CFT","cash_fee":"990","fee_type":"CNY","is_subscribe":"N","mch_id":"1285500001","nonce_str":"Zr1VMnIB3sxXSDew","openid":"oW5_rjt8jOGD8GGiFhF01_0mEhHk","out_trade_no":"128550000120180401161839","result_code":"SUCCESS","return_code":"SUCCESS","return_msg":"OK","sign":"4CEA0AA9C2D51F7AB31F9A1541E69151","time_end":"20180401161844","total_fee":"990","trade_state":"SUCCESS","trade_state_desc":"\u652f\u4ed8\u6210\u529f","trade_type":"JSAPI","transaction_id":"4200000084201804019990867322"}
[2018-04-01 16:18:44][debug] im enter
[2018-04-01 16:18:44][debug] start add call data:4200000084201804019990867322
[2018-04-01 16:18:44][debug] addgoods4200000084201804019990867322
[2018-04-01 16:26:38][debug] begin goods notify
[2018-04-01 16:26:38][debug] call back...---:{"appid":"wxecd6b654b7533930","attach":"GoodsPayParam;294;9.9\u5143\u63a8\u5e7f\u5361;990;39;1","bank_type":"CFT","cash_fee":"978","coupon_count":"1","coupon_fee":"12","coupon_fee_0":"12","coupon_id_0":"2000000026915303149","fee_type":"CNY","is_subscribe":"N","mch_id":"1285500001","nonce_str":"9c8k7gxxibhrnkklsy8fnw7gx7kbdfjw","openid":"oW5_rjqbm6PUKJ1zx6dNFfzT55Ks","out_trade_no":"128550000120180401162634","result_code":"SUCCESS","return_code":"SUCCESS","sign":"321EC4996D8F3369B0C3678E50C3D8F0","time_end":"20180401162638","total_fee":"990","trade_type":"JSAPI","transaction_id":"4200000085201804019902893254"}
[2018-04-01 16:26:38][debug] query:{"appid":"wxecd6b654b7533930","attach":"GoodsPayParam;294;9.9\u5143\u63a8\u5e7f\u5361;990;39;1","bank_type":"CFT","cash_fee":"978","coupon_count":"1","coupon_fee":"12","coupon_fee_0":"12","coupon_id_0":"2000000026915303149","fee_type":"CNY","is_subscribe":"N","mch_id":"1285500001","nonce_str":"xvHULc9QwwLmpBe6","openid":"oW5_rjqbm6PUKJ1zx6dNFfzT55Ks","out_trade_no":"128550000120180401162634","result_code":"SUCCESS","return_code":"SUCCESS","return_msg":"OK","sign":"95067759E831A0DF720DB50D3F8B02C9","time_end":"20180401162638","total_fee":"990","trade_state":"SUCCESS","trade_state_desc":"\u652f\u4ed8\u6210\u529f","trade_type":"JSAPI","transaction_id":"4200000085201804019902893254"}
[2018-04-01 16:26:38][debug] im enter
[2018-04-01 16:26:38][debug] start add call data:4200000085201804019902893254
[2018-04-01 16:26:38][debug] addgoods4200000085201804019902893254
[2018-04-01 17:09:14][debug] begin goods notify
[2018-04-01 17:09:14][debug] call back...---:{"appid":"wxecd6b654b7533930","attach":"GoodsPayParam;295;9.9\u5143\u63a8\u5e7f\u5361;990;39;1","bank_type":"CFT","cash_fee":"990","fee_type":"CNY","is_subscribe":"N","mch_id":"1285500001","nonce_str":"fibkmjezoiiwix4dxdgnhssnlik15qkk","openid":"oW5_rjrumKZnHpDyoANyvE4HCNXI","out_trade_no":"128550000120180401170909","result_code":"SUCCESS","return_code":"SUCCESS","sign":"093D4D9EFC8A238E58B62096797FFC49","time_end":"20180401170914","total_fee":"990","trade_type":"JSAPI","transaction_id":"4200000096201804019920143666"}
[2018-04-01 17:09:15][debug] query:{"appid":"wxecd6b654b7533930","attach":"GoodsPayParam;295;9.9\u5143\u63a8\u5e7f\u5361;990;39;1","bank_type":"CFT","cash_fee":"990","fee_type":"CNY","is_subscribe":"N","mch_id":"1285500001","nonce_str":"tcNcRTGFJAs3ji6r","openid":"oW5_rjrumKZnHpDyoANyvE4HCNXI","out_trade_no":"128550000120180401170909","result_code":"SUCCESS","return_code":"SUCCESS","return_msg":"OK","sign":"037CEE373AB710AF5C2D841C8D57AD9D","time_end":"20180401170914","total_fee":"990","trade_state":"SUCCESS","trade_state_desc":"\u652f\u4ed8\u6210\u529f","trade_type":"JSAPI","transaction_id":"4200000096201804019920143666"}
[2018-04-01 17:09:15][debug] im enter
[2018-04-01 17:09:15][debug] start add call data:4200000096201804019920143666
[2018-04-01 17:09:15][debug] addgoods4200000096201804019920143666
[2018-04-01 17:10:30][debug] begin goods notify
[2018-04-01 17:10:30][debug] call back...---:{"appid":"wxecd6b654b7533930","attach":"GoodsPayParam;296;9.9\u5143\u63a8\u5e7f\u5361;990;39;1","bank_type":"CFT","cash_fee":"978","coupon_count":"1","coupon_fee":"12","coupon_fee_0":"12","coupon_id_0":"2000000026778152003","fee_type":"CNY","is_subscribe":"N","mch_id":"1285500001","nonce_str":"nmw7rdl8p7gf6pv1lj3rlna9ip4746xk","openid":"oW5_rjvD-dPM4uWbghjmdGdK-pt4","out_trade_no":"128550000120180401171025","result_code":"SUCCESS","return_code":"SUCCESS","sign":"F28AED80B524E67A377AB57C00128448","time_end":"20180401171030","total_fee":"990","trade_type":"JSAPI","transaction_id":"4200000099201804010073006026"}
[2018-04-01 17:10:30][debug] query:{"appid":"wxecd6b654b7533930","attach":"GoodsPayParam;296;9.9\u5143\u63a8\u5e7f\u5361;990;39;1","bank_type":"CFT","cash_fee":"978","coupon_count":"1","coupon_fee":"12","coupon_fee_0":"12","coupon_id_0":"2000000026778152003","fee_type":"CNY","is_subscribe":"N","mch_id":"1285500001","nonce_str":"goLM94RuXpQbRLxu","openid":"oW5_rjvD-dPM4uWbghjmdGdK-pt4","out_trade_no":"128550000120180401171025","result_code":"SUCCESS","return_code":"SUCCESS","return_msg":"OK","sign":"A0C06FFD3173066144995A93AF2C9197","time_end":"20180401171030","total_fee":"990","trade_state":"SUCCESS","trade_state_desc":"\u652f\u4ed8\u6210\u529f","trade_type":"JSAPI","transaction_id":"4200000099201804010073006026"}
[2018-04-01 17:10:30][debug] im enter
[2018-04-01 17:10:30][debug] start add call data:4200000099201804010073006026
[2018-04-01 17:10:30][debug] addgoods4200000099201804010073006026
[2018-04-01 17:14:10][debug] begin goods notify
[2018-04-01 17:14:10][debug] call back...---:{"appid":"wxecd6b654b7533930","attach":"GoodsPayParam;297;9.9\u5143\u63a8\u5e7f\u5361;990;39;1","bank_type":"CFT","cash_fee":"990","fee_type":"CNY","is_subscribe":"N","mch_id":"1285500001","nonce_str":"tqdjhubxj8ryaamcqh4oa2ltjg9iqk6n","openid":"oW5_rjgiEQus-VIpT4vYVQw4Am5c","out_trade_no":"128550000120180401171403","result_code":"SUCCESS","return_code":"SUCCESS","sign":"0F608AD180B6F709F169CE3975353996","time_end":"20180401171410","total_fee":"990","trade_type":"JSAPI","transaction_id":"4200000093201804019973532334"}
[2018-04-01 17:14:10][debug] query:{"appid":"wxecd6b654b7533930","attach":"GoodsPayParam;297;9.9\u5143\u63a8\u5e7f\u5361;990;39;1","bank_type":"CFT","cash_fee":"990","fee_type":"CNY","is_subscribe":"N","mch_id":"1285500001","nonce_str":"kUcjfFDeusugDdtp","openid":"oW5_rjgiEQus-VIpT4vYVQw4Am5c","out_trade_no":"128550000120180401171403","result_code":"SUCCESS","return_code":"SUCCESS","return_msg":"OK","sign":"17C82B6BCD50455E9B7017CC135BB25D","time_end":"20180401171410","total_fee":"990","trade_state":"SUCCESS","trade_state_desc":"\u652f\u4ed8\u6210\u529f","trade_type":"JSAPI","transaction_id":"4200000093201804019973532334"}
[2018-04-01 17:14:10][debug] im enter
[2018-04-01 17:14:10][debug] start add call data:4200000093201804019973532334
[2018-04-01 17:14:10][debug] addgoods4200000093201804019973532334
