[2018-03-28 13:53:39][debug] begin goods notify
[2018-03-28 13:53:39][debug] call back...---:{"appid":"wxecd6b654b7533930","attach":"GoodsPayParam;241;9.9\u5143\u63a8\u5e7f\u5361;990;39;1","bank_type":"CFT","cash_fee":"990","fee_type":"CNY","is_subscribe":"N","mch_id":"1285500001","nonce_str":"e7ubkz6x37xswreufaeip6y7jfyepqyn","openid":"oW5_rjinZ2WG0gNS0vGCIl_lnepY","out_trade_no":"128550000120180328135330","result_code":"SUCCESS","return_code":"SUCCESS","sign":"206EB001417BB760EEB36BF92959D09C","time_end":"20180328135338","total_fee":"990","trade_type":"JSAPI","transaction_id":"4200000082201803286542938109"}
[2018-03-28 13:53:39][debug] query:{"appid":"wxecd6b654b7533930","attach":"GoodsPayParam;241;9.9\u5143\u63a8\u5e7f\u5361;990;39;1","bank_type":"CFT","cash_fee":"990","fee_type":"CNY","is_subscribe":"N","mch_id":"1285500001","nonce_str":"1mxCgo7kD2991QJ5","openid":"oW5_rjinZ2WG0gNS0vGCIl_lnepY","out_trade_no":"128550000120180328135330","result_code":"SUCCESS","return_code":"SUCCESS","return_msg":"OK","sign":"258F3C647647BF7644630C0C5C2265EB","time_end":"20180328135338","total_fee":"990","trade_state":"SUCCESS","trade_state_desc":"\u652f\u4ed8\u6210\u529f","trade_type":"JSAPI","transaction_id":"4200000082201803286542938109"}
[2018-03-28 13:53:39][debug] im enter
[2018-03-28 13:53:39][debug] start add call data:4200000082201803286542938109
[2018-03-28 13:53:39][debug] addgoods4200000082201803286542938109
[2018-03-28 16:16:21][debug] begin goods notify
[2018-03-28 16:16:21][debug] call back...---:{"appid":"wxecd6b654b7533930","attach":"GoodsPayParam;249;9.9\u5143\u63a8\u5e7f\u5361;990;39;1","bank_type":"CFT","cash_fee":"990","fee_type":"CNY","is_subscribe":"N","mch_id":"1285500001","nonce_str":"622olw9heartv9j94l5a0gi24853va4b","openid":"oW5_rjuXJkXbnwwpbQEvqGFzyUI0","out_trade_no":"128550000120180328161616","result_code":"SUCCESS","return_code":"SUCCESS","sign":"6F08907245B18842205EDA612482AF0D","time_end":"20180328161620","total_fee":"990","trade_type":"JSAPI","transaction_id":"4200000096201803287230893693"}
[2018-03-28 16:16:21][debug] query:{"appid":"wxecd6b654b7533930","attach":"GoodsPayParam;249;9.9\u5143\u63a8\u5e7f\u5361;990;39;1","bank_type":"CFT","cash_fee":"990","fee_type":"CNY","is_subscribe":"N","mch_id":"1285500001","nonce_str":"JkfeM8B288KHuWiB","openid":"oW5_rjuXJkXbnwwpbQEvqGFzyUI0","out_trade_no":"128550000120180328161616","result_code":"SUCCESS","return_code":"SUCCESS","return_msg":"OK","sign":"6FADC5F806CB59EA51C58704638ED24F","time_end":"20180328161620","total_fee":"990","trade_state":"SUCCESS","trade_state_desc":"\u652f\u4ed8\u6210\u529f","trade_type":"JSAPI","transaction_id":"4200000096201803287230893693"}
[2018-03-28 16:16:21][debug] im enter
[2018-03-28 16:16:21][debug] start add call data:4200000096201803287230893693
[2018-03-28 16:16:21][debug] addgoods4200000096201803287230893693
[2018-03-28 18:29:46][debug] begin goods notify
[2018-03-28 18:29:46][debug] call back...---:{"appid":"wxecd6b654b7533930","attach":"GoodsPayParam;253;9.9\u5143\u63a8\u5e7f\u5361;990;39;1","bank_type":"CFT","cash_fee":"990","fee_type":"CNY","is_subscribe":"N","mch_id":"1285500001","nonce_str":"cdjq14h8aicg4oupdzhrh8b1u1pvzu89","openid":"oW5_rjk5J3zfIiFF596KIJX9Rd_4","out_trade_no":"128550000120180328182938","result_code":"SUCCESS","return_code":"SUCCESS","sign":"8C3937A4C67ED8AD985C71E226074CCF","time_end":"20180328182946","total_fee":"990","trade_type":"JSAPI","transaction_id":"4200000093201803287341665008"}
[2018-03-28 18:29:47][debug] query:{"appid":"wxecd6b654b7533930","attach":"GoodsPayParam;253;9.9\u5143\u63a8\u5e7f\u5361;990;39;1","bank_type":"CFT","cash_fee":"990","fee_type":"CNY","is_subscribe":"N","mch_id":"1285500001","nonce_str":"amNs8Lcts0bRVMVp","openid":"oW5_rjk5J3zfIiFF596KIJX9Rd_4","out_trade_no":"128550000120180328182938","result_code":"SUCCESS","return_code":"SUCCESS","return_msg":"OK","sign":"0C28DE393B5D1782AEB75F2EF22EF6BC","time_end":"20180328182946","total_fee":"990","trade_state":"SUCCESS","trade_state_desc":"\u652f\u4ed8\u6210\u529f","trade_type":"JSAPI","transaction_id":"4200000093201803287341665008"}
[2018-03-28 18:29:47][debug] im enter
[2018-03-28 18:29:47][debug] start add call data:4200000093201803287341665008
[2018-03-28 18:29:47][debug] addgoods4200000093201803287341665008
[2018-03-28 18:38:35][debug] begin goods notify
[2018-03-28 18:38:35][debug] call back...---:{"appid":"wxecd6b654b7533930","attach":"GoodsPayParam;252;9.9\u5143\u63a8\u5e7f\u5361;990;39;1","bank_type":"CFT","cash_fee":"990","fee_type":"CNY","is_subscribe":"N","mch_id":"1285500001","nonce_str":"69f034ihmnjhbmsnuijj6cks907mqkjx","openid":"oW5_rjvaF1KYVo3Q55SQRRgq269o","out_trade_no":"128550000120180328183828","result_code":"SUCCESS","return_code":"SUCCESS","sign":"4663D084D260B09AA283A16292F16AF7","time_end":"20180328183833","total_fee":"990","trade_type":"JSAPI","transaction_id":"4200000098201803287374105761"}
[2018-03-28 18:38:35][debug] query:{"appid":"wxecd6b654b7533930","attach":"GoodsPayParam;252;9.9\u5143\u63a8\u5e7f\u5361;990;39;1","bank_type":"CFT","cash_fee":"990","fee_type":"CNY","is_subscribe":"N","mch_id":"1285500001","nonce_str":"JhxSCiHczDyd2tc7","openid":"oW5_rjvaF1KYVo3Q55SQRRgq269o","out_trade_no":"128550000120180328183828","result_code":"SUCCESS","return_code":"SUCCESS","return_msg":"OK","sign":"EBCFEAFB6025DE367BD2A18C45ACD98B","time_end":"20180328183833","total_fee":"990","trade_state":"SUCCESS","trade_state_desc":"\u652f\u4ed8\u6210\u529f","trade_type":"JSAPI","transaction_id":"4200000098201803287374105761"}
[2018-03-28 18:38:35][debug] im enter
[2018-03-28 18:38:35][debug] start add call data:4200000098201803287374105761
[2018-03-28 18:38:35][debug] addgoods4200000098201803287374105761
[2018-03-28 19:01:44][debug] begin goods notify
[2018-03-28 19:01:44][debug] call back...---:{"appid":"wxecd6b654b7533930","attach":"GoodsPayParam;254;9.9\u5143\u63a8\u5e7f\u5361;990;39;1","bank_type":"CFT","cash_fee":"990","fee_type":"CNY","is_subscribe":"N","mch_id":"1285500001","nonce_str":"xpd59j6c2zr5pl1zzum7hes37m3vidjs","openid":"oW5_rjp_S6rrdYETj0bhOnHudoEk","out_trade_no":"128550000120180328190138","result_code":"SUCCESS","return_code":"SUCCESS","sign":"0A5C7EB19FC3B92DAB88D8C482420527","time_end":"20180328190143","total_fee":"990","trade_type":"JSAPI","transaction_id":"4200000091201803287288956178"}
[2018-03-28 19:01:44][debug] query:{"appid":"wxecd6b654b7533930","attach":"GoodsPayParam;254;9.9\u5143\u63a8\u5e7f\u5361;990;39;1","bank_type":"CFT","cash_fee":"990","fee_type":"CNY","is_subscribe":"N","mch_id":"1285500001","nonce_str":"TEYOTocgoEkZkJc3","openid":"oW5_rjp_S6rrdYETj0bhOnHudoEk","out_trade_no":"128550000120180328190138","result_code":"SUCCESS","return_code":"SUCCESS","return_msg":"OK","sign":"DCE1201E8B2FB60251A9C7923D863D12","time_end":"20180328190143","total_fee":"990","trade_state":"SUCCESS","trade_state_desc":"\u652f\u4ed8\u6210\u529f","trade_type":"JSAPI","transaction_id":"4200000091201803287288956178"}
[2018-03-28 19:01:44][debug] im enter
[2018-03-28 19:01:44][debug] start add call data:4200000091201803287288956178
[2018-03-28 19:01:44][debug] addgoods4200000091201803287288956178
