[2018-03-27 09:52:54][debug] begin goods notify
[2018-03-27 09:52:54][debug] call back...---:{"appid":"wxecd6b654b7533930","attach":"GoodsPayParam;179;9.9\u5143\u63a8\u5e7f\u5361;990;39;1","bank_type":"CFT","cash_fee":"976","coupon_count":"1","coupon_fee":"14","coupon_fee_0":"14","coupon_id_0":"2000000025637695077","fee_type":"CNY","is_subscribe":"Y","mch_id":"1285500001","nonce_str":"p0ormj8tq5xkajslu592dw56ph4of8ko","openid":"oW5_rjpL3A39AFWn_bqIix-hhvTc","out_trade_no":"128550000120180327095248","result_code":"SUCCESS","return_code":"SUCCESS","sign":"AEA91E2E2D1B6A8D4D0BD2914AB7D9D9","time_end":"20180327095254","total_fee":"990","trade_type":"JSAPI","transaction_id":"4200000095201803276434889661"}
[2018-03-27 09:52:55][debug] query:{"appid":"wxecd6b654b7533930","attach":"GoodsPayParam;179;9.9\u5143\u63a8\u5e7f\u5361;990;39;1","bank_type":"CFT","cash_fee":"976","coupon_count":"1","coupon_fee":"14","coupon_fee_0":"14","coupon_id_0":"2000000025637695077","fee_type":"CNY","is_subscribe":"Y","mch_id":"1285500001","nonce_str":"XuD9Y6LCqEd0u2Hj","openid":"oW5_rjpL3A39AFWn_bqIix-hhvTc","out_trade_no":"128550000120180327095248","result_code":"SUCCESS","return_code":"SUCCESS","return_msg":"OK","sign":"1B3B287BAF37BCC410ECC08EC886C6CF","time_end":"20180327095254","total_fee":"990","trade_state":"SUCCESS","trade_state_desc":"\u652f\u4ed8\u6210\u529f","trade_type":"JSAPI","transaction_id":"4200000095201803276434889661"}
[2018-03-27 09:52:55][debug] im enter
[2018-03-27 09:52:55][debug] start add call data:4200000095201803276434889661
[2018-03-27 09:52:55][debug] addgoods4200000095201803276434889661
[2018-03-27 09:54:02][debug] begin goods notify
[2018-03-27 09:54:02][debug] call back...---:{"appid":"wxecd6b654b7533930","attach":"GoodsPayParam;183;9.9\u5143\u63a8\u5e7f\u5361;990;39;1","bank_type":"ICBC_DEBIT","cash_fee":"990","fee_type":"CNY","is_subscribe":"Y","mch_id":"1285500001","nonce_str":"2n4f89ylho1noht1ajgmmbyd50zrx79a","openid":"oW5_rjhppKz1e4rzMqVcnDxAGFH4","out_trade_no":"128550000120180327095354","result_code":"SUCCESS","return_code":"SUCCESS","sign":"D0BD14167813E6A6CB0DCCAEFCC503E9","time_end":"20180327095402","total_fee":"990","trade_type":"JSAPI","transaction_id":"4200000084201803276422085866"}
[2018-03-27 09:54:02][debug] query:{"appid":"wxecd6b654b7533930","attach":"GoodsPayParam;183;9.9\u5143\u63a8\u5e7f\u5361;990;39;1","bank_type":"ICBC_DEBIT","cash_fee":"990","fee_type":"CNY","is_subscribe":"Y","mch_id":"1285500001","nonce_str":"PWMln9kLcdaSpGqI","openid":"oW5_rjhppKz1e4rzMqVcnDxAGFH4","out_trade_no":"128550000120180327095354","result_code":"SUCCESS","return_code":"SUCCESS","return_msg":"OK","sign":"D22B75D03F4574AFFD8BEED720F7455F","time_end":"20180327095402","total_fee":"990","trade_state":"SUCCESS","trade_state_desc":"\u652f\u4ed8\u6210\u529f","trade_type":"JSAPI","transaction_id":"4200000084201803276422085866"}
[2018-03-27 09:54:02][debug] im enter
[2018-03-27 09:54:02][debug] start add call data:4200000084201803276422085866
[2018-03-27 09:54:02][debug] addgoods4200000084201803276422085866
[2018-03-27 12:56:54][debug] begin goods notify
[2018-03-27 12:56:54][debug] call back...---:{"appid":"wxecd6b654b7533930","attach":"DepositPayParam;209;186;\u62bc\u91d1;1;1","bank_type":"CFT","cash_fee":"1","fee_type":"CNY","is_subscribe":"N","mch_id":"1285500001","nonce_str":"5p2vvnzxwqhmof5muylxwq518rnegcja","openid":"oW5_rjpYazqbFSe6aiTI0-w2Yd4c","out_trade_no":"128550000120180327125646","result_code":"SUCCESS","return_code":"SUCCESS","sign":"456E684B84EF140F5CB02898A435F52A","time_end":"20180327125653","total_fee":"1","trade_type":"JSAPI","transaction_id":"4200000086201803276579365883"}
[2018-03-27 12:56:54][debug] query:{"appid":"wxecd6b654b7533930","attach":"DepositPayParam;209;186;\u62bc\u91d1;1;1","bank_type":"CFT","cash_fee":"1","fee_type":"CNY","is_subscribe":"N","mch_id":"1285500001","nonce_str":"icfVtuQS806ER12Y","openid":"oW5_rjpYazqbFSe6aiTI0-w2Yd4c","out_trade_no":"128550000120180327125646","result_code":"SUCCESS","return_code":"SUCCESS","return_msg":"OK","sign":"2B5AB9A2FA883A5EC597958C3FDA763E","time_end":"20180327125653","total_fee":"1","trade_state":"SUCCESS","trade_state_desc":"\u652f\u4ed8\u6210\u529f","trade_type":"JSAPI","transaction_id":"4200000086201803276579365883"}
[2018-03-27 12:56:54][debug] add_depositlist
[2018-03-27 12:56:54][debug] insert209..186
[2018-03-27 12:56:54][debug] insert1押金,209,186,1,1522126614,1,4200000086201803276579365883
[2018-03-27 12:56:54][debug] insert21
[2018-03-27 13:12:28][debug] begin goods notify
[2018-03-27 13:12:28][debug] call back...---:{"appid":"wxecd6b654b7533930","attach":"GoodsPayParam;212;9.9\u5143\u63a8\u5e7f\u5361;990;39;1","bank_type":"ICBC_DEBIT","cash_fee":"990","fee_type":"CNY","is_subscribe":"N","mch_id":"1285500001","nonce_str":"4fauh7ok9mqvsbtkfckukly30tdbt9xa","openid":"oW5_rjrjsxqWqBdupezxQL7Z5VVE","out_trade_no":"128550000120180327131219","result_code":"SUCCESS","return_code":"SUCCESS","sign":"EFD3056A944204727782FFE4462FDC7F","time_end":"20180327131227","total_fee":"990","trade_type":"JSAPI","transaction_id":"4200000089201803276534476847"}
[2018-03-27 13:12:28][debug] query:{"appid":"wxecd6b654b7533930","attach":"GoodsPayParam;212;9.9\u5143\u63a8\u5e7f\u5361;990;39;1","bank_type":"ICBC_DEBIT","cash_fee":"990","fee_type":"CNY","is_subscribe":"N","mch_id":"1285500001","nonce_str":"OAa6oESJagtlkh0u","openid":"oW5_rjrjsxqWqBdupezxQL7Z5VVE","out_trade_no":"128550000120180327131219","result_code":"SUCCESS","return_code":"SUCCESS","return_msg":"OK","sign":"C8AB59FEE48B3C8C5565EE4F05DEE1F5","time_end":"20180327131227","total_fee":"990","trade_state":"SUCCESS","trade_state_desc":"\u652f\u4ed8\u6210\u529f","trade_type":"JSAPI","transaction_id":"4200000089201803276534476847"}
[2018-03-27 13:12:28][debug] im enter
[2018-03-27 13:12:28][debug] start add call data:4200000089201803276534476847
[2018-03-27 13:12:28][debug] addgoods4200000089201803276534476847
[2018-03-27 13:19:14][debug] begin goods notify
[2018-03-27 13:19:14][debug] call back...---:{"appid":"wxecd6b654b7533930","attach":"GoodsPayParam;214;9.9\u5143\u63a8\u5e7f\u5361;990;39;1","bank_type":"CITIC_CREDIT","cash_fee":"990","fee_type":"CNY","is_subscribe":"N","mch_id":"1285500001","nonce_str":"ikmmqyrqe5ogb98wo2cqhoxpj2cxzvl0","openid":"oW5_rjkHma68vyGsu5qecyXfNHpo","out_trade_no":"128550000120180327131909","result_code":"SUCCESS","return_code":"SUCCESS","sign":"6F22579864A11CC8C9C8E3D5B93C4066","time_end":"20180327131913","total_fee":"990","trade_type":"JSAPI","transaction_id":"4200000096201803276538248399"}
[2018-03-27 13:19:14][debug] query:{"appid":"wxecd6b654b7533930","attach":"GoodsPayParam;214;9.9\u5143\u63a8\u5e7f\u5361;990;39;1","bank_type":"CITIC_CREDIT","cash_fee":"990","fee_type":"CNY","is_subscribe":"N","mch_id":"1285500001","nonce_str":"nQpS0IM1Jb8KGiAF","openid":"oW5_rjkHma68vyGsu5qecyXfNHpo","out_trade_no":"128550000120180327131909","result_code":"SUCCESS","return_code":"SUCCESS","return_msg":"OK","sign":"518EB612D21BE518FD2D6B967B18835D","time_end":"20180327131913","total_fee":"990","trade_state":"SUCCESS","trade_state_desc":"\u652f\u4ed8\u6210\u529f","trade_type":"JSAPI","transaction_id":"4200000096201803276538248399"}
[2018-03-27 13:19:14][debug] im enter
[2018-03-27 13:19:14][debug] start add call data:4200000096201803276538248399
[2018-03-27 13:19:14][debug] addgoods4200000096201803276538248399
[2018-03-27 13:28:01][debug] begin goods notify
[2018-03-27 13:28:01][debug] call back...---:{"appid":"wxecd6b654b7533930","attach":"GoodsPayParam;215;9.9\u5143\u63a8\u5e7f\u5361;990;39;1","bank_type":"CFT","cash_fee":"990","fee_type":"CNY","is_subscribe":"N","mch_id":"1285500001","nonce_str":"bvjwimb3e4lfktibz9hjrfsb3o80ihwb","openid":"oW5_rjgbDD4l-fcrOMtk0VEznLG8","out_trade_no":"128550000120180327132755","result_code":"SUCCESS","return_code":"SUCCESS","sign":"38390F9D3DEB691E3A40BCEE04E7A938","time_end":"20180327132800","total_fee":"990","trade_type":"JSAPI","transaction_id":"4200000099201803276507558097"}
[2018-03-27 13:28:01][debug] query:{"appid":"wxecd6b654b7533930","attach":"GoodsPayParam;215;9.9\u5143\u63a8\u5e7f\u5361;990;39;1","bank_type":"CFT","cash_fee":"990","fee_type":"CNY","is_subscribe":"N","mch_id":"1285500001","nonce_str":"C0GEMPs5F1TlytFf","openid":"oW5_rjgbDD4l-fcrOMtk0VEznLG8","out_trade_no":"128550000120180327132755","result_code":"SUCCESS","return_code":"SUCCESS","return_msg":"OK","sign":"E0D1529A9D68418DFB00FC945A21B62F","time_end":"20180327132800","total_fee":"990","trade_state":"SUCCESS","trade_state_desc":"\u652f\u4ed8\u6210\u529f","trade_type":"JSAPI","transaction_id":"4200000099201803276507558097"}
[2018-03-27 13:28:01][debug] im enter
[2018-03-27 13:28:01][debug] start add call data:4200000099201803276507558097
[2018-03-27 13:28:01][debug] addgoods4200000099201803276507558097
[2018-03-27 13:40:59][debug] begin goods notify
[2018-03-27 13:40:59][debug] call back...---:{"appid":"wxecd6b654b7533930","attach":"GoodsPayParam;216;9.9\u5143\u63a8\u5e7f\u5361;990;39;1","bank_type":"CMB_CREDIT","cash_fee":"990","fee_type":"CNY","is_subscribe":"N","mch_id":"1285500001","nonce_str":"mcbsz9tm109qmx12n0e8148j274ns8yq","openid":"oW5_rjod4aj5iuide4_SAxvYrYoY","out_trade_no":"128550000120180327134054","result_code":"SUCCESS","return_code":"SUCCESS","sign":"53742F2FEA8A46FF95CDA61386BF1341","time_end":"20180327134059","total_fee":"990","trade_type":"JSAPI","transaction_id":"4200000094201803276583808900"}
[2018-03-27 13:41:00][debug] query:{"appid":"wxecd6b654b7533930","attach":"GoodsPayParam;216;9.9\u5143\u63a8\u5e7f\u5361;990;39;1","bank_type":"CMB_CREDIT","cash_fee":"990","fee_type":"CNY","is_subscribe":"N","mch_id":"1285500001","nonce_str":"9DjDHBt7rySw5Ehx","openid":"oW5_rjod4aj5iuide4_SAxvYrYoY","out_trade_no":"128550000120180327134054","result_code":"SUCCESS","return_code":"SUCCESS","return_msg":"OK","sign":"4FC1331E7F9E900AED1B8C5E2BBE3951","time_end":"20180327134059","total_fee":"990","trade_state":"SUCCESS","trade_state_desc":"\u652f\u4ed8\u6210\u529f","trade_type":"JSAPI","transaction_id":"4200000094201803276583808900"}
[2018-03-27 13:41:00][debug] im enter
[2018-03-27 13:41:00][debug] start add call data:4200000094201803276583808900
[2018-03-27 13:41:00][debug] addgoods4200000094201803276583808900
[2018-03-27 15:09:49][debug] begin goods notify
[2018-03-27 15:09:49][debug] call back...---:{"appid":"wxecd6b654b7533930","attach":"GoodsPayParam;219;9.9\u5143\u63a8\u5e7f\u5361;990;39;1","bank_type":"CFT","cash_fee":"977","coupon_count":"1","coupon_fee":"13","coupon_fee_0":"13","coupon_id_0":"2000000024974402260","fee_type":"CNY","is_subscribe":"N","mch_id":"1285500001","nonce_str":"513454i80k3l2de7vr4plwi1olbllgi1","openid":"oW5_rjjMLBfDFhrWy9HPQGa4MCL0","out_trade_no":"128550000120180327150943","result_code":"SUCCESS","return_code":"SUCCESS","sign":"FEDDBBAF65D59EEC9297C3590DE93F2A","time_end":"20180327150948","total_fee":"990","trade_type":"JSAPI","transaction_id":"4200000099201803276598912802"}
[2018-03-27 15:09:49][debug] query:{"appid":"wxecd6b654b7533930","attach":"GoodsPayParam;219;9.9\u5143\u63a8\u5e7f\u5361;990;39;1","bank_type":"CFT","cash_fee":"977","coupon_count":"1","coupon_fee":"13","coupon_fee_0":"13","coupon_id_0":"2000000024974402260","fee_type":"CNY","is_subscribe":"N","mch_id":"1285500001","nonce_str":"CsJKOjqwEIihT0r1","openid":"oW5_rjjMLBfDFhrWy9HPQGa4MCL0","out_trade_no":"128550000120180327150943","result_code":"SUCCESS","return_code":"SUCCESS","return_msg":"OK","sign":"9E3950C3F224B5477F2E8E8B648C4370","time_end":"20180327150948","total_fee":"990","trade_state":"SUCCESS","trade_state_desc":"\u652f\u4ed8\u6210\u529f","trade_type":"JSAPI","transaction_id":"4200000099201803276598912802"}
[2018-03-27 15:09:49][debug] im enter
[2018-03-27 15:09:49][debug] start add call data:4200000099201803276598912802
[2018-03-27 15:09:49][debug] addgoods4200000099201803276598912802
[2018-03-27 16:07:55][debug] begin goods notify
[2018-03-27 16:07:55][debug] call back...---:{"appid":"wxecd6b654b7533930","attach":"GoodsPayParam;199;\u9752\u67e0\u6aac\u9c9c\u989c\u6d3b\u808c\u539f\u6c34;10;22;1","bank_type":"CFT","cash_fee":"10","fee_type":"CNY","is_subscribe":"Y","mch_id":"1285500001","nonce_str":"t9pm7jaceigfx4adwg731ptwtk7egmx5","openid":"oW5_rjvdHr8kPpc_qHcwIQkf52eA","out_trade_no":"128550000120180327160746","result_code":"SUCCESS","return_code":"SUCCESS","sign":"B32254F7C90F837D028A4C0408A9538C","time_end":"20180327160754","total_fee":"10","trade_type":"JSAPI","transaction_id":"4200000082201803276600485441"}
[2018-03-27 16:07:56][debug] query:{"appid":"wxecd6b654b7533930","attach":"GoodsPayParam;199;\u9752\u67e0\u6aac\u9c9c\u989c\u6d3b\u808c\u539f\u6c34;10;22;1","bank_type":"CFT","cash_fee":"10","fee_type":"CNY","is_subscribe":"Y","mch_id":"1285500001","nonce_str":"X23UGxCYKBRdYf5K","openid":"oW5_rjvdHr8kPpc_qHcwIQkf52eA","out_trade_no":"128550000120180327160746","result_code":"SUCCESS","return_code":"SUCCESS","return_msg":"OK","sign":"C29FF5DF7CC5A368A61B467284ACE188","time_end":"20180327160754","total_fee":"10","trade_state":"SUCCESS","trade_state_desc":"\u652f\u4ed8\u6210\u529f","trade_type":"JSAPI","transaction_id":"4200000082201803276600485441"}
[2018-03-27 16:07:56][debug] im enter
[2018-03-27 16:07:56][debug] start add call data:4200000082201803276600485441
[2018-03-27 16:07:56][debug] addgoods4200000082201803276600485441
[2018-03-27 17:11:07][debug] begin goods notify
[2018-03-27 17:11:07][debug] call back...---:{"appid":"wxecd6b654b7533930","attach":"GoodsPayParam;222;9.9\u5143\u63a8\u5e7f\u5361;990;39;1","bank_type":"CFT","cash_fee":"990","fee_type":"CNY","is_subscribe":"N","mch_id":"1285500001","nonce_str":"b1rlslfdyb07agmvbh3jo74siefbgqw9","openid":"oW5_rjuuSEUK5E0x96K2RYaa6RN8","out_trade_no":"128550000120180327171100","result_code":"SUCCESS","return_code":"SUCCESS","sign":"9942CAF7EA1F71801546CA823145B2CD","time_end":"20180327171106","total_fee":"990","trade_type":"JSAPI","transaction_id":"4200000090201803276717388441"}
[2018-03-27 17:11:07][debug] query:{"appid":"wxecd6b654b7533930","attach":"GoodsPayParam;222;9.9\u5143\u63a8\u5e7f\u5361;990;39;1","bank_type":"CFT","cash_fee":"990","fee_type":"CNY","is_subscribe":"N","mch_id":"1285500001","nonce_str":"RhWG8glvxktQ8aEg","openid":"oW5_rjuuSEUK5E0x96K2RYaa6RN8","out_trade_no":"128550000120180327171100","result_code":"SUCCESS","return_code":"SUCCESS","return_msg":"OK","sign":"40BB788E595F43D37605A6D7128D670E","time_end":"20180327171106","total_fee":"990","trade_state":"SUCCESS","trade_state_desc":"\u652f\u4ed8\u6210\u529f","trade_type":"JSAPI","transaction_id":"4200000090201803276717388441"}
[2018-03-27 17:11:07][debug] im enter
[2018-03-27 17:11:07][debug] start add call data:4200000090201803276717388441
[2018-03-27 17:11:07][debug] addgoods4200000090201803276717388441
[2018-03-27 17:30:26][debug] begin goods notify
[2018-03-27 17:30:26][debug] call back...---:{"appid":"wxecd6b654b7533930","attach":"GoodsPayParam;224;9.9\u5143\u63a8\u5e7f\u5361;990;39;1","bank_type":"CFT","cash_fee":"990","fee_type":"CNY","is_subscribe":"Y","mch_id":"1285500001","nonce_str":"25ivu2ezxksfep9tou3261a0n97c9085","openid":"oW5_rjmjLgAqglc6SsJhEsZLIOZw","out_trade_no":"128550000120180327173016","result_code":"SUCCESS","return_code":"SUCCESS","sign":"1775C35E01E3CC7EB8497FB6B6C17A13","time_end":"20180327173025","total_fee":"990","trade_type":"JSAPI","transaction_id":"4200000089201803276664134491"}
[2018-03-27 17:30:26][debug] query:{"appid":"wxecd6b654b7533930","attach":"GoodsPayParam;224;9.9\u5143\u63a8\u5e7f\u5361;990;39;1","bank_type":"CFT","cash_fee":"990","fee_type":"CNY","is_subscribe":"Y","mch_id":"1285500001","nonce_str":"JPg7zGTgoosQsBLR","openid":"oW5_rjmjLgAqglc6SsJhEsZLIOZw","out_trade_no":"128550000120180327173016","result_code":"SUCCESS","return_code":"SUCCESS","return_msg":"OK","sign":"91669E2A968CD7E23338CAFB55EAB65B","time_end":"20180327173025","total_fee":"990","trade_state":"SUCCESS","trade_state_desc":"\u652f\u4ed8\u6210\u529f","trade_type":"JSAPI","transaction_id":"4200000089201803276664134491"}
[2018-03-27 17:30:26][debug] im enter
[2018-03-27 17:30:26][debug] start add call data:4200000089201803276664134491
[2018-03-27 17:30:26][debug] addgoods4200000089201803276664134491
