[2018-03-29 00:05:03][debug] begin goods notify
[2018-03-29 00:05:03][debug] call back...---:{"appid":"wxecd6b654b7533930","attach":"GoodsPayParam;183;198\u5143\u5851\u65f6\u4ee3\u7626\u8eab\u5361;19800;37;1","bank_type":"CFT","cash_fee":"19800","fee_type":"CNY","is_subscribe":"Y","mch_id":"1285500001","nonce_str":"nm98jel3rd22m61s31iztmietncrpc98","openid":"oW5_rjhppKz1e4rzMqVcnDxAGFH4","out_trade_no":"128550000120180329000454","result_code":"SUCCESS","return_code":"SUCCESS","sign":"BE5B498A43DDFC936726D074F5D3E220","time_end":"20180329000502","total_fee":"19800","trade_type":"JSAPI","transaction_id":"4200000083201803297573073501"}
[2018-03-29 00:05:03][debug] query:{"appid":"wxecd6b654b7533930","attach":"GoodsPayParam;183;198\u5143\u5851\u65f6\u4ee3\u7626\u8eab\u5361;19800;37;1","bank_type":"CFT","cash_fee":"19800","fee_type":"CNY","is_subscribe":"Y","mch_id":"1285500001","nonce_str":"CZP7vFuqNnmWY4Rw","openid":"oW5_rjhppKz1e4rzMqVcnDxAGFH4","out_trade_no":"128550000120180329000454","result_code":"SUCCESS","return_code":"SUCCESS","return_msg":"OK","sign":"1F27A67D1C040092ECD6A70C4DCB5C12","time_end":"20180329000502","total_fee":"19800","trade_state":"SUCCESS","trade_state_desc":"\u652f\u4ed8\u6210\u529f","trade_type":"JSAPI","transaction_id":"4200000083201803297573073501"}
[2018-03-29 00:05:03][debug] im enter
[2018-03-29 00:05:03][debug] start add call data:4200000083201803297573073501
[2018-03-29 00:05:03][debug] addgoods4200000083201803297573073501
[2018-03-29 15:25:27][debug] begin goods notify
[2018-03-29 15:25:27][debug] call back...---:{"appid":"wxecd6b654b7533930","attach":"GoodsPayParam;257;9.9\u5143\u63a8\u5e7f\u5361;990;39;1","bank_type":"CFT","cash_fee":"990","fee_type":"CNY","is_subscribe":"N","mch_id":"1285500001","nonce_str":"fjj762c1tuwwaxb8n1ada7cup7j5gqqa","openid":"oW5_rjnHhru7CP87qOgSuon1HSjY","out_trade_no":"128550000120180329152520","result_code":"SUCCESS","return_code":"SUCCESS","sign":"5F1F0CFF7ED60E9EEEA71547CDC373B6","time_end":"20180329152526","total_fee":"990","trade_type":"JSAPI","transaction_id":"4200000094201803297827786136"}
[2018-03-29 15:25:27][debug] query:{"appid":"wxecd6b654b7533930","attach":"GoodsPayParam;257;9.9\u5143\u63a8\u5e7f\u5361;990;39;1","bank_type":"CFT","cash_fee":"990","fee_type":"CNY","is_subscribe":"N","mch_id":"1285500001","nonce_str":"agj3QZFNQj3XecO5","openid":"oW5_rjnHhru7CP87qOgSuon1HSjY","out_trade_no":"128550000120180329152520","result_code":"SUCCESS","return_code":"SUCCESS","return_msg":"OK","sign":"7F14A1DBDF537696F89B4C15BD793FCD","time_end":"20180329152526","total_fee":"990","trade_state":"SUCCESS","trade_state_desc":"\u652f\u4ed8\u6210\u529f","trade_type":"JSAPI","transaction_id":"4200000094201803297827786136"}
[2018-03-29 15:25:27][debug] im enter
[2018-03-29 15:25:27][debug] start add call data:4200000094201803297827786136
[2018-03-29 15:25:27][debug] addgoods4200000094201803297827786136
[2018-03-29 15:54:58][debug] begin goods notify
[2018-03-29 15:54:58][debug] call back...---:{"appid":"wxecd6b654b7533930","attach":"GoodsPayParam;258;9.9\u5143\u63a8\u5e7f\u5361;990;39;1","bank_type":"CFT","cash_fee":"990","fee_type":"CNY","is_subscribe":"N","mch_id":"1285500001","nonce_str":"kpjbo98jweltnarq7703tnw3s2lllsot","openid":"oW5_rjkjsx0KUGgphMHRWKGNrm_I","out_trade_no":"128550000120180329155453","result_code":"SUCCESS","return_code":"SUCCESS","sign":"3813BBEFB3698AB7BF47B4224084B770","time_end":"20180329155457","total_fee":"990","trade_type":"JSAPI","transaction_id":"4200000095201803297823365185"}
[2018-03-29 15:54:58][debug] query:{"appid":"wxecd6b654b7533930","attach":"GoodsPayParam;258;9.9\u5143\u63a8\u5e7f\u5361;990;39;1","bank_type":"CFT","cash_fee":"990","fee_type":"CNY","is_subscribe":"N","mch_id":"1285500001","nonce_str":"1XjZIv8RDL85AfVT","openid":"oW5_rjkjsx0KUGgphMHRWKGNrm_I","out_trade_no":"128550000120180329155453","result_code":"SUCCESS","return_code":"SUCCESS","return_msg":"OK","sign":"04681F1ACD0697CA111B5E755256BA5A","time_end":"20180329155457","total_fee":"990","trade_state":"SUCCESS","trade_state_desc":"\u652f\u4ed8\u6210\u529f","trade_type":"JSAPI","transaction_id":"4200000095201803297823365185"}
[2018-03-29 15:54:58][debug] im enter
[2018-03-29 15:54:58][debug] start add call data:4200000095201803297823365185
[2018-03-29 15:54:58][debug] addgoods4200000095201803297823365185
[2018-03-29 17:03:27][debug] begin goods notify
[2018-03-29 17:03:27][debug] call back...---:{"appid":"wxecd6b654b7533930","attach":"GoodsPayParam;259;9.9\u5143\u63a8\u5e7f\u5361;990;39;1","bank_type":"CFT","cash_fee":"990","fee_type":"CNY","is_subscribe":"N","mch_id":"1285500001","nonce_str":"na5y4dog58vmdvd3djk3w2fx7856lzr7","openid":"oW5_rju6qxkf61tE6DAwDLsrebC8","out_trade_no":"128550000120180329170314","result_code":"SUCCESS","return_code":"SUCCESS","sign":"07C7B940F13025F1175EDA695D201739","time_end":"20180329170326","total_fee":"990","trade_type":"JSAPI","transaction_id":"4200000097201803297918484825"}
[2018-03-29 17:03:27][debug] query:{"appid":"wxecd6b654b7533930","attach":"GoodsPayParam;259;9.9\u5143\u63a8\u5e7f\u5361;990;39;1","bank_type":"CFT","cash_fee":"990","fee_type":"CNY","is_subscribe":"N","mch_id":"1285500001","nonce_str":"FWgzkVjhsc8ZPHed","openid":"oW5_rju6qxkf61tE6DAwDLsrebC8","out_trade_no":"128550000120180329170314","result_code":"SUCCESS","return_code":"SUCCESS","return_msg":"OK","sign":"2235D413BDC5CBC696A5026F403D58A2","time_end":"20180329170326","total_fee":"990","trade_state":"SUCCESS","trade_state_desc":"\u652f\u4ed8\u6210\u529f","trade_type":"JSAPI","transaction_id":"4200000097201803297918484825"}
[2018-03-29 17:03:27][debug] im enter
[2018-03-29 17:03:27][debug] start add call data:4200000097201803297918484825
[2018-03-29 17:03:27][debug] addgoods4200000097201803297918484825
[2018-03-29 17:38:20][debug] begin goods notify
[2018-03-29 17:38:20][debug] call back...---:{"appid":"wxecd6b654b7533930","attach":"GoodsPayParam;260;9.9\u5143\u63a8\u5e7f\u5361;990;39;1","bank_type":"CFT","cash_fee":"990","fee_type":"CNY","is_subscribe":"N","mch_id":"1285500001","nonce_str":"j8ts4vhdqv6053ai0yimawgxsidviaj1","openid":"oW5_rjuzHb2Vc7eR7R9dQ8J-YhZE","out_trade_no":"128550000120180329173815","result_code":"SUCCESS","return_code":"SUCCESS","sign":"D05C548DA9FDD2CF5BCBB7594B44BA77","time_end":"20180329173820","total_fee":"990","trade_type":"JSAPI","transaction_id":"4200000098201803297904956530"}
[2018-03-29 17:38:20][debug] query:{"appid":"wxecd6b654b7533930","attach":"GoodsPayParam;260;9.9\u5143\u63a8\u5e7f\u5361;990;39;1","bank_type":"CFT","cash_fee":"990","fee_type":"CNY","is_subscribe":"N","mch_id":"1285500001","nonce_str":"PNmYd0KKX5xTWKEH","openid":"oW5_rjuzHb2Vc7eR7R9dQ8J-YhZE","out_trade_no":"128550000120180329173815","result_code":"SUCCESS","return_code":"SUCCESS","return_msg":"OK","sign":"38F55D805FD384C3F668AAF2A4252FCC","time_end":"20180329173820","total_fee":"990","trade_state":"SUCCESS","trade_state_desc":"\u652f\u4ed8\u6210\u529f","trade_type":"JSAPI","transaction_id":"4200000098201803297904956530"}
[2018-03-29 17:38:20][debug] im enter
[2018-03-29 17:38:20][debug] start add call data:4200000098201803297904956530
[2018-03-29 17:38:20][debug] addgoods4200000098201803297904956530
