[2018-04-21 10:17:21][debug] query:=http://www.amyshirley.com/aml/wxapi/GetUserInfo/dropindex.php?type=amlzlogin
[2018-04-21 10:17:22][debug] query:=http://www.amyshirley.com/aml/wxapi/GetUserInfo/dropindex.php?type=amlzlogin
[2018-04-21 10:17:22][debug] query:{"errcode":40163,"errmsg":"code been used, hints: [ req_id: LNMDla0042th41 ]"}...urls=http://www.amyshirley.com/aml/wxapi/GetUserInfo/dropindex.php?type=amlzlogin
[2018-04-21 10:17:23][debug] query:=http://www.amyshirley.com/aml/wxapi/GetUserInfo/dropindex.php?type=amlzlogin
[2018-04-21 10:17:23][debug] query:=http://www.amyshirley.com/aml/wxapi/GetUserInfo/dropindex.php?type=amlzlogin
[2018-04-21 10:17:23][debug] query:{"errcode":40163,"errmsg":"code been used, hints: [ req_id: Ropy30043th21 ]"}...urls=http://www.amyshirley.com/aml/wxapi/GetUserInfo/dropindex.php?type=amlzlogin
[2018-04-21 10:17:24][debug] query:=http://www.amyshirley.com/aml/wxapi/GetUserInfo/dropindex.php?type=amlzlogin
[2018-04-21 10:17:24][debug] query:=http://www.amyshirley.com/aml/wxapi/GetUserInfo/dropindex.php?type=amlzlogin
[2018-04-21 10:17:24][debug] query:{"errcode":40163,"errmsg":"code been used, hints: [ req_id: JPLYRa0044th50 ]"}...urls=http://www.amyshirley.com/aml/wxapi/GetUserInfo/dropindex.php?type=amlzlogin
[2018-04-21 10:17:25][debug] query:=http://www.amyshirley.com/aml/wxapi/GetUserInfo/dropindex.php?type=amlzlogin
[2018-04-21 10:17:26][debug] query:=http://www.amyshirley.com/aml/wxapi/GetUserInfo/dropindex.php?type=amlzlogin
[2018-04-21 10:17:26][debug] query:{"errcode":40163,"errmsg":"code been used, hints: [ req_id: ferHIA0046th44 ]"}...urls=http://www.amyshirley.com/aml/wxapi/GetUserInfo/dropindex.php?type=amlzlogin
[2018-04-21 10:17:26][debug] query:=http://www.amyshirley.com/aml/wxapi/GetUserInfo/dropindex.php?type=amlzlogin
[2018-04-21 10:17:27][debug] query:=http://www.amyshirley.com/aml/wxapi/GetUserInfo/dropindex.php?type=amlzlogin
[2018-04-21 10:17:27][debug] query:{"errcode":40163,"errmsg":"code been used, hints: [ req_id: dSzAsa0047th20 ]"}...urls=http://www.amyshirley.com/aml/wxapi/GetUserInfo/dropindex.php?type=amlzlogin
[2018-04-21 10:17:28][debug] query:=http://www.amyshirley.com/aml/wxapi/GetUserInfo/dropindex.php?type=amlzlogin
[2018-04-21 10:17:28][debug] query:=http://www.amyshirley.com/aml/wxapi/GetUserInfo/dropindex.php?type=amlzlogin
[2018-04-21 10:17:28][debug] query:{"errcode":40163,"errmsg":"code been used, hints: [ req_id: 6rDB6a0048th56 ]"}...urls=http://www.amyshirley.com/aml/wxapi/GetUserInfo/dropindex.php?type=amlzlogin
[2018-04-21 10:17:29][debug] query:=http://www.amyshirley.com/aml/wxapi/GetUserInfo/dropindex.php?type=amlzlogin
[2018-04-21 10:17:29][debug] query:=http://www.amyshirley.com/aml/wxapi/GetUserInfo/dropindex.php?type=amlzlogin
[2018-04-21 10:17:29][debug] query:{"errcode":40163,"errmsg":"code been used, hints: [ req_id: 88R1cA0049th40 ]"}...urls=http://www.amyshirley.com/aml/wxapi/GetUserInfo/dropindex.php?type=amlzlogin
[2018-04-21 10:17:30][debug] query:=http://www.amyshirley.com/aml/wxapi/GetUserInfo/dropindex.php?type=amlzlogin
[2018-04-21 10:17:30][debug] query:=http://www.amyshirley.com/aml/wxapi/GetUserInfo/dropindex.php?type=amlzlogin
[2018-04-21 10:17:30][debug] query:{"errcode":40163,"errmsg":"code been used, hints: [ req_id: dYFKma0050th48 ]"}...urls=http://www.amyshirley.com/aml/wxapi/GetUserInfo/dropindex.php?type=amlzlogin
[2018-04-21 10:17:31][debug] query:=http://www.amyshirley.com/aml/wxapi/GetUserInfo/dropindex.php?type=amlzlogin
[2018-04-21 10:17:32][debug] query:=http://www.amyshirley.com/aml/wxapi/GetUserInfo/dropindex.php?type=amlzlogin
[2018-04-21 10:17:32][debug] query:{"errcode":40163,"errmsg":"code been used, hints: [ req_id: tzYRMa0052th27 ]"}...urls=http://www.amyshirley.com/aml/wxapi/GetUserInfo/dropindex.php?type=amlzlogin
[2018-04-21 10:17:32][debug] query:=http://www.amyshirley.com/aml/wxapi/GetUserInfo/dropindex.php?type=amlzlogin
[2018-04-21 10:17:33][debug] query:=http://www.amyshirley.com/aml/wxapi/GetUserInfo/dropindex.php?type=amlzlogin
[2018-04-21 10:17:33][debug] query:{"errcode":40163,"errmsg":"code been used, hints: [ req_id: 0DZ_ma0053th24 ]"}...urls=http://www.amyshirley.com/aml/wxapi/GetUserInfo/dropindex.php?type=amlzlogin
[2018-04-21 10:17:33][debug] query:=http://www.amyshirley.com/aml/wxapi/GetUserInfo/dropindex.php?type=amlzlogin
[2018-04-21 10:17:34][debug] query:=http://www.amyshirley.com/aml/wxapi/GetUserInfo/dropindex.php?type=amlzlogin
[2018-04-21 10:17:34][debug] query:{"errcode":40163,"errmsg":"code been used, hints: [ req_id: 74d740054th54 ]"}...urls=http://www.amyshirley.com/aml/wxapi/GetUserInfo/dropindex.php?type=amlzlogin
[2018-04-21 10:17:35][debug] query:=http://www.amyshirley.com/aml/wxapi/GetUserInfo/dropindex.php?type=amlzlogin
[2018-04-21 10:17:36][debug] query:=http://www.amyshirley.com/aml/wxapi/GetUserInfo/dropindex.php?type=amlzlogin
[2018-04-21 10:17:36][debug] query:{"errcode":40163,"errmsg":"code been used, hints: [ req_id: xTfCPa0056th24 ]"}...urls=http://www.amyshirley.com/aml/wxapi/GetUserInfo/dropindex.php?type=amlzlogin
[2018-04-21 10:18:27][debug] query:=http://www.amyshirley.com/aml/wxapi/GetUserInfo/dropindex.php?type=amlzlogin
[2018-04-21 10:21:35][debug] query:=http://www.amyshirley.com/aml/wxapi/GetUserInfo/dropindex.php?type=amlzlogin
[2018-04-21 10:24:42][debug] query:=http://www.amyshirley.com/aml/wxapi/GetUserInfo/dropindex.php?type=amlzlogin
[2018-04-21 10:35:28][debug] query:=http://www.amyshirley.com/aml/wxapi/GetUserInfo/dropindex.php?type=amlzlogin
[2018-04-21 10:35:28][debug] query:{"errcode":40163,"errmsg":"code been used, hints: [ req_id: p3N40a0128th50 ]"}...urls=http://www.amyshirley.com/aml/wxapi/GetUserInfo/dropindex.php?type=amlzlogin
[2018-04-21 10:35:31][debug] query:=http://www.amyshirley.com/aml/wxapi/GetUserInfo/dropindex.php?type=amlzlogin
[2018-04-21 10:39:41][debug] query:=http://www.amyshirley.com/aml/wxapi/GetUserInfo/dropindex.php?type=amlzlogin
[2018-04-21 10:39:50][debug] query:=http://www.amyshirley.com/aml/wxapi/GetUserInfo/dropindex.php?type=amlzlogin
[2018-04-21 10:40:08][debug] query:=http://www.amyshirley.com/aml/wxapi/GetUserInfo/dropindex.php?type=amlzlogin
[2018-04-21 11:01:33][debug] query:=http://www.amyshirley.com/aml/wxapi/GetUserInfo/dropindex.php?type=amlzlogin
[2018-04-21 11:07:27][debug] query:=http://www.amyshirley.com/aml/wxapi/GetUserInfo/dropindex.php?type=amlzlogin
[2018-04-21 11:17:24][debug] query:=http://www.amyshirley.com/aml/wxapi/GetUserInfo/dropindex.php?type=amlzlogin
[2018-04-21 11:19:12][debug] query:=http://www.amyshirley.com/aml/wxapi/GetUserInfo/dropindex.php?type=amlzlogin
[2018-04-21 11:20:46][debug] query:=http://www.amyshirley.com/aml/wxapi/GetUserInfo/dropindex.php?type=amlzlogin
[2018-04-21 11:21:01][debug] query:=http://www.amyshirley.com/aml/wxapi/GetUserInfo/dropindex.php?type=amlzlogin
[2018-04-21 11:22:44][debug] query:=http://www.amyshirley.com/aml/wxapi/GetUserInfo/dropindex.php?type=amlzlogin
[2018-04-21 11:23:51][debug] query:=http://www.amyshirley.com/aml/wxapi/GetUserInfo/dropindex.php?type=amlzlogin
[2018-04-21 11:23:55][debug] query:=http://www.amyshirley.com/aml/wxapi/GetUserInfo/dropindex.php?type=amlzlogin
[2018-04-21 11:24:04][debug] query:=http://www.amyshirley.com/aml/wxapi/GetUserInfo/dropindex.php?type=amlzlogin
[2018-04-21 11:25:34][debug] query:=http://www.amyshirley.com/aml/wxapi/GetUserInfo/dropindex.php?type=amlzlogin
[2018-04-21 11:27:45][debug] query:=http://www.amyshirley.com/aml/wxapi/GetUserInfo/dropindex.php?type=amlzlogin
[2018-04-21 11:27:50][debug] query:=http://www.amyshirley.com/aml/wxapi/GetUserInfo/dropindex.php?type=amlzlogin
[2018-04-21 11:43:02][debug] query:=http://www.amyshirley.com/aml/wxapi/GetUserInfo/dropindex.php?type=amlzlogin
[2018-04-21 11:48:59][debug] query:=http://www.amyshirley.com/aml/wxapi/GetUserInfo/dropindex.php?type=amlzlogin
[2018-04-21 11:49:17][debug] query:=http://www.amyshirley.com/aml/wxapi/GetUserInfo/dropindex.php?type=amlzlogin
[2018-04-21 11:50:20][debug] query:=http://www.amyshirley.com/aml/wxapi/GetUserInfo/dropindex.php?type=amlzlogin
[2018-04-21 11:50:33][debug] query:=http://www.amyshirley.com/aml/wxapi/GetUserInfo/dropindex.php?type=amlzlogin
[2018-04-21 11:54:20][debug] query:=http://www.amyshirley.com/aml/wxapi/GetUserInfo/dropindex.php?type=amlzlogin
[2018-04-21 14:10:08][debug] query:=http://www.amyshirley.com/aml/wxapi/GetUserInfo/dropindex.php?type=amlzlogin
[2018-04-21 14:11:42][debug] query:=http://www.amyshirley.com/aml/wxapi/GetUserInfo/dropindex.php?type=amlzlogin
[2018-04-21 14:20:58][debug] query:=http://www.amyshirley.com/aml/wxapi/GetUserInfo/dropindex.php?type=amlzlogin
[2018-04-21 20:52:05][debug] query:=http://www.amyshirley.com/aml/wxapi/GetUserInfo/dropindex.php?type=amlzlogin
[2018-04-21 20:52:42][debug] query:=http://www.amyshirley.com/aml/wxapi/GetUserInfo/dropindex.php?type=amlzlogin
[2018-04-21 20:53:20][debug] query:=http://www.amyshirley.com/aml/wxapi/GetUserInfo/dropindex.php?type=amlzlogin
