[2018-03-26 15:21:03][debug] query:{"errcode":40163,"errmsg":"code been used, hints: [ req_id: kjB2oA0863th41 ]"}...urls=http://www.jubenxiong.com/aml/wxapi/GetUserInfo/getUserInfo.php?type=amlzlogin
[2018-03-26 15:21:03][debug] query:{"errcode":41008,"errmsg":"missing code, hints: [ req_id: avCgAA0863th44 ]"}...urls=
[2018-03-26 15:28:51][debug] query:{"errcode":40163,"errmsg":"code been used, hints: [ req_id: dSkHAa0330th27 ]"}...urls=http://www.jubenxiong.com/aml/wxapi/GetUserInfo/getUserInfo.php?type=amlzlogin
[2018-03-26 15:28:51][debug] query:{"errcode":41008,"errmsg":"missing code, hints: [ req_id: k71jSA0331th21 ]"}...urls=
[2018-03-26 16:27:57][debug] query:{"access_token":"8_OOoUnOxRKQjaWRBeGqsVy3MpLK4xUy5lHrFC5Bl8zSXPUHGPTeqBz4C1Og6FgUIzbPq2WW8k15uiXMB3HvoP6cHgrtk55wNdT_xUFT8ZQe0","expires_in":7200,"refresh_token":"8_k013okZnFxqx4uq3mMPNfTBdI72EAi4MJh-3w6cxj9AKF8sA3ocNxH1MePWaXSbV9PWrNYKgl1Rk7sg3z2Qfnl7HQDatLnQzgWgXxAXm9VY","openid":"oW5_rjuz7jzseHht4WqpLMR53tX8","scope":"snsapi_userinfo"}...urls=http://www.jubenxiong.com/aml/wxapi/GetUserInfo/dropindex.php?type=amlzlogin
[2018-03-26 16:27:57][debug] query:{"access_token":"8_4RKuqIxksuQDFZQRDmOGTE_SMI_VzXhF-aES9HPY_Ul_gYp9z-5Tlgzx9gTdlLeaHKNfjxKeUOtRtE4tJ7mvAjfF4_4z8lNeYUzR9HoTCy4","expires_in":7200,"refresh_token":"8_u69aRao-y0qEu7rXoabK2faMD386DXhOqEX_p7edelq16cXPv7HivFO_CbymXWXi_iFnz3K5fjgw1LGp6BMFAb8SVvUeAeiiHOkpxPmBR74","openid":"oW5_rjuz7jzseHht4WqpLMR53tX8","scope":"snsapi_userinfo"}...urls=http://www.jubenxiong.com/aml/wxapi/GetUserInfo/dropindex.php?type=amlzlogin
[2018-03-26 16:28:24][debug] query:{"access_token":"8_YYSlmSbpFdZAChCau6Cx_20UAmv3ukGCMtsktjRKoeSy3Bty-Zw_JZ5iPrOOr-BLQNXA8sD8cd7v7KYPFe4wUOOeQimL4Dr1WvOVwxpOcBg","expires_in":7200,"refresh_token":"8_Gdd2Dh2y4-fv6j-yh4Ds5zMRjcekigjNx5mH7Kp2egSNw8uMx__VVSIZDYIATSK-HhvTX_na8GSvVEDU3nzBfhrCuEinjLC4gsj7FwA0NY0","openid":"oW5_rjuz7jzseHht4WqpLMR53tX8","scope":"snsapi_userinfo"}...urls=http://www.jubenxiong.com/aml/wxapi/GetUserInfo/dropindex.php?type=amlzlogin
[2018-03-26 16:28:24][debug] query:{"access_token":"8_16CDIMo0J7wr3FlqTyUxsEKfsXbKULY7ZHAF-ur2Z-GXmBkXPtnQo5sTZkLIO82fFZCSWtOmDj1iQr2G5qv2mvUEMicSDWa-9-kgfgP5Ccg","expires_in":7200,"refresh_token":"8_b7KJ7U4vaEHbC3OKMCiVwPYoMHatiXDAIVvy3hhJesr-He9ZFdZFdae54lNl7Mq10dxI0emTNvZ1M_OekpozjsrO-dTA00XHGvAL4M_f9IY","openid":"oW5_rjuz7jzseHht4WqpLMR53tX8","scope":"snsapi_userinfo"}...urls=http://www.jubenxiong.com/aml/wxapi/GetUserInfo/dropindex.php?type=amlzlogin
[2018-03-26 16:28:54][debug] query:{"access_token":"8_0MVwhMdfLaEXqqy3OQP-KkcyPZ0zIERwCBU2OQX-3hOTuYkWFmm97M58uCKUSfRnhVyADl37XY4OPKBhGasxJZcAUc5xf3q8rgi2oSDfKX0","expires_in":7200,"refresh_token":"8_ze4THWzqj49GtQadTgZuL117ZwRG5uSN2CwM5mzQzwxUl8x0nvHJhm9EPiNmh7Uef11ww46ys5QXFaD__ym48yE84rNQYhWgEMUWHWtRx3s","openid":"oW5_rjuz7jzseHht4WqpLMR53tX8","scope":"snsapi_userinfo"}...urls=http://www.jubenxiong.com/aml/wxapi/GetUserInfo/dropindex.php?type=amlzlogin
[2018-03-26 16:28:54][debug] query:{"access_token":"8_RZmXcLKdxS6MdlPg22oCMWcPyhwsGJo6B-dMEwMxbod5fPkEoWuylPzPS11dxBpm9d8WYqIKGipvho1buBtd3N2pfZVlQybWFWjb3euMdjg","expires_in":7200,"refresh_token":"8_beW9mEt4-UKOb7McBTNrkdszQWcuOlMGOe53J2-PoeueEsUuvHEpIt7TOiyhYYmA3GkyElgJafPNeJzwK5NmbhWq-N4PgG6LF72mlhrRpgc","openid":"oW5_rjuz7jzseHht4WqpLMR53tX8","scope":"snsapi_userinfo"}...urls=http://www.jubenxiong.com/aml/wxapi/GetUserInfo/dropindex.php?type=amlzlogin
[2018-03-26 16:29:22][debug] query:{"access_token":"8_RSMgSOqXB9DPVPpkVv40ppNGNjrKUWs06RcEhiRCP6eHee8TXUjvfVqtZpGLhrMrLwk64-W3W1PNwN6WP6GUArO_2NZQdxe5Shux_4rUfZY","expires_in":7200,"refresh_token":"8_b7KJ7U4vaEHbC3OKMCiVwFWXsqsJAY68d14EKHRuf5Z06AAjI5UkI4Uj3XHO7LyZYsvREhZrqu20fZWqe0rz7cIqpNBvcwSzSVKiiUT2y5I","openid":"oW5_rjuz7jzseHht4WqpLMR53tX8","scope":"snsapi_userinfo"}...urls=http://www.jubenxiong.com/aml/wxapi/GetUserInfo/dropindex.php?type=amlzlogin
[2018-03-26 16:29:22][debug] query:{"access_token":"8_eRDy2pwpSvXDIZaP4tktQlKS6qxQMv2PP5lms-WY1pZ3ou1YmSj4xq0TRqB--xuawdTYMv21wIGNWlYHdkZK06rzFTxCI7V4yAmWhoFk1mk","expires_in":7200,"refresh_token":"8_Ji_Qa2q3mt4RbwsdGvfZC4_8YA67iQhIVX103MXNn9No24ND9CrciwsFb9Fxe1VOwN8Y8kMcGetrOFdIXgLqXT1a20UrNuYJzYJMW5AzxvU","openid":"oW5_rjuz7jzseHht4WqpLMR53tX8","scope":"snsapi_userinfo"}...urls=http://www.jubenxiong.com/aml/wxapi/GetUserInfo/dropindex.php?type=amlzlogin
[2018-03-26 16:30:01][debug] query:{"access_token":"8_rMnji0SG60PxdGDhIy_zUqxAK1TVcziyCQr00dXSpvTS8xjzjJN91Ing1TukptosNPqkAGc4fo5Od2KwRXeNjGb5RYChbLp8U6XxQ7GfZKQ","expires_in":7200,"refresh_token":"8_85qrC7VOH0hfhiXhhF5Y91We_ZXYcZg3YFtuzNouvkMvrYgDyhRWNb_Rm9xRBarAVHtoqDS6kUofc3_ntNOTFz82-iSYgdr6SE32LyLSO40","openid":"oW5_rjuz7jzseHht4WqpLMR53tX8","scope":"snsapi_userinfo"}...urls=http://www.jubenxiong.com/aml/wxapi/GetUserInfo/dropindex.php?type=amlzlogin
[2018-03-26 16:33:35][debug] query:{"access_token":"8_rMnji0SG60PxdGDhIy_zUq9fgFqqKIxwFK2mEMDHSLcZxKL0-w4Y4t503VtU93xOOaKDYPPKJnJHz-INYE1GzkdQVITc2bHDFbfJNp9rOrc","expires_in":7200,"refresh_token":"8_sEZt46cka6sTzV2VVZNSkH-b1Dgn_-ay0RCFQk68H7f4-LZSWnMVaJ0OHs3mpfzwFtIXifrnNl5aTaoHtHgklVCKEsilu-ZlnACcTfZgKrQ","openid":"oW5_rjuz7jzseHht4WqpLMR53tX8","scope":"snsapi_userinfo"}...urls=http://www.jubenxiong.com/aml/wxapi/GetUserInfo/dropindex.php?type=amlzlogin
[2018-03-26 16:33:35][debug] query:{"access_token":"8_QcZ1Lhar-5NDQjuSdOvGkHIX486IQL3KuOQbe1Ti9Gcz4YT6bV7maa_q03W_8ReFJlhLsSmMI2-u4npEDphoFvuvM1JeFr44-WY-pfMTKKE","expires_in":7200,"refresh_token":"8_V6bOgRrdQeazkkNwmG-FUG0bLVbuML34YJmnNDyFJ50Z8MBA_aUzNllBN6wobOGSSb0_7mdyWrjjnvKpBY1BuEUrtyJk4RiVSe6CIaa57fg","openid":"oW5_rjuz7jzseHht4WqpLMR53tX8","scope":"snsapi_userinfo"}...urls=http://www.jubenxiong.com/aml/wxapi/GetUserInfo/dropindex.php?type=amlzlogin
[2018-03-26 16:39:08][debug] query:=http://www.jubenxiong.com/aml/wxapi/GetUserInfo/dropindex.php?type=amlzlogin
[2018-03-26 16:39:08][debug] query:=http://www.jubenxiong.com/aml/wxapi/GetUserInfo/dropindex.php?type=amlzlogin
[2018-03-26 16:39:34][debug] query:=http://www.jubenxiong.com/aml/wxapi/GetUserInfo/dropindex.php?type=amlzlogin
[2018-03-26 16:39:34][debug] query:=http://www.jubenxiong.com/aml/wxapi/GetUserInfo/dropindex.php?type=amlzlogin
[2018-03-26 16:40:08][debug] query:=http://www.jubenxiong.com/aml/wxapi/GetUserInfo/dropindex.php?type=amlzlogin
[2018-03-26 16:40:08][debug] query:=http://www.jubenxiong.com/aml/wxapi/GetUserInfo/dropindex.php?type=amlzlogin
[2018-03-26 16:44:11][debug] query:=http://www.jubenxiong.com/aml/wxapi/GetUserInfo/dropindex.php?type=amlzlogin
[2018-03-26 16:44:11][debug] query:=http://www.jubenxiong.com/aml/wxapi/GetUserInfo/dropindex.php?type=amlzlogin
[2018-03-26 16:46:47][debug] query:=http://www.jubenxiong.com/aml/wxapi/GetUserInfo/dropindex.php?type=amlzlogin
[2018-03-26 16:46:47][debug] query:=http://www.jubenxiong.com/aml/wxapi/GetUserInfo/dropindex.php?type=amlzlogin
[2018-03-26 19:09:11][debug] query:=http://www.jubenxiong.com/aml/wxapi/GetUserInfo/dropindex.php?type=amlzlogin
