[2017-11-21 10:06:17][debug] begin goods notify
[2017-11-21 10:06:17][debug] call back...:{"appid":"wx7d05a96d073b899b","attach":"GoodsPayParam;31;1\u5143\u62a2\u8d2d;1;21","bank_type":"CFT","cash_fee":"1","fee_type":"CNY","is_subscribe":"Y","mch_id":"1489371702","nonce_str":"say4yup0wo7rx2j654qcbn9logtmhko6","openid":"olXx5wXIVFs9go11zb9qhLE7BzGg","out_trade_no":"148937170220171121100609","result_code":"SUCCESS","return_code":"SUCCESS","sign":"C68641D1053F6DF6066E8ED52567C8CA","time_end":"20171121100617","total_fee":"1","trade_type":"JSAPI","transaction_id":"4200000040201711216046519600"}
[2017-11-21 10:06:17][debug] query:{"appid":"wx7d05a96d073b899b","attach":"GoodsPayParam;31;1\u5143\u62a2\u8d2d;1;21","bank_type":"CFT","cash_fee":"1","fee_type":"CNY","is_subscribe":"Y","mch_id":"1489371702","nonce_str":"Pf8KTLtFNTWYoomo","openid":"olXx5wXIVFs9go11zb9qhLE7BzGg","out_trade_no":"148937170220171121100609","result_code":"SUCCESS","return_code":"SUCCESS","return_msg":"OK","sign":"0F7777E885174F82730D48D3A76D99F5","time_end":"20171121100617","total_fee":"1","trade_state":"SUCCESS","trade_type":"JSAPI","transaction_id":"4200000040201711216046519600"}
[2017-11-21 10:06:17][debug] im enter
[2017-11-21 10:06:17][debug] addgoods4200000040201711216046519600
[2017-11-21 10:06:30][debug] begin goods notify
[2017-11-21 10:06:30][debug] call back...:{"appid":"wx7d05a96d073b899b","attach":"GoodsPayParam;31;1\u5143\u62a2\u8d2d;1;21","bank_type":"CFT","cash_fee":"1","fee_type":"CNY","is_subscribe":"Y","mch_id":"1489371702","nonce_str":"say4yup0wo7rx2j654qcbn9logtmhko6","openid":"olXx5wXIVFs9go11zb9qhLE7BzGg","out_trade_no":"148937170220171121100609","result_code":"SUCCESS","return_code":"SUCCESS","sign":"C68641D1053F6DF6066E8ED52567C8CA","time_end":"20171121100617","total_fee":"1","trade_type":"JSAPI","transaction_id":"4200000040201711216046519600"}
[2017-11-21 10:06:31][debug] query:{"appid":"wx7d05a96d073b899b","attach":"GoodsPayParam;31;1\u5143\u62a2\u8d2d;1;21","bank_type":"CFT","cash_fee":"1","fee_type":"CNY","is_subscribe":"Y","mch_id":"1489371702","nonce_str":"xO3yiAZqXcxCjlrG","openid":"olXx5wXIVFs9go11zb9qhLE7BzGg","out_trade_no":"148937170220171121100609","result_code":"SUCCESS","return_code":"SUCCESS","return_msg":"OK","sign":"BD1F59FCA62A6C1E1BAAAA5D9CAE550F","time_end":"20171121100617","total_fee":"1","trade_state":"SUCCESS","trade_type":"JSAPI","transaction_id":"4200000040201711216046519600"}
[2017-11-21 10:06:31][debug] im enter
[2017-11-21 10:06:47][debug] begin goods notify
[2017-11-21 10:06:47][debug] call back...:{"appid":"wx7d05a96d073b899b","attach":"GoodsPayParam;31;1\u5143\u62a2\u8d2d;1;21","bank_type":"CFT","cash_fee":"1","fee_type":"CNY","is_subscribe":"Y","mch_id":"1489371702","nonce_str":"say4yup0wo7rx2j654qcbn9logtmhko6","openid":"olXx5wXIVFs9go11zb9qhLE7BzGg","out_trade_no":"148937170220171121100609","result_code":"SUCCESS","return_code":"SUCCESS","sign":"C68641D1053F6DF6066E8ED52567C8CA","time_end":"20171121100617","total_fee":"1","trade_type":"JSAPI","transaction_id":"4200000040201711216046519600"}
[2017-11-21 10:06:47][debug] query:{"appid":"wx7d05a96d073b899b","attach":"GoodsPayParam;31;1\u5143\u62a2\u8d2d;1;21","bank_type":"CFT","cash_fee":"1","fee_type":"CNY","is_subscribe":"Y","mch_id":"1489371702","nonce_str":"2rPxggdUgS5NEQrq","openid":"olXx5wXIVFs9go11zb9qhLE7BzGg","out_trade_no":"148937170220171121100609","result_code":"SUCCESS","return_code":"SUCCESS","return_msg":"OK","sign":"12F409BE445CD29B195EE1E9CA171DDA","time_end":"20171121100617","total_fee":"1","trade_state":"SUCCESS","trade_type":"JSAPI","transaction_id":"4200000040201711216046519600"}
[2017-11-21 10:06:47][debug] im enter
[2017-11-21 10:07:19][debug] begin goods notify
[2017-11-21 10:07:19][debug] call back...:{"appid":"wx7d05a96d073b899b","attach":"GoodsPayParam;31;1\u5143\u62a2\u8d2d;1;21","bank_type":"CFT","cash_fee":"1","fee_type":"CNY","is_subscribe":"Y","mch_id":"1489371702","nonce_str":"say4yup0wo7rx2j654qcbn9logtmhko6","openid":"olXx5wXIVFs9go11zb9qhLE7BzGg","out_trade_no":"148937170220171121100609","result_code":"SUCCESS","return_code":"SUCCESS","sign":"C68641D1053F6DF6066E8ED52567C8CA","time_end":"20171121100617","total_fee":"1","trade_type":"JSAPI","transaction_id":"4200000040201711216046519600"}
[2017-11-21 10:07:19][debug] query:{"appid":"wx7d05a96d073b899b","attach":"GoodsPayParam;31;1\u5143\u62a2\u8d2d;1;21","bank_type":"CFT","cash_fee":"1","fee_type":"CNY","is_subscribe":"Y","mch_id":"1489371702","nonce_str":"KQJuMEOQul8T3ISu","openid":"olXx5wXIVFs9go11zb9qhLE7BzGg","out_trade_no":"148937170220171121100609","result_code":"SUCCESS","return_code":"SUCCESS","return_msg":"OK","sign":"B1D680DE7D2FE2237EDBB7BAAAC9BF43","time_end":"20171121100617","total_fee":"1","trade_state":"SUCCESS","trade_type":"JSAPI","transaction_id":"4200000040201711216046519600"}
[2017-11-21 10:07:19][debug] im enter
[2017-11-21 10:10:20][debug] begin goods notify
[2017-11-21 10:10:20][debug] call back...:{"appid":"wx7d05a96d073b899b","attach":"GoodsPayParam;31;1\u5143\u62a2\u8d2d;1;21","bank_type":"CFT","cash_fee":"1","fee_type":"CNY","is_subscribe":"Y","mch_id":"1489371702","nonce_str":"say4yup0wo7rx2j654qcbn9logtmhko6","openid":"olXx5wXIVFs9go11zb9qhLE7BzGg","out_trade_no":"148937170220171121100609","result_code":"SUCCESS","return_code":"SUCCESS","sign":"C68641D1053F6DF6066E8ED52567C8CA","time_end":"20171121100617","total_fee":"1","trade_type":"JSAPI","transaction_id":"4200000040201711216046519600"}
[2017-11-21 10:10:21][debug] query:{"appid":"wx7d05a96d073b899b","attach":"GoodsPayParam;31;1\u5143\u62a2\u8d2d;1;21","bank_type":"CFT","cash_fee":"1","fee_type":"CNY","is_subscribe":"Y","mch_id":"1489371702","nonce_str":"k4ZuArzlqGzS1krA","openid":"olXx5wXIVFs9go11zb9qhLE7BzGg","out_trade_no":"148937170220171121100609","result_code":"SUCCESS","return_code":"SUCCESS","return_msg":"OK","sign":"24E7B8B739DADCFEFEB92E0E357A9C52","time_end":"20171121100617","total_fee":"1","trade_state":"SUCCESS","trade_type":"JSAPI","transaction_id":"4200000040201711216046519600"}
[2017-11-21 10:10:21][debug] im enter
[2017-11-21 10:21:03][debug] begin goods notify
[2017-11-21 10:21:03][debug] call back...:{"appid":"wx7d05a96d073b899b","attach":"GoodsPayParam;54;1\u5143\u62a2\u8d2d;1;21","bank_type":"CFT","cash_fee":"1","fee_type":"CNY","is_subscribe":"Y","mch_id":"1489371702","nonce_str":"xoi0uo5j64cozc8mw2wfuspw8io3yg00","openid":"olXx5wULrXY5Xo84Ubji_cn0leos","out_trade_no":"148937170220171121102055","result_code":"SUCCESS","return_code":"SUCCESS","sign":"CA74D5D983A92C4F70E1A26EE87D45D9","time_end":"20171121102102","total_fee":"1","trade_type":"JSAPI","transaction_id":"4200000050201711216052448688"}
[2017-11-21 10:21:03][debug] query:{"appid":"wx7d05a96d073b899b","attach":"GoodsPayParam;54;1\u5143\u62a2\u8d2d;1;21","bank_type":"CFT","cash_fee":"1","fee_type":"CNY","is_subscribe":"Y","mch_id":"1489371702","nonce_str":"x7dyzK87VWjZt1Ba","openid":"olXx5wULrXY5Xo84Ubji_cn0leos","out_trade_no":"148937170220171121102055","result_code":"SUCCESS","return_code":"SUCCESS","return_msg":"OK","sign":"BD4B85958A3E440265B5AD41F5DDB8A3","time_end":"20171121102102","total_fee":"1","trade_state":"SUCCESS","trade_type":"JSAPI","transaction_id":"4200000050201711216052448688"}
[2017-11-21 10:21:03][debug] im enter
[2017-11-21 10:21:20][debug] begin goods notify
[2017-11-21 10:21:20][debug] call back...:{"appid":"wx7d05a96d073b899b","attach":"GoodsPayParam;54;1\u5143\u62a2\u8d2d;1;21","bank_type":"CFT","cash_fee":"1","fee_type":"CNY","is_subscribe":"Y","mch_id":"1489371702","nonce_str":"xoi0uo5j64cozc8mw2wfuspw8io3yg00","openid":"olXx5wULrXY5Xo84Ubji_cn0leos","out_trade_no":"148937170220171121102055","result_code":"SUCCESS","return_code":"SUCCESS","sign":"CA74D5D983A92C4F70E1A26EE87D45D9","time_end":"20171121102102","total_fee":"1","trade_type":"JSAPI","transaction_id":"4200000050201711216052448688"}
[2017-11-21 10:21:20][debug] query:{"appid":"wx7d05a96d073b899b","attach":"GoodsPayParam;54;1\u5143\u62a2\u8d2d;1;21","bank_type":"CFT","cash_fee":"1","fee_type":"CNY","is_subscribe":"Y","mch_id":"1489371702","nonce_str":"WlrYsdM8vPJPFTFO","openid":"olXx5wULrXY5Xo84Ubji_cn0leos","out_trade_no":"148937170220171121102055","result_code":"SUCCESS","return_code":"SUCCESS","return_msg":"OK","sign":"775306BB2BC03AE3052B93E46A583F4A","time_end":"20171121102102","total_fee":"1","trade_state":"SUCCESS","trade_type":"JSAPI","transaction_id":"4200000050201711216052448688"}
[2017-11-21 10:21:20][debug] im enter
[2017-11-21 10:21:36][debug] begin goods notify
[2017-11-21 10:21:36][debug] call back...:{"appid":"wx7d05a96d073b899b","attach":"GoodsPayParam;54;1\u5143\u62a2\u8d2d;1;21","bank_type":"CFT","cash_fee":"1","fee_type":"CNY","is_subscribe":"Y","mch_id":"1489371702","nonce_str":"xoi0uo5j64cozc8mw2wfuspw8io3yg00","openid":"olXx5wULrXY5Xo84Ubji_cn0leos","out_trade_no":"148937170220171121102055","result_code":"SUCCESS","return_code":"SUCCESS","sign":"CA74D5D983A92C4F70E1A26EE87D45D9","time_end":"20171121102102","total_fee":"1","trade_type":"JSAPI","transaction_id":"4200000050201711216052448688"}
[2017-11-21 10:21:36][debug] query:{"appid":"wx7d05a96d073b899b","attach":"GoodsPayParam;54;1\u5143\u62a2\u8d2d;1;21","bank_type":"CFT","cash_fee":"1","fee_type":"CNY","is_subscribe":"Y","mch_id":"1489371702","nonce_str":"IMeGQ3s3hA0NGMdh","openid":"olXx5wULrXY5Xo84Ubji_cn0leos","out_trade_no":"148937170220171121102055","result_code":"SUCCESS","return_code":"SUCCESS","return_msg":"OK","sign":"E64CD236AB6792F10495196B9B511868","time_end":"20171121102102","total_fee":"1","trade_state":"SUCCESS","trade_type":"JSAPI","transaction_id":"4200000050201711216052448688"}
[2017-11-21 10:21:36][debug] im enter
[2017-11-21 10:22:09][debug] begin goods notify
[2017-11-21 10:22:09][debug] call back...:{"appid":"wx7d05a96d073b899b","attach":"GoodsPayParam;54;1\u5143\u62a2\u8d2d;1;21","bank_type":"CFT","cash_fee":"1","fee_type":"CNY","is_subscribe":"Y","mch_id":"1489371702","nonce_str":"xoi0uo5j64cozc8mw2wfuspw8io3yg00","openid":"olXx5wULrXY5Xo84Ubji_cn0leos","out_trade_no":"148937170220171121102055","result_code":"SUCCESS","return_code":"SUCCESS","sign":"CA74D5D983A92C4F70E1A26EE87D45D9","time_end":"20171121102102","total_fee":"1","trade_type":"JSAPI","transaction_id":"4200000050201711216052448688"}
[2017-11-21 10:22:09][debug] query:{"appid":"wx7d05a96d073b899b","attach":"GoodsPayParam;54;1\u5143\u62a2\u8d2d;1;21","bank_type":"CFT","cash_fee":"1","fee_type":"CNY","is_subscribe":"Y","mch_id":"1489371702","nonce_str":"OvEP48AdUFSV27FV","openid":"olXx5wULrXY5Xo84Ubji_cn0leos","out_trade_no":"148937170220171121102055","result_code":"SUCCESS","return_code":"SUCCESS","return_msg":"OK","sign":"4A2EB3A4D298AC7E4A2A21A873CAA9CC","time_end":"20171121102102","total_fee":"1","trade_state":"SUCCESS","trade_type":"JSAPI","transaction_id":"4200000050201711216052448688"}
[2017-11-21 10:22:09][debug] im enter
[2017-11-21 10:25:12][debug] begin goods notify
[2017-11-21 10:25:12][debug] call back...:{"appid":"wx7d05a96d073b899b","attach":"GoodsPayParam;54;1\u5143\u62a2\u8d2d;1;21","bank_type":"CFT","cash_fee":"1","fee_type":"CNY","is_subscribe":"Y","mch_id":"1489371702","nonce_str":"xoi0uo5j64cozc8mw2wfuspw8io3yg00","openid":"olXx5wULrXY5Xo84Ubji_cn0leos","out_trade_no":"148937170220171121102055","result_code":"SUCCESS","return_code":"SUCCESS","sign":"CA74D5D983A92C4F70E1A26EE87D45D9","time_end":"20171121102102","total_fee":"1","trade_type":"JSAPI","transaction_id":"4200000050201711216052448688"}
[2017-11-21 10:25:12][debug] query:{"appid":"wx7d05a96d073b899b","attach":"GoodsPayParam;54;1\u5143\u62a2\u8d2d;1;21","bank_type":"CFT","cash_fee":"1","fee_type":"CNY","is_subscribe":"Y","mch_id":"1489371702","nonce_str":"wmVv9U5szn7OsL1b","openid":"olXx5wULrXY5Xo84Ubji_cn0leos","out_trade_no":"148937170220171121102055","result_code":"SUCCESS","return_code":"SUCCESS","return_msg":"OK","sign":"7C61D64DD3256B0DD04FAB8263F4D688","time_end":"20171121102102","total_fee":"1","trade_state":"SUCCESS","trade_type":"JSAPI","transaction_id":"4200000050201711216052448688"}
[2017-11-21 10:25:12][debug] im enter
[2017-11-21 10:31:31][debug] begin goods notify
[2017-11-21 10:31:31][debug] call back...:{"appid":"wx7d05a96d073b899b","attach":"GoodsPayParam;54;1\u5143\u62a2\u8d2d;1;21","bank_type":"CFT","cash_fee":"1","fee_type":"CNY","is_subscribe":"Y","mch_id":"1489371702","nonce_str":"8bct4k1aa0juerjdsitay25etgh7tfgf","openid":"olXx5wULrXY5Xo84Ubji_cn0leos","out_trade_no":"148937170220171121103126","result_code":"SUCCESS","return_code":"SUCCESS","sign":"4B81F485FAA3864870D309052B83861F","time_end":"20171121103130","total_fee":"1","trade_type":"JSAPI","transaction_id":"4200000044201711216051126974"}
[2017-11-21 10:31:31][debug] query:{"appid":"wx7d05a96d073b899b","attach":"GoodsPayParam;54;1\u5143\u62a2\u8d2d;1;21","bank_type":"CFT","cash_fee":"1","fee_type":"CNY","is_subscribe":"Y","mch_id":"1489371702","nonce_str":"xBQTrLpy2a6EZKqG","openid":"olXx5wULrXY5Xo84Ubji_cn0leos","out_trade_no":"148937170220171121103126","result_code":"SUCCESS","return_code":"SUCCESS","return_msg":"OK","sign":"BDF39E8A18C506826484DD441F4ADC88","time_end":"20171121103130","total_fee":"1","trade_state":"SUCCESS","trade_type":"JSAPI","transaction_id":"4200000044201711216051126974"}
[2017-11-21 10:31:31][debug] im enter
[2017-11-21 10:31:31][debug] addgoods4200000044201711216051126974
[2017-11-21 10:31:45][debug] begin goods notify
[2017-11-21 10:31:45][debug] call back...:{"appid":"wx7d05a96d073b899b","attach":"GoodsPayParam;54;1\u5143\u62a2\u8d2d;1;21","bank_type":"CFT","cash_fee":"1","fee_type":"CNY","is_subscribe":"Y","mch_id":"1489371702","nonce_str":"8bct4k1aa0juerjdsitay25etgh7tfgf","openid":"olXx5wULrXY5Xo84Ubji_cn0leos","out_trade_no":"148937170220171121103126","result_code":"SUCCESS","return_code":"SUCCESS","sign":"4B81F485FAA3864870D309052B83861F","time_end":"20171121103130","total_fee":"1","trade_type":"JSAPI","transaction_id":"4200000044201711216051126974"}
[2017-11-21 10:31:45][debug] query:{"appid":"wx7d05a96d073b899b","attach":"GoodsPayParam;54;1\u5143\u62a2\u8d2d;1;21","bank_type":"CFT","cash_fee":"1","fee_type":"CNY","is_subscribe":"Y","mch_id":"1489371702","nonce_str":"7rMzLv1YCOctBOll","openid":"olXx5wULrXY5Xo84Ubji_cn0leos","out_trade_no":"148937170220171121103126","result_code":"SUCCESS","return_code":"SUCCESS","return_msg":"OK","sign":"C7B452C72D3B384C0A5BEE448F933AA4","time_end":"20171121103130","total_fee":"1","trade_state":"SUCCESS","trade_type":"JSAPI","transaction_id":"4200000044201711216051126974"}
[2017-11-21 10:31:45][debug] im enter
[2017-11-21 10:32:03][debug] begin goods notify
[2017-11-21 10:32:03][debug] call back...:{"appid":"wx7d05a96d073b899b","attach":"GoodsPayParam;54;1\u5143\u62a2\u8d2d;1;21","bank_type":"CFT","cash_fee":"1","fee_type":"CNY","is_subscribe":"Y","mch_id":"1489371702","nonce_str":"8bct4k1aa0juerjdsitay25etgh7tfgf","openid":"olXx5wULrXY5Xo84Ubji_cn0leos","out_trade_no":"148937170220171121103126","result_code":"SUCCESS","return_code":"SUCCESS","sign":"4B81F485FAA3864870D309052B83861F","time_end":"20171121103130","total_fee":"1","trade_type":"JSAPI","transaction_id":"4200000044201711216051126974"}
[2017-11-21 10:32:03][debug] query:{"appid":"wx7d05a96d073b899b","attach":"GoodsPayParam;54;1\u5143\u62a2\u8d2d;1;21","bank_type":"CFT","cash_fee":"1","fee_type":"CNY","is_subscribe":"Y","mch_id":"1489371702","nonce_str":"HdpfNnVMOuCqhc03","openid":"olXx5wULrXY5Xo84Ubji_cn0leos","out_trade_no":"148937170220171121103126","result_code":"SUCCESS","return_code":"SUCCESS","return_msg":"OK","sign":"9CE2D29C97C4E7080DCF1A4D266CC294","time_end":"20171121103130","total_fee":"1","trade_state":"SUCCESS","trade_type":"JSAPI","transaction_id":"4200000044201711216051126974"}
[2017-11-21 10:32:03][debug] im enter
[2017-11-21 10:32:34][debug] begin goods notify
[2017-11-21 10:32:34][debug] call back...:{"appid":"wx7d05a96d073b899b","attach":"GoodsPayParam;54;1\u5143\u62a2\u8d2d;1;21","bank_type":"CFT","cash_fee":"1","fee_type":"CNY","is_subscribe":"Y","mch_id":"1489371702","nonce_str":"8bct4k1aa0juerjdsitay25etgh7tfgf","openid":"olXx5wULrXY5Xo84Ubji_cn0leos","out_trade_no":"148937170220171121103126","result_code":"SUCCESS","return_code":"SUCCESS","sign":"4B81F485FAA3864870D309052B83861F","time_end":"20171121103130","total_fee":"1","trade_type":"JSAPI","transaction_id":"4200000044201711216051126974"}
[2017-11-21 10:32:35][debug] query:{"appid":"wx7d05a96d073b899b","attach":"GoodsPayParam;54;1\u5143\u62a2\u8d2d;1;21","bank_type":"CFT","cash_fee":"1","fee_type":"CNY","is_subscribe":"Y","mch_id":"1489371702","nonce_str":"zWdeVU4lpwJ72VOO","openid":"olXx5wULrXY5Xo84Ubji_cn0leos","out_trade_no":"148937170220171121103126","result_code":"SUCCESS","return_code":"SUCCESS","return_msg":"OK","sign":"D6F811050705646F55FFC23E2F6A27CC","time_end":"20171121103130","total_fee":"1","trade_state":"SUCCESS","trade_type":"JSAPI","transaction_id":"4200000044201711216051126974"}
[2017-11-21 10:32:35][debug] im enter
[2017-11-21 10:35:20][debug] begin goods notify
[2017-11-21 10:35:20][debug] call back...:{"appid":"wx7d05a96d073b899b","attach":"GoodsPayParam;20;1\u5143\u62a2\u8d2d;1;21","bank_type":"CFT","cash_fee":"1","fee_type":"CNY","is_subscribe":"Y","mch_id":"1489371702","nonce_str":"w96ge1osggbjdh2yflbte6iee3fwvl8b","openid":"olXx5wUZLt41E-Ul_PWwGqsUfJm0","out_trade_no":"148937170220171121103514","result_code":"SUCCESS","return_code":"SUCCESS","sign":"9B2E3B0297D20DDD4C3E18492A0258E7","time_end":"20171121103519","total_fee":"1","trade_type":"JSAPI","transaction_id":"4200000039201711216051335706"}
[2017-11-21 10:35:20][debug] query:{"appid":"wx7d05a96d073b899b","attach":"GoodsPayParam;20;1\u5143\u62a2\u8d2d;1;21","bank_type":"CFT","cash_fee":"1","fee_type":"CNY","is_subscribe":"Y","mch_id":"1489371702","nonce_str":"RvE2JfPXXMXpDeRL","openid":"olXx5wUZLt41E-Ul_PWwGqsUfJm0","out_trade_no":"148937170220171121103514","result_code":"SUCCESS","return_code":"SUCCESS","return_msg":"OK","sign":"6646DC566DAE106F356206FB22B04603","time_end":"20171121103519","total_fee":"1","trade_state":"SUCCESS","trade_type":"JSAPI","transaction_id":"4200000039201711216051335706"}
[2017-11-21 10:35:20][debug] im enter
[2017-11-21 10:35:20][debug] addgoods4200000039201711216051335706
[2017-11-21 10:35:33][debug] begin goods notify
[2017-11-21 10:35:33][debug] call back...:{"appid":"wx7d05a96d073b899b","attach":"GoodsPayParam;20;1\u5143\u62a2\u8d2d;1;21","bank_type":"CFT","cash_fee":"1","fee_type":"CNY","is_subscribe":"Y","mch_id":"1489371702","nonce_str":"w96ge1osggbjdh2yflbte6iee3fwvl8b","openid":"olXx5wUZLt41E-Ul_PWwGqsUfJm0","out_trade_no":"148937170220171121103514","result_code":"SUCCESS","return_code":"SUCCESS","sign":"9B2E3B0297D20DDD4C3E18492A0258E7","time_end":"20171121103519","total_fee":"1","trade_type":"JSAPI","transaction_id":"4200000039201711216051335706"}
[2017-11-21 10:35:33][debug] query:{"appid":"wx7d05a96d073b899b","attach":"GoodsPayParam;20;1\u5143\u62a2\u8d2d;1;21","bank_type":"CFT","cash_fee":"1","fee_type":"CNY","is_subscribe":"Y","mch_id":"1489371702","nonce_str":"rEg1URaU57tjtx0z","openid":"olXx5wUZLt41E-Ul_PWwGqsUfJm0","out_trade_no":"148937170220171121103514","result_code":"SUCCESS","return_code":"SUCCESS","return_msg":"OK","sign":"7210DF5C4738395E17900EB517E7F8E6","time_end":"20171121103519","total_fee":"1","trade_state":"SUCCESS","trade_type":"JSAPI","transaction_id":"4200000039201711216051335706"}
[2017-11-21 10:35:33][debug] im enter
[2017-11-21 10:35:36][debug] begin goods notify
[2017-11-21 10:35:36][debug] call back...:{"appid":"wx7d05a96d073b899b","attach":"GoodsPayParam;54;1\u5143\u62a2\u8d2d;1;21","bank_type":"CFT","cash_fee":"1","fee_type":"CNY","is_subscribe":"Y","mch_id":"1489371702","nonce_str":"8bct4k1aa0juerjdsitay25etgh7tfgf","openid":"olXx5wULrXY5Xo84Ubji_cn0leos","out_trade_no":"148937170220171121103126","result_code":"SUCCESS","return_code":"SUCCESS","sign":"4B81F485FAA3864870D309052B83861F","time_end":"20171121103130","total_fee":"1","trade_type":"JSAPI","transaction_id":"4200000044201711216051126974"}
[2017-11-21 10:35:37][debug] query:{"appid":"wx7d05a96d073b899b","attach":"GoodsPayParam;54;1\u5143\u62a2\u8d2d;1;21","bank_type":"CFT","cash_fee":"1","fee_type":"CNY","is_subscribe":"Y","mch_id":"1489371702","nonce_str":"EptgsmzLQbZmi5FQ","openid":"olXx5wULrXY5Xo84Ubji_cn0leos","out_trade_no":"148937170220171121103126","result_code":"SUCCESS","return_code":"SUCCESS","return_msg":"OK","sign":"CF151FEF06E608C0DC5867C198475D36","time_end":"20171121103130","total_fee":"1","trade_state":"SUCCESS","trade_type":"JSAPI","transaction_id":"4200000044201711216051126974"}
[2017-11-21 10:35:37][debug] im enter
[2017-11-21 10:35:49][debug] begin goods notify
[2017-11-21 10:35:49][debug] call back...:{"appid":"wx7d05a96d073b899b","attach":"GoodsPayParam;20;1\u5143\u62a2\u8d2d;1;21","bank_type":"CFT","cash_fee":"1","fee_type":"CNY","is_subscribe":"Y","mch_id":"1489371702","nonce_str":"w96ge1osggbjdh2yflbte6iee3fwvl8b","openid":"olXx5wUZLt41E-Ul_PWwGqsUfJm0","out_trade_no":"148937170220171121103514","result_code":"SUCCESS","return_code":"SUCCESS","sign":"9B2E3B0297D20DDD4C3E18492A0258E7","time_end":"20171121103519","total_fee":"1","trade_type":"JSAPI","transaction_id":"4200000039201711216051335706"}
[2017-11-21 10:35:50][debug] query:{"appid":"wx7d05a96d073b899b","attach":"GoodsPayParam;20;1\u5143\u62a2\u8d2d;1;21","bank_type":"CFT","cash_fee":"1","fee_type":"CNY","is_subscribe":"Y","mch_id":"1489371702","nonce_str":"KLnpHBz1iLPClaSJ","openid":"olXx5wUZLt41E-Ul_PWwGqsUfJm0","out_trade_no":"148937170220171121103514","result_code":"SUCCESS","return_code":"SUCCESS","return_msg":"OK","sign":"3216F9E96782D8F3800D3D2F499B2279","time_end":"20171121103519","total_fee":"1","trade_state":"SUCCESS","trade_type":"JSAPI","transaction_id":"4200000039201711216051335706"}
[2017-11-21 10:35:50][debug] im enter
[2017-11-21 10:36:22][debug] begin goods notify
[2017-11-21 10:36:22][debug] call back...:{"appid":"wx7d05a96d073b899b","attach":"GoodsPayParam;20;1\u5143\u62a2\u8d2d;1;21","bank_type":"CFT","cash_fee":"1","fee_type":"CNY","is_subscribe":"Y","mch_id":"1489371702","nonce_str":"w96ge1osggbjdh2yflbte6iee3fwvl8b","openid":"olXx5wUZLt41E-Ul_PWwGqsUfJm0","out_trade_no":"148937170220171121103514","result_code":"SUCCESS","return_code":"SUCCESS","sign":"9B2E3B0297D20DDD4C3E18492A0258E7","time_end":"20171121103519","total_fee":"1","trade_type":"JSAPI","transaction_id":"4200000039201711216051335706"}
[2017-11-21 10:36:22][debug] query:{"appid":"wx7d05a96d073b899b","attach":"GoodsPayParam;20;1\u5143\u62a2\u8d2d;1;21","bank_type":"CFT","cash_fee":"1","fee_type":"CNY","is_subscribe":"Y","mch_id":"1489371702","nonce_str":"kDlPu3vXPhS5Y3ED","openid":"olXx5wUZLt41E-Ul_PWwGqsUfJm0","out_trade_no":"148937170220171121103514","result_code":"SUCCESS","return_code":"SUCCESS","return_msg":"OK","sign":"12E8E819ACAB53EB1AD70AFE07227F4D","time_end":"20171121103519","total_fee":"1","trade_state":"SUCCESS","trade_type":"JSAPI","transaction_id":"4200000039201711216051335706"}
[2017-11-21 10:36:22][debug] im enter
[2017-11-21 10:39:24][debug] begin goods notify
[2017-11-21 10:39:24][debug] call back...:{"appid":"wx7d05a96d073b899b","attach":"GoodsPayParam;20;1\u5143\u62a2\u8d2d;1;21","bank_type":"CFT","cash_fee":"1","fee_type":"CNY","is_subscribe":"Y","mch_id":"1489371702","nonce_str":"w96ge1osggbjdh2yflbte6iee3fwvl8b","openid":"olXx5wUZLt41E-Ul_PWwGqsUfJm0","out_trade_no":"148937170220171121103514","result_code":"SUCCESS","return_code":"SUCCESS","sign":"9B2E3B0297D20DDD4C3E18492A0258E7","time_end":"20171121103519","total_fee":"1","trade_type":"JSAPI","transaction_id":"4200000039201711216051335706"}
[2017-11-21 10:39:24][debug] query:{"appid":"wx7d05a96d073b899b","attach":"GoodsPayParam;20;1\u5143\u62a2\u8d2d;1;21","bank_type":"CFT","cash_fee":"1","fee_type":"CNY","is_subscribe":"Y","mch_id":"1489371702","nonce_str":"jLXRJneOmtfJJfy0","openid":"olXx5wUZLt41E-Ul_PWwGqsUfJm0","out_trade_no":"148937170220171121103514","result_code":"SUCCESS","return_code":"SUCCESS","return_msg":"OK","sign":"9BA0F4D56F5D5F8F086DA27BD4F9093C","time_end":"20171121103519","total_fee":"1","trade_state":"SUCCESS","trade_type":"JSAPI","transaction_id":"4200000039201711216051335706"}
[2017-11-21 10:39:24][debug] im enter
[2017-11-21 10:40:22][debug] begin goods notify
[2017-11-21 10:40:22][debug] call back...:{"appid":"wx7d05a96d073b899b","attach":"GoodsPayParam;31;1\u5143\u62a2\u8d2d;1;21","bank_type":"CFT","cash_fee":"1","fee_type":"CNY","is_subscribe":"Y","mch_id":"1489371702","nonce_str":"say4yup0wo7rx2j654qcbn9logtmhko6","openid":"olXx5wXIVFs9go11zb9qhLE7BzGg","out_trade_no":"148937170220171121100609","result_code":"SUCCESS","return_code":"SUCCESS","sign":"C68641D1053F6DF6066E8ED52567C8CA","time_end":"20171121100617","total_fee":"1","trade_type":"JSAPI","transaction_id":"4200000040201711216046519600"}
[2017-11-21 10:40:22][debug] query:{"appid":"wx7d05a96d073b899b","attach":"GoodsPayParam;31;1\u5143\u62a2\u8d2d;1;21","bank_type":"CFT","cash_fee":"1","fee_type":"CNY","is_subscribe":"Y","mch_id":"1489371702","nonce_str":"fOK54uIi9szkDphE","openid":"olXx5wXIVFs9go11zb9qhLE7BzGg","out_trade_no":"148937170220171121100609","result_code":"SUCCESS","return_code":"SUCCESS","return_msg":"OK","sign":"04FCD161E84F6F1C3C679AE89E946CB8","time_end":"20171121100617","total_fee":"1","trade_state":"SUCCESS","trade_type":"JSAPI","transaction_id":"4200000040201711216046519600"}
[2017-11-21 10:40:22][debug] im enter
[2017-11-21 10:55:14][debug] begin goods notify
[2017-11-21 10:55:14][debug] call back...:{"appid":"wx7d05a96d073b899b","attach":"GoodsPayParam;54;1\u5143\u62a2\u8d2d;1;21","bank_type":"CFT","cash_fee":"1","fee_type":"CNY","is_subscribe":"Y","mch_id":"1489371702","nonce_str":"xoi0uo5j64cozc8mw2wfuspw8io3yg00","openid":"olXx5wULrXY5Xo84Ubji_cn0leos","out_trade_no":"148937170220171121102055","result_code":"SUCCESS","return_code":"SUCCESS","sign":"CA74D5D983A92C4F70E1A26EE87D45D9","time_end":"20171121102102","total_fee":"1","trade_type":"JSAPI","transaction_id":"4200000050201711216052448688"}
[2017-11-21 10:55:14][debug] query:{"appid":"wx7d05a96d073b899b","attach":"GoodsPayParam;54;1\u5143\u62a2\u8d2d;1;21","bank_type":"CFT","cash_fee":"1","fee_type":"CNY","is_subscribe":"Y","mch_id":"1489371702","nonce_str":"GgIPwAbTXsxWgHFM","openid":"olXx5wULrXY5Xo84Ubji_cn0leos","out_trade_no":"148937170220171121102055","result_code":"SUCCESS","return_code":"SUCCESS","return_msg":"OK","sign":"63D7B2FA7CD0A9D2C25B2742148EA205","time_end":"20171121102102","total_fee":"1","trade_state":"SUCCESS","trade_type":"JSAPI","transaction_id":"4200000050201711216052448688"}
[2017-11-21 10:55:14][debug] im enter
[2017-11-21 10:55:14][debug] addgoods4200000050201711216052448688
[2017-11-21 11:05:38][debug] begin goods notify
[2017-11-21 11:05:38][debug] call back...:{"appid":"wx7d05a96d073b899b","attach":"GoodsPayParam;54;1\u5143\u62a2\u8d2d;1;21","bank_type":"CFT","cash_fee":"1","fee_type":"CNY","is_subscribe":"Y","mch_id":"1489371702","nonce_str":"8bct4k1aa0juerjdsitay25etgh7tfgf","openid":"olXx5wULrXY5Xo84Ubji_cn0leos","out_trade_no":"148937170220171121103126","result_code":"SUCCESS","return_code":"SUCCESS","sign":"4B81F485FAA3864870D309052B83861F","time_end":"20171121103130","total_fee":"1","trade_type":"JSAPI","transaction_id":"4200000044201711216051126974"}
[2017-11-21 11:05:38][debug] query:{"appid":"wx7d05a96d073b899b","attach":"GoodsPayParam;54;1\u5143\u62a2\u8d2d;1;21","bank_type":"CFT","cash_fee":"1","fee_type":"CNY","is_subscribe":"Y","mch_id":"1489371702","nonce_str":"E6buPrfhNkKGQXJc","openid":"olXx5wULrXY5Xo84Ubji_cn0leos","out_trade_no":"148937170220171121103126","result_code":"SUCCESS","return_code":"SUCCESS","return_msg":"OK","sign":"471724424CCC7D70599A54685E8A80A5","time_end":"20171121103130","total_fee":"1","trade_state":"SUCCESS","trade_type":"JSAPI","transaction_id":"4200000044201711216051126974"}
[2017-11-21 11:05:38][debug] im enter
[2017-11-21 11:09:26][debug] begin goods notify
[2017-11-21 11:09:26][debug] call back...:{"appid":"wx7d05a96d073b899b","attach":"GoodsPayParam;20;1\u5143\u62a2\u8d2d;1;21","bank_type":"CFT","cash_fee":"1","fee_type":"CNY","is_subscribe":"Y","mch_id":"1489371702","nonce_str":"w96ge1osggbjdh2yflbte6iee3fwvl8b","openid":"olXx5wUZLt41E-Ul_PWwGqsUfJm0","out_trade_no":"148937170220171121103514","result_code":"SUCCESS","return_code":"SUCCESS","sign":"9B2E3B0297D20DDD4C3E18492A0258E7","time_end":"20171121103519","total_fee":"1","trade_type":"JSAPI","transaction_id":"4200000039201711216051335706"}
[2017-11-21 11:09:26][debug] query:{"appid":"wx7d05a96d073b899b","attach":"GoodsPayParam;20;1\u5143\u62a2\u8d2d;1;21","bank_type":"CFT","cash_fee":"1","fee_type":"CNY","is_subscribe":"Y","mch_id":"1489371702","nonce_str":"Rf0IY6vWdPtze8rr","openid":"olXx5wUZLt41E-Ul_PWwGqsUfJm0","out_trade_no":"148937170220171121103514","result_code":"SUCCESS","return_code":"SUCCESS","return_msg":"OK","sign":"288F7D80FDCABB6F84DBC37EE01FCE9E","time_end":"20171121103519","total_fee":"1","trade_state":"SUCCESS","trade_type":"JSAPI","transaction_id":"4200000039201711216051335706"}
[2017-11-21 11:09:26][debug] im enter
[2017-11-21 11:10:24][debug] begin goods notify
[2017-11-21 11:10:24][debug] call back...:{"appid":"wx7d05a96d073b899b","attach":"GoodsPayParam;31;1\u5143\u62a2\u8d2d;1;21","bank_type":"CFT","cash_fee":"1","fee_type":"CNY","is_subscribe":"Y","mch_id":"1489371702","nonce_str":"say4yup0wo7rx2j654qcbn9logtmhko6","openid":"olXx5wXIVFs9go11zb9qhLE7BzGg","out_trade_no":"148937170220171121100609","result_code":"SUCCESS","return_code":"SUCCESS","sign":"C68641D1053F6DF6066E8ED52567C8CA","time_end":"20171121100617","total_fee":"1","trade_type":"JSAPI","transaction_id":"4200000040201711216046519600"}
[2017-11-21 11:10:24][debug] query:{"appid":"wx7d05a96d073b899b","attach":"GoodsPayParam;31;1\u5143\u62a2\u8d2d;1;21","bank_type":"CFT","cash_fee":"1","fee_type":"CNY","is_subscribe":"Y","mch_id":"1489371702","nonce_str":"4uTqj0tZfe4CILta","openid":"olXx5wXIVFs9go11zb9qhLE7BzGg","out_trade_no":"148937170220171121100609","result_code":"SUCCESS","return_code":"SUCCESS","return_msg":"OK","sign":"61DA74045070D970A9D4226405C3C67A","time_end":"20171121100617","total_fee":"1","trade_state":"SUCCESS","trade_type":"JSAPI","transaction_id":"4200000040201711216046519600"}
[2017-11-21 11:10:24][debug] im enter
[2017-11-21 11:25:15][debug] begin goods notify
[2017-11-21 11:25:15][debug] call back...:{"appid":"wx7d05a96d073b899b","attach":"GoodsPayParam;54;1\u5143\u62a2\u8d2d;1;21","bank_type":"CFT","cash_fee":"1","fee_type":"CNY","is_subscribe":"Y","mch_id":"1489371702","nonce_str":"xoi0uo5j64cozc8mw2wfuspw8io3yg00","openid":"olXx5wULrXY5Xo84Ubji_cn0leos","out_trade_no":"148937170220171121102055","result_code":"SUCCESS","return_code":"SUCCESS","sign":"CA74D5D983A92C4F70E1A26EE87D45D9","time_end":"20171121102102","total_fee":"1","trade_type":"JSAPI","transaction_id":"4200000050201711216052448688"}
[2017-11-21 11:25:15][debug] query:{"appid":"wx7d05a96d073b899b","attach":"GoodsPayParam;54;1\u5143\u62a2\u8d2d;1;21","bank_type":"CFT","cash_fee":"1","fee_type":"CNY","is_subscribe":"Y","mch_id":"1489371702","nonce_str":"ES1esJYziJUJgCBy","openid":"olXx5wULrXY5Xo84Ubji_cn0leos","out_trade_no":"148937170220171121102055","result_code":"SUCCESS","return_code":"SUCCESS","return_msg":"OK","sign":"0F3C08E8FBC59284304B464914564FC9","time_end":"20171121102102","total_fee":"1","trade_state":"SUCCESS","trade_type":"JSAPI","transaction_id":"4200000050201711216052448688"}
[2017-11-21 11:25:15][debug] im enter
[2017-11-21 11:35:40][debug] begin goods notify
[2017-11-21 11:35:40][debug] call back...:{"appid":"wx7d05a96d073b899b","attach":"GoodsPayParam;54;1\u5143\u62a2\u8d2d;1;21","bank_type":"CFT","cash_fee":"1","fee_type":"CNY","is_subscribe":"Y","mch_id":"1489371702","nonce_str":"8bct4k1aa0juerjdsitay25etgh7tfgf","openid":"olXx5wULrXY5Xo84Ubji_cn0leos","out_trade_no":"148937170220171121103126","result_code":"SUCCESS","return_code":"SUCCESS","sign":"4B81F485FAA3864870D309052B83861F","time_end":"20171121103130","total_fee":"1","trade_type":"JSAPI","transaction_id":"4200000044201711216051126974"}
[2017-11-21 11:35:40][debug] query:{"appid":"wx7d05a96d073b899b","attach":"GoodsPayParam;54;1\u5143\u62a2\u8d2d;1;21","bank_type":"CFT","cash_fee":"1","fee_type":"CNY","is_subscribe":"Y","mch_id":"1489371702","nonce_str":"Bx86THfFIehSzAV0","openid":"olXx5wULrXY5Xo84Ubji_cn0leos","out_trade_no":"148937170220171121103126","result_code":"SUCCESS","return_code":"SUCCESS","return_msg":"OK","sign":"3EBA11736C8177EC081DE6C37BCDA3B6","time_end":"20171121103130","total_fee":"1","trade_state":"SUCCESS","trade_type":"JSAPI","transaction_id":"4200000044201711216051126974"}
[2017-11-21 11:35:40][debug] im enter
[2017-11-21 11:39:28][debug] begin goods notify
[2017-11-21 11:39:28][debug] call back...:{"appid":"wx7d05a96d073b899b","attach":"GoodsPayParam;20;1\u5143\u62a2\u8d2d;1;21","bank_type":"CFT","cash_fee":"1","fee_type":"CNY","is_subscribe":"Y","mch_id":"1489371702","nonce_str":"w96ge1osggbjdh2yflbte6iee3fwvl8b","openid":"olXx5wUZLt41E-Ul_PWwGqsUfJm0","out_trade_no":"148937170220171121103514","result_code":"SUCCESS","return_code":"SUCCESS","sign":"9B2E3B0297D20DDD4C3E18492A0258E7","time_end":"20171121103519","total_fee":"1","trade_type":"JSAPI","transaction_id":"4200000039201711216051335706"}
[2017-11-21 11:39:28][debug] query:{"appid":"wx7d05a96d073b899b","attach":"GoodsPayParam;20;1\u5143\u62a2\u8d2d;1;21","bank_type":"CFT","cash_fee":"1","fee_type":"CNY","is_subscribe":"Y","mch_id":"1489371702","nonce_str":"YuddI5sMB38o9wdm","openid":"olXx5wUZLt41E-Ul_PWwGqsUfJm0","out_trade_no":"148937170220171121103514","result_code":"SUCCESS","return_code":"SUCCESS","return_msg":"OK","sign":"F0A0200219DB4D289E470162DB3C239A","time_end":"20171121103519","total_fee":"1","trade_state":"SUCCESS","trade_type":"JSAPI","transaction_id":"4200000039201711216051335706"}
[2017-11-21 11:39:28][debug] im enter
[2017-11-21 11:40:25][debug] begin goods notify
[2017-11-21 11:40:25][debug] call back...:{"appid":"wx7d05a96d073b899b","attach":"GoodsPayParam;31;1\u5143\u62a2\u8d2d;1;21","bank_type":"CFT","cash_fee":"1","fee_type":"CNY","is_subscribe":"Y","mch_id":"1489371702","nonce_str":"say4yup0wo7rx2j654qcbn9logtmhko6","openid":"olXx5wXIVFs9go11zb9qhLE7BzGg","out_trade_no":"148937170220171121100609","result_code":"SUCCESS","return_code":"SUCCESS","sign":"C68641D1053F6DF6066E8ED52567C8CA","time_end":"20171121100617","total_fee":"1","trade_type":"JSAPI","transaction_id":"4200000040201711216046519600"}
[2017-11-21 11:40:25][debug] query:{"appid":"wx7d05a96d073b899b","attach":"GoodsPayParam;31;1\u5143\u62a2\u8d2d;1;21","bank_type":"CFT","cash_fee":"1","fee_type":"CNY","is_subscribe":"Y","mch_id":"1489371702","nonce_str":"KPwCXUSqgUojvFOi","openid":"olXx5wXIVFs9go11zb9qhLE7BzGg","out_trade_no":"148937170220171121100609","result_code":"SUCCESS","return_code":"SUCCESS","return_msg":"OK","sign":"5B48D06865C66B709FF8EC594F89A633","time_end":"20171121100617","total_fee":"1","trade_state":"SUCCESS","trade_type":"JSAPI","transaction_id":"4200000040201711216046519600"}
[2017-11-21 11:40:25][debug] im enter
[2017-11-21 11:55:16][debug] begin goods notify
[2017-11-21 11:55:16][debug] call back...:{"appid":"wx7d05a96d073b899b","attach":"GoodsPayParam;54;1\u5143\u62a2\u8d2d;1;21","bank_type":"CFT","cash_fee":"1","fee_type":"CNY","is_subscribe":"Y","mch_id":"1489371702","nonce_str":"xoi0uo5j64cozc8mw2wfuspw8io3yg00","openid":"olXx5wULrXY5Xo84Ubji_cn0leos","out_trade_no":"148937170220171121102055","result_code":"SUCCESS","return_code":"SUCCESS","sign":"CA74D5D983A92C4F70E1A26EE87D45D9","time_end":"20171121102102","total_fee":"1","trade_type":"JSAPI","transaction_id":"4200000050201711216052448688"}
[2017-11-21 11:55:17][debug] query:{"appid":"wx7d05a96d073b899b","attach":"GoodsPayParam;54;1\u5143\u62a2\u8d2d;1;21","bank_type":"CFT","cash_fee":"1","fee_type":"CNY","is_subscribe":"Y","mch_id":"1489371702","nonce_str":"lDK5mao6g5XYOyjt","openid":"olXx5wULrXY5Xo84Ubji_cn0leos","out_trade_no":"148937170220171121102055","result_code":"SUCCESS","return_code":"SUCCESS","return_msg":"OK","sign":"52E3D4890DF5598ED519EC2097F7CF5C","time_end":"20171121102102","total_fee":"1","trade_state":"SUCCESS","trade_type":"JSAPI","transaction_id":"4200000050201711216052448688"}
[2017-11-21 11:55:17][debug] im enter
[2017-11-21 12:05:42][debug] begin goods notify
[2017-11-21 12:05:42][debug] call back...:{"appid":"wx7d05a96d073b899b","attach":"GoodsPayParam;54;1\u5143\u62a2\u8d2d;1;21","bank_type":"CFT","cash_fee":"1","fee_type":"CNY","is_subscribe":"Y","mch_id":"1489371702","nonce_str":"8bct4k1aa0juerjdsitay25etgh7tfgf","openid":"olXx5wULrXY5Xo84Ubji_cn0leos","out_trade_no":"148937170220171121103126","result_code":"SUCCESS","return_code":"SUCCESS","sign":"4B81F485FAA3864870D309052B83861F","time_end":"20171121103130","total_fee":"1","trade_type":"JSAPI","transaction_id":"4200000044201711216051126974"}
[2017-11-21 12:05:42][debug] query:{"appid":"wx7d05a96d073b899b","attach":"GoodsPayParam;54;1\u5143\u62a2\u8d2d;1;21","bank_type":"CFT","cash_fee":"1","fee_type":"CNY","is_subscribe":"Y","mch_id":"1489371702","nonce_str":"cISA9WiWdAM4RbfB","openid":"olXx5wULrXY5Xo84Ubji_cn0leos","out_trade_no":"148937170220171121103126","result_code":"SUCCESS","return_code":"SUCCESS","return_msg":"OK","sign":"BDCBB514D2F64A04A8619574D722A268","time_end":"20171121103130","total_fee":"1","trade_state":"SUCCESS","trade_type":"JSAPI","transaction_id":"4200000044201711216051126974"}
[2017-11-21 12:05:42][debug] im enter
[2017-11-21 12:09:29][debug] begin goods notify
[2017-11-21 12:09:29][debug] call back...:{"appid":"wx7d05a96d073b899b","attach":"GoodsPayParam;20;1\u5143\u62a2\u8d2d;1;21","bank_type":"CFT","cash_fee":"1","fee_type":"CNY","is_subscribe":"Y","mch_id":"1489371702","nonce_str":"w96ge1osggbjdh2yflbte6iee3fwvl8b","openid":"olXx5wUZLt41E-Ul_PWwGqsUfJm0","out_trade_no":"148937170220171121103514","result_code":"SUCCESS","return_code":"SUCCESS","sign":"9B2E3B0297D20DDD4C3E18492A0258E7","time_end":"20171121103519","total_fee":"1","trade_type":"JSAPI","transaction_id":"4200000039201711216051335706"}
[2017-11-21 12:09:30][debug] query:{"appid":"wx7d05a96d073b899b","attach":"GoodsPayParam;20;1\u5143\u62a2\u8d2d;1;21","bank_type":"CFT","cash_fee":"1","fee_type":"CNY","is_subscribe":"Y","mch_id":"1489371702","nonce_str":"u9JGJzqsr503HPXi","openid":"olXx5wUZLt41E-Ul_PWwGqsUfJm0","out_trade_no":"148937170220171121103514","result_code":"SUCCESS","return_code":"SUCCESS","return_msg":"OK","sign":"69D042689D6AC45BCE9DD0E59935E4D1","time_end":"20171121103519","total_fee":"1","trade_state":"SUCCESS","trade_type":"JSAPI","transaction_id":"4200000039201711216051335706"}
[2017-11-21 12:09:30][debug] im enter
[2017-11-21 12:10:26][debug] begin goods notify
[2017-11-21 12:10:26][debug] call back...:{"appid":"wx7d05a96d073b899b","attach":"GoodsPayParam;31;1\u5143\u62a2\u8d2d;1;21","bank_type":"CFT","cash_fee":"1","fee_type":"CNY","is_subscribe":"Y","mch_id":"1489371702","nonce_str":"say4yup0wo7rx2j654qcbn9logtmhko6","openid":"olXx5wXIVFs9go11zb9qhLE7BzGg","out_trade_no":"148937170220171121100609","result_code":"SUCCESS","return_code":"SUCCESS","sign":"C68641D1053F6DF6066E8ED52567C8CA","time_end":"20171121100617","total_fee":"1","trade_type":"JSAPI","transaction_id":"4200000040201711216046519600"}
[2017-11-21 12:10:26][debug] query:{"appid":"wx7d05a96d073b899b","attach":"GoodsPayParam;31;1\u5143\u62a2\u8d2d;1;21","bank_type":"CFT","cash_fee":"1","fee_type":"CNY","is_subscribe":"Y","mch_id":"1489371702","nonce_str":"C10XNl4UZJndwf1F","openid":"olXx5wXIVFs9go11zb9qhLE7BzGg","out_trade_no":"148937170220171121100609","result_code":"SUCCESS","return_code":"SUCCESS","return_msg":"OK","sign":"5E51447695DF3BD86675BB245C8A4ACA","time_end":"20171121100617","total_fee":"1","trade_state":"SUCCESS","trade_type":"JSAPI","transaction_id":"4200000040201711216046519600"}
[2017-11-21 12:10:26][debug] im enter
[2017-11-21 12:25:18][debug] begin goods notify
[2017-11-21 12:25:18][debug] call back...:{"appid":"wx7d05a96d073b899b","attach":"GoodsPayParam;54;1\u5143\u62a2\u8d2d;1;21","bank_type":"CFT","cash_fee":"1","fee_type":"CNY","is_subscribe":"Y","mch_id":"1489371702","nonce_str":"xoi0uo5j64cozc8mw2wfuspw8io3yg00","openid":"olXx5wULrXY5Xo84Ubji_cn0leos","out_trade_no":"148937170220171121102055","result_code":"SUCCESS","return_code":"SUCCESS","sign":"CA74D5D983A92C4F70E1A26EE87D45D9","time_end":"20171121102102","total_fee":"1","trade_type":"JSAPI","transaction_id":"4200000050201711216052448688"}
[2017-11-21 12:25:19][debug] query:{"appid":"wx7d05a96d073b899b","attach":"GoodsPayParam;54;1\u5143\u62a2\u8d2d;1;21","bank_type":"CFT","cash_fee":"1","fee_type":"CNY","is_subscribe":"Y","mch_id":"1489371702","nonce_str":"w7HkdkX0z6if4zew","openid":"olXx5wULrXY5Xo84Ubji_cn0leos","out_trade_no":"148937170220171121102055","result_code":"SUCCESS","return_code":"SUCCESS","return_msg":"OK","sign":"6041531B965B57C195BB068FC2A9EF65","time_end":"20171121102102","total_fee":"1","trade_state":"SUCCESS","trade_type":"JSAPI","transaction_id":"4200000050201711216052448688"}
[2017-11-21 12:25:19][debug] im enter
[2017-11-21 12:35:44][debug] begin goods notify
[2017-11-21 12:35:44][debug] call back...:{"appid":"wx7d05a96d073b899b","attach":"GoodsPayParam;54;1\u5143\u62a2\u8d2d;1;21","bank_type":"CFT","cash_fee":"1","fee_type":"CNY","is_subscribe":"Y","mch_id":"1489371702","nonce_str":"8bct4k1aa0juerjdsitay25etgh7tfgf","openid":"olXx5wULrXY5Xo84Ubji_cn0leos","out_trade_no":"148937170220171121103126","result_code":"SUCCESS","return_code":"SUCCESS","sign":"4B81F485FAA3864870D309052B83861F","time_end":"20171121103130","total_fee":"1","trade_type":"JSAPI","transaction_id":"4200000044201711216051126974"}
[2017-11-21 12:35:44][debug] query:{"appid":"wx7d05a96d073b899b","attach":"GoodsPayParam;54;1\u5143\u62a2\u8d2d;1;21","bank_type":"CFT","cash_fee":"1","fee_type":"CNY","is_subscribe":"Y","mch_id":"1489371702","nonce_str":"rE7wj2XakmUu9gau","openid":"olXx5wULrXY5Xo84Ubji_cn0leos","out_trade_no":"148937170220171121103126","result_code":"SUCCESS","return_code":"SUCCESS","return_msg":"OK","sign":"615E45D87FF7BF9503E66700AB460E19","time_end":"20171121103130","total_fee":"1","trade_state":"SUCCESS","trade_type":"JSAPI","transaction_id":"4200000044201711216051126974"}
[2017-11-21 12:35:44][debug] im enter
[2017-11-21 12:39:32][debug] begin goods notify
[2017-11-21 12:39:32][debug] call back...:{"appid":"wx7d05a96d073b899b","attach":"GoodsPayParam;20;1\u5143\u62a2\u8d2d;1;21","bank_type":"CFT","cash_fee":"1","fee_type":"CNY","is_subscribe":"Y","mch_id":"1489371702","nonce_str":"w96ge1osggbjdh2yflbte6iee3fwvl8b","openid":"olXx5wUZLt41E-Ul_PWwGqsUfJm0","out_trade_no":"148937170220171121103514","result_code":"SUCCESS","return_code":"SUCCESS","sign":"9B2E3B0297D20DDD4C3E18492A0258E7","time_end":"20171121103519","total_fee":"1","trade_type":"JSAPI","transaction_id":"4200000039201711216051335706"}
[2017-11-21 12:39:32][debug] query:{"appid":"wx7d05a96d073b899b","attach":"GoodsPayParam;20;1\u5143\u62a2\u8d2d;1;21","bank_type":"CFT","cash_fee":"1","fee_type":"CNY","is_subscribe":"Y","mch_id":"1489371702","nonce_str":"tapC9GcAPSb6X614","openid":"olXx5wUZLt41E-Ul_PWwGqsUfJm0","out_trade_no":"148937170220171121103514","result_code":"SUCCESS","return_code":"SUCCESS","return_msg":"OK","sign":"6FCA88DC51C76B9687A609770F792C8C","time_end":"20171121103519","total_fee":"1","trade_state":"SUCCESS","trade_type":"JSAPI","transaction_id":"4200000039201711216051335706"}
[2017-11-21 12:39:32][debug] im enter
[2017-11-21 13:10:27][debug] begin goods notify
[2017-11-21 13:10:27][debug] call back...:{"appid":"wx7d05a96d073b899b","attach":"GoodsPayParam;31;1\u5143\u62a2\u8d2d;1;21","bank_type":"CFT","cash_fee":"1","fee_type":"CNY","is_subscribe":"Y","mch_id":"1489371702","nonce_str":"say4yup0wo7rx2j654qcbn9logtmhko6","openid":"olXx5wXIVFs9go11zb9qhLE7BzGg","out_trade_no":"148937170220171121100609","result_code":"SUCCESS","return_code":"SUCCESS","sign":"C68641D1053F6DF6066E8ED52567C8CA","time_end":"20171121100617","total_fee":"1","trade_type":"JSAPI","transaction_id":"4200000040201711216046519600"}
[2017-11-21 13:10:28][debug] query:{"appid":"wx7d05a96d073b899b","attach":"GoodsPayParam;31;1\u5143\u62a2\u8d2d;1;21","bank_type":"CFT","cash_fee":"1","fee_type":"CNY","is_subscribe":"Y","mch_id":"1489371702","nonce_str":"0xVoFLXPFkC4dI30","openid":"olXx5wXIVFs9go11zb9qhLE7BzGg","out_trade_no":"148937170220171121100609","result_code":"SUCCESS","return_code":"SUCCESS","return_msg":"OK","sign":"B9FD488FCC1FFEAEF196CD0ADA1847ED","time_end":"20171121100617","total_fee":"1","trade_state":"SUCCESS","trade_type":"JSAPI","transaction_id":"4200000040201711216046519600"}
[2017-11-21 13:10:28][debug] im enter
[2017-11-21 13:25:21][debug] begin goods notify
[2017-11-21 13:25:21][debug] call back...:{"appid":"wx7d05a96d073b899b","attach":"GoodsPayParam;54;1\u5143\u62a2\u8d2d;1;21","bank_type":"CFT","cash_fee":"1","fee_type":"CNY","is_subscribe":"Y","mch_id":"1489371702","nonce_str":"xoi0uo5j64cozc8mw2wfuspw8io3yg00","openid":"olXx5wULrXY5Xo84Ubji_cn0leos","out_trade_no":"148937170220171121102055","result_code":"SUCCESS","return_code":"SUCCESS","sign":"CA74D5D983A92C4F70E1A26EE87D45D9","time_end":"20171121102102","total_fee":"1","trade_type":"JSAPI","transaction_id":"4200000050201711216052448688"}
[2017-11-21 13:25:21][debug] query:{"appid":"wx7d05a96d073b899b","attach":"GoodsPayParam;54;1\u5143\u62a2\u8d2d;1;21","bank_type":"CFT","cash_fee":"1","fee_type":"CNY","is_subscribe":"Y","mch_id":"1489371702","nonce_str":"ek8nyYL8XGP1hqC9","openid":"olXx5wULrXY5Xo84Ubji_cn0leos","out_trade_no":"148937170220171121102055","result_code":"SUCCESS","return_code":"SUCCESS","return_msg":"OK","sign":"DC0F20649E2FCEB9C65DDDD6D924C229","time_end":"20171121102102","total_fee":"1","trade_state":"SUCCESS","trade_type":"JSAPI","transaction_id":"4200000050201711216052448688"}
[2017-11-21 13:25:21][debug] im enter
[2017-11-21 13:35:46][debug] begin goods notify
[2017-11-21 13:35:46][debug] call back...:{"appid":"wx7d05a96d073b899b","attach":"GoodsPayParam;54;1\u5143\u62a2\u8d2d;1;21","bank_type":"CFT","cash_fee":"1","fee_type":"CNY","is_subscribe":"Y","mch_id":"1489371702","nonce_str":"8bct4k1aa0juerjdsitay25etgh7tfgf","openid":"olXx5wULrXY5Xo84Ubji_cn0leos","out_trade_no":"148937170220171121103126","result_code":"SUCCESS","return_code":"SUCCESS","sign":"4B81F485FAA3864870D309052B83861F","time_end":"20171121103130","total_fee":"1","trade_type":"JSAPI","transaction_id":"4200000044201711216051126974"}
[2017-11-21 13:35:46][debug] query:{"appid":"wx7d05a96d073b899b","attach":"GoodsPayParam;54;1\u5143\u62a2\u8d2d;1;21","bank_type":"CFT","cash_fee":"1","fee_type":"CNY","is_subscribe":"Y","mch_id":"1489371702","nonce_str":"ba2iZMZk3Bit0yZK","openid":"olXx5wULrXY5Xo84Ubji_cn0leos","out_trade_no":"148937170220171121103126","result_code":"SUCCESS","return_code":"SUCCESS","return_msg":"OK","sign":"847A3DD12B24FD2314ED7F77D3469392","time_end":"20171121103130","total_fee":"1","trade_state":"SUCCESS","trade_type":"JSAPI","transaction_id":"4200000044201711216051126974"}
[2017-11-21 13:35:46][debug] im enter
[2017-11-21 13:39:34][debug] begin goods notify
[2017-11-21 13:39:34][debug] call back...:{"appid":"wx7d05a96d073b899b","attach":"GoodsPayParam;20;1\u5143\u62a2\u8d2d;1;21","bank_type":"CFT","cash_fee":"1","fee_type":"CNY","is_subscribe":"Y","mch_id":"1489371702","nonce_str":"w96ge1osggbjdh2yflbte6iee3fwvl8b","openid":"olXx5wUZLt41E-Ul_PWwGqsUfJm0","out_trade_no":"148937170220171121103514","result_code":"SUCCESS","return_code":"SUCCESS","sign":"9B2E3B0297D20DDD4C3E18492A0258E7","time_end":"20171121103519","total_fee":"1","trade_type":"JSAPI","transaction_id":"4200000039201711216051335706"}
[2017-11-21 13:39:34][debug] query:{"appid":"wx7d05a96d073b899b","attach":"GoodsPayParam;20;1\u5143\u62a2\u8d2d;1;21","bank_type":"CFT","cash_fee":"1","fee_type":"CNY","is_subscribe":"Y","mch_id":"1489371702","nonce_str":"p3fQtRxtqLzADUxr","openid":"olXx5wUZLt41E-Ul_PWwGqsUfJm0","out_trade_no":"148937170220171121103514","result_code":"SUCCESS","return_code":"SUCCESS","return_msg":"OK","sign":"678A15981C97EEDE712F8D2492E1291E","time_end":"20171121103519","total_fee":"1","trade_state":"SUCCESS","trade_type":"JSAPI","transaction_id":"4200000039201711216051335706"}
[2017-11-21 13:39:34][debug] im enter
