[2017-12-05 20:25:34][debug] begin goods notify
[2017-12-05 20:25:34][debug] call back...:{"appid":"wx7d05a96d073b899b","attach":"GoodsPayParam;54;1\u5143\u62a2\u8d2d;1;21","bank_type":"CFT","cash_fee":"1","fee_type":"CNY","is_subscribe":"Y","mch_id":"1489371702","nonce_str":"1hse805k1vhz2tey1nj6ng0fuyc1f2cx","openid":"olXx5wULrXY5Xo84Ubji_cn0leos","out_trade_no":"148937170220171205202528","result_code":"SUCCESS","return_code":"SUCCESS","sign":"B28922867F5FC1B68DE27D0F75EB1251","time_end":"20171205202534","total_fee":"1","trade_type":"JSAPI","transaction_id":"4200000038201712059303560744"}
[2017-12-05 20:25:35][debug] query:{"appid":"wx7d05a96d073b899b","attach":"GoodsPayParam;54;1\u5143\u62a2\u8d2d;1;21","bank_type":"CFT","cash_fee":"1","fee_type":"CNY","is_subscribe":"Y","mch_id":"1489371702","nonce_str":"n3vIwyTBYywma8qD","openid":"olXx5wULrXY5Xo84Ubji_cn0leos","out_trade_no":"148937170220171205202528","result_code":"SUCCESS","return_code":"SUCCESS","return_msg":"OK","sign":"95BB3AF9351186A3F948533D974DFB9B","time_end":"20171205202534","total_fee":"1","trade_state":"SUCCESS","trade_type":"JSAPI","transaction_id":"4200000038201712059303560744"}
[2017-12-05 20:25:35][debug] im enter
[2017-12-05 20:25:35][debug] addgoods4200000038201712059303560744
[2017-12-05 20:25:51][debug] begin goods notify
[2017-12-05 20:25:51][debug] call back...:{"appid":"wx7d05a96d073b899b","attach":"GoodsPayParam;54;1\u5143\u62a2\u8d2d;1;21","bank_type":"CFT","cash_fee":"1","fee_type":"CNY","is_subscribe":"Y","mch_id":"1489371702","nonce_str":"1hse805k1vhz2tey1nj6ng0fuyc1f2cx","openid":"olXx5wULrXY5Xo84Ubji_cn0leos","out_trade_no":"148937170220171205202528","result_code":"SUCCESS","return_code":"SUCCESS","sign":"B28922867F5FC1B68DE27D0F75EB1251","time_end":"20171205202534","total_fee":"1","trade_type":"JSAPI","transaction_id":"4200000038201712059303560744"}
[2017-12-05 20:25:51][debug] query:{"appid":"wx7d05a96d073b899b","attach":"GoodsPayParam;54;1\u5143\u62a2\u8d2d;1;21","bank_type":"CFT","cash_fee":"1","fee_type":"CNY","is_subscribe":"Y","mch_id":"1489371702","nonce_str":"fwM93BzaIYUl6h4D","openid":"olXx5wULrXY5Xo84Ubji_cn0leos","out_trade_no":"148937170220171205202528","result_code":"SUCCESS","return_code":"SUCCESS","return_msg":"OK","sign":"BE92F5F4C493AADD52C2E1217DAC0110","time_end":"20171205202534","total_fee":"1","trade_state":"SUCCESS","trade_type":"JSAPI","transaction_id":"4200000038201712059303560744"}
[2017-12-05 20:25:51][debug] im enter
[2017-12-05 20:26:08][debug] begin goods notify
[2017-12-05 20:26:08][debug] call back...:{"appid":"wx7d05a96d073b899b","attach":"GoodsPayParam;54;1\u5143\u62a2\u8d2d;1;21","bank_type":"CFT","cash_fee":"1","fee_type":"CNY","is_subscribe":"Y","mch_id":"1489371702","nonce_str":"1hse805k1vhz2tey1nj6ng0fuyc1f2cx","openid":"olXx5wULrXY5Xo84Ubji_cn0leos","out_trade_no":"148937170220171205202528","result_code":"SUCCESS","return_code":"SUCCESS","sign":"B28922867F5FC1B68DE27D0F75EB1251","time_end":"20171205202534","total_fee":"1","trade_type":"JSAPI","transaction_id":"4200000038201712059303560744"}
[2017-12-05 20:26:09][debug] query:{"appid":"wx7d05a96d073b899b","attach":"GoodsPayParam;54;1\u5143\u62a2\u8d2d;1;21","bank_type":"CFT","cash_fee":"1","fee_type":"CNY","is_subscribe":"Y","mch_id":"1489371702","nonce_str":"ass7ZJItdQmjxsJ2","openid":"olXx5wULrXY5Xo84Ubji_cn0leos","out_trade_no":"148937170220171205202528","result_code":"SUCCESS","return_code":"SUCCESS","return_msg":"OK","sign":"4DFF86ECCC17A44EADA91B58B36F528F","time_end":"20171205202534","total_fee":"1","trade_state":"SUCCESS","trade_type":"JSAPI","transaction_id":"4200000038201712059303560744"}
[2017-12-05 20:26:09][debug] im enter
[2017-12-05 20:26:41][debug] begin goods notify
[2017-12-05 20:26:41][debug] call back...:{"appid":"wx7d05a96d073b899b","attach":"GoodsPayParam;54;1\u5143\u62a2\u8d2d;1;21","bank_type":"CFT","cash_fee":"1","fee_type":"CNY","is_subscribe":"Y","mch_id":"1489371702","nonce_str":"1hse805k1vhz2tey1nj6ng0fuyc1f2cx","openid":"olXx5wULrXY5Xo84Ubji_cn0leos","out_trade_no":"148937170220171205202528","result_code":"SUCCESS","return_code":"SUCCESS","sign":"B28922867F5FC1B68DE27D0F75EB1251","time_end":"20171205202534","total_fee":"1","trade_type":"JSAPI","transaction_id":"4200000038201712059303560744"}
[2017-12-05 20:26:41][debug] query:{"appid":"wx7d05a96d073b899b","attach":"GoodsPayParam;54;1\u5143\u62a2\u8d2d;1;21","bank_type":"CFT","cash_fee":"1","fee_type":"CNY","is_subscribe":"Y","mch_id":"1489371702","nonce_str":"w8mOUYS4043eSbXU","openid":"olXx5wULrXY5Xo84Ubji_cn0leos","out_trade_no":"148937170220171205202528","result_code":"SUCCESS","return_code":"SUCCESS","return_msg":"OK","sign":"7D5C85BEE9BE8A163252E813EFBB48E1","time_end":"20171205202534","total_fee":"1","trade_state":"SUCCESS","trade_type":"JSAPI","transaction_id":"4200000038201712059303560744"}
[2017-12-05 20:26:41][debug] im enter
[2017-12-05 20:29:42][debug] begin goods notify
[2017-12-05 20:29:42][debug] call back...:{"appid":"wx7d05a96d073b899b","attach":"GoodsPayParam;54;1\u5143\u62a2\u8d2d;1;21","bank_type":"CFT","cash_fee":"1","fee_type":"CNY","is_subscribe":"Y","mch_id":"1489371702","nonce_str":"1hse805k1vhz2tey1nj6ng0fuyc1f2cx","openid":"olXx5wULrXY5Xo84Ubji_cn0leos","out_trade_no":"148937170220171205202528","result_code":"SUCCESS","return_code":"SUCCESS","sign":"B28922867F5FC1B68DE27D0F75EB1251","time_end":"20171205202534","total_fee":"1","trade_type":"JSAPI","transaction_id":"4200000038201712059303560744"}
[2017-12-05 20:29:42][debug] query:{"appid":"wx7d05a96d073b899b","attach":"GoodsPayParam;54;1\u5143\u62a2\u8d2d;1;21","bank_type":"CFT","cash_fee":"1","fee_type":"CNY","is_subscribe":"Y","mch_id":"1489371702","nonce_str":"6kuGPQTeZwj3eLKp","openid":"olXx5wULrXY5Xo84Ubji_cn0leos","out_trade_no":"148937170220171205202528","result_code":"SUCCESS","return_code":"SUCCESS","return_msg":"OK","sign":"3C4653ED3ACE4112D58C4C95D03A4F09","time_end":"20171205202534","total_fee":"1","trade_state":"SUCCESS","trade_type":"JSAPI","transaction_id":"4200000038201712059303560744"}
[2017-12-05 20:29:42][debug] im enter
[2017-12-05 20:29:42][debug] giveIntegral0
[2017-12-05 20:29:42][debug] ok.
[2017-12-05 20:29:42][debug] addgoods4200000038201712059303560744
[2017-12-05 20:36:22][debug] begin goods notify
[2017-12-05 20:36:22][debug] call back...:{"appid":"wx7d05a96d073b899b","attach":"GoodsPayParam;54;1\u5143\u62a2\u8d2d;1;21","bank_type":"CFT","cash_fee":"1","fee_type":"CNY","is_subscribe":"Y","mch_id":"1489371702","nonce_str":"l62jveizezmau7lpgqz1vxj7ol92kx3a","openid":"olXx5wULrXY5Xo84Ubji_cn0leos","out_trade_no":"148937170220171205203617","result_code":"SUCCESS","return_code":"SUCCESS","sign":"0CF59A098A7A6BC47C769BBE0CC39503","time_end":"20171205203622","total_fee":"1","trade_type":"JSAPI","transaction_id":"4200000033201712059305356610"}
[2017-12-05 20:36:22][debug] query:{"appid":"wx7d05a96d073b899b","attach":"GoodsPayParam;54;1\u5143\u62a2\u8d2d;1;21","bank_type":"CFT","cash_fee":"1","fee_type":"CNY","is_subscribe":"Y","mch_id":"1489371702","nonce_str":"EdeU15SfCBLCLylF","openid":"olXx5wULrXY5Xo84Ubji_cn0leos","out_trade_no":"148937170220171205203617","result_code":"SUCCESS","return_code":"SUCCESS","return_msg":"OK","sign":"F03EA326BD9AF27CFFECF722C1A5DCDA","time_end":"20171205203622","total_fee":"1","trade_state":"SUCCESS","trade_type":"JSAPI","transaction_id":"4200000033201712059305356610"}
[2017-12-05 20:36:22][debug] im enter
[2017-12-05 20:36:22][debug] giveIntegral1
[2017-12-05 20:36:22][debug] ok.
[2017-12-05 20:36:22][debug] addgoods4200000033201712059305356610
[2017-12-05 20:36:39][debug] begin goods notify
[2017-12-05 20:36:39][debug] call back...:{"appid":"wx7d05a96d073b899b","attach":"GoodsPayParam;54;1\u5143\u62a2\u8d2d;1;21","bank_type":"CFT","cash_fee":"1","fee_type":"CNY","is_subscribe":"Y","mch_id":"1489371702","nonce_str":"l62jveizezmau7lpgqz1vxj7ol92kx3a","openid":"olXx5wULrXY5Xo84Ubji_cn0leos","out_trade_no":"148937170220171205203617","result_code":"SUCCESS","return_code":"SUCCESS","sign":"0CF59A098A7A6BC47C769BBE0CC39503","time_end":"20171205203622","total_fee":"1","trade_type":"JSAPI","transaction_id":"4200000033201712059305356610"}
[2017-12-05 20:36:39][debug] query:{"appid":"wx7d05a96d073b899b","attach":"GoodsPayParam;54;1\u5143\u62a2\u8d2d;1;21","bank_type":"CFT","cash_fee":"1","fee_type":"CNY","is_subscribe":"Y","mch_id":"1489371702","nonce_str":"kjLEmN2aOkzfpczN","openid":"olXx5wULrXY5Xo84Ubji_cn0leos","out_trade_no":"148937170220171205203617","result_code":"SUCCESS","return_code":"SUCCESS","return_msg":"OK","sign":"3B038FA01E9EBD2172A4A2F2B2222C79","time_end":"20171205203622","total_fee":"1","trade_state":"SUCCESS","trade_type":"JSAPI","transaction_id":"4200000033201712059305356610"}
[2017-12-05 20:36:39][debug] im enter
[2017-12-05 20:36:55][debug] begin goods notify
[2017-12-05 20:36:55][debug] call back...:{"appid":"wx7d05a96d073b899b","attach":"GoodsPayParam;54;1\u5143\u62a2\u8d2d;1;21","bank_type":"CFT","cash_fee":"1","fee_type":"CNY","is_subscribe":"Y","mch_id":"1489371702","nonce_str":"l62jveizezmau7lpgqz1vxj7ol92kx3a","openid":"olXx5wULrXY5Xo84Ubji_cn0leos","out_trade_no":"148937170220171205203617","result_code":"SUCCESS","return_code":"SUCCESS","sign":"0CF59A098A7A6BC47C769BBE0CC39503","time_end":"20171205203622","total_fee":"1","trade_type":"JSAPI","transaction_id":"4200000033201712059305356610"}
[2017-12-05 20:36:55][debug] query:{"appid":"wx7d05a96d073b899b","attach":"GoodsPayParam;54;1\u5143\u62a2\u8d2d;1;21","bank_type":"CFT","cash_fee":"1","fee_type":"CNY","is_subscribe":"Y","mch_id":"1489371702","nonce_str":"JnmbE0GHdm0riwUC","openid":"olXx5wULrXY5Xo84Ubji_cn0leos","out_trade_no":"148937170220171205203617","result_code":"SUCCESS","return_code":"SUCCESS","return_msg":"OK","sign":"4EA20C94E118976A772D17D9456B73D2","time_end":"20171205203622","total_fee":"1","trade_state":"SUCCESS","trade_type":"JSAPI","transaction_id":"4200000033201712059305356610"}
[2017-12-05 20:36:55][debug] im enter
[2017-12-05 20:37:27][debug] begin goods notify
[2017-12-05 20:37:27][debug] call back...:{"appid":"wx7d05a96d073b899b","attach":"GoodsPayParam;54;1\u5143\u62a2\u8d2d;1;21","bank_type":"CFT","cash_fee":"1","fee_type":"CNY","is_subscribe":"Y","mch_id":"1489371702","nonce_str":"l62jveizezmau7lpgqz1vxj7ol92kx3a","openid":"olXx5wULrXY5Xo84Ubji_cn0leos","out_trade_no":"148937170220171205203617","result_code":"SUCCESS","return_code":"SUCCESS","sign":"0CF59A098A7A6BC47C769BBE0CC39503","time_end":"20171205203622","total_fee":"1","trade_type":"JSAPI","transaction_id":"4200000033201712059305356610"}
[2017-12-05 20:37:27][debug] query:{"appid":"wx7d05a96d073b899b","attach":"GoodsPayParam;54;1\u5143\u62a2\u8d2d;1;21","bank_type":"CFT","cash_fee":"1","fee_type":"CNY","is_subscribe":"Y","mch_id":"1489371702","nonce_str":"4zKtWPdFVaBkJZvZ","openid":"olXx5wULrXY5Xo84Ubji_cn0leos","out_trade_no":"148937170220171205203617","result_code":"SUCCESS","return_code":"SUCCESS","return_msg":"OK","sign":"173F97ABB47185969905C8A2C37659E3","time_end":"20171205203622","total_fee":"1","trade_state":"SUCCESS","trade_type":"JSAPI","transaction_id":"4200000033201712059305356610"}
[2017-12-05 20:37:27][debug] im enter
[2017-12-05 20:40:29][debug] begin goods notify
[2017-12-05 20:40:29][debug] call back...:{"appid":"wx7d05a96d073b899b","attach":"GoodsPayParam;54;1\u5143\u62a2\u8d2d;1;21","bank_type":"CFT","cash_fee":"1","fee_type":"CNY","is_subscribe":"Y","mch_id":"1489371702","nonce_str":"l62jveizezmau7lpgqz1vxj7ol92kx3a","openid":"olXx5wULrXY5Xo84Ubji_cn0leos","out_trade_no":"148937170220171205203617","result_code":"SUCCESS","return_code":"SUCCESS","sign":"0CF59A098A7A6BC47C769BBE0CC39503","time_end":"20171205203622","total_fee":"1","trade_type":"JSAPI","transaction_id":"4200000033201712059305356610"}
[2017-12-05 20:40:30][debug] query:{"appid":"wx7d05a96d073b899b","attach":"GoodsPayParam;54;1\u5143\u62a2\u8d2d;1;21","bank_type":"CFT","cash_fee":"1","fee_type":"CNY","is_subscribe":"Y","mch_id":"1489371702","nonce_str":"jfOHUpWLPGh6W8gW","openid":"olXx5wULrXY5Xo84Ubji_cn0leos","out_trade_no":"148937170220171205203617","result_code":"SUCCESS","return_code":"SUCCESS","return_msg":"OK","sign":"3D54B4D6493FF853ED2211424058B4F9","time_end":"20171205203622","total_fee":"1","trade_state":"SUCCESS","trade_type":"JSAPI","transaction_id":"4200000033201712059305356610"}
[2017-12-05 20:40:30][debug] im enter
[2017-12-05 20:59:44][debug] begin goods notify
[2017-12-05 20:59:44][debug] call back...:{"appid":"wx7d05a96d073b899b","attach":"GoodsPayParam;54;1\u5143\u62a2\u8d2d;1;21","bank_type":"CFT","cash_fee":"1","fee_type":"CNY","is_subscribe":"Y","mch_id":"1489371702","nonce_str":"1hse805k1vhz2tey1nj6ng0fuyc1f2cx","openid":"olXx5wULrXY5Xo84Ubji_cn0leos","out_trade_no":"148937170220171205202528","result_code":"SUCCESS","return_code":"SUCCESS","sign":"B28922867F5FC1B68DE27D0F75EB1251","time_end":"20171205202534","total_fee":"1","trade_type":"JSAPI","transaction_id":"4200000038201712059303560744"}
[2017-12-05 20:59:45][debug] query:{"appid":"wx7d05a96d073b899b","attach":"GoodsPayParam;54;1\u5143\u62a2\u8d2d;1;21","bank_type":"CFT","cash_fee":"1","fee_type":"CNY","is_subscribe":"Y","mch_id":"1489371702","nonce_str":"DdsQDkPNBwW4X1Io","openid":"olXx5wULrXY5Xo84Ubji_cn0leos","out_trade_no":"148937170220171205202528","result_code":"SUCCESS","return_code":"SUCCESS","return_msg":"OK","sign":"471C2DB0BF327C2E7E0C6AB447240CDA","time_end":"20171205202534","total_fee":"1","trade_state":"SUCCESS","trade_type":"JSAPI","transaction_id":"4200000038201712059303560744"}
[2017-12-05 20:59:45][debug] im enter
[2017-12-05 20:59:45][debug] addgoods4200000038201712059303560744
[2017-12-05 21:10:32][debug] begin goods notify
[2017-12-05 21:10:32][debug] call back...:{"appid":"wx7d05a96d073b899b","attach":"GoodsPayParam;54;1\u5143\u62a2\u8d2d;1;21","bank_type":"CFT","cash_fee":"1","fee_type":"CNY","is_subscribe":"Y","mch_id":"1489371702","nonce_str":"l62jveizezmau7lpgqz1vxj7ol92kx3a","openid":"olXx5wULrXY5Xo84Ubji_cn0leos","out_trade_no":"148937170220171205203617","result_code":"SUCCESS","return_code":"SUCCESS","sign":"0CF59A098A7A6BC47C769BBE0CC39503","time_end":"20171205203622","total_fee":"1","trade_type":"JSAPI","transaction_id":"4200000033201712059305356610"}
[2017-12-05 21:10:32][debug] query:{"appid":"wx7d05a96d073b899b","attach":"GoodsPayParam;54;1\u5143\u62a2\u8d2d;1;21","bank_type":"CFT","cash_fee":"1","fee_type":"CNY","is_subscribe":"Y","mch_id":"1489371702","nonce_str":"oI1BdCzgtLObjUFl","openid":"olXx5wULrXY5Xo84Ubji_cn0leos","out_trade_no":"148937170220171205203617","result_code":"SUCCESS","return_code":"SUCCESS","return_msg":"OK","sign":"C89C0783B950C8B8C195854D24B40EED","time_end":"20171205203622","total_fee":"1","trade_state":"SUCCESS","trade_type":"JSAPI","transaction_id":"4200000033201712059305356610"}
[2017-12-05 21:10:32][debug] im enter
[2017-12-05 21:29:47][debug] begin goods notify
[2017-12-05 21:29:47][debug] call back...:{"appid":"wx7d05a96d073b899b","attach":"GoodsPayParam;54;1\u5143\u62a2\u8d2d;1;21","bank_type":"CFT","cash_fee":"1","fee_type":"CNY","is_subscribe":"Y","mch_id":"1489371702","nonce_str":"1hse805k1vhz2tey1nj6ng0fuyc1f2cx","openid":"olXx5wULrXY5Xo84Ubji_cn0leos","out_trade_no":"148937170220171205202528","result_code":"SUCCESS","return_code":"SUCCESS","sign":"B28922867F5FC1B68DE27D0F75EB1251","time_end":"20171205202534","total_fee":"1","trade_type":"JSAPI","transaction_id":"4200000038201712059303560744"}
[2017-12-05 21:29:47][debug] query:{"appid":"wx7d05a96d073b899b","attach":"GoodsPayParam;54;1\u5143\u62a2\u8d2d;1;21","bank_type":"CFT","cash_fee":"1","fee_type":"CNY","is_subscribe":"Y","mch_id":"1489371702","nonce_str":"3w9yJR3fGeaPRda0","openid":"olXx5wULrXY5Xo84Ubji_cn0leos","out_trade_no":"148937170220171205202528","result_code":"SUCCESS","return_code":"SUCCESS","return_msg":"OK","sign":"9944FC23EB381FE3601295BDA338F9AE","time_end":"20171205202534","total_fee":"1","trade_state":"SUCCESS","trade_type":"JSAPI","transaction_id":"4200000038201712059303560744"}
[2017-12-05 21:29:47][debug] im enter
[2017-12-05 21:40:35][debug] begin goods notify
[2017-12-05 21:40:35][debug] call back...:{"appid":"wx7d05a96d073b899b","attach":"GoodsPayParam;54;1\u5143\u62a2\u8d2d;1;21","bank_type":"CFT","cash_fee":"1","fee_type":"CNY","is_subscribe":"Y","mch_id":"1489371702","nonce_str":"l62jveizezmau7lpgqz1vxj7ol92kx3a","openid":"olXx5wULrXY5Xo84Ubji_cn0leos","out_trade_no":"148937170220171205203617","result_code":"SUCCESS","return_code":"SUCCESS","sign":"0CF59A098A7A6BC47C769BBE0CC39503","time_end":"20171205203622","total_fee":"1","trade_type":"JSAPI","transaction_id":"4200000033201712059305356610"}
[2017-12-05 21:40:35][debug] query:{"appid":"wx7d05a96d073b899b","attach":"GoodsPayParam;54;1\u5143\u62a2\u8d2d;1;21","bank_type":"CFT","cash_fee":"1","fee_type":"CNY","is_subscribe":"Y","mch_id":"1489371702","nonce_str":"KauZvC9kdrCWjrRT","openid":"olXx5wULrXY5Xo84Ubji_cn0leos","out_trade_no":"148937170220171205203617","result_code":"SUCCESS","return_code":"SUCCESS","return_msg":"OK","sign":"F8BD2F6B99E2BD6C003A0A1375221EA0","time_end":"20171205203622","total_fee":"1","trade_state":"SUCCESS","trade_type":"JSAPI","transaction_id":"4200000033201712059305356610"}
[2017-12-05 21:40:35][debug] im enter
[2017-12-05 21:59:48][debug] begin goods notify
[2017-12-05 21:59:48][debug] call back...:{"appid":"wx7d05a96d073b899b","attach":"GoodsPayParam;54;1\u5143\u62a2\u8d2d;1;21","bank_type":"CFT","cash_fee":"1","fee_type":"CNY","is_subscribe":"Y","mch_id":"1489371702","nonce_str":"1hse805k1vhz2tey1nj6ng0fuyc1f2cx","openid":"olXx5wULrXY5Xo84Ubji_cn0leos","out_trade_no":"148937170220171205202528","result_code":"SUCCESS","return_code":"SUCCESS","sign":"B28922867F5FC1B68DE27D0F75EB1251","time_end":"20171205202534","total_fee":"1","trade_type":"JSAPI","transaction_id":"4200000038201712059303560744"}
[2017-12-05 21:59:48][debug] query:{"appid":"wx7d05a96d073b899b","attach":"GoodsPayParam;54;1\u5143\u62a2\u8d2d;1;21","bank_type":"CFT","cash_fee":"1","fee_type":"CNY","is_subscribe":"Y","mch_id":"1489371702","nonce_str":"z0OT54u0KynPUHev","openid":"olXx5wULrXY5Xo84Ubji_cn0leos","out_trade_no":"148937170220171205202528","result_code":"SUCCESS","return_code":"SUCCESS","return_msg":"OK","sign":"A6F3AE1E268D65F3F20B4DDDBADBE0DF","time_end":"20171205202534","total_fee":"1","trade_state":"SUCCESS","trade_type":"JSAPI","transaction_id":"4200000038201712059303560744"}
[2017-12-05 21:59:48][debug] im enter
[2017-12-05 22:10:37][debug] begin goods notify
[2017-12-05 22:10:37][debug] call back...:{"appid":"wx7d05a96d073b899b","attach":"GoodsPayParam;54;1\u5143\u62a2\u8d2d;1;21","bank_type":"CFT","cash_fee":"1","fee_type":"CNY","is_subscribe":"Y","mch_id":"1489371702","nonce_str":"l62jveizezmau7lpgqz1vxj7ol92kx3a","openid":"olXx5wULrXY5Xo84Ubji_cn0leos","out_trade_no":"148937170220171205203617","result_code":"SUCCESS","return_code":"SUCCESS","sign":"0CF59A098A7A6BC47C769BBE0CC39503","time_end":"20171205203622","total_fee":"1","trade_type":"JSAPI","transaction_id":"4200000033201712059305356610"}
[2017-12-05 22:10:37][debug] query:{"appid":"wx7d05a96d073b899b","attach":"GoodsPayParam;54;1\u5143\u62a2\u8d2d;1;21","bank_type":"CFT","cash_fee":"1","fee_type":"CNY","is_subscribe":"Y","mch_id":"1489371702","nonce_str":"VyLGgAorQiwNB0bh","openid":"olXx5wULrXY5Xo84Ubji_cn0leos","out_trade_no":"148937170220171205203617","result_code":"SUCCESS","return_code":"SUCCESS","return_msg":"OK","sign":"D412C725E16D0D1425980DD2CF0C5975","time_end":"20171205203622","total_fee":"1","trade_state":"SUCCESS","trade_type":"JSAPI","transaction_id":"4200000033201712059305356610"}
[2017-12-05 22:10:37][debug] im enter
[2017-12-05 22:29:49][debug] begin goods notify
[2017-12-05 22:29:49][debug] call back...:{"appid":"wx7d05a96d073b899b","attach":"GoodsPayParam;54;1\u5143\u62a2\u8d2d;1;21","bank_type":"CFT","cash_fee":"1","fee_type":"CNY","is_subscribe":"Y","mch_id":"1489371702","nonce_str":"1hse805k1vhz2tey1nj6ng0fuyc1f2cx","openid":"olXx5wULrXY5Xo84Ubji_cn0leos","out_trade_no":"148937170220171205202528","result_code":"SUCCESS","return_code":"SUCCESS","sign":"B28922867F5FC1B68DE27D0F75EB1251","time_end":"20171205202534","total_fee":"1","trade_type":"JSAPI","transaction_id":"4200000038201712059303560744"}
[2017-12-05 22:29:49][debug] query:{"appid":"wx7d05a96d073b899b","attach":"GoodsPayParam;54;1\u5143\u62a2\u8d2d;1;21","bank_type":"CFT","cash_fee":"1","fee_type":"CNY","is_subscribe":"Y","mch_id":"1489371702","nonce_str":"LTlCujq0O9QH5l4b","openid":"olXx5wULrXY5Xo84Ubji_cn0leos","out_trade_no":"148937170220171205202528","result_code":"SUCCESS","return_code":"SUCCESS","return_msg":"OK","sign":"F248C49798288F111FFA62CBFC78EFBF","time_end":"20171205202534","total_fee":"1","trade_state":"SUCCESS","trade_type":"JSAPI","transaction_id":"4200000038201712059303560744"}
[2017-12-05 22:29:49][debug] im enter
[2017-12-05 22:40:41][debug] begin goods notify
[2017-12-05 22:40:41][debug] call back...:{"appid":"wx7d05a96d073b899b","attach":"GoodsPayParam;54;1\u5143\u62a2\u8d2d;1;21","bank_type":"CFT","cash_fee":"1","fee_type":"CNY","is_subscribe":"Y","mch_id":"1489371702","nonce_str":"l62jveizezmau7lpgqz1vxj7ol92kx3a","openid":"olXx5wULrXY5Xo84Ubji_cn0leos","out_trade_no":"148937170220171205203617","result_code":"SUCCESS","return_code":"SUCCESS","sign":"0CF59A098A7A6BC47C769BBE0CC39503","time_end":"20171205203622","total_fee":"1","trade_type":"JSAPI","transaction_id":"4200000033201712059305356610"}
[2017-12-05 22:40:41][debug] query:{"appid":"wx7d05a96d073b899b","attach":"GoodsPayParam;54;1\u5143\u62a2\u8d2d;1;21","bank_type":"CFT","cash_fee":"1","fee_type":"CNY","is_subscribe":"Y","mch_id":"1489371702","nonce_str":"D1RvrEOlaoHFZWqZ","openid":"olXx5wULrXY5Xo84Ubji_cn0leos","out_trade_no":"148937170220171205203617","result_code":"SUCCESS","return_code":"SUCCESS","return_msg":"OK","sign":"EC7514CAC70E0054AFF823529A44434B","time_end":"20171205203622","total_fee":"1","trade_state":"SUCCESS","trade_type":"JSAPI","transaction_id":"4200000033201712059305356610"}
[2017-12-05 22:40:41][debug] im enter
[2017-12-05 23:29:51][debug] begin goods notify
[2017-12-05 23:29:51][debug] call back...:{"appid":"wx7d05a96d073b899b","attach":"GoodsPayParam;54;1\u5143\u62a2\u8d2d;1;21","bank_type":"CFT","cash_fee":"1","fee_type":"CNY","is_subscribe":"Y","mch_id":"1489371702","nonce_str":"1hse805k1vhz2tey1nj6ng0fuyc1f2cx","openid":"olXx5wULrXY5Xo84Ubji_cn0leos","out_trade_no":"148937170220171205202528","result_code":"SUCCESS","return_code":"SUCCESS","sign":"B28922867F5FC1B68DE27D0F75EB1251","time_end":"20171205202534","total_fee":"1","trade_type":"JSAPI","transaction_id":"4200000038201712059303560744"}
[2017-12-05 23:29:51][debug] query:{"appid":"wx7d05a96d073b899b","attach":"GoodsPayParam;54;1\u5143\u62a2\u8d2d;1;21","bank_type":"CFT","cash_fee":"1","fee_type":"CNY","is_subscribe":"Y","mch_id":"1489371702","nonce_str":"Y3YdUoOKrsLX34TN","openid":"olXx5wULrXY5Xo84Ubji_cn0leos","out_trade_no":"148937170220171205202528","result_code":"SUCCESS","return_code":"SUCCESS","return_msg":"OK","sign":"29699E8DDB67841BF727F97EF306B98B","time_end":"20171205202534","total_fee":"1","trade_state":"SUCCESS","trade_type":"JSAPI","transaction_id":"4200000038201712059303560744"}
[2017-12-05 23:29:51][debug] im enter
[2017-12-05 23:40:43][debug] begin goods notify
[2017-12-05 23:40:43][debug] call back...:{"appid":"wx7d05a96d073b899b","attach":"GoodsPayParam;54;1\u5143\u62a2\u8d2d;1;21","bank_type":"CFT","cash_fee":"1","fee_type":"CNY","is_subscribe":"Y","mch_id":"1489371702","nonce_str":"l62jveizezmau7lpgqz1vxj7ol92kx3a","openid":"olXx5wULrXY5Xo84Ubji_cn0leos","out_trade_no":"148937170220171205203617","result_code":"SUCCESS","return_code":"SUCCESS","sign":"0CF59A098A7A6BC47C769BBE0CC39503","time_end":"20171205203622","total_fee":"1","trade_type":"JSAPI","transaction_id":"4200000033201712059305356610"}
[2017-12-05 23:40:43][debug] query:{"appid":"wx7d05a96d073b899b","attach":"GoodsPayParam;54;1\u5143\u62a2\u8d2d;1;21","bank_type":"CFT","cash_fee":"1","fee_type":"CNY","is_subscribe":"Y","mch_id":"1489371702","nonce_str":"FVi5IF3gE1OTfeIa","openid":"olXx5wULrXY5Xo84Ubji_cn0leos","out_trade_no":"148937170220171205203617","result_code":"SUCCESS","return_code":"SUCCESS","return_msg":"OK","sign":"C8975096AC7FC67E61018051F1273F36","time_end":"20171205203622","total_fee":"1","trade_state":"SUCCESS","trade_type":"JSAPI","transaction_id":"4200000033201712059305356610"}
[2017-12-05 23:40:43][debug] im enter
