[2017-10-16 17:23:01][debug] begin goods notify
[2017-10-16 17:23:01][debug] call back...:{"appid":"wx7d05a96d073b899b","attach":"DepositPayParam;1;2;shop deposit;1;1","bank_type":"CFT","cash_fee":"1","fee_type":"CNY","is_subscribe":"Y","mch_id":"1489371702","nonce_str":"qx9r8rp4uh5o4de3ni107dcso6njr7te","openid":"olXx5wULrXY5Xo84Ubji_cn0leos","out_trade_no":"148937170220171016172255","result_code":"SUCCESS","return_code":"SUCCESS","sign":"46B65F674588A24A4C4A88B0B0D0FD43","time_end":"20171016172300","total_fee":"1","trade_type":"JSAPI","transaction_id":"4200000005201710168440412303"}
[2017-10-16 17:23:01][debug] query:{"appid":"wx7d05a96d073b899b","attach":"DepositPayParam;1;2;shop deposit;1;1","bank_type":"CFT","cash_fee":"1","fee_type":"CNY","is_subscribe":"Y","mch_id":"1489371702","nonce_str":"BwyYS6PnK0IaZWv8","openid":"olXx5wULrXY5Xo84Ubji_cn0leos","out_trade_no":"148937170220171016172255","result_code":"SUCCESS","return_code":"SUCCESS","return_msg":"OK","sign":"D1A8DDD577300576A98F86458026628F","time_end":"20171016172300","total_fee":"1","trade_state":"SUCCESS","trade_type":"JSAPI","transaction_id":"4200000005201710168440412303"}
[2017-10-16 17:23:01][debug] add_depositlist
[2017-10-16 17:23:11][debug] begin goods notify
[2017-10-16 17:23:11][debug] call back...:{"appid":"wx7d05a96d073b899b","attach":"DepositPayParam;1;2;shop deposit;1;1","bank_type":"CFT","cash_fee":"1","fee_type":"CNY","is_subscribe":"Y","mch_id":"1489371702","nonce_str":"qx9r8rp4uh5o4de3ni107dcso6njr7te","openid":"olXx5wULrXY5Xo84Ubji_cn0leos","out_trade_no":"148937170220171016172255","result_code":"SUCCESS","return_code":"SUCCESS","sign":"46B65F674588A24A4C4A88B0B0D0FD43","time_end":"20171016172300","total_fee":"1","trade_type":"JSAPI","transaction_id":"4200000005201710168440412303"}
[2017-10-16 17:23:11][debug] query:{"appid":"wx7d05a96d073b899b","attach":"DepositPayParam;1;2;shop deposit;1;1","bank_type":"CFT","cash_fee":"1","fee_type":"CNY","is_subscribe":"Y","mch_id":"1489371702","nonce_str":"ApJyYC7iSU620nG2","openid":"olXx5wULrXY5Xo84Ubji_cn0leos","out_trade_no":"148937170220171016172255","result_code":"SUCCESS","return_code":"SUCCESS","return_msg":"OK","sign":"CB7C6CE1601DE1042DD156C0F23D19A6","time_end":"20171016172300","total_fee":"1","trade_state":"SUCCESS","trade_type":"JSAPI","transaction_id":"4200000005201710168440412303"}
[2017-10-16 17:23:11][debug] add_depositlist
[2017-10-16 17:23:29][debug] begin goods notify
[2017-10-16 17:23:29][debug] call back...:{"appid":"wx7d05a96d073b899b","attach":"DepositPayParam;1;2;shop deposit;1;1","bank_type":"CFT","cash_fee":"1","fee_type":"CNY","is_subscribe":"Y","mch_id":"1489371702","nonce_str":"qx9r8rp4uh5o4de3ni107dcso6njr7te","openid":"olXx5wULrXY5Xo84Ubji_cn0leos","out_trade_no":"148937170220171016172255","result_code":"SUCCESS","return_code":"SUCCESS","sign":"46B65F674588A24A4C4A88B0B0D0FD43","time_end":"20171016172300","total_fee":"1","trade_type":"JSAPI","transaction_id":"4200000005201710168440412303"}
[2017-10-16 17:23:29][debug] query:{"appid":"wx7d05a96d073b899b","attach":"DepositPayParam;1;2;shop deposit;1;1","bank_type":"CFT","cash_fee":"1","fee_type":"CNY","is_subscribe":"Y","mch_id":"1489371702","nonce_str":"cO2gJo2IRxRxS93L","openid":"olXx5wULrXY5Xo84Ubji_cn0leos","out_trade_no":"148937170220171016172255","result_code":"SUCCESS","return_code":"SUCCESS","return_msg":"OK","sign":"A8808E0631662B12A7F2A3E4B9417698","time_end":"20171016172300","total_fee":"1","trade_state":"SUCCESS","trade_type":"JSAPI","transaction_id":"4200000005201710168440412303"}
[2017-10-16 17:23:29][debug] add_depositlist
[2017-10-16 17:24:02][debug] begin goods notify
[2017-10-16 17:24:02][debug] call back...:{"appid":"wx7d05a96d073b899b","attach":"DepositPayParam;1;2;shop deposit;1;1","bank_type":"CFT","cash_fee":"1","fee_type":"CNY","is_subscribe":"Y","mch_id":"1489371702","nonce_str":"qx9r8rp4uh5o4de3ni107dcso6njr7te","openid":"olXx5wULrXY5Xo84Ubji_cn0leos","out_trade_no":"148937170220171016172255","result_code":"SUCCESS","return_code":"SUCCESS","sign":"46B65F674588A24A4C4A88B0B0D0FD43","time_end":"20171016172300","total_fee":"1","trade_type":"JSAPI","transaction_id":"4200000005201710168440412303"}
[2017-10-16 17:24:02][debug] query:{"appid":"wx7d05a96d073b899b","attach":"DepositPayParam;1;2;shop deposit;1;1","bank_type":"CFT","cash_fee":"1","fee_type":"CNY","is_subscribe":"Y","mch_id":"1489371702","nonce_str":"RLKNT5TlYld2r2Zi","openid":"olXx5wULrXY5Xo84Ubji_cn0leos","out_trade_no":"148937170220171016172255","result_code":"SUCCESS","return_code":"SUCCESS","return_msg":"OK","sign":"B334ADB3BC93D83BACA20FFCC3A5C019","time_end":"20171016172300","total_fee":"1","trade_state":"SUCCESS","trade_type":"JSAPI","transaction_id":"4200000005201710168440412303"}
[2017-10-16 17:24:02][debug] add_depositlist
[2017-10-16 17:27:04][debug] begin goods notify
[2017-10-16 17:27:04][debug] call back...:{"appid":"wx7d05a96d073b899b","attach":"DepositPayParam;1;2;shop deposit;1;1","bank_type":"CFT","cash_fee":"1","fee_type":"CNY","is_subscribe":"Y","mch_id":"1489371702","nonce_str":"qx9r8rp4uh5o4de3ni107dcso6njr7te","openid":"olXx5wULrXY5Xo84Ubji_cn0leos","out_trade_no":"148937170220171016172255","result_code":"SUCCESS","return_code":"SUCCESS","sign":"46B65F674588A24A4C4A88B0B0D0FD43","time_end":"20171016172300","total_fee":"1","trade_type":"JSAPI","transaction_id":"4200000005201710168440412303"}
[2017-10-16 17:27:05][debug] query:{"appid":"wx7d05a96d073b899b","attach":"DepositPayParam;1;2;shop deposit;1;1","bank_type":"CFT","cash_fee":"1","fee_type":"CNY","is_subscribe":"Y","mch_id":"1489371702","nonce_str":"ipqfpe3qtZM5s25V","openid":"olXx5wULrXY5Xo84Ubji_cn0leos","out_trade_no":"148937170220171016172255","result_code":"SUCCESS","return_code":"SUCCESS","return_msg":"OK","sign":"3A5F0F70F96A33C22E285D7E518AC0FA","time_end":"20171016172300","total_fee":"1","trade_state":"SUCCESS","trade_type":"JSAPI","transaction_id":"4200000005201710168440412303"}
[2017-10-16 17:27:05][debug] add_depositlist
[2017-10-16 17:27:06][debug] insert
[2017-10-16 17:35:34][debug] begin goods notify
[2017-10-16 17:35:34][debug] call back...:{"appid":"wx7d05a96d073b899b","attach":"DepositPayParam;1;2;shop deposit;1;1","bank_type":"CFT","cash_fee":"1","fee_type":"CNY","is_subscribe":"Y","mch_id":"1489371702","nonce_str":"ldegr9lp99rrzwzz9yt7rsk4qkcib918","openid":"olXx5wULrXY5Xo84Ubji_cn0leos","out_trade_no":"148937170220171016173529","result_code":"SUCCESS","return_code":"SUCCESS","sign":"789804A49BB22584EDA331B8BA472058","time_end":"20171016173533","total_fee":"1","trade_type":"JSAPI","transaction_id":"4200000006201710168438247107"}
[2017-10-16 17:35:34][debug] query:{"appid":"wx7d05a96d073b899b","attach":"DepositPayParam;1;2;shop deposit;1;1","bank_type":"CFT","cash_fee":"1","fee_type":"CNY","is_subscribe":"Y","mch_id":"1489371702","nonce_str":"SEDmDkGzk3vpFW6g","openid":"olXx5wULrXY5Xo84Ubji_cn0leos","out_trade_no":"148937170220171016173529","result_code":"SUCCESS","return_code":"SUCCESS","return_msg":"OK","sign":"87471CF2E571452EB9D2CFCE34FCE790","time_end":"20171016173533","total_fee":"1","trade_state":"SUCCESS","trade_type":"JSAPI","transaction_id":"4200000006201710168438247107"}
[2017-10-16 17:35:34][debug] add_depositlist
[2017-10-16 17:35:35][debug] insert
[2017-10-16 17:35:52][debug] begin goods notify
[2017-10-16 17:35:52][debug] call back...:{"appid":"wx7d05a96d073b899b","attach":"DepositPayParam;1;2;shop deposit;1;1","bank_type":"CFT","cash_fee":"1","fee_type":"CNY","is_subscribe":"Y","mch_id":"1489371702","nonce_str":"ldegr9lp99rrzwzz9yt7rsk4qkcib918","openid":"olXx5wULrXY5Xo84Ubji_cn0leos","out_trade_no":"148937170220171016173529","result_code":"SUCCESS","return_code":"SUCCESS","sign":"789804A49BB22584EDA331B8BA472058","time_end":"20171016173533","total_fee":"1","trade_type":"JSAPI","transaction_id":"4200000006201710168438247107"}
[2017-10-16 17:35:52][debug] query:{"appid":"wx7d05a96d073b899b","attach":"DepositPayParam;1;2;shop deposit;1;1","bank_type":"CFT","cash_fee":"1","fee_type":"CNY","is_subscribe":"Y","mch_id":"1489371702","nonce_str":"Bx2AXLtitOvgI9OV","openid":"olXx5wULrXY5Xo84Ubji_cn0leos","out_trade_no":"148937170220171016173529","result_code":"SUCCESS","return_code":"SUCCESS","return_msg":"OK","sign":"EE46DC56C37781BE61DDEBE9463D913E","time_end":"20171016173533","total_fee":"1","trade_state":"SUCCESS","trade_type":"JSAPI","transaction_id":"4200000006201710168438247107"}
[2017-10-16 17:35:52][debug] add_depositlist
[2017-10-16 17:35:54][debug] insert
[2017-10-16 17:36:10][debug] begin goods notify
[2017-10-16 17:36:10][debug] call back...:{"appid":"wx7d05a96d073b899b","attach":"DepositPayParam;1;2;shop deposit;1;1","bank_type":"CFT","cash_fee":"1","fee_type":"CNY","is_subscribe":"Y","mch_id":"1489371702","nonce_str":"ldegr9lp99rrzwzz9yt7rsk4qkcib918","openid":"olXx5wULrXY5Xo84Ubji_cn0leos","out_trade_no":"148937170220171016173529","result_code":"SUCCESS","return_code":"SUCCESS","sign":"789804A49BB22584EDA331B8BA472058","time_end":"20171016173533","total_fee":"1","trade_type":"JSAPI","transaction_id":"4200000006201710168438247107"}
[2017-10-16 17:36:11][debug] query:{"appid":"wx7d05a96d073b899b","attach":"DepositPayParam;1;2;shop deposit;1;1","bank_type":"CFT","cash_fee":"1","fee_type":"CNY","is_subscribe":"Y","mch_id":"1489371702","nonce_str":"XEClZKzwP9vTI130","openid":"olXx5wULrXY5Xo84Ubji_cn0leos","out_trade_no":"148937170220171016173529","result_code":"SUCCESS","return_code":"SUCCESS","return_msg":"OK","sign":"0B8A01ED3306B92DFBBF3DD33223465E","time_end":"20171016173533","total_fee":"1","trade_state":"SUCCESS","trade_type":"JSAPI","transaction_id":"4200000006201710168438247107"}
[2017-10-16 17:36:11][debug] add_depositlist
[2017-10-16 17:36:12][debug] insert
[2017-10-16 17:36:43][debug] begin goods notify
[2017-10-16 17:36:43][debug] call back...:{"appid":"wx7d05a96d073b899b","attach":"DepositPayParam;1;2;shop deposit;1;1","bank_type":"CFT","cash_fee":"1","fee_type":"CNY","is_subscribe":"Y","mch_id":"1489371702","nonce_str":"ldegr9lp99rrzwzz9yt7rsk4qkcib918","openid":"olXx5wULrXY5Xo84Ubji_cn0leos","out_trade_no":"148937170220171016173529","result_code":"SUCCESS","return_code":"SUCCESS","sign":"789804A49BB22584EDA331B8BA472058","time_end":"20171016173533","total_fee":"1","trade_type":"JSAPI","transaction_id":"4200000006201710168438247107"}
[2017-10-16 17:36:43][debug] query:{"appid":"wx7d05a96d073b899b","attach":"DepositPayParam;1;2;shop deposit;1;1","bank_type":"CFT","cash_fee":"1","fee_type":"CNY","is_subscribe":"Y","mch_id":"1489371702","nonce_str":"eV90guvcIidSWmsH","openid":"olXx5wULrXY5Xo84Ubji_cn0leos","out_trade_no":"148937170220171016173529","result_code":"SUCCESS","return_code":"SUCCESS","return_msg":"OK","sign":"C2DFDFE07CEB167164D390C825CD6C2C","time_end":"20171016173533","total_fee":"1","trade_state":"SUCCESS","trade_type":"JSAPI","transaction_id":"4200000006201710168438247107"}
[2017-10-16 17:36:43][debug] add_depositlist
[2017-10-16 17:36:44][debug] insert
[2017-10-16 17:36:44][debug] insert1shop deposit121150814660414200000006201710168438247107
[2017-10-16 17:39:41][debug] begin goods notify
[2017-10-16 17:39:41][debug] call back...:{"appid":"wx7d05a96d073b899b","attach":"DepositPayParam;1;2;shop deposit;1;1","bank_type":"CFT","cash_fee":"1","fee_type":"CNY","is_subscribe":"Y","mch_id":"1489371702","nonce_str":"aqpxe2dzfic6tpemye48jo9qiriagwej","openid":"olXx5wULrXY5Xo84Ubji_cn0leos","out_trade_no":"148937170220171016173936","result_code":"SUCCESS","return_code":"SUCCESS","sign":"DDF8F88F309E4EBCF460B1A8A2367DA3","time_end":"20171016173940","total_fee":"1","trade_type":"JSAPI","transaction_id":"4200000012201710168444452527"}
[2017-10-16 17:39:41][debug] query:{"appid":"wx7d05a96d073b899b","attach":"DepositPayParam;1;2;shop deposit;1;1","bank_type":"CFT","cash_fee":"1","fee_type":"CNY","is_subscribe":"Y","mch_id":"1489371702","nonce_str":"80NhpsvPklUuKCgi","openid":"olXx5wULrXY5Xo84Ubji_cn0leos","out_trade_no":"148937170220171016173936","result_code":"SUCCESS","return_code":"SUCCESS","return_msg":"OK","sign":"E0D9E75E3CABA84384EDE5E8CBC32248","time_end":"20171016173940","total_fee":"1","trade_state":"SUCCESS","trade_type":"JSAPI","transaction_id":"4200000012201710168444452527"}
[2017-10-16 17:39:41][debug] add_depositlist
[2017-10-16 17:39:42][debug] insert
[2017-10-16 17:39:42][debug] insert1shop deposit121150814678214200000012201710168444452527
[2017-10-16 17:39:45][debug] begin goods notify
[2017-10-16 17:39:45][debug] call back...:{"appid":"wx7d05a96d073b899b","attach":"DepositPayParam;1;2;shop deposit;1;1","bank_type":"CFT","cash_fee":"1","fee_type":"CNY","is_subscribe":"Y","mch_id":"1489371702","nonce_str":"ldegr9lp99rrzwzz9yt7rsk4qkcib918","openid":"olXx5wULrXY5Xo84Ubji_cn0leos","out_trade_no":"148937170220171016173529","result_code":"SUCCESS","return_code":"SUCCESS","sign":"789804A49BB22584EDA331B8BA472058","time_end":"20171016173533","total_fee":"1","trade_type":"JSAPI","transaction_id":"4200000006201710168438247107"}
[2017-10-16 17:39:45][debug] query:{"appid":"wx7d05a96d073b899b","attach":"DepositPayParam;1;2;shop deposit;1;1","bank_type":"CFT","cash_fee":"1","fee_type":"CNY","is_subscribe":"Y","mch_id":"1489371702","nonce_str":"oXlZ39XmCiS9b6mE","openid":"olXx5wULrXY5Xo84Ubji_cn0leos","out_trade_no":"148937170220171016173529","result_code":"SUCCESS","return_code":"SUCCESS","return_msg":"OK","sign":"0047C02AD496CE6B9A6715BF562A5B1D","time_end":"20171016173533","total_fee":"1","trade_state":"SUCCESS","trade_type":"JSAPI","transaction_id":"4200000006201710168438247107"}
[2017-10-16 17:39:45][debug] add_depositlist
[2017-10-16 17:39:46][debug] insert
[2017-10-16 17:39:46][debug] insert1shop deposit121150814678614200000006201710168438247107
[2017-10-16 17:39:53][debug] begin goods notify
[2017-10-16 17:39:53][debug] call back...:{"appid":"wx7d05a96d073b899b","attach":"DepositPayParam;1;2;shop deposit;1;1","bank_type":"CFT","cash_fee":"1","fee_type":"CNY","is_subscribe":"Y","mch_id":"1489371702","nonce_str":"aqpxe2dzfic6tpemye48jo9qiriagwej","openid":"olXx5wULrXY5Xo84Ubji_cn0leos","out_trade_no":"148937170220171016173936","result_code":"SUCCESS","return_code":"SUCCESS","sign":"DDF8F88F309E4EBCF460B1A8A2367DA3","time_end":"20171016173940","total_fee":"1","trade_type":"JSAPI","transaction_id":"4200000012201710168444452527"}
[2017-10-16 17:39:54][debug] query:{"appid":"wx7d05a96d073b899b","attach":"DepositPayParam;1;2;shop deposit;1;1","bank_type":"CFT","cash_fee":"1","fee_type":"CNY","is_subscribe":"Y","mch_id":"1489371702","nonce_str":"LWDuva7UFK56grcP","openid":"olXx5wULrXY5Xo84Ubji_cn0leos","out_trade_no":"148937170220171016173936","result_code":"SUCCESS","return_code":"SUCCESS","return_msg":"OK","sign":"133E87AC4BD3E784617A16E069AC568D","time_end":"20171016173940","total_fee":"1","trade_state":"SUCCESS","trade_type":"JSAPI","transaction_id":"4200000012201710168444452527"}
[2017-10-16 17:39:54][debug] add_depositlist
[2017-10-16 17:39:55][debug] insert
[2017-10-16 17:39:55][debug] insert1shop deposit121150814679514200000012201710168444452527
[2017-10-16 17:40:12][debug] begin goods notify
[2017-10-16 17:40:12][debug] call back...:{"appid":"wx7d05a96d073b899b","attach":"DepositPayParam;1;2;shop deposit;1;1","bank_type":"CFT","cash_fee":"1","fee_type":"CNY","is_subscribe":"Y","mch_id":"1489371702","nonce_str":"aqpxe2dzfic6tpemye48jo9qiriagwej","openid":"olXx5wULrXY5Xo84Ubji_cn0leos","out_trade_no":"148937170220171016173936","result_code":"SUCCESS","return_code":"SUCCESS","sign":"DDF8F88F309E4EBCF460B1A8A2367DA3","time_end":"20171016173940","total_fee":"1","trade_type":"JSAPI","transaction_id":"4200000012201710168444452527"}
[2017-10-16 17:40:12][debug] query:{"appid":"wx7d05a96d073b899b","attach":"DepositPayParam;1;2;shop deposit;1;1","bank_type":"CFT","cash_fee":"1","fee_type":"CNY","is_subscribe":"Y","mch_id":"1489371702","nonce_str":"Sbp9JgjjzxxhxHqv","openid":"olXx5wULrXY5Xo84Ubji_cn0leos","out_trade_no":"148937170220171016173936","result_code":"SUCCESS","return_code":"SUCCESS","return_msg":"OK","sign":"8AC2908A64386ABB2D15494B5B6285A4","time_end":"20171016173940","total_fee":"1","trade_state":"SUCCESS","trade_type":"JSAPI","transaction_id":"4200000012201710168444452527"}
[2017-10-16 17:40:12][debug] add_depositlist
[2017-10-16 17:40:14][debug] insert
[2017-10-16 17:40:14][debug] insert1shop deposit121150814681414200000012201710168444452527
[2017-10-16 17:40:45][debug] begin goods notify
[2017-10-16 17:40:45][debug] call back...:{"appid":"wx7d05a96d073b899b","attach":"DepositPayParam;1;2;shop deposit;1;1","bank_type":"CFT","cash_fee":"1","fee_type":"CNY","is_subscribe":"Y","mch_id":"1489371702","nonce_str":"aqpxe2dzfic6tpemye48jo9qiriagwej","openid":"olXx5wULrXY5Xo84Ubji_cn0leos","out_trade_no":"148937170220171016173936","result_code":"SUCCESS","return_code":"SUCCESS","sign":"DDF8F88F309E4EBCF460B1A8A2367DA3","time_end":"20171016173940","total_fee":"1","trade_type":"JSAPI","transaction_id":"4200000012201710168444452527"}
[2017-10-16 17:40:46][debug] query:{"appid":"wx7d05a96d073b899b","attach":"DepositPayParam;1;2;shop deposit;1;1","bank_type":"CFT","cash_fee":"1","fee_type":"CNY","is_subscribe":"Y","mch_id":"1489371702","nonce_str":"5GRsEATIGXHeIVKO","openid":"olXx5wULrXY5Xo84Ubji_cn0leos","out_trade_no":"148937170220171016173936","result_code":"SUCCESS","return_code":"SUCCESS","return_msg":"OK","sign":"5F90CCDB068410A402E15D6E7FE9ACA7","time_end":"20171016173940","total_fee":"1","trade_state":"SUCCESS","trade_type":"JSAPI","transaction_id":"4200000012201710168444452527"}
[2017-10-16 17:40:46][debug] add_depositlist
[2017-10-16 17:40:47][debug] insert
[2017-10-16 17:40:47][debug] insert1shop deposit121150814684714200000012201710168444452527
[2017-10-16 17:42:20][debug] begin goods notify
[2017-10-16 17:42:20][debug] call back...:{"appid":"wx7d05a96d073b899b","attach":"DepositPayParam;1;2;shop deposit;1;1","bank_type":"CFT","cash_fee":"1","fee_type":"CNY","is_subscribe":"Y","mch_id":"1489371702","nonce_str":"xpd1dqhuored4j6od5r0iankooifdh21","openid":"olXx5wULrXY5Xo84Ubji_cn0leos","out_trade_no":"148937170220171016174215","result_code":"SUCCESS","return_code":"SUCCESS","sign":"23690C34CD3DB7ED6219841B46B49FCF","time_end":"20171016174219","total_fee":"1","trade_type":"JSAPI","transaction_id":"4200000017201710168439837373"}
[2017-10-16 17:42:20][debug] query:{"appid":"wx7d05a96d073b899b","attach":"DepositPayParam;1;2;shop deposit;1;1","bank_type":"CFT","cash_fee":"1","fee_type":"CNY","is_subscribe":"Y","mch_id":"1489371702","nonce_str":"cRCgWGuZzOCfBKBo","openid":"olXx5wULrXY5Xo84Ubji_cn0leos","out_trade_no":"148937170220171016174215","result_code":"SUCCESS","return_code":"SUCCESS","return_msg":"OK","sign":"C5E28B54DA967B788844BFB15C55F042","time_end":"20171016174220","total_fee":"1","trade_state":"SUCCESS","trade_type":"JSAPI","transaction_id":"4200000017201710168439837373"}
[2017-10-16 17:42:20][debug] add_depositlist
[2017-10-16 17:42:21][debug] insert
[2017-10-16 17:42:21][debug] insert1shop deposit,1,2,1,1508146941,1,4200000017201710168439837373
[2017-10-16 17:42:33][debug] begin goods notify
[2017-10-16 17:42:33][debug] call back...:{"appid":"wx7d05a96d073b899b","attach":"DepositPayParam;1;2;shop deposit;1;1","bank_type":"CFT","cash_fee":"1","fee_type":"CNY","is_subscribe":"Y","mch_id":"1489371702","nonce_str":"xpd1dqhuored4j6od5r0iankooifdh21","openid":"olXx5wULrXY5Xo84Ubji_cn0leos","out_trade_no":"148937170220171016174215","result_code":"SUCCESS","return_code":"SUCCESS","sign":"23690C34CD3DB7ED6219841B46B49FCF","time_end":"20171016174219","total_fee":"1","trade_type":"JSAPI","transaction_id":"4200000017201710168439837373"}
[2017-10-16 17:42:33][debug] query:{"appid":"wx7d05a96d073b899b","attach":"DepositPayParam;1;2;shop deposit;1;1","bank_type":"CFT","cash_fee":"1","fee_type":"CNY","is_subscribe":"Y","mch_id":"1489371702","nonce_str":"d0DuVUjawGgDV9U8","openid":"olXx5wULrXY5Xo84Ubji_cn0leos","out_trade_no":"148937170220171016174215","result_code":"SUCCESS","return_code":"SUCCESS","return_msg":"OK","sign":"B538E16F3FF99C91FA9B19CAA687F545","time_end":"20171016174220","total_fee":"1","trade_state":"SUCCESS","trade_type":"JSAPI","transaction_id":"4200000017201710168439837373"}
[2017-10-16 17:42:33][debug] add_depositlist
[2017-10-16 17:42:34][debug] insert
[2017-10-16 17:42:34][debug] insert1shop deposit,1,2,1,1508146954,1,4200000017201710168439837373
[2017-10-16 17:42:50][debug] begin goods notify
[2017-10-16 17:42:50][debug] call back...:{"appid":"wx7d05a96d073b899b","attach":"DepositPayParam;1;2;shop deposit;1;1","bank_type":"CFT","cash_fee":"1","fee_type":"CNY","is_subscribe":"Y","mch_id":"1489371702","nonce_str":"xpd1dqhuored4j6od5r0iankooifdh21","openid":"olXx5wULrXY5Xo84Ubji_cn0leos","out_trade_no":"148937170220171016174215","result_code":"SUCCESS","return_code":"SUCCESS","sign":"23690C34CD3DB7ED6219841B46B49FCF","time_end":"20171016174219","total_fee":"1","trade_type":"JSAPI","transaction_id":"4200000017201710168439837373"}
[2017-10-16 17:42:50][debug] query:{"appid":"wx7d05a96d073b899b","attach":"DepositPayParam;1;2;shop deposit;1;1","bank_type":"CFT","cash_fee":"1","fee_type":"CNY","is_subscribe":"Y","mch_id":"1489371702","nonce_str":"JMVtrqWniknAvSKC","openid":"olXx5wULrXY5Xo84Ubji_cn0leos","out_trade_no":"148937170220171016174215","result_code":"SUCCESS","return_code":"SUCCESS","return_msg":"OK","sign":"DAFB35B64DC4A9763499D63A0A4C0739","time_end":"20171016174220","total_fee":"1","trade_state":"SUCCESS","trade_type":"JSAPI","transaction_id":"4200000017201710168439837373"}
[2017-10-16 17:42:50][debug] add_depositlist
[2017-10-16 17:42:51][debug] insert
[2017-10-16 17:42:51][debug] insert1shop deposit,1,2,1,1508146971,1,4200000017201710168439837373
[2017-10-16 17:43:23][debug] begin goods notify
[2017-10-16 17:43:23][debug] call back...:{"appid":"wx7d05a96d073b899b","attach":"DepositPayParam;1;2;shop deposit;1;1","bank_type":"CFT","cash_fee":"1","fee_type":"CNY","is_subscribe":"Y","mch_id":"1489371702","nonce_str":"xpd1dqhuored4j6od5r0iankooifdh21","openid":"olXx5wULrXY5Xo84Ubji_cn0leos","out_trade_no":"148937170220171016174215","result_code":"SUCCESS","return_code":"SUCCESS","sign":"23690C34CD3DB7ED6219841B46B49FCF","time_end":"20171016174219","total_fee":"1","trade_type":"JSAPI","transaction_id":"4200000017201710168439837373"}
[2017-10-16 17:43:23][debug] query:{"appid":"wx7d05a96d073b899b","attach":"DepositPayParam;1;2;shop deposit;1;1","bank_type":"CFT","cash_fee":"1","fee_type":"CNY","is_subscribe":"Y","mch_id":"1489371702","nonce_str":"TLg8um7uA4luJ0Vx","openid":"olXx5wULrXY5Xo84Ubji_cn0leos","out_trade_no":"148937170220171016174215","result_code":"SUCCESS","return_code":"SUCCESS","return_msg":"OK","sign":"D6D106646D7107EF5E3641320FC44835","time_end":"20171016174220","total_fee":"1","trade_state":"SUCCESS","trade_type":"JSAPI","transaction_id":"4200000017201710168439837373"}
[2017-10-16 17:43:23][debug] add_depositlist
[2017-10-16 17:43:24][debug] insert
[2017-10-16 17:43:24][debug] insert1shop deposit,1,2,1,1508147004,1,4200000017201710168439837373
[2017-10-16 17:43:48][debug] begin goods notify
[2017-10-16 17:43:48][debug] call back...:{"appid":"wx7d05a96d073b899b","attach":"DepositPayParam;1;2;shop deposit;1;1","bank_type":"CFT","cash_fee":"1","fee_type":"CNY","is_subscribe":"Y","mch_id":"1489371702","nonce_str":"aqpxe2dzfic6tpemye48jo9qiriagwej","openid":"olXx5wULrXY5Xo84Ubji_cn0leos","out_trade_no":"148937170220171016173936","result_code":"SUCCESS","return_code":"SUCCESS","sign":"DDF8F88F309E4EBCF460B1A8A2367DA3","time_end":"20171016173940","total_fee":"1","trade_type":"JSAPI","transaction_id":"4200000012201710168444452527"}
[2017-10-16 17:43:48][debug] query:{"appid":"wx7d05a96d073b899b","attach":"DepositPayParam;1;2;shop deposit;1;1","bank_type":"CFT","cash_fee":"1","fee_type":"CNY","is_subscribe":"Y","mch_id":"1489371702","nonce_str":"5NLxORJ2hzpEyYCp","openid":"olXx5wULrXY5Xo84Ubji_cn0leos","out_trade_no":"148937170220171016173936","result_code":"SUCCESS","return_code":"SUCCESS","return_msg":"OK","sign":"2289F692A6CEC129A755F93FB342F1A0","time_end":"20171016173940","total_fee":"1","trade_state":"SUCCESS","trade_type":"JSAPI","transaction_id":"4200000012201710168444452527"}
[2017-10-16 17:43:48][debug] add_depositlist
[2017-10-16 17:43:49][debug] insert
[2017-10-16 17:43:49][debug] insert1shop deposit,1,2,1,1508147029,1,4200000012201710168444452527
[2017-10-16 17:46:26][debug] begin goods notify
[2017-10-16 17:46:26][debug] call back...:{"appid":"wx7d05a96d073b899b","attach":"DepositPayParam;1;2;shop deposit;1;1","bank_type":"CFT","cash_fee":"1","fee_type":"CNY","is_subscribe":"Y","mch_id":"1489371702","nonce_str":"xpd1dqhuored4j6od5r0iankooifdh21","openid":"olXx5wULrXY5Xo84Ubji_cn0leos","out_trade_no":"148937170220171016174215","result_code":"SUCCESS","return_code":"SUCCESS","sign":"23690C34CD3DB7ED6219841B46B49FCF","time_end":"20171016174219","total_fee":"1","trade_type":"JSAPI","transaction_id":"4200000017201710168439837373"}
[2017-10-16 17:46:26][debug] query:{"appid":"wx7d05a96d073b899b","attach":"DepositPayParam;1;2;shop deposit;1;1","bank_type":"CFT","cash_fee":"1","fee_type":"CNY","is_subscribe":"Y","mch_id":"1489371702","nonce_str":"NY4fvFV5USv1ukOo","openid":"olXx5wULrXY5Xo84Ubji_cn0leos","out_trade_no":"148937170220171016174215","result_code":"SUCCESS","return_code":"SUCCESS","return_msg":"OK","sign":"1FA50C7D60473832585E1D1D3790A9CF","time_end":"20171016174220","total_fee":"1","trade_state":"SUCCESS","trade_type":"JSAPI","transaction_id":"4200000017201710168439837373"}
[2017-10-16 17:46:26][debug] add_depositlist
[2017-10-16 17:46:27][debug] insert
[2017-10-16 17:46:27][debug] insert1shop deposit,1,2,1,1508147187,1,4200000017201710168439837373
[2017-10-16 17:46:43][debug] begin goods notify
[2017-10-16 17:46:43][debug] call back...:{"appid":"wx7d05a96d073b899b","attach":"DepositPayParam;1;2;shop deposit;1;1","bank_type":"CFT","cash_fee":"1","fee_type":"CNY","is_subscribe":"Y","mch_id":"1489371702","nonce_str":"12ka4p97vk2dsjpdhkd1bsqepzwchfii","openid":"olXx5wULrXY5Xo84Ubji_cn0leos","out_trade_no":"148937170220171016171215","result_code":"SUCCESS","return_code":"SUCCESS","sign":"A7F9134CA488D775E03C5D2DE6DBFACF","time_end":"20171016171229","total_fee":"1","trade_type":"JSAPI","transaction_id":"4200000008201710168437153730"}
[2017-10-16 17:46:43][debug] query:{"appid":"wx7d05a96d073b899b","attach":"DepositPayParam;1;2;shop deposit;1;1","bank_type":"CFT","cash_fee":"1","fee_type":"CNY","is_subscribe":"Y","mch_id":"1489371702","nonce_str":"uFgJUUb9tdoTHzhs","openid":"olXx5wULrXY5Xo84Ubji_cn0leos","out_trade_no":"148937170220171016171215","result_code":"SUCCESS","return_code":"SUCCESS","return_msg":"OK","sign":"58AAE0EBFB57EDA2602C1DFB8B172626","time_end":"20171016171230","total_fee":"1","trade_state":"SUCCESS","trade_type":"JSAPI","transaction_id":"4200000008201710168437153730"}
[2017-10-16 17:46:43][debug] add_depositlist
[2017-10-16 17:46:44][debug] insert
[2017-10-16 17:46:44][debug] insert1shop deposit,1,2,1,1508147204,1,4200000008201710168437153730
[2017-10-16 17:56:34][debug] begin goods notify
[2017-10-16 17:56:34][debug] call back...:{"appid":"wx7d05a96d073b899b","attach":"DepositPayParam;1;2;shop deposit;1;1","bank_type":"CFT","cash_fee":"1","fee_type":"CNY","is_subscribe":"Y","mch_id":"1489371702","nonce_str":"cob65ht7tbocnhbpuehejm4f6p223j23","openid":"olXx5wULrXY5Xo84Ubji_cn0leos","out_trade_no":"148937170220171016175629","result_code":"SUCCESS","return_code":"SUCCESS","sign":"B106EC8BE98A53F451FBDAB439805E27","time_end":"20171016175634","total_fee":"1","trade_type":"JSAPI","transaction_id":"4200000009201710168445378018"}
[2017-10-16 17:56:34][debug] query:{"appid":"wx7d05a96d073b899b","attach":"DepositPayParam;1;2;shop deposit;1;1","bank_type":"CFT","cash_fee":"1","fee_type":"CNY","is_subscribe":"Y","mch_id":"1489371702","nonce_str":"qgZz1XfChTKYzJlV","openid":"olXx5wULrXY5Xo84Ubji_cn0leos","out_trade_no":"148937170220171016175629","result_code":"SUCCESS","return_code":"SUCCESS","return_msg":"OK","sign":"56006FAF6503EFAC317DD1EA2C5DFD31","time_end":"20171016175634","total_fee":"1","trade_state":"SUCCESS","trade_type":"JSAPI","transaction_id":"4200000009201710168445378018"}
[2017-10-16 17:56:34][debug] add_depositlist
[2017-10-16 17:56:35][debug] insert
[2017-10-16 17:56:35][debug] insert1shop deposit,1,2,1,1508147795,1,4200000009201710168445378018
[2017-10-16 17:56:35][debug] insert21
[2017-10-16 17:56:51][debug] begin goods notify
[2017-10-16 17:56:51][debug] call back...:{"appid":"wx7d05a96d073b899b","attach":"DepositPayParam;1;2;shop deposit;1;1","bank_type":"CFT","cash_fee":"1","fee_type":"CNY","is_subscribe":"Y","mch_id":"1489371702","nonce_str":"cob65ht7tbocnhbpuehejm4f6p223j23","openid":"olXx5wULrXY5Xo84Ubji_cn0leos","out_trade_no":"148937170220171016175629","result_code":"SUCCESS","return_code":"SUCCESS","sign":"B106EC8BE98A53F451FBDAB439805E27","time_end":"20171016175634","total_fee":"1","trade_type":"JSAPI","transaction_id":"4200000009201710168445378018"}
[2017-10-16 17:56:51][debug] query:{"appid":"wx7d05a96d073b899b","attach":"DepositPayParam;1;2;shop deposit;1;1","bank_type":"CFT","cash_fee":"1","fee_type":"CNY","is_subscribe":"Y","mch_id":"1489371702","nonce_str":"dClxli4f1cuKsms2","openid":"olXx5wULrXY5Xo84Ubji_cn0leos","out_trade_no":"148937170220171016175629","result_code":"SUCCESS","return_code":"SUCCESS","return_msg":"OK","sign":"38FECB4FB0E295934A7204B4ACCD87C7","time_end":"20171016175634","total_fee":"1","trade_state":"SUCCESS","trade_type":"JSAPI","transaction_id":"4200000009201710168445378018"}
[2017-10-16 17:56:51][debug] add_depositlist
[2017-10-16 17:57:07][debug] begin goods notify
[2017-10-16 17:57:07][debug] call back...:{"appid":"wx7d05a96d073b899b","attach":"DepositPayParam;1;2;shop deposit;1;1","bank_type":"CFT","cash_fee":"1","fee_type":"CNY","is_subscribe":"Y","mch_id":"1489371702","nonce_str":"qx9r8rp4uh5o4de3ni107dcso6njr7te","openid":"olXx5wULrXY5Xo84Ubji_cn0leos","out_trade_no":"148937170220171016172255","result_code":"SUCCESS","return_code":"SUCCESS","sign":"46B65F674588A24A4C4A88B0B0D0FD43","time_end":"20171016172300","total_fee":"1","trade_type":"JSAPI","transaction_id":"4200000005201710168440412303"}
[2017-10-16 17:57:07][debug] query:{"appid":"wx7d05a96d073b899b","attach":"DepositPayParam;1;2;shop deposit;1;1","bank_type":"CFT","cash_fee":"1","fee_type":"CNY","is_subscribe":"Y","mch_id":"1489371702","nonce_str":"PgWVZAm5oNGl3O63","openid":"olXx5wULrXY5Xo84Ubji_cn0leos","out_trade_no":"148937170220171016172255","result_code":"SUCCESS","return_code":"SUCCESS","return_msg":"OK","sign":"E56A8013475753D5ECB78AF61D27BC94","time_end":"20171016172300","total_fee":"1","trade_state":"SUCCESS","trade_type":"JSAPI","transaction_id":"4200000005201710168440412303"}
[2017-10-16 17:57:07][debug] add_depositlist
[2017-10-16 17:57:08][debug] insert
[2017-10-16 17:57:08][debug] insert1shop deposit,1,2,1,1508147828,1,4200000005201710168440412303
[2017-10-16 17:57:08][debug] insert21
[2017-10-16 17:57:09][debug] begin goods notify
[2017-10-16 17:57:09][debug] call back...:{"appid":"wx7d05a96d073b899b","attach":"DepositPayParam;1;2;shop deposit;1;1","bank_type":"CFT","cash_fee":"1","fee_type":"CNY","is_subscribe":"Y","mch_id":"1489371702","nonce_str":"cob65ht7tbocnhbpuehejm4f6p223j23","openid":"olXx5wULrXY5Xo84Ubji_cn0leos","out_trade_no":"148937170220171016175629","result_code":"SUCCESS","return_code":"SUCCESS","sign":"B106EC8BE98A53F451FBDAB439805E27","time_end":"20171016175634","total_fee":"1","trade_type":"JSAPI","transaction_id":"4200000009201710168445378018"}
[2017-10-16 17:57:09][debug] query:{"appid":"wx7d05a96d073b899b","attach":"DepositPayParam;1;2;shop deposit;1;1","bank_type":"CFT","cash_fee":"1","fee_type":"CNY","is_subscribe":"Y","mch_id":"1489371702","nonce_str":"34FIT2CM9EzpjYRG","openid":"olXx5wULrXY5Xo84Ubji_cn0leos","out_trade_no":"148937170220171016175629","result_code":"SUCCESS","return_code":"SUCCESS","return_msg":"OK","sign":"531E7A1E638B6201DB32A3F5680EE2B3","time_end":"20171016175634","total_fee":"1","trade_state":"SUCCESS","trade_type":"JSAPI","transaction_id":"4200000009201710168445378018"}
[2017-10-16 17:57:09][debug] add_depositlist
[2017-10-16 17:57:42][debug] begin goods notify
[2017-10-16 17:57:42][debug] call back...:{"appid":"wx7d05a96d073b899b","attach":"DepositPayParam;1;2;shop deposit;1;1","bank_type":"CFT","cash_fee":"1","fee_type":"CNY","is_subscribe":"Y","mch_id":"1489371702","nonce_str":"cob65ht7tbocnhbpuehejm4f6p223j23","openid":"olXx5wULrXY5Xo84Ubji_cn0leos","out_trade_no":"148937170220171016175629","result_code":"SUCCESS","return_code":"SUCCESS","sign":"B106EC8BE98A53F451FBDAB439805E27","time_end":"20171016175634","total_fee":"1","trade_type":"JSAPI","transaction_id":"4200000009201710168445378018"}
[2017-10-16 17:57:42][debug] query:{"appid":"wx7d05a96d073b899b","attach":"DepositPayParam;1;2;shop deposit;1;1","bank_type":"CFT","cash_fee":"1","fee_type":"CNY","is_subscribe":"Y","mch_id":"1489371702","nonce_str":"rc66AAdJIo5lC4Hu","openid":"olXx5wULrXY5Xo84Ubji_cn0leos","out_trade_no":"148937170220171016175629","result_code":"SUCCESS","return_code":"SUCCESS","return_msg":"OK","sign":"C42CFA671695C2030D8266E943C1B8EA","time_end":"20171016175634","total_fee":"1","trade_state":"SUCCESS","trade_type":"JSAPI","transaction_id":"4200000009201710168445378018"}
[2017-10-16 17:57:42][debug] add_depositlist
[2017-10-16 18:00:45][debug] begin goods notify
[2017-10-16 18:00:45][debug] call back...:{"appid":"wx7d05a96d073b899b","attach":"DepositPayParam;1;2;shop deposit;1;1","bank_type":"CFT","cash_fee":"1","fee_type":"CNY","is_subscribe":"Y","mch_id":"1489371702","nonce_str":"cob65ht7tbocnhbpuehejm4f6p223j23","openid":"olXx5wULrXY5Xo84Ubji_cn0leos","out_trade_no":"148937170220171016175629","result_code":"SUCCESS","return_code":"SUCCESS","sign":"B106EC8BE98A53F451FBDAB439805E27","time_end":"20171016175634","total_fee":"1","trade_type":"JSAPI","transaction_id":"4200000009201710168445378018"}
[2017-10-16 18:00:45][debug] query:{"appid":"wx7d05a96d073b899b","attach":"DepositPayParam;1;2;shop deposit;1;1","bank_type":"CFT","cash_fee":"1","fee_type":"CNY","is_subscribe":"Y","mch_id":"1489371702","nonce_str":"y2tksZfZ8rncVz2y","openid":"olXx5wULrXY5Xo84Ubji_cn0leos","out_trade_no":"148937170220171016175629","result_code":"SUCCESS","return_code":"SUCCESS","return_msg":"OK","sign":"08FF5CBE8EB878BDC608ECA918EE837A","time_end":"20171016175634","total_fee":"1","trade_state":"SUCCESS","trade_type":"JSAPI","transaction_id":"4200000009201710168445378018"}
[2017-10-16 18:00:45][debug] add_depositlist
[2017-10-16 18:09:48][debug] begin goods notify
[2017-10-16 18:09:48][debug] call back...:{"appid":"wx7d05a96d073b899b","attach":"DepositPayParam;1;2;shop deposit;1;1","bank_type":"CFT","cash_fee":"1","fee_type":"CNY","is_subscribe":"Y","mch_id":"1489371702","nonce_str":"ldegr9lp99rrzwzz9yt7rsk4qkcib918","openid":"olXx5wULrXY5Xo84Ubji_cn0leos","out_trade_no":"148937170220171016173529","result_code":"SUCCESS","return_code":"SUCCESS","sign":"789804A49BB22584EDA331B8BA472058","time_end":"20171016173533","total_fee":"1","trade_type":"JSAPI","transaction_id":"4200000006201710168438247107"}
[2017-10-16 18:09:48][debug] query:{"appid":"wx7d05a96d073b899b","attach":"DepositPayParam;1;2;shop deposit;1;1","bank_type":"CFT","cash_fee":"1","fee_type":"CNY","is_subscribe":"Y","mch_id":"1489371702","nonce_str":"jky43CHpuQMWIKz6","openid":"olXx5wULrXY5Xo84Ubji_cn0leos","out_trade_no":"148937170220171016173529","result_code":"SUCCESS","return_code":"SUCCESS","return_msg":"OK","sign":"904E49860842A1FED663C94FE7FCA584","time_end":"20171016173533","total_fee":"1","trade_state":"SUCCESS","trade_type":"JSAPI","transaction_id":"4200000006201710168438247107"}
[2017-10-16 18:09:48][debug] add_depositlist
[2017-10-16 18:09:49][debug] insert
[2017-10-16 18:09:49][debug] insert1shop deposit,1,2,1,1508148589,1,4200000006201710168438247107
[2017-10-16 18:09:49][debug] insert21
[2017-10-16 18:13:51][debug] begin goods notify
[2017-10-16 18:13:51][debug] call back...:{"appid":"wx7d05a96d073b899b","attach":"DepositPayParam;1;2;shop deposit;1;1","bank_type":"CFT","cash_fee":"1","fee_type":"CNY","is_subscribe":"Y","mch_id":"1489371702","nonce_str":"aqpxe2dzfic6tpemye48jo9qiriagwej","openid":"olXx5wULrXY5Xo84Ubji_cn0leos","out_trade_no":"148937170220171016173936","result_code":"SUCCESS","return_code":"SUCCESS","sign":"DDF8F88F309E4EBCF460B1A8A2367DA3","time_end":"20171016173940","total_fee":"1","trade_type":"JSAPI","transaction_id":"4200000012201710168444452527"}
[2017-10-16 18:13:51][debug] query:{"appid":"wx7d05a96d073b899b","attach":"DepositPayParam;1;2;shop deposit;1;1","bank_type":"CFT","cash_fee":"1","fee_type":"CNY","is_subscribe":"Y","mch_id":"1489371702","nonce_str":"d0cUPUGoRNIus3Tj","openid":"olXx5wULrXY5Xo84Ubji_cn0leos","out_trade_no":"148937170220171016173936","result_code":"SUCCESS","return_code":"SUCCESS","return_msg":"OK","sign":"B226857C28765F948BFAD3203BF80149","time_end":"20171016173940","total_fee":"1","trade_state":"SUCCESS","trade_type":"JSAPI","transaction_id":"4200000012201710168444452527"}
[2017-10-16 18:13:51][debug] add_depositlist
[2017-10-16 18:13:52][debug] insert
[2017-10-16 18:13:52][debug] insert1shop deposit,1,2,1,1508148832,1,4200000012201710168444452527
[2017-10-16 18:13:52][debug] insert21
[2017-10-16 18:16:30][debug] begin goods notify
[2017-10-16 18:16:30][debug] call back...:{"appid":"wx7d05a96d073b899b","attach":"DepositPayParam;1;2;shop deposit;1;1","bank_type":"CFT","cash_fee":"1","fee_type":"CNY","is_subscribe":"Y","mch_id":"1489371702","nonce_str":"xpd1dqhuored4j6od5r0iankooifdh21","openid":"olXx5wULrXY5Xo84Ubji_cn0leos","out_trade_no":"148937170220171016174215","result_code":"SUCCESS","return_code":"SUCCESS","sign":"23690C34CD3DB7ED6219841B46B49FCF","time_end":"20171016174219","total_fee":"1","trade_type":"JSAPI","transaction_id":"4200000017201710168439837373"}
[2017-10-16 18:16:30][debug] query:{"appid":"wx7d05a96d073b899b","attach":"DepositPayParam;1;2;shop deposit;1;1","bank_type":"CFT","cash_fee":"1","fee_type":"CNY","is_subscribe":"Y","mch_id":"1489371702","nonce_str":"aOg6O2iNXdPiAHzd","openid":"olXx5wULrXY5Xo84Ubji_cn0leos","out_trade_no":"148937170220171016174215","result_code":"SUCCESS","return_code":"SUCCESS","return_msg":"OK","sign":"C8FC22BFE4B5DBD5CA3453D8A6E87378","time_end":"20171016174220","total_fee":"1","trade_state":"SUCCESS","trade_type":"JSAPI","transaction_id":"4200000017201710168439837373"}
[2017-10-16 18:16:30][debug] add_depositlist
[2017-10-16 18:16:31][debug] insert
[2017-10-16 18:16:31][debug] insert1shop deposit,1,2,1,1508148991,1,4200000017201710168439837373
[2017-10-16 18:16:31][debug] insert21
[2017-10-16 18:16:46][debug] begin goods notify
[2017-10-16 18:16:46][debug] call back...:{"appid":"wx7d05a96d073b899b","attach":"DepositPayParam;1;2;shop deposit;1;1","bank_type":"CFT","cash_fee":"1","fee_type":"CNY","is_subscribe":"Y","mch_id":"1489371702","nonce_str":"12ka4p97vk2dsjpdhkd1bsqepzwchfii","openid":"olXx5wULrXY5Xo84Ubji_cn0leos","out_trade_no":"148937170220171016171215","result_code":"SUCCESS","return_code":"SUCCESS","sign":"A7F9134CA488D775E03C5D2DE6DBFACF","time_end":"20171016171229","total_fee":"1","trade_type":"JSAPI","transaction_id":"4200000008201710168437153730"}
[2017-10-16 18:16:46][debug] query:{"appid":"wx7d05a96d073b899b","attach":"DepositPayParam;1;2;shop deposit;1;1","bank_type":"CFT","cash_fee":"1","fee_type":"CNY","is_subscribe":"Y","mch_id":"1489371702","nonce_str":"YYLke5O6XfGRRIBX","openid":"olXx5wULrXY5Xo84Ubji_cn0leos","out_trade_no":"148937170220171016171215","result_code":"SUCCESS","return_code":"SUCCESS","return_msg":"OK","sign":"FA12331A317A36669D16EA5E045C420D","time_end":"20171016171230","total_fee":"1","trade_state":"SUCCESS","trade_type":"JSAPI","transaction_id":"4200000008201710168437153730"}
[2017-10-16 18:16:46][debug] add_depositlist
[2017-10-16 18:16:47][debug] insert
[2017-10-16 18:16:47][debug] insert1shop deposit,1,2,1,1508149007,1,4200000008201710168437153730
[2017-10-16 18:16:47][debug] insert21
[2017-10-16 18:27:09][debug] begin goods notify
[2017-10-16 18:27:09][debug] call back...:{"appid":"wx7d05a96d073b899b","attach":"DepositPayParam;1;2;shop deposit;1;1","bank_type":"CFT","cash_fee":"1","fee_type":"CNY","is_subscribe":"Y","mch_id":"1489371702","nonce_str":"qx9r8rp4uh5o4de3ni107dcso6njr7te","openid":"olXx5wULrXY5Xo84Ubji_cn0leos","out_trade_no":"148937170220171016172255","result_code":"SUCCESS","return_code":"SUCCESS","sign":"46B65F674588A24A4C4A88B0B0D0FD43","time_end":"20171016172300","total_fee":"1","trade_type":"JSAPI","transaction_id":"4200000005201710168440412303"}
[2017-10-16 18:27:09][debug] query:{"appid":"wx7d05a96d073b899b","attach":"DepositPayParam;1;2;shop deposit;1;1","bank_type":"CFT","cash_fee":"1","fee_type":"CNY","is_subscribe":"Y","mch_id":"1489371702","nonce_str":"ob2JYd1dd6tZLXJe","openid":"olXx5wULrXY5Xo84Ubji_cn0leos","out_trade_no":"148937170220171016172255","result_code":"SUCCESS","return_code":"SUCCESS","return_msg":"OK","sign":"0FC08147ADEF39A6C6A869594454B1BE","time_end":"20171016172300","total_fee":"1","trade_state":"SUCCESS","trade_type":"JSAPI","transaction_id":"4200000005201710168440412303"}
[2017-10-16 18:27:09][debug] add_depositlist
[2017-10-16 18:30:47][debug] begin goods notify
[2017-10-16 18:30:47][debug] call back...:{"appid":"wx7d05a96d073b899b","attach":"DepositPayParam;1;2;shop deposit;1;1","bank_type":"CFT","cash_fee":"1","fee_type":"CNY","is_subscribe":"Y","mch_id":"1489371702","nonce_str":"cob65ht7tbocnhbpuehejm4f6p223j23","openid":"olXx5wULrXY5Xo84Ubji_cn0leos","out_trade_no":"148937170220171016175629","result_code":"SUCCESS","return_code":"SUCCESS","sign":"B106EC8BE98A53F451FBDAB439805E27","time_end":"20171016175634","total_fee":"1","trade_type":"JSAPI","transaction_id":"4200000009201710168445378018"}
[2017-10-16 18:30:47][debug] query:{"appid":"wx7d05a96d073b899b","attach":"DepositPayParam;1;2;shop deposit;1;1","bank_type":"CFT","cash_fee":"1","fee_type":"CNY","is_subscribe":"Y","mch_id":"1489371702","nonce_str":"Hm6uw8Pw5DoM8lij","openid":"olXx5wULrXY5Xo84Ubji_cn0leos","out_trade_no":"148937170220171016175629","result_code":"SUCCESS","return_code":"SUCCESS","return_msg":"OK","sign":"EF5AD36951B67BE99874A6962F23B8E2","time_end":"20171016175634","total_fee":"1","trade_state":"SUCCESS","trade_type":"JSAPI","transaction_id":"4200000009201710168445378018"}
[2017-10-16 18:30:47][debug] add_depositlist
[2017-10-16 18:39:50][debug] begin goods notify
[2017-10-16 18:39:50][debug] call back...:{"appid":"wx7d05a96d073b899b","attach":"DepositPayParam;1;2;shop deposit;1;1","bank_type":"CFT","cash_fee":"1","fee_type":"CNY","is_subscribe":"Y","mch_id":"1489371702","nonce_str":"ldegr9lp99rrzwzz9yt7rsk4qkcib918","openid":"olXx5wULrXY5Xo84Ubji_cn0leos","out_trade_no":"148937170220171016173529","result_code":"SUCCESS","return_code":"SUCCESS","sign":"789804A49BB22584EDA331B8BA472058","time_end":"20171016173533","total_fee":"1","trade_type":"JSAPI","transaction_id":"4200000006201710168438247107"}
[2017-10-16 18:39:50][debug] query:{"appid":"wx7d05a96d073b899b","attach":"DepositPayParam;1;2;shop deposit;1;1","bank_type":"CFT","cash_fee":"1","fee_type":"CNY","is_subscribe":"Y","mch_id":"1489371702","nonce_str":"iDa9qwikZEWoKlMk","openid":"olXx5wULrXY5Xo84Ubji_cn0leos","out_trade_no":"148937170220171016173529","result_code":"SUCCESS","return_code":"SUCCESS","return_msg":"OK","sign":"A8609E998BE77B27D3A975A4A845E681","time_end":"20171016173533","total_fee":"1","trade_state":"SUCCESS","trade_type":"JSAPI","transaction_id":"4200000006201710168438247107"}
[2017-10-16 18:39:50][debug] add_depositlist
[2017-10-16 18:43:54][debug] begin goods notify
[2017-10-16 18:43:54][debug] call back...:{"appid":"wx7d05a96d073b899b","attach":"DepositPayParam;1;2;shop deposit;1;1","bank_type":"CFT","cash_fee":"1","fee_type":"CNY","is_subscribe":"Y","mch_id":"1489371702","nonce_str":"aqpxe2dzfic6tpemye48jo9qiriagwej","openid":"olXx5wULrXY5Xo84Ubji_cn0leos","out_trade_no":"148937170220171016173936","result_code":"SUCCESS","return_code":"SUCCESS","sign":"DDF8F88F309E4EBCF460B1A8A2367DA3","time_end":"20171016173940","total_fee":"1","trade_type":"JSAPI","transaction_id":"4200000012201710168444452527"}
[2017-10-16 18:43:54][debug] query:{"appid":"wx7d05a96d073b899b","attach":"DepositPayParam;1;2;shop deposit;1;1","bank_type":"CFT","cash_fee":"1","fee_type":"CNY","is_subscribe":"Y","mch_id":"1489371702","nonce_str":"zFbBjj29TnhtDPMi","openid":"olXx5wULrXY5Xo84Ubji_cn0leos","out_trade_no":"148937170220171016173936","result_code":"SUCCESS","return_code":"SUCCESS","return_msg":"OK","sign":"93B9BDBE33C6727DB66652CE368313C5","time_end":"20171016173940","total_fee":"1","trade_state":"SUCCESS","trade_type":"JSAPI","transaction_id":"4200000012201710168444452527"}
[2017-10-16 18:43:54][debug] add_depositlist
[2017-10-16 18:46:32][debug] begin goods notify
[2017-10-16 18:46:32][debug] call back...:{"appid":"wx7d05a96d073b899b","attach":"DepositPayParam;1;2;shop deposit;1;1","bank_type":"CFT","cash_fee":"1","fee_type":"CNY","is_subscribe":"Y","mch_id":"1489371702","nonce_str":"xpd1dqhuored4j6od5r0iankooifdh21","openid":"olXx5wULrXY5Xo84Ubji_cn0leos","out_trade_no":"148937170220171016174215","result_code":"SUCCESS","return_code":"SUCCESS","sign":"23690C34CD3DB7ED6219841B46B49FCF","time_end":"20171016174219","total_fee":"1","trade_type":"JSAPI","transaction_id":"4200000017201710168439837373"}
[2017-10-16 18:46:32][debug] query:{"appid":"wx7d05a96d073b899b","attach":"DepositPayParam;1;2;shop deposit;1;1","bank_type":"CFT","cash_fee":"1","fee_type":"CNY","is_subscribe":"Y","mch_id":"1489371702","nonce_str":"h4uwOzKx7tfBHxo9","openid":"olXx5wULrXY5Xo84Ubji_cn0leos","out_trade_no":"148937170220171016174215","result_code":"SUCCESS","return_code":"SUCCESS","return_msg":"OK","sign":"5CE6C1BE5F5D7CCD662DFEAA81DBB01B","time_end":"20171016174220","total_fee":"1","trade_state":"SUCCESS","trade_type":"JSAPI","transaction_id":"4200000017201710168439837373"}
[2017-10-16 18:46:32][debug] add_depositlist
[2017-10-16 18:46:48][debug] begin goods notify
[2017-10-16 18:46:48][debug] call back...:{"appid":"wx7d05a96d073b899b","attach":"DepositPayParam;1;2;shop deposit;1;1","bank_type":"CFT","cash_fee":"1","fee_type":"CNY","is_subscribe":"Y","mch_id":"1489371702","nonce_str":"12ka4p97vk2dsjpdhkd1bsqepzwchfii","openid":"olXx5wULrXY5Xo84Ubji_cn0leos","out_trade_no":"148937170220171016171215","result_code":"SUCCESS","return_code":"SUCCESS","sign":"A7F9134CA488D775E03C5D2DE6DBFACF","time_end":"20171016171229","total_fee":"1","trade_type":"JSAPI","transaction_id":"4200000008201710168437153730"}
[2017-10-16 18:46:48][debug] query:{"appid":"wx7d05a96d073b899b","attach":"DepositPayParam;1;2;shop deposit;1;1","bank_type":"CFT","cash_fee":"1","fee_type":"CNY","is_subscribe":"Y","mch_id":"1489371702","nonce_str":"xLwlZ5ARCuyqgakU","openid":"olXx5wULrXY5Xo84Ubji_cn0leos","out_trade_no":"148937170220171016171215","result_code":"SUCCESS","return_code":"SUCCESS","return_msg":"OK","sign":"49017A6303F642704E074CAB3921F1D2","time_end":"20171016171230","total_fee":"1","trade_state":"SUCCESS","trade_type":"JSAPI","transaction_id":"4200000008201710168437153730"}
[2017-10-16 18:46:48][debug] add_depositlist
[2017-10-16 18:57:11][debug] begin goods notify
[2017-10-16 18:57:11][debug] call back...:{"appid":"wx7d05a96d073b899b","attach":"DepositPayParam;1;2;shop deposit;1;1","bank_type":"CFT","cash_fee":"1","fee_type":"CNY","is_subscribe":"Y","mch_id":"1489371702","nonce_str":"qx9r8rp4uh5o4de3ni107dcso6njr7te","openid":"olXx5wULrXY5Xo84Ubji_cn0leos","out_trade_no":"148937170220171016172255","result_code":"SUCCESS","return_code":"SUCCESS","sign":"46B65F674588A24A4C4A88B0B0D0FD43","time_end":"20171016172300","total_fee":"1","trade_type":"JSAPI","transaction_id":"4200000005201710168440412303"}
[2017-10-16 18:57:11][debug] query:{"appid":"wx7d05a96d073b899b","attach":"DepositPayParam;1;2;shop deposit;1;1","bank_type":"CFT","cash_fee":"1","fee_type":"CNY","is_subscribe":"Y","mch_id":"1489371702","nonce_str":"kDmyMbK3ERgktCiR","openid":"olXx5wULrXY5Xo84Ubji_cn0leos","out_trade_no":"148937170220171016172255","result_code":"SUCCESS","return_code":"SUCCESS","return_msg":"OK","sign":"CDBCF6EA250A291A2F5EFD54C804EB9C","time_end":"20171016172300","total_fee":"1","trade_state":"SUCCESS","trade_type":"JSAPI","transaction_id":"4200000005201710168440412303"}
[2017-10-16 18:57:11][debug] add_depositlist
[2017-10-16 19:00:50][debug] begin goods notify
[2017-10-16 19:00:50][debug] call back...:{"appid":"wx7d05a96d073b899b","attach":"DepositPayParam;1;2;shop deposit;1;1","bank_type":"CFT","cash_fee":"1","fee_type":"CNY","is_subscribe":"Y","mch_id":"1489371702","nonce_str":"cob65ht7tbocnhbpuehejm4f6p223j23","openid":"olXx5wULrXY5Xo84Ubji_cn0leos","out_trade_no":"148937170220171016175629","result_code":"SUCCESS","return_code":"SUCCESS","sign":"B106EC8BE98A53F451FBDAB439805E27","time_end":"20171016175634","total_fee":"1","trade_type":"JSAPI","transaction_id":"4200000009201710168445378018"}
[2017-10-16 19:00:50][debug] query:{"appid":"wx7d05a96d073b899b","attach":"DepositPayParam;1;2;shop deposit;1;1","bank_type":"CFT","cash_fee":"1","fee_type":"CNY","is_subscribe":"Y","mch_id":"1489371702","nonce_str":"KPds3mlRHIGfuQO4","openid":"olXx5wULrXY5Xo84Ubji_cn0leos","out_trade_no":"148937170220171016175629","result_code":"SUCCESS","return_code":"SUCCESS","return_msg":"OK","sign":"FECA34FEC976282F5780CCDCA2BE4283","time_end":"20171016175634","total_fee":"1","trade_state":"SUCCESS","trade_type":"JSAPI","transaction_id":"4200000009201710168445378018"}
[2017-10-16 19:00:50][debug] add_depositlist
[2017-10-16 19:09:53][debug] begin goods notify
[2017-10-16 19:09:53][debug] call back...:{"appid":"wx7d05a96d073b899b","attach":"DepositPayParam;1;2;shop deposit;1;1","bank_type":"CFT","cash_fee":"1","fee_type":"CNY","is_subscribe":"Y","mch_id":"1489371702","nonce_str":"ldegr9lp99rrzwzz9yt7rsk4qkcib918","openid":"olXx5wULrXY5Xo84Ubji_cn0leos","out_trade_no":"148937170220171016173529","result_code":"SUCCESS","return_code":"SUCCESS","sign":"789804A49BB22584EDA331B8BA472058","time_end":"20171016173533","total_fee":"1","trade_type":"JSAPI","transaction_id":"4200000006201710168438247107"}
[2017-10-16 19:09:53][debug] query:{"appid":"wx7d05a96d073b899b","attach":"DepositPayParam;1;2;shop deposit;1;1","bank_type":"CFT","cash_fee":"1","fee_type":"CNY","is_subscribe":"Y","mch_id":"1489371702","nonce_str":"9XeVXiQgBPK1BOFr","openid":"olXx5wULrXY5Xo84Ubji_cn0leos","out_trade_no":"148937170220171016173529","result_code":"SUCCESS","return_code":"SUCCESS","return_msg":"OK","sign":"75B407C78883A1D42A23223709B3DEF5","time_end":"20171016173533","total_fee":"1","trade_state":"SUCCESS","trade_type":"JSAPI","transaction_id":"4200000006201710168438247107"}
[2017-10-16 19:09:53][debug] add_depositlist
[2017-10-16 19:13:56][debug] begin goods notify
[2017-10-16 19:13:56][debug] call back...:{"appid":"wx7d05a96d073b899b","attach":"DepositPayParam;1;2;shop deposit;1;1","bank_type":"CFT","cash_fee":"1","fee_type":"CNY","is_subscribe":"Y","mch_id":"1489371702","nonce_str":"aqpxe2dzfic6tpemye48jo9qiriagwej","openid":"olXx5wULrXY5Xo84Ubji_cn0leos","out_trade_no":"148937170220171016173936","result_code":"SUCCESS","return_code":"SUCCESS","sign":"DDF8F88F309E4EBCF460B1A8A2367DA3","time_end":"20171016173940","total_fee":"1","trade_type":"JSAPI","transaction_id":"4200000012201710168444452527"}
[2017-10-16 19:13:56][debug] query:{"appid":"wx7d05a96d073b899b","attach":"DepositPayParam;1;2;shop deposit;1;1","bank_type":"CFT","cash_fee":"1","fee_type":"CNY","is_subscribe":"Y","mch_id":"1489371702","nonce_str":"Fq8fcIi67WvZBfol","openid":"olXx5wULrXY5Xo84Ubji_cn0leos","out_trade_no":"148937170220171016173936","result_code":"SUCCESS","return_code":"SUCCESS","return_msg":"OK","sign":"E774B8804B255FC1097A243CD1D3580E","time_end":"20171016173940","total_fee":"1","trade_state":"SUCCESS","trade_type":"JSAPI","transaction_id":"4200000012201710168444452527"}
[2017-10-16 19:13:56][debug] add_depositlist
[2017-10-16 19:16:36][debug] begin goods notify
[2017-10-16 19:16:36][debug] call back...:{"appid":"wx7d05a96d073b899b","attach":"DepositPayParam;1;2;shop deposit;1;1","bank_type":"CFT","cash_fee":"1","fee_type":"CNY","is_subscribe":"Y","mch_id":"1489371702","nonce_str":"xpd1dqhuored4j6od5r0iankooifdh21","openid":"olXx5wULrXY5Xo84Ubji_cn0leos","out_trade_no":"148937170220171016174215","result_code":"SUCCESS","return_code":"SUCCESS","sign":"23690C34CD3DB7ED6219841B46B49FCF","time_end":"20171016174219","total_fee":"1","trade_type":"JSAPI","transaction_id":"4200000017201710168439837373"}
[2017-10-16 19:16:36][debug] query:{"appid":"wx7d05a96d073b899b","attach":"DepositPayParam;1;2;shop deposit;1;1","bank_type":"CFT","cash_fee":"1","fee_type":"CNY","is_subscribe":"Y","mch_id":"1489371702","nonce_str":"zyDufzwvmPutHgmW","openid":"olXx5wULrXY5Xo84Ubji_cn0leos","out_trade_no":"148937170220171016174215","result_code":"SUCCESS","return_code":"SUCCESS","return_msg":"OK","sign":"348958F8779FC3EF6ACE2B46FEB89AFC","time_end":"20171016174220","total_fee":"1","trade_state":"SUCCESS","trade_type":"JSAPI","transaction_id":"4200000017201710168439837373"}
[2017-10-16 19:16:36][debug] add_depositlist
[2017-10-16 19:16:51][debug] begin goods notify
[2017-10-16 19:16:51][debug] call back...:{"appid":"wx7d05a96d073b899b","attach":"DepositPayParam;1;2;shop deposit;1;1","bank_type":"CFT","cash_fee":"1","fee_type":"CNY","is_subscribe":"Y","mch_id":"1489371702","nonce_str":"12ka4p97vk2dsjpdhkd1bsqepzwchfii","openid":"olXx5wULrXY5Xo84Ubji_cn0leos","out_trade_no":"148937170220171016171215","result_code":"SUCCESS","return_code":"SUCCESS","sign":"A7F9134CA488D775E03C5D2DE6DBFACF","time_end":"20171016171229","total_fee":"1","trade_type":"JSAPI","transaction_id":"4200000008201710168437153730"}
[2017-10-16 19:16:52][debug] query:{"appid":"wx7d05a96d073b899b","attach":"DepositPayParam;1;2;shop deposit;1;1","bank_type":"CFT","cash_fee":"1","fee_type":"CNY","is_subscribe":"Y","mch_id":"1489371702","nonce_str":"pJ4Ez6A0c5Rqvt3e","openid":"olXx5wULrXY5Xo84Ubji_cn0leos","out_trade_no":"148937170220171016171215","result_code":"SUCCESS","return_code":"SUCCESS","return_msg":"OK","sign":"C6AFFFD9AA0E5F4388C94F91B7698766","time_end":"20171016171230","total_fee":"1","trade_state":"SUCCESS","trade_type":"JSAPI","transaction_id":"4200000008201710168437153730"}
[2017-10-16 19:16:52][debug] add_depositlist
[2017-10-16 19:27:14][debug] begin goods notify
[2017-10-16 19:27:14][debug] call back...:{"appid":"wx7d05a96d073b899b","attach":"DepositPayParam;1;2;shop deposit;1;1","bank_type":"CFT","cash_fee":"1","fee_type":"CNY","is_subscribe":"Y","mch_id":"1489371702","nonce_str":"qx9r8rp4uh5o4de3ni107dcso6njr7te","openid":"olXx5wULrXY5Xo84Ubji_cn0leos","out_trade_no":"148937170220171016172255","result_code":"SUCCESS","return_code":"SUCCESS","sign":"46B65F674588A24A4C4A88B0B0D0FD43","time_end":"20171016172300","total_fee":"1","trade_type":"JSAPI","transaction_id":"4200000005201710168440412303"}
[2017-10-16 19:27:14][debug] query:{"appid":"wx7d05a96d073b899b","attach":"DepositPayParam;1;2;shop deposit;1;1","bank_type":"CFT","cash_fee":"1","fee_type":"CNY","is_subscribe":"Y","mch_id":"1489371702","nonce_str":"RTiOE8PIDQ1c9WjC","openid":"olXx5wULrXY5Xo84Ubji_cn0leos","out_trade_no":"148937170220171016172255","result_code":"SUCCESS","return_code":"SUCCESS","return_msg":"OK","sign":"6F137B7F78F44555FC3468795A04273D","time_end":"20171016172300","total_fee":"1","trade_state":"SUCCESS","trade_type":"JSAPI","transaction_id":"4200000005201710168440412303"}
[2017-10-16 19:30:54][debug] begin goods notify
[2017-10-16 19:30:54][debug] call back...:{"appid":"wx7d05a96d073b899b","attach":"DepositPayParam;1;2;shop deposit;1;1","bank_type":"CFT","cash_fee":"1","fee_type":"CNY","is_subscribe":"Y","mch_id":"1489371702","nonce_str":"cob65ht7tbocnhbpuehejm4f6p223j23","openid":"olXx5wULrXY5Xo84Ubji_cn0leos","out_trade_no":"148937170220171016175629","result_code":"SUCCESS","return_code":"SUCCESS","sign":"B106EC8BE98A53F451FBDAB439805E27","time_end":"20171016175634","total_fee":"1","trade_type":"JSAPI","transaction_id":"4200000009201710168445378018"}
[2017-10-16 19:30:54][debug] query:{"appid":"wx7d05a96d073b899b","attach":"DepositPayParam;1;2;shop deposit;1;1","bank_type":"CFT","cash_fee":"1","fee_type":"CNY","is_subscribe":"Y","mch_id":"1489371702","nonce_str":"lG1lAUNp6JWUozgR","openid":"olXx5wULrXY5Xo84Ubji_cn0leos","out_trade_no":"148937170220171016175629","result_code":"SUCCESS","return_code":"SUCCESS","return_msg":"OK","sign":"FF70E79A2334213F62F0D074B9D39DAD","time_end":"20171016175634","total_fee":"1","trade_state":"SUCCESS","trade_type":"JSAPI","transaction_id":"4200000009201710168445378018"}
[2017-10-16 19:39:56][debug] begin goods notify
[2017-10-16 19:39:56][debug] call back...:{"appid":"wx7d05a96d073b899b","attach":"DepositPayParam;1;2;shop deposit;1;1","bank_type":"CFT","cash_fee":"1","fee_type":"CNY","is_subscribe":"Y","mch_id":"1489371702","nonce_str":"ldegr9lp99rrzwzz9yt7rsk4qkcib918","openid":"olXx5wULrXY5Xo84Ubji_cn0leos","out_trade_no":"148937170220171016173529","result_code":"SUCCESS","return_code":"SUCCESS","sign":"789804A49BB22584EDA331B8BA472058","time_end":"20171016173533","total_fee":"1","trade_type":"JSAPI","transaction_id":"4200000006201710168438247107"}
[2017-10-16 19:39:56][debug] query:{"appid":"wx7d05a96d073b899b","attach":"DepositPayParam;1;2;shop deposit;1;1","bank_type":"CFT","cash_fee":"1","fee_type":"CNY","is_subscribe":"Y","mch_id":"1489371702","nonce_str":"vAeUv7SupanCB512","openid":"olXx5wULrXY5Xo84Ubji_cn0leos","out_trade_no":"148937170220171016173529","result_code":"SUCCESS","return_code":"SUCCESS","return_msg":"OK","sign":"AC166EE2E2AF34025215C4011B128B94","time_end":"20171016173533","total_fee":"1","trade_state":"SUCCESS","trade_type":"JSAPI","transaction_id":"4200000006201710168438247107"}
[2017-10-16 19:43:58][debug] begin goods notify
[2017-10-16 19:43:58][debug] call back...:{"appid":"wx7d05a96d073b899b","attach":"DepositPayParam;1;2;shop deposit;1;1","bank_type":"CFT","cash_fee":"1","fee_type":"CNY","is_subscribe":"Y","mch_id":"1489371702","nonce_str":"aqpxe2dzfic6tpemye48jo9qiriagwej","openid":"olXx5wULrXY5Xo84Ubji_cn0leos","out_trade_no":"148937170220171016173936","result_code":"SUCCESS","return_code":"SUCCESS","sign":"DDF8F88F309E4EBCF460B1A8A2367DA3","time_end":"20171016173940","total_fee":"1","trade_type":"JSAPI","transaction_id":"4200000012201710168444452527"}
[2017-10-16 19:43:58][debug] query:{"appid":"wx7d05a96d073b899b","attach":"DepositPayParam;1;2;shop deposit;1;1","bank_type":"CFT","cash_fee":"1","fee_type":"CNY","is_subscribe":"Y","mch_id":"1489371702","nonce_str":"yym0o8USrfIEvywz","openid":"olXx5wULrXY5Xo84Ubji_cn0leos","out_trade_no":"148937170220171016173936","result_code":"SUCCESS","return_code":"SUCCESS","return_msg":"OK","sign":"920746F338AA116331001BB3E4827B11","time_end":"20171016173940","total_fee":"1","trade_state":"SUCCESS","trade_type":"JSAPI","transaction_id":"4200000012201710168444452527"}
[2017-10-16 19:46:39][debug] begin goods notify
[2017-10-16 19:46:39][debug] call back...:{"appid":"wx7d05a96d073b899b","attach":"DepositPayParam;1;2;shop deposit;1;1","bank_type":"CFT","cash_fee":"1","fee_type":"CNY","is_subscribe":"Y","mch_id":"1489371702","nonce_str":"xpd1dqhuored4j6od5r0iankooifdh21","openid":"olXx5wULrXY5Xo84Ubji_cn0leos","out_trade_no":"148937170220171016174215","result_code":"SUCCESS","return_code":"SUCCESS","sign":"23690C34CD3DB7ED6219841B46B49FCF","time_end":"20171016174219","total_fee":"1","trade_type":"JSAPI","transaction_id":"4200000017201710168439837373"}
[2017-10-16 19:46:39][debug] query:{"appid":"wx7d05a96d073b899b","attach":"DepositPayParam;1;2;shop deposit;1;1","bank_type":"CFT","cash_fee":"1","fee_type":"CNY","is_subscribe":"Y","mch_id":"1489371702","nonce_str":"bURyNdqz6Mqq1a0X","openid":"olXx5wULrXY5Xo84Ubji_cn0leos","out_trade_no":"148937170220171016174215","result_code":"SUCCESS","return_code":"SUCCESS","return_msg":"OK","sign":"CD3E76464ECEBA40609B88AE1059B304","time_end":"20171016174220","total_fee":"1","trade_state":"SUCCESS","trade_type":"JSAPI","transaction_id":"4200000017201710168439837373"}
[2017-10-16 20:00:58][debug] begin goods notify
[2017-10-16 20:00:58][debug] call back...:{"appid":"wx7d05a96d073b899b","attach":"DepositPayParam;1;2;shop deposit;1;1","bank_type":"CFT","cash_fee":"1","fee_type":"CNY","is_subscribe":"Y","mch_id":"1489371702","nonce_str":"cob65ht7tbocnhbpuehejm4f6p223j23","openid":"olXx5wULrXY5Xo84Ubji_cn0leos","out_trade_no":"148937170220171016175629","result_code":"SUCCESS","return_code":"SUCCESS","sign":"B106EC8BE98A53F451FBDAB439805E27","time_end":"20171016175634","total_fee":"1","trade_type":"JSAPI","transaction_id":"4200000009201710168445378018"}
[2017-10-16 20:00:59][debug] query:{"appid":"wx7d05a96d073b899b","attach":"DepositPayParam;1;2;shop deposit;1;1","bank_type":"CFT","cash_fee":"1","fee_type":"CNY","is_subscribe":"Y","mch_id":"1489371702","nonce_str":"11a1DbE9THcs2bNe","openid":"olXx5wULrXY5Xo84Ubji_cn0leos","out_trade_no":"148937170220171016175629","result_code":"SUCCESS","return_code":"SUCCESS","return_msg":"OK","sign":"404BC6E697E7440A6A0023CB2878D7B1","time_end":"20171016175634","total_fee":"1","trade_state":"SUCCESS","trade_type":"JSAPI","transaction_id":"4200000009201710168445378018"}
[2017-10-16 20:16:54][debug] begin goods notify
[2017-10-16 20:16:54][debug] call back...:{"appid":"wx7d05a96d073b899b","attach":"DepositPayParam;1;2;shop deposit;1;1","bank_type":"CFT","cash_fee":"1","fee_type":"CNY","is_subscribe":"Y","mch_id":"1489371702","nonce_str":"12ka4p97vk2dsjpdhkd1bsqepzwchfii","openid":"olXx5wULrXY5Xo84Ubji_cn0leos","out_trade_no":"148937170220171016171215","result_code":"SUCCESS","return_code":"SUCCESS","sign":"A7F9134CA488D775E03C5D2DE6DBFACF","time_end":"20171016171229","total_fee":"1","trade_type":"JSAPI","transaction_id":"4200000008201710168437153730"}
[2017-10-16 20:16:54][debug] query:{"appid":"wx7d05a96d073b899b","attach":"DepositPayParam;1;2;shop deposit;1;1","bank_type":"CFT","cash_fee":"1","fee_type":"CNY","is_subscribe":"Y","mch_id":"1489371702","nonce_str":"bUofr0ZLVBPMelA2","openid":"olXx5wULrXY5Xo84Ubji_cn0leos","out_trade_no":"148937170220171016171215","result_code":"SUCCESS","return_code":"SUCCESS","return_msg":"OK","sign":"EDA5725CE42476138F7B0C01D50AC98E","time_end":"20171016171230","total_fee":"1","trade_state":"SUCCESS","trade_type":"JSAPI","transaction_id":"4200000008201710168437153730"}
[2017-10-16 20:27:16][debug] begin goods notify
[2017-10-16 20:27:16][debug] call back...:{"appid":"wx7d05a96d073b899b","attach":"DepositPayParam;1;2;shop deposit;1;1","bank_type":"CFT","cash_fee":"1","fee_type":"CNY","is_subscribe":"Y","mch_id":"1489371702","nonce_str":"qx9r8rp4uh5o4de3ni107dcso6njr7te","openid":"olXx5wULrXY5Xo84Ubji_cn0leos","out_trade_no":"148937170220171016172255","result_code":"SUCCESS","return_code":"SUCCESS","sign":"46B65F674588A24A4C4A88B0B0D0FD43","time_end":"20171016172300","total_fee":"1","trade_type":"JSAPI","transaction_id":"4200000005201710168440412303"}
[2017-10-16 20:27:16][debug] query:{"appid":"wx7d05a96d073b899b","attach":"DepositPayParam;1;2;shop deposit;1;1","bank_type":"CFT","cash_fee":"1","fee_type":"CNY","is_subscribe":"Y","mch_id":"1489371702","nonce_str":"OHzceWPdN71ruNOB","openid":"olXx5wULrXY5Xo84Ubji_cn0leos","out_trade_no":"148937170220171016172255","result_code":"SUCCESS","return_code":"SUCCESS","return_msg":"OK","sign":"D9DBB9E19A1BCD7E2391EA19E2E82B4F","time_end":"20171016172300","total_fee":"1","trade_state":"SUCCESS","trade_type":"JSAPI","transaction_id":"4200000005201710168440412303"}
[2017-10-16 20:39:59][debug] begin goods notify
[2017-10-16 20:39:59][debug] call back...:{"appid":"wx7d05a96d073b899b","attach":"DepositPayParam;1;2;shop deposit;1;1","bank_type":"CFT","cash_fee":"1","fee_type":"CNY","is_subscribe":"Y","mch_id":"1489371702","nonce_str":"ldegr9lp99rrzwzz9yt7rsk4qkcib918","openid":"olXx5wULrXY5Xo84Ubji_cn0leos","out_trade_no":"148937170220171016173529","result_code":"SUCCESS","return_code":"SUCCESS","sign":"789804A49BB22584EDA331B8BA472058","time_end":"20171016173533","total_fee":"1","trade_type":"JSAPI","transaction_id":"4200000006201710168438247107"}
[2017-10-16 20:39:59][debug] query:{"appid":"wx7d05a96d073b899b","attach":"DepositPayParam;1;2;shop deposit;1;1","bank_type":"CFT","cash_fee":"1","fee_type":"CNY","is_subscribe":"Y","mch_id":"1489371702","nonce_str":"EuJ5RjzraxDmsIHC","openid":"olXx5wULrXY5Xo84Ubji_cn0leos","out_trade_no":"148937170220171016173529","result_code":"SUCCESS","return_code":"SUCCESS","return_msg":"OK","sign":"75A562CE64A8C8509DD55E9936E11237","time_end":"20171016173533","total_fee":"1","trade_state":"SUCCESS","trade_type":"JSAPI","transaction_id":"4200000006201710168438247107"}
[2017-10-16 20:44:02][debug] begin goods notify
[2017-10-16 20:44:02][debug] call back...:{"appid":"wx7d05a96d073b899b","attach":"DepositPayParam;1;2;shop deposit;1;1","bank_type":"CFT","cash_fee":"1","fee_type":"CNY","is_subscribe":"Y","mch_id":"1489371702","nonce_str":"aqpxe2dzfic6tpemye48jo9qiriagwej","openid":"olXx5wULrXY5Xo84Ubji_cn0leos","out_trade_no":"148937170220171016173936","result_code":"SUCCESS","return_code":"SUCCESS","sign":"DDF8F88F309E4EBCF460B1A8A2367DA3","time_end":"20171016173940","total_fee":"1","trade_type":"JSAPI","transaction_id":"4200000012201710168444452527"}
[2017-10-16 20:44:02][debug] query:{"appid":"wx7d05a96d073b899b","attach":"DepositPayParam;1;2;shop deposit;1;1","bank_type":"CFT","cash_fee":"1","fee_type":"CNY","is_subscribe":"Y","mch_id":"1489371702","nonce_str":"B1pYKzpQRPsDxLpo","openid":"olXx5wULrXY5Xo84Ubji_cn0leos","out_trade_no":"148937170220171016173936","result_code":"SUCCESS","return_code":"SUCCESS","return_msg":"OK","sign":"40239A61CF2FA48CC95C05794A7D054A","time_end":"20171016173940","total_fee":"1","trade_state":"SUCCESS","trade_type":"JSAPI","transaction_id":"4200000012201710168444452527"}
[2017-10-16 20:46:42][debug] begin goods notify
[2017-10-16 20:46:42][debug] call back...:{"appid":"wx7d05a96d073b899b","attach":"DepositPayParam;1;2;shop deposit;1;1","bank_type":"CFT","cash_fee":"1","fee_type":"CNY","is_subscribe":"Y","mch_id":"1489371702","nonce_str":"xpd1dqhuored4j6od5r0iankooifdh21","openid":"olXx5wULrXY5Xo84Ubji_cn0leos","out_trade_no":"148937170220171016174215","result_code":"SUCCESS","return_code":"SUCCESS","sign":"23690C34CD3DB7ED6219841B46B49FCF","time_end":"20171016174219","total_fee":"1","trade_type":"JSAPI","transaction_id":"4200000017201710168439837373"}
[2017-10-16 20:46:42][debug] query:{"appid":"wx7d05a96d073b899b","attach":"DepositPayParam;1;2;shop deposit;1;1","bank_type":"CFT","cash_fee":"1","fee_type":"CNY","is_subscribe":"Y","mch_id":"1489371702","nonce_str":"0VOIu6AjG6LQ6FFD","openid":"olXx5wULrXY5Xo84Ubji_cn0leos","out_trade_no":"148937170220171016174215","result_code":"SUCCESS","return_code":"SUCCESS","return_msg":"OK","sign":"A58F0B5B9047535402E86C1545BC3B35","time_end":"20171016174220","total_fee":"1","trade_state":"SUCCESS","trade_type":"JSAPI","transaction_id":"4200000017201710168439837373"}
[2017-10-16 21:01:01][debug] begin goods notify
[2017-10-16 21:01:01][debug] call back...:{"appid":"wx7d05a96d073b899b","attach":"DepositPayParam;1;2;shop deposit;1;1","bank_type":"CFT","cash_fee":"1","fee_type":"CNY","is_subscribe":"Y","mch_id":"1489371702","nonce_str":"cob65ht7tbocnhbpuehejm4f6p223j23","openid":"olXx5wULrXY5Xo84Ubji_cn0leos","out_trade_no":"148937170220171016175629","result_code":"SUCCESS","return_code":"SUCCESS","sign":"B106EC8BE98A53F451FBDAB439805E27","time_end":"20171016175634","total_fee":"1","trade_type":"JSAPI","transaction_id":"4200000009201710168445378018"}
[2017-10-16 21:01:01][debug] query:{"appid":"wx7d05a96d073b899b","attach":"DepositPayParam;1;2;shop deposit;1;1","bank_type":"CFT","cash_fee":"1","fee_type":"CNY","is_subscribe":"Y","mch_id":"1489371702","nonce_str":"2NxyXhpbowuAE7ZY","openid":"olXx5wULrXY5Xo84Ubji_cn0leos","out_trade_no":"148937170220171016175629","result_code":"SUCCESS","return_code":"SUCCESS","return_msg":"OK","sign":"EFD4193BEE450E9B5C2A4C1D76180266","time_end":"20171016175634","total_fee":"1","trade_state":"SUCCESS","trade_type":"JSAPI","transaction_id":"4200000009201710168445378018"}
