[2018-05-03 11:24:32][debug] begin goods notify
[2018-05-03 11:24:32][debug] call back...---:{"appid":"wxd42787e75e0a0d24","attach":"DepositPayParam;646;515;\u4e1a\u52a1\u7ed1\u5b9a\u5546\u6237\u62bc\u91d1;1;1","bank_type":"ABC_DEBIT","cash_fee":"1","fee_type":"CNY","is_subscribe":"Y","mch_id":"1499493602","nonce_str":"d8943pwahw9vqf24i57t9gedz41ezybt","openid":"oJj3g04Q7d1CE52vpAY8n6UBZBBk","out_trade_no":"149949360220180503112119","result_code":"SUCCESS","return_code":"SUCCESS","sign":"B196526D968AB0CC30D89C35013436C2","time_end":"20180503112430","total_fee":"1","trade_type":"JSAPI","transaction_id":"4200000119201805031641952512"}
[2018-05-03 11:24:32][debug] query:{"appid":"wxd42787e75e0a0d24","attach":"DepositPayParam;646;515;\u4e1a\u52a1\u7ed1\u5b9a\u5546\u6237\u62bc\u91d1;1;1","bank_type":"ABC_DEBIT","cash_fee":"1","fee_type":"CNY","is_subscribe":"Y","mch_id":"1499493602","nonce_str":"shsICBcPlnRkvlOd","openid":"oJj3g04Q7d1CE52vpAY8n6UBZBBk","out_trade_no":"149949360220180503112119","result_code":"SUCCESS","return_code":"SUCCESS","return_msg":"OK","sign":"133867B9F6C2EB626BDEC7DB59B1DF0D","time_end":"20180503112431","total_fee":"1","trade_state":"SUCCESS","trade_state_desc":"\u652f\u4ed8\u6210\u529f","trade_type":"JSAPI","transaction_id":"4200000119201805031641952512"}
[2018-05-03 11:24:32][debug] add_depositlist
[2018-05-03 11:24:32][debug] insert646..515
[2018-05-03 11:24:32][debug] insert1业务绑定商户押金,646,515,1,1525317872,1,4200000119201805031641952512
[2018-05-03 11:24:32][debug] insert21
[2018-05-03 11:29:25][debug] begin goods notify
[2018-05-03 11:29:25][debug] call back...---:{"appid":"wxd42787e75e0a0d24","attach":"GoodsPayParam;516;\u5973\u53cb\u5986\u56ed\u5f00\u4e1a\u5957\u5238;990;100;1","bank_type":"CFT","cash_fee":"990","fee_type":"CNY","is_subscribe":"Y","mch_id":"1499493602","nonce_str":"gikyzor1s5tvna7dejfcpjoypu74b7yu","openid":"oJj3g0-JvH9Pg6ojxOC3tBuQJOSk","out_trade_no":"149949360220180503112918","result_code":"SUCCESS","return_code":"SUCCESS","sign":"25881C785A45DC4537FA20321C611340","time_end":"20180503112923","total_fee":"990","trade_type":"JSAPI","transaction_id":"4200000116201805031496804510"}
[2018-05-03 11:29:25][debug] query:{"appid":"wxd42787e75e0a0d24","attach":"GoodsPayParam;516;\u5973\u53cb\u5986\u56ed\u5f00\u4e1a\u5957\u5238;990;100;1","bank_type":"CFT","cash_fee":"990","fee_type":"CNY","is_subscribe":"Y","mch_id":"1499493602","nonce_str":"OpHrCEeHPkgX6r7t","openid":"oJj3g0-JvH9Pg6ojxOC3tBuQJOSk","out_trade_no":"149949360220180503112918","result_code":"SUCCESS","return_code":"SUCCESS","return_msg":"OK","sign":"A810F2CBE8D69B52BCFECA61E8C4AD74","time_end":"20180503112923","total_fee":"990","trade_state":"SUCCESS","trade_state_desc":"\u652f\u4ed8\u6210\u529f","trade_type":"JSAPI","transaction_id":"4200000116201805031496804510"}
[2018-05-03 11:29:25][debug] im enter
[2018-05-03 11:29:25][debug] start add call data:4200000116201805031496804510
[2018-05-03 11:29:25][debug] addgoods4200000116201805031496804510
[2018-05-03 12:05:57][debug] begin goods notify
[2018-05-03 12:05:57][debug] call back...---:{"appid":"wxd42787e75e0a0d24","attach":"GoodsPayParam;649;\u5973\u53cb\u5986\u56ed\u5f00\u4e1a\u5957\u5238;990;100;1","bank_type":"CCB_DEBIT","cash_fee":"990","fee_type":"CNY","is_subscribe":"Y","mch_id":"1499493602","nonce_str":"fl2qjaydhp45qyzdt07dztsmfd3gutgo","openid":"oJj3g0-FJTqGVua5U3i8LHsAONVA","out_trade_no":"149949360220180503120548","result_code":"SUCCESS","return_code":"SUCCESS","sign":"2A82F12E045220C976888B752C96E0C2","time_end":"20180503120555","total_fee":"990","trade_type":"JSAPI","transaction_id":"4200000118201805031756972251"}
[2018-05-03 12:05:57][debug] query:{"appid":"wxd42787e75e0a0d24","attach":"GoodsPayParam;649;\u5973\u53cb\u5986\u56ed\u5f00\u4e1a\u5957\u5238;990;100;1","bank_type":"CCB_DEBIT","cash_fee":"990","fee_type":"CNY","is_subscribe":"Y","mch_id":"1499493602","nonce_str":"jHFlt74UVQj5Wx5g","openid":"oJj3g0-FJTqGVua5U3i8LHsAONVA","out_trade_no":"149949360220180503120548","result_code":"SUCCESS","return_code":"SUCCESS","return_msg":"OK","sign":"AF38DA18DD6A5778EB2947E4D2AD1099","time_end":"20180503120555","total_fee":"990","trade_state":"SUCCESS","trade_state_desc":"\u652f\u4ed8\u6210\u529f","trade_type":"JSAPI","transaction_id":"4200000118201805031756972251"}
[2018-05-03 12:05:57][debug] im enter
[2018-05-03 12:05:57][debug] start add call data:4200000118201805031756972251
[2018-05-03 12:05:57][debug] addgoods4200000118201805031756972251
[2018-05-03 13:15:50][debug] begin goods notify
[2018-05-03 13:15:50][debug] call back...---:{"appid":"wxd42787e75e0a0d24","attach":"GoodsPayParam;552;\u5973\u53cb\u5986\u56ed\u5f00\u4e1a\u5957\u5238;990;100;1","bank_type":"CFT","cash_fee":"990","fee_type":"CNY","is_subscribe":"Y","mch_id":"1499493602","nonce_str":"90cyu7hw2odg7k5tvbn68njogjllmhx4","openid":"oJj3g09NaN4pyJfte08tmHhvPh1M","out_trade_no":"149949360220180503131538","result_code":"SUCCESS","return_code":"SUCCESS","sign":"C1627FBE14A591D1AB7B3FA3E53DE519","time_end":"20180503131550","total_fee":"990","trade_type":"JSAPI","transaction_id":"4200000128201805031601965180"}
[2018-05-03 13:15:51][debug] query:{"appid":"wxd42787e75e0a0d24","attach":"GoodsPayParam;552;\u5973\u53cb\u5986\u56ed\u5f00\u4e1a\u5957\u5238;990;100;1","bank_type":"CFT","cash_fee":"990","fee_type":"CNY","is_subscribe":"Y","mch_id":"1499493602","nonce_str":"3GOtszGgA5UMTTnV","openid":"oJj3g09NaN4pyJfte08tmHhvPh1M","out_trade_no":"149949360220180503131538","result_code":"SUCCESS","return_code":"SUCCESS","return_msg":"OK","sign":"BAE6B0842380DB28634E61BE6028887B","time_end":"20180503131550","total_fee":"990","trade_state":"SUCCESS","trade_state_desc":"\u652f\u4ed8\u6210\u529f","trade_type":"JSAPI","transaction_id":"4200000128201805031601965180"}
[2018-05-03 13:15:51][debug] im enter
[2018-05-03 13:15:51][debug] start add call data:4200000128201805031601965180
[2018-05-03 13:15:51][debug] addgoods4200000128201805031601965180
[2018-05-03 13:15:57][debug] begin goods notify
[2018-05-03 13:15:57][debug] call back...---:{"appid":"wxd42787e75e0a0d24","attach":"GoodsPayParam;547;\u5973\u53cb\u5986\u56ed\u5f00\u4e1a\u5957\u5238;990;100;1","bank_type":"CFT","cash_fee":"990","fee_type":"CNY","is_subscribe":"Y","mch_id":"1499493602","nonce_str":"adwfw9v746187equ4f1sdiwjtoxi6dqv","openid":"oJj3g00L0_jrA8vJXyseDSkjObRc","out_trade_no":"149949360220180503131543","result_code":"SUCCESS","return_code":"SUCCESS","sign":"4904EE0917A7C4EC27CB08E1286315FD","time_end":"20180503131557","total_fee":"990","trade_type":"JSAPI","transaction_id":"4200000133201805031747061202"}
[2018-05-03 13:15:57][debug] begin goods notify
[2018-05-03 13:15:57][debug] call back...---:{"appid":"wxd42787e75e0a0d24","attach":"GoodsPayParam;527;\u5973\u53cb\u5986\u56ed\u5f00\u4e1a\u5957\u5238;990;100;1","bank_type":"CFT","cash_fee":"990","fee_type":"CNY","is_subscribe":"Y","mch_id":"1499493602","nonce_str":"vbv1a1p0ojh65ff6wajon7lb1kdys3m1","openid":"oJj3g0yBtQcBlHBb4XWa57i9CSr4","out_trade_no":"149949360220180503131544","result_code":"SUCCESS","return_code":"SUCCESS","sign":"A9E49C8374C5CFCD7B642980F0EF97E0","time_end":"20180503131557","total_fee":"990","trade_type":"JSAPI","transaction_id":"4200000130201805031734411673"}
[2018-05-03 13:15:58][debug] query:{"appid":"wxd42787e75e0a0d24","attach":"GoodsPayParam;547;\u5973\u53cb\u5986\u56ed\u5f00\u4e1a\u5957\u5238;990;100;1","bank_type":"CFT","cash_fee":"990","fee_type":"CNY","is_subscribe":"Y","mch_id":"1499493602","nonce_str":"rwwLs8zXiObRbpIq","openid":"oJj3g00L0_jrA8vJXyseDSkjObRc","out_trade_no":"149949360220180503131543","result_code":"SUCCESS","return_code":"SUCCESS","return_msg":"OK","sign":"9E791392EB0CA6E60DF4F90DA414179D","time_end":"20180503131557","total_fee":"990","trade_state":"SUCCESS","trade_state_desc":"\u652f\u4ed8\u6210\u529f","trade_type":"JSAPI","transaction_id":"4200000133201805031747061202"}
[2018-05-03 13:15:58][debug] im enter
[2018-05-03 13:15:58][debug] start add call data:4200000133201805031747061202
[2018-05-03 13:15:58][debug] addgoods4200000133201805031747061202
[2018-05-03 13:15:58][debug] query:{"appid":"wxd42787e75e0a0d24","attach":"GoodsPayParam;527;\u5973\u53cb\u5986\u56ed\u5f00\u4e1a\u5957\u5238;990;100;1","bank_type":"CFT","cash_fee":"990","fee_type":"CNY","is_subscribe":"Y","mch_id":"1499493602","nonce_str":"yNA9nzUuGohScdYZ","openid":"oJj3g0yBtQcBlHBb4XWa57i9CSr4","out_trade_no":"149949360220180503131544","result_code":"SUCCESS","return_code":"SUCCESS","return_msg":"OK","sign":"23F3288C10AC53A2F0A1157D98CBE1B8","time_end":"20180503131557","total_fee":"990","trade_state":"SUCCESS","trade_state_desc":"\u652f\u4ed8\u6210\u529f","trade_type":"JSAPI","transaction_id":"4200000130201805031734411673"}
[2018-05-03 13:15:58][debug] im enter
[2018-05-03 13:15:58][debug] start add call data:4200000130201805031734411673
[2018-05-03 13:15:58][debug] addgoods4200000130201805031734411673
[2018-05-03 13:20:39][debug] begin goods notify
[2018-05-03 13:20:39][debug] call back...---:{"appid":"wxd42787e75e0a0d24","attach":"GoodsPayParam;520;\u5973\u53cb\u5986\u56ed\u5f00\u4e1a\u5957\u5238;990;100;1","bank_type":"CFT","cash_fee":"990","fee_type":"CNY","is_subscribe":"Y","mch_id":"1499493602","nonce_str":"7z9kwp3ougfl7xfbv7z7sxgff2b7hcyn","openid":"oJj3g0wmYR0PzBHUSOGZ83joOjPI","out_trade_no":"149949360220180503132033","result_code":"SUCCESS","return_code":"SUCCESS","sign":"28EACA040CA64CA02F00F853F1C67838","time_end":"20180503132038","total_fee":"990","trade_type":"JSAPI","transaction_id":"4200000128201805031838945543"}
[2018-05-03 13:20:39][debug] query:{"appid":"wxd42787e75e0a0d24","attach":"GoodsPayParam;520;\u5973\u53cb\u5986\u56ed\u5f00\u4e1a\u5957\u5238;990;100;1","bank_type":"CFT","cash_fee":"990","fee_type":"CNY","is_subscribe":"Y","mch_id":"1499493602","nonce_str":"8pdzsboXOxOlJJKv","openid":"oJj3g0wmYR0PzBHUSOGZ83joOjPI","out_trade_no":"149949360220180503132033","result_code":"SUCCESS","return_code":"SUCCESS","return_msg":"OK","sign":"EA3E4825B3608FA596FE9B5A46CC75E3","time_end":"20180503132038","total_fee":"990","trade_state":"SUCCESS","trade_state_desc":"\u652f\u4ed8\u6210\u529f","trade_type":"JSAPI","transaction_id":"4200000128201805031838945543"}
[2018-05-03 13:20:39][debug] im enter
[2018-05-03 13:20:39][debug] start add call data:4200000128201805031838945543
[2018-05-03 13:20:39][debug] addgoods4200000128201805031838945543
[2018-05-03 15:43:20][debug] begin goods notify
[2018-05-03 15:43:20][debug] call back...---:{"appid":"wxd42787e75e0a0d24","attach":"GoodsPayParam;657;\u5973\u53cb\u5986\u56ed\u5f00\u4e1a\u5957\u5238;990;100;1","bank_type":"CFT","cash_fee":"990","fee_type":"CNY","is_subscribe":"Y","mch_id":"1499493602","nonce_str":"9tsvvwv242r5llmpw12jmks86jxtu1wv","openid":"oJj3g06U9-E2hvzvtMgIZEi1cmzs","out_trade_no":"149949360220180503154313","result_code":"SUCCESS","return_code":"SUCCESS","sign":"488FF8813AB1A907E235B33A70EBC9AD","time_end":"20180503154319","total_fee":"990","trade_type":"JSAPI","transaction_id":"4200000137201805031821906873"}
[2018-05-03 15:43:20][debug] query:{"appid":"wxd42787e75e0a0d24","attach":"GoodsPayParam;657;\u5973\u53cb\u5986\u56ed\u5f00\u4e1a\u5957\u5238;990;100;1","bank_type":"CFT","cash_fee":"990","fee_type":"CNY","is_subscribe":"Y","mch_id":"1499493602","nonce_str":"DeXwZpIO8GS093OJ","openid":"oJj3g06U9-E2hvzvtMgIZEi1cmzs","out_trade_no":"149949360220180503154313","result_code":"SUCCESS","return_code":"SUCCESS","return_msg":"OK","sign":"C9D9080132563A06F165933268758F95","time_end":"20180503154320","total_fee":"990","trade_state":"SUCCESS","trade_state_desc":"\u652f\u4ed8\u6210\u529f","trade_type":"JSAPI","transaction_id":"4200000137201805031821906873"}
[2018-05-03 15:43:20][debug] im enter
[2018-05-03 15:43:20][debug] start add call data:4200000137201805031821906873
[2018-05-03 15:43:20][debug] addgoods4200000137201805031821906873
[2018-05-03 17:46:28][debug] begin goods notify
[2018-05-03 17:46:28][debug] call back...---:{"appid":"wxd42787e75e0a0d24","attach":"DepositPayParam;551;512;\u4e1a\u52a1\u7ed1\u5b9a\u5546\u6237\u62bc\u91d1;1;1","bank_type":"CFT","cash_fee":"1","fee_type":"CNY","is_subscribe":"N","mch_id":"1499493602","nonce_str":"ode6ueyknhmcrqh6k69pfttpd3rykbod","openid":"oJj3g061SwO3cuqyFlMInfcyGrA4","out_trade_no":"149949360220180503174623","result_code":"SUCCESS","return_code":"SUCCESS","sign":"B9C853337156762BA2D61D21AA931A7D","time_end":"20180503174628","total_fee":"1","trade_type":"JSAPI","transaction_id":"4200000138201805031401275652"}
[2018-05-03 17:46:28][debug] query:{"appid":"wxd42787e75e0a0d24","attach":"DepositPayParam;551;512;\u4e1a\u52a1\u7ed1\u5b9a\u5546\u6237\u62bc\u91d1;1;1","bank_type":"CFT","cash_fee":"1","fee_type":"CNY","is_subscribe":"N","mch_id":"1499493602","nonce_str":"2gEfWERTJQy3jybZ","openid":"oJj3g061SwO3cuqyFlMInfcyGrA4","out_trade_no":"149949360220180503174623","result_code":"SUCCESS","return_code":"SUCCESS","return_msg":"OK","sign":"413B7FDEAF4B3B4DB9DBB6CE8F5E0E91","time_end":"20180503174628","total_fee":"1","trade_state":"SUCCESS","trade_state_desc":"\u652f\u4ed8\u6210\u529f","trade_type":"JSAPI","transaction_id":"4200000138201805031401275652"}
[2018-05-03 17:46:28][debug] add_depositlist
[2018-05-03 17:46:28][debug] insert551..512
[2018-05-03 17:46:28][debug] insert1业务绑定商户押金,551,512,1,1525340788,1,4200000138201805031401275652
[2018-05-03 17:46:28][debug] insert21
