[2018-08-26 11:21:18][debug] begin goods notify
[2018-08-26 11:21:18][debug] call back...---:{"appid":"wxd42787e75e0a0d24","attach":"GoodsPayParam;1535253664995","bank_type":"CMB_DEBIT","cash_fee":"1","fee_type":"CNY","is_subscribe":"N","mch_id":"1499493602","nonce_str":"iszqa3qkaxbkztyp7egjflwtaqijsvqi","openid":"oJj3g0xrYZCV-e4nBwRRQsQJXwYs","out_trade_no":"149949360220180826112104","result_code":"SUCCESS","return_code":"SUCCESS","sign":"D7CB8A6844FFC8E7388E09637E65CC70","time_end":"20180826112117","total_fee":"1","trade_type":"JSAPI","transaction_id":"4200000162201808261122594468"}
[2018-08-26 11:21:18][debug] query:{"appid":"wxd42787e75e0a0d24","attach":"GoodsPayParam;1535253664995","bank_type":"CMB_DEBIT","cash_fee":"1","fee_type":"CNY","is_subscribe":"N","mch_id":"1499493602","nonce_str":"8bAoqn60cVtLiUqb","openid":"oJj3g0xrYZCV-e4nBwRRQsQJXwYs","out_trade_no":"149949360220180826112104","result_code":"SUCCESS","return_code":"SUCCESS","return_msg":"OK","sign":"D305588D56ECD8D4FC999735239A9A3E","time_end":"20180826112117","total_fee":"1","trade_state":"SUCCESS","trade_state_desc":"\u652f\u4ed8\u6210\u529f","trade_type":"JSAPI","transaction_id":"4200000162201808261122594468"}
[2018-08-26 11:21:18][debug] im enter
[2018-08-26 11:21:18][debug] addgoods4200000162201808261122594468
[2018-08-26 12:11:23][debug] begin goods notify
[2018-08-26 12:11:23][debug] call back...---:{"appid":"wxd42787e75e0a0d24","attach":"GoodsPayParam;1535256678515","bank_type":"CMB_DEBIT","cash_fee":"1000","fee_type":"CNY","is_subscribe":"Y","mch_id":"1499493602","nonce_str":"2cvf9xjufsdz564j2nw0tp240qbedcf3","openid":"oJj3g0wmP-C7UIrPeqOeEYeoGgfE","out_trade_no":"149949360220180826121118","result_code":"SUCCESS","return_code":"SUCCESS","sign":"B75D45A02A887C0C8B4723EC466DEDF1","time_end":"20180826121122","total_fee":"1000","trade_type":"JSAPI","transaction_id":"4200000171201808262046563555"}
[2018-08-26 12:11:23][debug] query:{"appid":"wxd42787e75e0a0d24","attach":"GoodsPayParam;1535256678515","bank_type":"CMB_DEBIT","cash_fee":"1000","fee_type":"CNY","is_subscribe":"Y","mch_id":"1499493602","nonce_str":"sJTEXK1eyjPL20bF","openid":"oJj3g0wmP-C7UIrPeqOeEYeoGgfE","out_trade_no":"149949360220180826121118","result_code":"SUCCESS","return_code":"SUCCESS","return_msg":"OK","sign":"FD2E0A56801775F89B8F6CEB499C718B","time_end":"20180826121122","total_fee":"1000","trade_state":"SUCCESS","trade_state_desc":"\u652f\u4ed8\u6210\u529f","trade_type":"JSAPI","transaction_id":"4200000171201808262046563555"}
[2018-08-26 12:11:23][debug] im enter
[2018-08-26 12:11:23][debug] addgoods4200000171201808262046563555
[2018-08-26 12:25:17][debug] begin goods notify
[2018-08-26 12:25:17][debug] call back...---:{"appid":"wxd42787e75e0a0d24","attach":"GoodsPayParam;1535257511515","bank_type":"CMB_DEBIT","cash_fee":"985","coupon_count":"1","coupon_fee":"15","coupon_fee_0":"15","coupon_id_0":"2000000043359868017","fee_type":"CNY","is_subscribe":"Y","mch_id":"1499493602","nonce_str":"1o6fbvtqwpzoybfdk72vf3a9225ywqej","openid":"oJj3g0wmP-C7UIrPeqOeEYeoGgfE","out_trade_no":"149949360220180826122511","result_code":"SUCCESS","return_code":"SUCCESS","sign":"6BD46D3A255BDF85299750F43DC6C88B","time_end":"20180826122516","total_fee":"1000","trade_type":"JSAPI","transaction_id":"4200000182201808264343753172"}
[2018-08-26 12:25:17][debug] query:{"appid":"wxd42787e75e0a0d24","attach":"GoodsPayParam;1535257511515","bank_type":"CMB_DEBIT","cash_fee":"985","coupon_count":"1","coupon_fee":"15","coupon_fee_0":"15","coupon_id_0":"2000000043359868017","fee_type":"CNY","is_subscribe":"Y","mch_id":"1499493602","nonce_str":"31Gj9TsqqyzmYQiP","openid":"oJj3g0wmP-C7UIrPeqOeEYeoGgfE","out_trade_no":"149949360220180826122511","result_code":"SUCCESS","return_code":"SUCCESS","return_msg":"OK","sign":"E770F0C46416FB32E16FDDDC314B4373","time_end":"20180826122516","total_fee":"1000","trade_state":"SUCCESS","trade_state_desc":"\u652f\u4ed8\u6210\u529f","trade_type":"JSAPI","transaction_id":"4200000182201808264343753172"}
[2018-08-26 12:25:17][debug] im enter
[2018-08-26 12:25:17][debug] addgoods4200000182201808264343753172
[2018-08-26 18:05:38][debug] begin goods notify
[2018-08-26 18:05:38][debug] call back...---:{"appid":"wxd42787e75e0a0d24","attach":"GoodsPayParam;1535277931512","bank_type":"CFT","cash_fee":"1","fee_type":"CNY","is_subscribe":"Y","mch_id":"1499493602","nonce_str":"x54mzlzaxycz969dyztynio69c17diep","openid":"oJj3g09sX7Z9x6EBjR8cDry-cJjU","out_trade_no":"149949360220180826180531","result_code":"SUCCESS","return_code":"SUCCESS","sign":"9691F7F9D8EA7F2A35F40C71D82A5191","time_end":"20180826180537","total_fee":"1","trade_type":"JSAPI","transaction_id":"4200000182201808266638071216"}
[2018-08-26 18:05:38][debug] query:{"appid":"wxd42787e75e0a0d24","attach":"GoodsPayParam;1535277931512","bank_type":"CFT","cash_fee":"1","fee_type":"CNY","is_subscribe":"Y","mch_id":"1499493602","nonce_str":"6Sg1EgsbT5QlECC0","openid":"oJj3g09sX7Z9x6EBjR8cDry-cJjU","out_trade_no":"149949360220180826180531","result_code":"SUCCESS","return_code":"SUCCESS","return_msg":"OK","sign":"E956E3D05AE6AF9F93EB43A8F09FBE45","time_end":"20180826180538","total_fee":"1","trade_state":"SUCCESS","trade_state_desc":"\u652f\u4ed8\u6210\u529f","trade_type":"JSAPI","transaction_id":"4200000182201808266638071216"}
[2018-08-26 18:05:38][debug] im enter
[2018-08-26 18:05:38][debug] addgoods4200000182201808266638071216
[2018-08-26 18:06:37][debug] begin goods notify
[2018-08-26 18:06:37][debug] call back...---:{"appid":"wxd42787e75e0a0d24","attach":"GoodsPayParam;1535277991512","bank_type":"CFT","cash_fee":"1","fee_type":"CNY","is_subscribe":"Y","mch_id":"1499493602","nonce_str":"cxkmpbkw4pghkt76gg25jlm02kdhqc7l","openid":"oJj3g09sX7Z9x6EBjR8cDry-cJjU","out_trade_no":"149949360220180826180631","result_code":"SUCCESS","return_code":"SUCCESS","sign":"2E4261DBE2768DEA5521FFACC1C648BB","time_end":"20180826180636","total_fee":"1","trade_type":"JSAPI","transaction_id":"4200000168201808269522952438"}
[2018-08-26 18:06:37][debug] query:{"appid":"wxd42787e75e0a0d24","attach":"GoodsPayParam;1535277991512","bank_type":"CFT","cash_fee":"1","fee_type":"CNY","is_subscribe":"Y","mch_id":"1499493602","nonce_str":"1swTWAllu5NstQGD","openid":"oJj3g09sX7Z9x6EBjR8cDry-cJjU","out_trade_no":"149949360220180826180631","result_code":"SUCCESS","return_code":"SUCCESS","return_msg":"OK","sign":"AAAB47B1A2D4C2CC9D9D70E5B7A4AB56","time_end":"20180826180636","total_fee":"1","trade_state":"SUCCESS","trade_state_desc":"\u652f\u4ed8\u6210\u529f","trade_type":"JSAPI","transaction_id":"4200000168201808269522952438"}
[2018-08-26 18:06:37][debug] im enter
[2018-08-26 18:06:37][debug] addgoods4200000168201808269522952438
[2018-08-26 18:26:12][debug] begin goods notify
[2018-08-26 18:26:12][debug] call back...---:{"appid":"wxd42787e75e0a0d24","attach":"GoodsPayParam;1535279167515","bank_type":"CMB_DEBIT","cash_fee":"1000","fee_type":"CNY","is_subscribe":"Y","mch_id":"1499493602","nonce_str":"9l3uzqjfvqu7jjys054dlyw8y5mo14wv","openid":"oJj3g0wmP-C7UIrPeqOeEYeoGgfE","out_trade_no":"149949360220180826182607","result_code":"SUCCESS","return_code":"SUCCESS","sign":"A81394E253DF2D4E3D865427335E035C","time_end":"20180826182611","total_fee":"1000","trade_type":"JSAPI","transaction_id":"4200000188201808264866213501"}
[2018-08-26 18:26:12][debug] query:{"appid":"wxd42787e75e0a0d24","attach":"GoodsPayParam;1535279167515","bank_type":"CMB_DEBIT","cash_fee":"1000","fee_type":"CNY","is_subscribe":"Y","mch_id":"1499493602","nonce_str":"BQRfjxMgWry6jrsN","openid":"oJj3g0wmP-C7UIrPeqOeEYeoGgfE","out_trade_no":"149949360220180826182607","result_code":"SUCCESS","return_code":"SUCCESS","return_msg":"OK","sign":"194B3726395AF56D98178C65C5AAE3CD","time_end":"20180826182611","total_fee":"1000","trade_state":"SUCCESS","trade_state_desc":"\u652f\u4ed8\u6210\u529f","trade_type":"JSAPI","transaction_id":"4200000188201808264866213501"}
[2018-08-26 18:26:12][debug] im enter
[2018-08-26 18:26:12][debug] addgoods4200000188201808264866213501
