[2018-03-16 12:09:37][debug] begin goods notify
[2018-03-16 12:09:37][debug] call back...---:{"appid":"wxecd6b654b7533930","attach":"DepositPayParam;163;165;\u62bc\u91d1;1;1","bank_type":"CFT","cash_fee":"1","fee_type":"CNY","is_subscribe":"Y","mch_id":"1285500001","nonce_str":"6evuwkigbvxvhznnixxuovzf5lfmsgc1","openid":"oW5_rjhppKz1e4rzMqVcnDxAGFH4","out_trade_no":"128550000120180316120926","result_code":"SUCCESS","return_code":"SUCCESS","sign":"2B16838BBE660E62C0D38A28383E127D","time_end":"20180316120936","total_fee":"1","trade_type":"JSAPI","transaction_id":"4200000081201803169623696909"}
[2018-03-16 12:09:37][debug] query:{"appid":"wxecd6b654b7533930","attach":"DepositPayParam;163;165;\u62bc\u91d1;1;1","bank_type":"CFT","cash_fee":"1","fee_type":"CNY","is_subscribe":"Y","mch_id":"1285500001","nonce_str":"K8f5jA9s9I2SIbSO","openid":"oW5_rjhppKz1e4rzMqVcnDxAGFH4","out_trade_no":"128550000120180316120926","result_code":"SUCCESS","return_code":"SUCCESS","return_msg":"OK","sign":"EA0A2D478E15566614DAD2228A7B961B","time_end":"20180316120936","total_fee":"1","trade_state":"SUCCESS","trade_type":"JSAPI","transaction_id":"4200000081201803169623696909"}
[2018-03-16 12:09:37][debug] add_depositlist
[2018-03-16 12:09:37][debug] insert163..165
[2018-03-16 12:09:37][debug] insert1押金,163,165,1,1521173377,1,4200000081201803169623696909
[2018-03-16 12:09:37][debug] insert21
[2018-03-16 12:09:51][debug] begin goods notify
[2018-03-16 12:09:51][debug] call back...---:{"appid":"wxecd6b654b7533930","attach":"DepositPayParam;163;165;\u62bc\u91d1;1;1","bank_type":"CFT","cash_fee":"1","fee_type":"CNY","is_subscribe":"Y","mch_id":"1285500001","nonce_str":"6evuwkigbvxvhznnixxuovzf5lfmsgc1","openid":"oW5_rjhppKz1e4rzMqVcnDxAGFH4","out_trade_no":"128550000120180316120926","result_code":"SUCCESS","return_code":"SUCCESS","sign":"2B16838BBE660E62C0D38A28383E127D","time_end":"20180316120936","total_fee":"1","trade_type":"JSAPI","transaction_id":"4200000081201803169623696909"}
[2018-03-16 12:09:51][debug] query:{"appid":"wxecd6b654b7533930","attach":"DepositPayParam;163;165;\u62bc\u91d1;1;1","bank_type":"CFT","cash_fee":"1","fee_type":"CNY","is_subscribe":"Y","mch_id":"1285500001","nonce_str":"qjYyqEGBSv8L73Le","openid":"oW5_rjhppKz1e4rzMqVcnDxAGFH4","out_trade_no":"128550000120180316120926","result_code":"SUCCESS","return_code":"SUCCESS","return_msg":"OK","sign":"FA5B1EA19FFA7EBA3E617D2493A6A01F","time_end":"20180316120936","total_fee":"1","trade_state":"SUCCESS","trade_type":"JSAPI","transaction_id":"4200000081201803169623696909"}
[2018-03-16 12:09:51][debug] add_depositlist
[2018-03-16 12:10:08][debug] begin goods notify
[2018-03-16 12:10:08][debug] call back...---:{"appid":"wxecd6b654b7533930","attach":"DepositPayParam;163;165;\u62bc\u91d1;1;1","bank_type":"CFT","cash_fee":"1","fee_type":"CNY","is_subscribe":"Y","mch_id":"1285500001","nonce_str":"6evuwkigbvxvhznnixxuovzf5lfmsgc1","openid":"oW5_rjhppKz1e4rzMqVcnDxAGFH4","out_trade_no":"128550000120180316120926","result_code":"SUCCESS","return_code":"SUCCESS","sign":"2B16838BBE660E62C0D38A28383E127D","time_end":"20180316120936","total_fee":"1","trade_type":"JSAPI","transaction_id":"4200000081201803169623696909"}
[2018-03-16 12:10:08][debug] query:{"appid":"wxecd6b654b7533930","attach":"DepositPayParam;163;165;\u62bc\u91d1;1;1","bank_type":"CFT","cash_fee":"1","fee_type":"CNY","is_subscribe":"Y","mch_id":"1285500001","nonce_str":"V6smGorepfYJP0Lw","openid":"oW5_rjhppKz1e4rzMqVcnDxAGFH4","out_trade_no":"128550000120180316120926","result_code":"SUCCESS","return_code":"SUCCESS","return_msg":"OK","sign":"51BD871B98F54C0A7DECAFCF581E6255","time_end":"20180316120936","total_fee":"1","trade_state":"SUCCESS","trade_type":"JSAPI","transaction_id":"4200000081201803169623696909"}
[2018-03-16 12:10:08][debug] add_depositlist
[2018-03-16 12:10:39][debug] begin goods notify
[2018-03-16 12:10:39][debug] call back...---:{"appid":"wxecd6b654b7533930","attach":"DepositPayParam;163;165;\u62bc\u91d1;1;1","bank_type":"CFT","cash_fee":"1","fee_type":"CNY","is_subscribe":"Y","mch_id":"1285500001","nonce_str":"6evuwkigbvxvhznnixxuovzf5lfmsgc1","openid":"oW5_rjhppKz1e4rzMqVcnDxAGFH4","out_trade_no":"128550000120180316120926","result_code":"SUCCESS","return_code":"SUCCESS","sign":"2B16838BBE660E62C0D38A28383E127D","time_end":"20180316120936","total_fee":"1","trade_type":"JSAPI","transaction_id":"4200000081201803169623696909"}
[2018-03-16 12:10:40][debug] query:{"appid":"wxecd6b654b7533930","attach":"DepositPayParam;163;165;\u62bc\u91d1;1;1","bank_type":"CFT","cash_fee":"1","fee_type":"CNY","is_subscribe":"Y","mch_id":"1285500001","nonce_str":"OtSQMFPHorlE5rw0","openid":"oW5_rjhppKz1e4rzMqVcnDxAGFH4","out_trade_no":"128550000120180316120926","result_code":"SUCCESS","return_code":"SUCCESS","return_msg":"OK","sign":"2CF7B563B7DEC544C22D52E07A13C32B","time_end":"20180316120936","total_fee":"1","trade_state":"SUCCESS","trade_type":"JSAPI","transaction_id":"4200000081201803169623696909"}
[2018-03-16 12:10:40][debug] add_depositlist
[2018-03-16 12:13:14][debug] begin goods notify
[2018-03-16 12:13:14][debug] call back...---:{"appid":"wxecd6b654b7533930","attach":"GoodsPayParam;169;380\u5143\u4f53\u9a8c\u5957\u9910;200;19;1","bank_type":"CFT","cash_fee":"200","fee_type":"CNY","is_subscribe":"Y","mch_id":"1285500001","nonce_str":"w9amhd0vnyjiyf9nllgk6tsh00gjyhqr","openid":"oW5_rjmPkj9EWngVj-NBijw1IEGg","out_trade_no":"128550000120180316121309","result_code":"SUCCESS","return_code":"SUCCESS","sign":"8B994509F7B952208B43C405D171658E","time_end":"20180316121314","total_fee":"200","trade_type":"JSAPI","transaction_id":"4200000086201803169636208295"}
[2018-03-16 12:13:14][debug] query:{"appid":"wxecd6b654b7533930","attach":"GoodsPayParam;169;380\u5143\u4f53\u9a8c\u5957\u9910;200;19;1","bank_type":"CFT","cash_fee":"200","fee_type":"CNY","is_subscribe":"Y","mch_id":"1285500001","nonce_str":"zkUjJbIJs7GGN7JM","openid":"oW5_rjmPkj9EWngVj-NBijw1IEGg","out_trade_no":"128550000120180316121309","result_code":"SUCCESS","return_code":"SUCCESS","return_msg":"OK","sign":"2E47FADC89283613BA5BAF6524C54C04","time_end":"20180316121314","total_fee":"200","trade_state":"SUCCESS","trade_type":"JSAPI","transaction_id":"4200000086201803169636208295"}
[2018-03-16 12:13:14][debug] im enter
[2018-03-16 12:13:14][debug] start add call data:4200000086201803169636208295
[2018-03-16 12:13:14][debug] addgoods4200000086201803169636208295
[2018-03-16 12:13:27][debug] begin goods notify
[2018-03-16 12:13:27][debug] call back...---:{"appid":"wxecd6b654b7533930","attach":"GoodsPayParam;169;380\u5143\u4f53\u9a8c\u5957\u9910;200;19;1","bank_type":"CFT","cash_fee":"200","fee_type":"CNY","is_subscribe":"Y","mch_id":"1285500001","nonce_str":"w9amhd0vnyjiyf9nllgk6tsh00gjyhqr","openid":"oW5_rjmPkj9EWngVj-NBijw1IEGg","out_trade_no":"128550000120180316121309","result_code":"SUCCESS","return_code":"SUCCESS","sign":"8B994509F7B952208B43C405D171658E","time_end":"20180316121314","total_fee":"200","trade_type":"JSAPI","transaction_id":"4200000086201803169636208295"}
[2018-03-16 12:13:27][debug] query:{"appid":"wxecd6b654b7533930","attach":"GoodsPayParam;169;380\u5143\u4f53\u9a8c\u5957\u9910;200;19;1","bank_type":"CFT","cash_fee":"200","fee_type":"CNY","is_subscribe":"Y","mch_id":"1285500001","nonce_str":"JkIMa1DLFrUNO5oX","openid":"oW5_rjmPkj9EWngVj-NBijw1IEGg","out_trade_no":"128550000120180316121309","result_code":"SUCCESS","return_code":"SUCCESS","return_msg":"OK","sign":"DEBACB64A3E9573378374AD4A69B7D47","time_end":"20180316121314","total_fee":"200","trade_state":"SUCCESS","trade_type":"JSAPI","transaction_id":"4200000086201803169636208295"}
[2018-03-16 12:13:27][debug] im enter
[2018-03-16 12:13:27][debug] start add call data:4200000086201803169636208295
[2018-03-16 12:13:42][debug] begin goods notify
[2018-03-16 12:13:42][debug] call back...---:{"appid":"wxecd6b654b7533930","attach":"DepositPayParam;163;165;\u62bc\u91d1;1;1","bank_type":"CFT","cash_fee":"1","fee_type":"CNY","is_subscribe":"Y","mch_id":"1285500001","nonce_str":"6evuwkigbvxvhznnixxuovzf5lfmsgc1","openid":"oW5_rjhppKz1e4rzMqVcnDxAGFH4","out_trade_no":"128550000120180316120926","result_code":"SUCCESS","return_code":"SUCCESS","sign":"2B16838BBE660E62C0D38A28383E127D","time_end":"20180316120936","total_fee":"1","trade_type":"JSAPI","transaction_id":"4200000081201803169623696909"}
[2018-03-16 12:13:42][debug] query:{"appid":"wxecd6b654b7533930","attach":"DepositPayParam;163;165;\u62bc\u91d1;1;1","bank_type":"CFT","cash_fee":"1","fee_type":"CNY","is_subscribe":"Y","mch_id":"1285500001","nonce_str":"h7KdVN9aX3KoCiZu","openid":"oW5_rjhppKz1e4rzMqVcnDxAGFH4","out_trade_no":"128550000120180316120926","result_code":"SUCCESS","return_code":"SUCCESS","return_msg":"OK","sign":"8008D15C0CC8C211877AEA63101B64EA","time_end":"20180316120936","total_fee":"1","trade_state":"SUCCESS","trade_type":"JSAPI","transaction_id":"4200000081201803169623696909"}
[2018-03-16 12:13:42][debug] add_depositlist
[2018-03-16 12:13:44][debug] begin goods notify
[2018-03-16 12:13:44][debug] call back...---:{"appid":"wxecd6b654b7533930","attach":"GoodsPayParam;169;380\u5143\u4f53\u9a8c\u5957\u9910;200;19;1","bank_type":"CFT","cash_fee":"200","fee_type":"CNY","is_subscribe":"Y","mch_id":"1285500001","nonce_str":"w9amhd0vnyjiyf9nllgk6tsh00gjyhqr","openid":"oW5_rjmPkj9EWngVj-NBijw1IEGg","out_trade_no":"128550000120180316121309","result_code":"SUCCESS","return_code":"SUCCESS","sign":"8B994509F7B952208B43C405D171658E","time_end":"20180316121314","total_fee":"200","trade_type":"JSAPI","transaction_id":"4200000086201803169636208295"}
[2018-03-16 12:13:45][debug] query:{"appid":"wxecd6b654b7533930","attach":"GoodsPayParam;169;380\u5143\u4f53\u9a8c\u5957\u9910;200;19;1","bank_type":"CFT","cash_fee":"200","fee_type":"CNY","is_subscribe":"Y","mch_id":"1285500001","nonce_str":"Lci19vy5HlZHQVLu","openid":"oW5_rjmPkj9EWngVj-NBijw1IEGg","out_trade_no":"128550000120180316121309","result_code":"SUCCESS","return_code":"SUCCESS","return_msg":"OK","sign":"CD9E20959F0B18DD910CD2F75FCD0436","time_end":"20180316121314","total_fee":"200","trade_state":"SUCCESS","trade_type":"JSAPI","transaction_id":"4200000086201803169636208295"}
[2018-03-16 12:13:45][debug] im enter
[2018-03-16 12:13:45][debug] start add call data:4200000086201803169636208295
[2018-03-16 12:14:16][debug] begin goods notify
[2018-03-16 12:14:16][debug] call back...---:{"appid":"wxecd6b654b7533930","attach":"GoodsPayParam;169;380\u5143\u4f53\u9a8c\u5957\u9910;200;19;1","bank_type":"CFT","cash_fee":"200","fee_type":"CNY","is_subscribe":"Y","mch_id":"1285500001","nonce_str":"w9amhd0vnyjiyf9nllgk6tsh00gjyhqr","openid":"oW5_rjmPkj9EWngVj-NBijw1IEGg","out_trade_no":"128550000120180316121309","result_code":"SUCCESS","return_code":"SUCCESS","sign":"8B994509F7B952208B43C405D171658E","time_end":"20180316121314","total_fee":"200","trade_type":"JSAPI","transaction_id":"4200000086201803169636208295"}
[2018-03-16 12:14:17][debug] query:{"appid":"wxecd6b654b7533930","attach":"GoodsPayParam;169;380\u5143\u4f53\u9a8c\u5957\u9910;200;19;1","bank_type":"CFT","cash_fee":"200","fee_type":"CNY","is_subscribe":"Y","mch_id":"1285500001","nonce_str":"SP6wa9ahV0ouvBkb","openid":"oW5_rjmPkj9EWngVj-NBijw1IEGg","out_trade_no":"128550000120180316121309","result_code":"SUCCESS","return_code":"SUCCESS","return_msg":"OK","sign":"0D9E3C8996EFC3B89553F7B6BD41245D","time_end":"20180316121314","total_fee":"200","trade_state":"SUCCESS","trade_type":"JSAPI","transaction_id":"4200000086201803169636208295"}
[2018-03-16 12:14:17][debug] im enter
[2018-03-16 12:14:17][debug] start add call data:4200000086201803169636208295
[2018-03-16 12:17:18][debug] begin goods notify
[2018-03-16 12:17:18][debug] call back...---:{"appid":"wxecd6b654b7533930","attach":"GoodsPayParam;169;380\u5143\u4f53\u9a8c\u5957\u9910;200;19;1","bank_type":"CFT","cash_fee":"200","fee_type":"CNY","is_subscribe":"Y","mch_id":"1285500001","nonce_str":"w9amhd0vnyjiyf9nllgk6tsh00gjyhqr","openid":"oW5_rjmPkj9EWngVj-NBijw1IEGg","out_trade_no":"128550000120180316121309","result_code":"SUCCESS","return_code":"SUCCESS","sign":"8B994509F7B952208B43C405D171658E","time_end":"20180316121314","total_fee":"200","trade_type":"JSAPI","transaction_id":"4200000086201803169636208295"}
[2018-03-16 12:17:18][debug] query:{"appid":"wxecd6b654b7533930","attach":"GoodsPayParam;169;380\u5143\u4f53\u9a8c\u5957\u9910;200;19;1","bank_type":"CFT","cash_fee":"200","fee_type":"CNY","is_subscribe":"Y","mch_id":"1285500001","nonce_str":"rCtJEG14OOkI3YHS","openid":"oW5_rjmPkj9EWngVj-NBijw1IEGg","out_trade_no":"128550000120180316121309","result_code":"SUCCESS","return_code":"SUCCESS","return_msg":"OK","sign":"9C7ADCD70DB1BFF1E813AB5CD7E74CED","time_end":"20180316121314","total_fee":"200","trade_state":"SUCCESS","trade_type":"JSAPI","transaction_id":"4200000086201803169636208295"}
[2018-03-16 12:17:18][debug] im enter
[2018-03-16 12:17:18][debug] start add call data:4200000086201803169636208295
[2018-03-16 12:20:33][debug] begin goods notify
[2018-03-16 12:20:33][debug] call back...---:{"appid":"wxecd6b654b7533930","attach":"GoodsPayParam;168;38\u5987\u5973\u8282\u5957\u9910;300;20;1","bank_type":"CFT","cash_fee":"300","fee_type":"CNY","is_subscribe":"Y","mch_id":"1285500001","nonce_str":"5957zrg9htmvwhb6hnq7zdhgtrbiflda","openid":"oW5_rjgV6TUddbJOmfE1r2CmNmu0","out_trade_no":"128550000120180316122029","result_code":"SUCCESS","return_code":"SUCCESS","sign":"84852DE90C3DCB465320CF0FDD2B6A53","time_end":"20180316122033","total_fee":"300","trade_type":"JSAPI","transaction_id":"4200000081201803169644654395"}
[2018-03-16 12:20:34][debug] query:{"appid":"wxecd6b654b7533930","attach":"GoodsPayParam;168;38\u5987\u5973\u8282\u5957\u9910;300;20;1","bank_type":"CFT","cash_fee":"300","fee_type":"CNY","is_subscribe":"Y","mch_id":"1285500001","nonce_str":"Wah7A6pucR1kSNww","openid":"oW5_rjgV6TUddbJOmfE1r2CmNmu0","out_trade_no":"128550000120180316122029","result_code":"SUCCESS","return_code":"SUCCESS","return_msg":"OK","sign":"B44425C2A92CD3B1BF34C8EB58A9E809","time_end":"20180316122033","total_fee":"300","trade_state":"SUCCESS","trade_type":"JSAPI","transaction_id":"4200000081201803169644654395"}
[2018-03-16 12:20:34][debug] im enter
[2018-03-16 12:20:34][debug] start add call data:4200000081201803169644654395
[2018-03-16 12:20:34][debug] addgoods4200000081201803169644654395
[2018-03-16 12:20:48][debug] begin goods notify
[2018-03-16 12:20:48][debug] call back...---:{"appid":"wxecd6b654b7533930","attach":"GoodsPayParam;168;38\u5987\u5973\u8282\u5957\u9910;300;20;1","bank_type":"CFT","cash_fee":"300","fee_type":"CNY","is_subscribe":"Y","mch_id":"1285500001","nonce_str":"5957zrg9htmvwhb6hnq7zdhgtrbiflda","openid":"oW5_rjgV6TUddbJOmfE1r2CmNmu0","out_trade_no":"128550000120180316122029","result_code":"SUCCESS","return_code":"SUCCESS","sign":"84852DE90C3DCB465320CF0FDD2B6A53","time_end":"20180316122033","total_fee":"300","trade_type":"JSAPI","transaction_id":"4200000081201803169644654395"}
[2018-03-16 12:20:48][debug] query:{"appid":"wxecd6b654b7533930","attach":"GoodsPayParam;168;38\u5987\u5973\u8282\u5957\u9910;300;20;1","bank_type":"CFT","cash_fee":"300","fee_type":"CNY","is_subscribe":"Y","mch_id":"1285500001","nonce_str":"b9lDDpnWBwRXB5lx","openid":"oW5_rjgV6TUddbJOmfE1r2CmNmu0","out_trade_no":"128550000120180316122029","result_code":"SUCCESS","return_code":"SUCCESS","return_msg":"OK","sign":"B1ED4E1D0892EC8FC68A5324C40477B4","time_end":"20180316122033","total_fee":"300","trade_state":"SUCCESS","trade_type":"JSAPI","transaction_id":"4200000081201803169644654395"}
[2018-03-16 12:20:48][debug] im enter
[2018-03-16 12:20:48][debug] start add call data:4200000081201803169644654395
[2018-03-16 12:21:06][debug] begin goods notify
[2018-03-16 12:21:06][debug] call back...---:{"appid":"wxecd6b654b7533930","attach":"GoodsPayParam;168;38\u5987\u5973\u8282\u5957\u9910;300;20;1","bank_type":"CFT","cash_fee":"300","fee_type":"CNY","is_subscribe":"Y","mch_id":"1285500001","nonce_str":"5957zrg9htmvwhb6hnq7zdhgtrbiflda","openid":"oW5_rjgV6TUddbJOmfE1r2CmNmu0","out_trade_no":"128550000120180316122029","result_code":"SUCCESS","return_code":"SUCCESS","sign":"84852DE90C3DCB465320CF0FDD2B6A53","time_end":"20180316122033","total_fee":"300","trade_type":"JSAPI","transaction_id":"4200000081201803169644654395"}
[2018-03-16 12:21:06][debug] query:{"appid":"wxecd6b654b7533930","attach":"GoodsPayParam;168;38\u5987\u5973\u8282\u5957\u9910;300;20;1","bank_type":"CFT","cash_fee":"300","fee_type":"CNY","is_subscribe":"Y","mch_id":"1285500001","nonce_str":"DkFDEkExLe1YDStE","openid":"oW5_rjgV6TUddbJOmfE1r2CmNmu0","out_trade_no":"128550000120180316122029","result_code":"SUCCESS","return_code":"SUCCESS","return_msg":"OK","sign":"6C595D190F7929304F9A6ECE5163F682","time_end":"20180316122033","total_fee":"300","trade_state":"SUCCESS","trade_type":"JSAPI","transaction_id":"4200000081201803169644654395"}
[2018-03-16 12:21:06][debug] im enter
[2018-03-16 12:21:06][debug] start add call data:4200000081201803169644654395
[2018-03-16 12:21:37][debug] begin goods notify
[2018-03-16 12:21:37][debug] call back...---:{"appid":"wxecd6b654b7533930","attach":"GoodsPayParam;168;38\u5987\u5973\u8282\u5957\u9910;300;20;1","bank_type":"CFT","cash_fee":"300","fee_type":"CNY","is_subscribe":"Y","mch_id":"1285500001","nonce_str":"5957zrg9htmvwhb6hnq7zdhgtrbiflda","openid":"oW5_rjgV6TUddbJOmfE1r2CmNmu0","out_trade_no":"128550000120180316122029","result_code":"SUCCESS","return_code":"SUCCESS","sign":"84852DE90C3DCB465320CF0FDD2B6A53","time_end":"20180316122033","total_fee":"300","trade_type":"JSAPI","transaction_id":"4200000081201803169644654395"}
[2018-03-16 12:21:38][debug] query:{"appid":"wxecd6b654b7533930","attach":"GoodsPayParam;168;38\u5987\u5973\u8282\u5957\u9910;300;20;1","bank_type":"CFT","cash_fee":"300","fee_type":"CNY","is_subscribe":"Y","mch_id":"1285500001","nonce_str":"j2tVutgpp7jy4wq6","openid":"oW5_rjgV6TUddbJOmfE1r2CmNmu0","out_trade_no":"128550000120180316122029","result_code":"SUCCESS","return_code":"SUCCESS","return_msg":"OK","sign":"55E7456AAD28B022E80E70BB12F41464","time_end":"20180316122033","total_fee":"300","trade_state":"SUCCESS","trade_type":"JSAPI","transaction_id":"4200000081201803169644654395"}
[2018-03-16 12:21:38][debug] im enter
[2018-03-16 12:21:38][debug] start add call data:4200000081201803169644654395
[2018-03-16 12:24:39][debug] begin goods notify
[2018-03-16 12:24:39][debug] call back...---:{"appid":"wxecd6b654b7533930","attach":"GoodsPayParam;168;38\u5987\u5973\u8282\u5957\u9910;300;20;1","bank_type":"CFT","cash_fee":"300","fee_type":"CNY","is_subscribe":"Y","mch_id":"1285500001","nonce_str":"5957zrg9htmvwhb6hnq7zdhgtrbiflda","openid":"oW5_rjgV6TUddbJOmfE1r2CmNmu0","out_trade_no":"128550000120180316122029","result_code":"SUCCESS","return_code":"SUCCESS","sign":"84852DE90C3DCB465320CF0FDD2B6A53","time_end":"20180316122033","total_fee":"300","trade_type":"JSAPI","transaction_id":"4200000081201803169644654395"}
[2018-03-16 12:24:39][debug] query:{"appid":"wxecd6b654b7533930","attach":"GoodsPayParam;168;38\u5987\u5973\u8282\u5957\u9910;300;20;1","bank_type":"CFT","cash_fee":"300","fee_type":"CNY","is_subscribe":"Y","mch_id":"1285500001","nonce_str":"OQIdjsk6q98RKudj","openid":"oW5_rjgV6TUddbJOmfE1r2CmNmu0","out_trade_no":"128550000120180316122029","result_code":"SUCCESS","return_code":"SUCCESS","return_msg":"OK","sign":"63391072DFF0EA22DDA6650531DD597A","time_end":"20180316122033","total_fee":"300","trade_state":"SUCCESS","trade_type":"JSAPI","transaction_id":"4200000081201803169644654395"}
[2018-03-16 12:24:39][debug] im enter
[2018-03-16 12:24:39][debug] start add call data:4200000081201803169644654395
[2018-03-16 12:43:44][debug] begin goods notify
[2018-03-16 12:43:44][debug] call back...---:{"appid":"wxecd6b654b7533930","attach":"DepositPayParam;163;165;\u62bc\u91d1;1;1","bank_type":"CFT","cash_fee":"1","fee_type":"CNY","is_subscribe":"Y","mch_id":"1285500001","nonce_str":"6evuwkigbvxvhznnixxuovzf5lfmsgc1","openid":"oW5_rjhppKz1e4rzMqVcnDxAGFH4","out_trade_no":"128550000120180316120926","result_code":"SUCCESS","return_code":"SUCCESS","sign":"2B16838BBE660E62C0D38A28383E127D","time_end":"20180316120936","total_fee":"1","trade_type":"JSAPI","transaction_id":"4200000081201803169623696909"}
[2018-03-16 12:43:44][debug] query:{"appid":"wxecd6b654b7533930","attach":"DepositPayParam;163;165;\u62bc\u91d1;1;1","bank_type":"CFT","cash_fee":"1","fee_type":"CNY","is_subscribe":"Y","mch_id":"1285500001","nonce_str":"zs2torDI0ijlIwIJ","openid":"oW5_rjhppKz1e4rzMqVcnDxAGFH4","out_trade_no":"128550000120180316120926","result_code":"SUCCESS","return_code":"SUCCESS","return_msg":"OK","sign":"19E1B4CD98BC1776B14EE8C157F65368","time_end":"20180316120936","total_fee":"1","trade_state":"SUCCESS","trade_type":"JSAPI","transaction_id":"4200000081201803169623696909"}
[2018-03-16 12:43:44][debug] add_depositlist
[2018-03-16 12:47:21][debug] begin goods notify
[2018-03-16 12:47:21][debug] call back...---:{"appid":"wxecd6b654b7533930","attach":"GoodsPayParam;169;380\u5143\u4f53\u9a8c\u5957\u9910;200;19;1","bank_type":"CFT","cash_fee":"200","fee_type":"CNY","is_subscribe":"Y","mch_id":"1285500001","nonce_str":"w9amhd0vnyjiyf9nllgk6tsh00gjyhqr","openid":"oW5_rjmPkj9EWngVj-NBijw1IEGg","out_trade_no":"128550000120180316121309","result_code":"SUCCESS","return_code":"SUCCESS","sign":"8B994509F7B952208B43C405D171658E","time_end":"20180316121314","total_fee":"200","trade_type":"JSAPI","transaction_id":"4200000086201803169636208295"}
[2018-03-16 12:47:21][debug] query:{"appid":"wxecd6b654b7533930","attach":"GoodsPayParam;169;380\u5143\u4f53\u9a8c\u5957\u9910;200;19;1","bank_type":"CFT","cash_fee":"200","fee_type":"CNY","is_subscribe":"Y","mch_id":"1285500001","nonce_str":"Q7YzfeyWTaDvAYW3","openid":"oW5_rjmPkj9EWngVj-NBijw1IEGg","out_trade_no":"128550000120180316121309","result_code":"SUCCESS","return_code":"SUCCESS","return_msg":"OK","sign":"6148A3BCA2AC49474F70656FE879D983","time_end":"20180316121314","total_fee":"200","trade_state":"SUCCESS","trade_type":"JSAPI","transaction_id":"4200000086201803169636208295"}
[2018-03-16 12:47:21][debug] im enter
[2018-03-16 12:47:21][debug] start add call data:4200000086201803169636208295
[2018-03-16 12:54:41][debug] begin goods notify
[2018-03-16 12:54:41][debug] call back...---:{"appid":"wxecd6b654b7533930","attach":"GoodsPayParam;168;38\u5987\u5973\u8282\u5957\u9910;300;20;1","bank_type":"CFT","cash_fee":"300","fee_type":"CNY","is_subscribe":"Y","mch_id":"1285500001","nonce_str":"5957zrg9htmvwhb6hnq7zdhgtrbiflda","openid":"oW5_rjgV6TUddbJOmfE1r2CmNmu0","out_trade_no":"128550000120180316122029","result_code":"SUCCESS","return_code":"SUCCESS","sign":"84852DE90C3DCB465320CF0FDD2B6A53","time_end":"20180316122033","total_fee":"300","trade_type":"JSAPI","transaction_id":"4200000081201803169644654395"}
[2018-03-16 12:54:41][debug] query:{"appid":"wxecd6b654b7533930","attach":"GoodsPayParam;168;38\u5987\u5973\u8282\u5957\u9910;300;20;1","bank_type":"CFT","cash_fee":"300","fee_type":"CNY","is_subscribe":"Y","mch_id":"1285500001","nonce_str":"guP3px5qQa7UOpsS","openid":"oW5_rjgV6TUddbJOmfE1r2CmNmu0","out_trade_no":"128550000120180316122029","result_code":"SUCCESS","return_code":"SUCCESS","return_msg":"OK","sign":"3C2636D77DD8F02A3DC662F70DB59BB5","time_end":"20180316122033","total_fee":"300","trade_state":"SUCCESS","trade_type":"JSAPI","transaction_id":"4200000081201803169644654395"}
[2018-03-16 12:54:41][debug] im enter
[2018-03-16 12:54:41][debug] start add call data:4200000081201803169644654395
[2018-03-16 13:13:47][debug] begin goods notify
[2018-03-16 13:13:47][debug] call back...---:{"appid":"wxecd6b654b7533930","attach":"DepositPayParam;163;165;\u62bc\u91d1;1;1","bank_type":"CFT","cash_fee":"1","fee_type":"CNY","is_subscribe":"Y","mch_id":"1285500001","nonce_str":"6evuwkigbvxvhznnixxuovzf5lfmsgc1","openid":"oW5_rjhppKz1e4rzMqVcnDxAGFH4","out_trade_no":"128550000120180316120926","result_code":"SUCCESS","return_code":"SUCCESS","sign":"2B16838BBE660E62C0D38A28383E127D","time_end":"20180316120936","total_fee":"1","trade_type":"JSAPI","transaction_id":"4200000081201803169623696909"}
[2018-03-16 13:13:48][debug] query:{"appid":"wxecd6b654b7533930","attach":"DepositPayParam;163;165;\u62bc\u91d1;1;1","bank_type":"CFT","cash_fee":"1","fee_type":"CNY","is_subscribe":"Y","mch_id":"1285500001","nonce_str":"VBuJPfCRNDq7FT4I","openid":"oW5_rjhppKz1e4rzMqVcnDxAGFH4","out_trade_no":"128550000120180316120926","result_code":"SUCCESS","return_code":"SUCCESS","return_msg":"OK","sign":"0B225F8F46591B3F1B75ABC780FCFDEB","time_end":"20180316120936","total_fee":"1","trade_state":"SUCCESS","trade_type":"JSAPI","transaction_id":"4200000081201803169623696909"}
[2018-03-16 13:13:48][debug] add_depositlist
[2018-03-16 13:17:24][debug] begin goods notify
[2018-03-16 13:17:24][debug] call back...---:{"appid":"wxecd6b654b7533930","attach":"GoodsPayParam;169;380\u5143\u4f53\u9a8c\u5957\u9910;200;19;1","bank_type":"CFT","cash_fee":"200","fee_type":"CNY","is_subscribe":"Y","mch_id":"1285500001","nonce_str":"w9amhd0vnyjiyf9nllgk6tsh00gjyhqr","openid":"oW5_rjmPkj9EWngVj-NBijw1IEGg","out_trade_no":"128550000120180316121309","result_code":"SUCCESS","return_code":"SUCCESS","sign":"8B994509F7B952208B43C405D171658E","time_end":"20180316121314","total_fee":"200","trade_type":"JSAPI","transaction_id":"4200000086201803169636208295"}
[2018-03-16 13:17:24][debug] query:{"appid":"wxecd6b654b7533930","attach":"GoodsPayParam;169;380\u5143\u4f53\u9a8c\u5957\u9910;200;19;1","bank_type":"CFT","cash_fee":"200","fee_type":"CNY","is_subscribe":"Y","mch_id":"1285500001","nonce_str":"B0q33ud3it4uCqsE","openid":"oW5_rjmPkj9EWngVj-NBijw1IEGg","out_trade_no":"128550000120180316121309","result_code":"SUCCESS","return_code":"SUCCESS","return_msg":"OK","sign":"5CDBE5576335FA03D1B08F18A07AC1F3","time_end":"20180316121314","total_fee":"200","trade_state":"SUCCESS","trade_type":"JSAPI","transaction_id":"4200000086201803169636208295"}
[2018-03-16 13:17:24][debug] im enter
[2018-03-16 13:17:24][debug] start add call data:4200000086201803169636208295
[2018-03-16 13:24:43][debug] begin goods notify
[2018-03-16 13:24:43][debug] call back...---:{"appid":"wxecd6b654b7533930","attach":"GoodsPayParam;168;38\u5987\u5973\u8282\u5957\u9910;300;20;1","bank_type":"CFT","cash_fee":"300","fee_type":"CNY","is_subscribe":"Y","mch_id":"1285500001","nonce_str":"5957zrg9htmvwhb6hnq7zdhgtrbiflda","openid":"oW5_rjgV6TUddbJOmfE1r2CmNmu0","out_trade_no":"128550000120180316122029","result_code":"SUCCESS","return_code":"SUCCESS","sign":"84852DE90C3DCB465320CF0FDD2B6A53","time_end":"20180316122033","total_fee":"300","trade_type":"JSAPI","transaction_id":"4200000081201803169644654395"}
[2018-03-16 13:24:44][debug] query:{"appid":"wxecd6b654b7533930","attach":"GoodsPayParam;168;38\u5987\u5973\u8282\u5957\u9910;300;20;1","bank_type":"CFT","cash_fee":"300","fee_type":"CNY","is_subscribe":"Y","mch_id":"1285500001","nonce_str":"aZEoVunbwHiqYcKp","openid":"oW5_rjgV6TUddbJOmfE1r2CmNmu0","out_trade_no":"128550000120180316122029","result_code":"SUCCESS","return_code":"SUCCESS","return_msg":"OK","sign":"510A73B963B5DA3A892A6A1A1B6E361E","time_end":"20180316122033","total_fee":"300","trade_state":"SUCCESS","trade_type":"JSAPI","transaction_id":"4200000081201803169644654395"}
[2018-03-16 13:24:44][debug] im enter
[2018-03-16 13:24:44][debug] start add call data:4200000081201803169644654395
[2018-03-16 13:43:49][debug] begin goods notify
[2018-03-16 13:43:49][debug] call back...---:{"appid":"wxecd6b654b7533930","attach":"DepositPayParam;163;165;\u62bc\u91d1;1;1","bank_type":"CFT","cash_fee":"1","fee_type":"CNY","is_subscribe":"Y","mch_id":"1285500001","nonce_str":"6evuwkigbvxvhznnixxuovzf5lfmsgc1","openid":"oW5_rjhppKz1e4rzMqVcnDxAGFH4","out_trade_no":"128550000120180316120926","result_code":"SUCCESS","return_code":"SUCCESS","sign":"2B16838BBE660E62C0D38A28383E127D","time_end":"20180316120936","total_fee":"1","trade_type":"JSAPI","transaction_id":"4200000081201803169623696909"}
[2018-03-16 13:43:49][debug] query:{"appid":"wxecd6b654b7533930","attach":"DepositPayParam;163;165;\u62bc\u91d1;1;1","bank_type":"CFT","cash_fee":"1","fee_type":"CNY","is_subscribe":"Y","mch_id":"1285500001","nonce_str":"gX7Nu8XfbzlPKazN","openid":"oW5_rjhppKz1e4rzMqVcnDxAGFH4","out_trade_no":"128550000120180316120926","result_code":"SUCCESS","return_code":"SUCCESS","return_msg":"OK","sign":"BD75167ABA2FD8BBB5D52DF728D436DF","time_end":"20180316120936","total_fee":"1","trade_state":"SUCCESS","trade_type":"JSAPI","transaction_id":"4200000081201803169623696909"}
[2018-03-16 13:43:49][debug] add_depositlist
[2018-03-16 13:47:27][debug] begin goods notify
[2018-03-16 13:47:27][debug] call back...---:{"appid":"wxecd6b654b7533930","attach":"GoodsPayParam;169;380\u5143\u4f53\u9a8c\u5957\u9910;200;19;1","bank_type":"CFT","cash_fee":"200","fee_type":"CNY","is_subscribe":"Y","mch_id":"1285500001","nonce_str":"w9amhd0vnyjiyf9nllgk6tsh00gjyhqr","openid":"oW5_rjmPkj9EWngVj-NBijw1IEGg","out_trade_no":"128550000120180316121309","result_code":"SUCCESS","return_code":"SUCCESS","sign":"8B994509F7B952208B43C405D171658E","time_end":"20180316121314","total_fee":"200","trade_type":"JSAPI","transaction_id":"4200000086201803169636208295"}
[2018-03-16 13:47:27][debug] query:{"appid":"wxecd6b654b7533930","attach":"GoodsPayParam;169;380\u5143\u4f53\u9a8c\u5957\u9910;200;19;1","bank_type":"CFT","cash_fee":"200","fee_type":"CNY","is_subscribe":"Y","mch_id":"1285500001","nonce_str":"2cphBN5wUn18C8sV","openid":"oW5_rjmPkj9EWngVj-NBijw1IEGg","out_trade_no":"128550000120180316121309","result_code":"SUCCESS","return_code":"SUCCESS","return_msg":"OK","sign":"43BA61020B72439526B7AB3DB0AC4599","time_end":"20180316121314","total_fee":"200","trade_state":"SUCCESS","trade_type":"JSAPI","transaction_id":"4200000086201803169636208295"}
[2018-03-16 13:47:27][debug] im enter
[2018-03-16 13:47:27][debug] start add call data:4200000086201803169636208295
[2018-03-16 13:54:45][debug] begin goods notify
[2018-03-16 13:54:45][debug] call back...---:{"appid":"wxecd6b654b7533930","attach":"GoodsPayParam;168;38\u5987\u5973\u8282\u5957\u9910;300;20;1","bank_type":"CFT","cash_fee":"300","fee_type":"CNY","is_subscribe":"Y","mch_id":"1285500001","nonce_str":"5957zrg9htmvwhb6hnq7zdhgtrbiflda","openid":"oW5_rjgV6TUddbJOmfE1r2CmNmu0","out_trade_no":"128550000120180316122029","result_code":"SUCCESS","return_code":"SUCCESS","sign":"84852DE90C3DCB465320CF0FDD2B6A53","time_end":"20180316122033","total_fee":"300","trade_type":"JSAPI","transaction_id":"4200000081201803169644654395"}
[2018-03-16 13:54:46][debug] query:{"appid":"wxecd6b654b7533930","attach":"GoodsPayParam;168;38\u5987\u5973\u8282\u5957\u9910;300;20;1","bank_type":"CFT","cash_fee":"300","fee_type":"CNY","is_subscribe":"Y","mch_id":"1285500001","nonce_str":"jfKvv6f307lFwNZb","openid":"oW5_rjgV6TUddbJOmfE1r2CmNmu0","out_trade_no":"128550000120180316122029","result_code":"SUCCESS","return_code":"SUCCESS","return_msg":"OK","sign":"93DAEB7C15B96E6DD4B26B7F9FF7F81F","time_end":"20180316122033","total_fee":"300","trade_state":"SUCCESS","trade_type":"JSAPI","transaction_id":"4200000081201803169644654395"}
[2018-03-16 13:54:46][debug] im enter
[2018-03-16 13:54:46][debug] start add call data:4200000081201803169644654395
[2018-03-16 14:13:51][debug] begin goods notify
[2018-03-16 14:13:51][debug] call back...---:{"appid":"wxecd6b654b7533930","attach":"DepositPayParam;163;165;\u62bc\u91d1;1;1","bank_type":"CFT","cash_fee":"1","fee_type":"CNY","is_subscribe":"Y","mch_id":"1285500001","nonce_str":"6evuwkigbvxvhznnixxuovzf5lfmsgc1","openid":"oW5_rjhppKz1e4rzMqVcnDxAGFH4","out_trade_no":"128550000120180316120926","result_code":"SUCCESS","return_code":"SUCCESS","sign":"2B16838BBE660E62C0D38A28383E127D","time_end":"20180316120936","total_fee":"1","trade_type":"JSAPI","transaction_id":"4200000081201803169623696909"}
[2018-03-16 14:13:51][debug] query:{"appid":"wxecd6b654b7533930","attach":"DepositPayParam;163;165;\u62bc\u91d1;1;1","bank_type":"CFT","cash_fee":"1","fee_type":"CNY","is_subscribe":"Y","mch_id":"1285500001","nonce_str":"vsoaVOUKkFzSRraS","openid":"oW5_rjhppKz1e4rzMqVcnDxAGFH4","out_trade_no":"128550000120180316120926","result_code":"SUCCESS","return_code":"SUCCESS","return_msg":"OK","sign":"8F3BDF9B3B393700F754F18BDB85B33C","time_end":"20180316120936","total_fee":"1","trade_state":"SUCCESS","trade_type":"JSAPI","transaction_id":"4200000081201803169623696909"}
[2018-03-16 14:13:51][debug] add_depositlist
[2018-03-16 14:17:29][debug] begin goods notify
[2018-03-16 14:17:29][debug] call back...---:{"appid":"wxecd6b654b7533930","attach":"GoodsPayParam;169;380\u5143\u4f53\u9a8c\u5957\u9910;200;19;1","bank_type":"CFT","cash_fee":"200","fee_type":"CNY","is_subscribe":"Y","mch_id":"1285500001","nonce_str":"w9amhd0vnyjiyf9nllgk6tsh00gjyhqr","openid":"oW5_rjmPkj9EWngVj-NBijw1IEGg","out_trade_no":"128550000120180316121309","result_code":"SUCCESS","return_code":"SUCCESS","sign":"8B994509F7B952208B43C405D171658E","time_end":"20180316121314","total_fee":"200","trade_type":"JSAPI","transaction_id":"4200000086201803169636208295"}
[2018-03-16 14:17:29][debug] query:{"appid":"wxecd6b654b7533930","attach":"GoodsPayParam;169;380\u5143\u4f53\u9a8c\u5957\u9910;200;19;1","bank_type":"CFT","cash_fee":"200","fee_type":"CNY","is_subscribe":"Y","mch_id":"1285500001","nonce_str":"i1yM4pkZ5WdzDx4l","openid":"oW5_rjmPkj9EWngVj-NBijw1IEGg","out_trade_no":"128550000120180316121309","result_code":"SUCCESS","return_code":"SUCCESS","return_msg":"OK","sign":"0A003020EA8692EEE47DCB0E2540A42F","time_end":"20180316121314","total_fee":"200","trade_state":"SUCCESS","trade_type":"JSAPI","transaction_id":"4200000086201803169636208295"}
[2018-03-16 14:17:29][debug] im enter
[2018-03-16 14:17:29][debug] start add call data:4200000086201803169636208295
[2018-03-16 14:24:48][debug] begin goods notify
[2018-03-16 14:24:48][debug] call back...---:{"appid":"wxecd6b654b7533930","attach":"GoodsPayParam;168;38\u5987\u5973\u8282\u5957\u9910;300;20;1","bank_type":"CFT","cash_fee":"300","fee_type":"CNY","is_subscribe":"Y","mch_id":"1285500001","nonce_str":"5957zrg9htmvwhb6hnq7zdhgtrbiflda","openid":"oW5_rjgV6TUddbJOmfE1r2CmNmu0","out_trade_no":"128550000120180316122029","result_code":"SUCCESS","return_code":"SUCCESS","sign":"84852DE90C3DCB465320CF0FDD2B6A53","time_end":"20180316122033","total_fee":"300","trade_type":"JSAPI","transaction_id":"4200000081201803169644654395"}
[2018-03-16 14:24:48][debug] query:{"appid":"wxecd6b654b7533930","attach":"GoodsPayParam;168;38\u5987\u5973\u8282\u5957\u9910;300;20;1","bank_type":"CFT","cash_fee":"300","fee_type":"CNY","is_subscribe":"Y","mch_id":"1285500001","nonce_str":"qh5Xfv5YOr6AYElQ","openid":"oW5_rjgV6TUddbJOmfE1r2CmNmu0","out_trade_no":"128550000120180316122029","result_code":"SUCCESS","return_code":"SUCCESS","return_msg":"OK","sign":"8FFB44114DD3A263B3ACC22E37E51CBE","time_end":"20180316122033","total_fee":"300","trade_state":"SUCCESS","trade_type":"JSAPI","transaction_id":"4200000081201803169644654395"}
[2018-03-16 14:24:48][debug] im enter
[2018-03-16 14:24:48][debug] start add call data:4200000081201803169644654395
[2018-03-16 15:13:52][debug] begin goods notify
[2018-03-16 15:13:52][debug] call back...---:{"appid":"wxecd6b654b7533930","attach":"DepositPayParam;163;165;\u62bc\u91d1;1;1","bank_type":"CFT","cash_fee":"1","fee_type":"CNY","is_subscribe":"Y","mch_id":"1285500001","nonce_str":"6evuwkigbvxvhznnixxuovzf5lfmsgc1","openid":"oW5_rjhppKz1e4rzMqVcnDxAGFH4","out_trade_no":"128550000120180316120926","result_code":"SUCCESS","return_code":"SUCCESS","sign":"2B16838BBE660E62C0D38A28383E127D","time_end":"20180316120936","total_fee":"1","trade_type":"JSAPI","transaction_id":"4200000081201803169623696909"}
[2018-03-16 15:13:52][debug] query:{"appid":"wxecd6b654b7533930","attach":"DepositPayParam;163;165;\u62bc\u91d1;1;1","bank_type":"CFT","cash_fee":"1","fee_type":"CNY","is_subscribe":"Y","mch_id":"1285500001","nonce_str":"GByzmgdbpyXLZPj7","openid":"oW5_rjhppKz1e4rzMqVcnDxAGFH4","out_trade_no":"128550000120180316120926","result_code":"SUCCESS","return_code":"SUCCESS","return_msg":"OK","sign":"BF24A26EA3349F2295BB96ECB39830D1","time_end":"20180316120936","total_fee":"1","trade_state":"SUCCESS","trade_type":"JSAPI","transaction_id":"4200000081201803169623696909"}
[2018-03-16 15:13:52][debug] add_depositlist
[2018-03-16 15:17:31][debug] begin goods notify
[2018-03-16 15:17:31][debug] call back...---:{"appid":"wxecd6b654b7533930","attach":"GoodsPayParam;169;380\u5143\u4f53\u9a8c\u5957\u9910;200;19;1","bank_type":"CFT","cash_fee":"200","fee_type":"CNY","is_subscribe":"Y","mch_id":"1285500001","nonce_str":"w9amhd0vnyjiyf9nllgk6tsh00gjyhqr","openid":"oW5_rjmPkj9EWngVj-NBijw1IEGg","out_trade_no":"128550000120180316121309","result_code":"SUCCESS","return_code":"SUCCESS","sign":"8B994509F7B952208B43C405D171658E","time_end":"20180316121314","total_fee":"200","trade_type":"JSAPI","transaction_id":"4200000086201803169636208295"}
[2018-03-16 15:17:31][debug] query:{"appid":"wxecd6b654b7533930","attach":"GoodsPayParam;169;380\u5143\u4f53\u9a8c\u5957\u9910;200;19;1","bank_type":"CFT","cash_fee":"200","fee_type":"CNY","is_subscribe":"Y","mch_id":"1285500001","nonce_str":"AjtuEEdDhqagwhc9","openid":"oW5_rjmPkj9EWngVj-NBijw1IEGg","out_trade_no":"128550000120180316121309","result_code":"SUCCESS","return_code":"SUCCESS","return_msg":"OK","sign":"EED00CEFBCD3DA44B38CE665D23FA7D8","time_end":"20180316121314","total_fee":"200","trade_state":"SUCCESS","trade_type":"JSAPI","transaction_id":"4200000086201803169636208295"}
[2018-03-16 15:17:31][debug] im enter
[2018-03-16 15:17:31][debug] start add call data:4200000086201803169636208295
[2018-03-16 15:24:51][debug] begin goods notify
[2018-03-16 15:24:51][debug] call back...---:{"appid":"wxecd6b654b7533930","attach":"GoodsPayParam;168;38\u5987\u5973\u8282\u5957\u9910;300;20;1","bank_type":"CFT","cash_fee":"300","fee_type":"CNY","is_subscribe":"Y","mch_id":"1285500001","nonce_str":"5957zrg9htmvwhb6hnq7zdhgtrbiflda","openid":"oW5_rjgV6TUddbJOmfE1r2CmNmu0","out_trade_no":"128550000120180316122029","result_code":"SUCCESS","return_code":"SUCCESS","sign":"84852DE90C3DCB465320CF0FDD2B6A53","time_end":"20180316122033","total_fee":"300","trade_type":"JSAPI","transaction_id":"4200000081201803169644654395"}
[2018-03-16 15:24:51][debug] query:{"appid":"wxecd6b654b7533930","attach":"GoodsPayParam;168;38\u5987\u5973\u8282\u5957\u9910;300;20;1","bank_type":"CFT","cash_fee":"300","fee_type":"CNY","is_subscribe":"Y","mch_id":"1285500001","nonce_str":"ECh62OfDaLlW42Li","openid":"oW5_rjgV6TUddbJOmfE1r2CmNmu0","out_trade_no":"128550000120180316122029","result_code":"SUCCESS","return_code":"SUCCESS","return_msg":"OK","sign":"1A44AA0353192C8FE8E7BFAB147AF6DB","time_end":"20180316122033","total_fee":"300","trade_state":"SUCCESS","trade_type":"JSAPI","transaction_id":"4200000081201803169644654395"}
[2018-03-16 15:24:51][debug] im enter
[2018-03-16 15:24:51][debug] start add call data:4200000081201803169644654395
