[2018-04-05 17:15:38][debug] begin goods notify
[2018-04-05 17:15:38][debug] call back...---:{"appid":"wx7d05a96d073b899b","attach":"GoodsPayParam;298;380\u5143\u4f53\u9a8c\u5957\u99101;1;19;1","bank_type":"CFT","cash_fee":"1","fee_type":"CNY","is_subscribe":"Y","mch_id":"1489371702","nonce_str":"p6hql2qacisrflvw3qhqm2p5meslv78a","openid":"olXx5wd4-x6BhfMoqkK_Fsb10tyY","out_trade_no":"148937170220180405171529","result_code":"SUCCESS","return_code":"SUCCESS","sign":"DFB1D174DE8CA0EC5D893AB6F934B0F0","time_end":"20180405171537","total_fee":"1","trade_type":"JSAPI","transaction_id":"4200000081201804052749002822"}
[2018-04-05 17:15:38][debug] query:{"appid":"wx7d05a96d073b899b","attach":"GoodsPayParam;298;380\u5143\u4f53\u9a8c\u5957\u99101;1;19;1","bank_type":"CFT","cash_fee":"1","fee_type":"CNY","is_subscribe":"Y","mch_id":"1489371702","nonce_str":"gxwp3eiktXr86LJd","openid":"olXx5wd4-x6BhfMoqkK_Fsb10tyY","out_trade_no":"148937170220180405171529","result_code":"SUCCESS","return_code":"SUCCESS","return_msg":"OK","sign":"F1E6AA41FA157DECE732D8833B3D0950","time_end":"20180405171537","total_fee":"1","trade_state":"SUCCESS","trade_state_desc":"\u652f\u4ed8\u6210\u529f","trade_type":"JSAPI","transaction_id":"4200000081201804052749002822"}
[2018-04-05 17:15:38][debug] im enter
[2018-04-05 17:15:38][debug] start add call data:4200000081201804052749002822
[2018-04-05 17:15:38][debug] addgoods4200000081201804052749002822
[2018-04-05 17:30:28][debug] begin goods notify
[2018-04-05 17:30:28][debug] call back...---:{"appid":"wx7d05a96d073b899b","attach":"DepositPayParam;299;303;\u62bc\u91d1;1;1","bank_type":"CFT","cash_fee":"1","fee_type":"CNY","is_subscribe":"Y","mch_id":"1489371702","nonce_str":"cqg300wdxmuvj5h4wav3rhbagcbfnbsq","openid":"olXx5wUZLt41E-Ul_PWwGqsUfJm0","out_trade_no":"148937170220180405173024","result_code":"SUCCESS","return_code":"SUCCESS","sign":"975B4B1A374A769FA484176F1EEE651D","time_end":"20180405173028","total_fee":"1","trade_type":"JSAPI","transaction_id":"4200000093201804052809868596"}
[2018-04-05 17:30:29][debug] query:{"appid":"wx7d05a96d073b899b","attach":"DepositPayParam;299;303;\u62bc\u91d1;1;1","bank_type":"CFT","cash_fee":"1","fee_type":"CNY","is_subscribe":"Y","mch_id":"1489371702","nonce_str":"9pFxybTWPbqGJf1c","openid":"olXx5wUZLt41E-Ul_PWwGqsUfJm0","out_trade_no":"148937170220180405173024","result_code":"SUCCESS","return_code":"SUCCESS","return_msg":"OK","sign":"AD4D1D3CD5D7BA9BE8C4FE063907BE49","time_end":"20180405173028","total_fee":"1","trade_state":"SUCCESS","trade_state_desc":"\u652f\u4ed8\u6210\u529f","trade_type":"JSAPI","transaction_id":"4200000093201804052809868596"}
[2018-04-05 17:30:29][debug] add_depositlist
[2018-04-05 17:30:29][debug] insert299..303
[2018-04-05 17:30:29][debug] insert1押金,299,303,1,1522920629,1,4200000093201804052809868596
[2018-04-05 17:30:29][debug] insert21
[2018-04-05 17:33:04][debug] begin goods notify
[2018-04-05 17:33:04][debug] call back...---:{"appid":"wx7d05a96d073b899b","attach":"DepositPayParam;298;307;\u62bc\u91d1;1;1","bank_type":"CFT","cash_fee":"1","fee_type":"CNY","is_subscribe":"Y","mch_id":"1489371702","nonce_str":"120iqiq4nozfd6f1if8znjzncz0m6n6l","openid":"olXx5wd4-x6BhfMoqkK_Fsb10tyY","out_trade_no":"148937170220180405173259","result_code":"SUCCESS","return_code":"SUCCESS","sign":"5041C2F7990C80FB6A690EFE96EB3C24","time_end":"20180405173304","total_fee":"1","trade_type":"JSAPI","transaction_id":"4200000084201804052767072913"}
[2018-04-05 17:33:04][debug] query:{"appid":"wx7d05a96d073b899b","attach":"DepositPayParam;298;307;\u62bc\u91d1;1;1","bank_type":"CFT","cash_fee":"1","fee_type":"CNY","is_subscribe":"Y","mch_id":"1489371702","nonce_str":"VhVKxyEvoQ7Ryekh","openid":"olXx5wd4-x6BhfMoqkK_Fsb10tyY","out_trade_no":"148937170220180405173259","result_code":"SUCCESS","return_code":"SUCCESS","return_msg":"OK","sign":"AF4D8E3C76B2D8D06C1F6D1F34316AF5","time_end":"20180405173304","total_fee":"1","trade_state":"SUCCESS","trade_state_desc":"\u652f\u4ed8\u6210\u529f","trade_type":"JSAPI","transaction_id":"4200000084201804052767072913"}
[2018-04-05 17:33:04][debug] add_depositlist
[2018-04-05 17:33:04][debug] insert298..307
[2018-04-05 17:33:04][debug] insert1押金,298,307,1,1522920784,1,4200000084201804052767072913
[2018-04-05 17:33:04][debug] insert21
[2018-04-05 17:33:28][debug] begin goods notify
[2018-04-05 17:33:28][debug] call back...---:{"appid":"wx7d05a96d073b899b","attach":"DepositPayParam;298;303;\u62bc\u91d1;1;1","bank_type":"CFT","cash_fee":"1","fee_type":"CNY","is_subscribe":"Y","mch_id":"1489371702","nonce_str":"itaz9hd3flvqon2u7v8mc5zbuucvwqpn","openid":"olXx5wd4-x6BhfMoqkK_Fsb10tyY","out_trade_no":"148937170220180405173324","result_code":"SUCCESS","return_code":"SUCCESS","sign":"D2C34E5C9DE2B6F56375F9BD92487772","time_end":"20180405173328","total_fee":"1","trade_type":"JSAPI","transaction_id":"4200000090201804052812560192"}
[2018-04-05 17:33:28][debug] query:{"appid":"wx7d05a96d073b899b","attach":"DepositPayParam;298;303;\u62bc\u91d1;1;1","bank_type":"CFT","cash_fee":"1","fee_type":"CNY","is_subscribe":"Y","mch_id":"1489371702","nonce_str":"IUB7JRFlWPuRapO5","openid":"olXx5wd4-x6BhfMoqkK_Fsb10tyY","out_trade_no":"148937170220180405173324","result_code":"SUCCESS","return_code":"SUCCESS","return_msg":"OK","sign":"E2A4129B9492FA5E6D2AFE310AB92C86","time_end":"20180405173328","total_fee":"1","trade_state":"SUCCESS","trade_state_desc":"\u652f\u4ed8\u6210\u529f","trade_type":"JSAPI","transaction_id":"4200000090201804052812560192"}
[2018-04-05 17:33:28][debug] add_depositlist
[2018-04-05 17:33:28][debug] insert298..303
[2018-04-05 17:33:28][debug] insert1押金,298,303,1,1522920808,1,4200000090201804052812560192
[2018-04-05 17:33:28][debug] insert21
[2018-04-05 17:42:40][debug] begin goods notify
[2018-04-05 17:42:40][debug] call back...---:{"appid":"wx7d05a96d073b899b","attach":"GoodsPayParam;298;38\u5987\u5973\u8282\u5957\u9910;1;20;1","bank_type":"CFT","cash_fee":"1","fee_type":"CNY","is_subscribe":"Y","mch_id":"1489371702","nonce_str":"h3siq3kb3fgdbolcj94d48jhnccf6l7c","openid":"olXx5wd4-x6BhfMoqkK_Fsb10tyY","out_trade_no":"148937170220180405174236","result_code":"SUCCESS","return_code":"SUCCESS","sign":"960DB810A5D050C7E0C225E2079FD160","time_end":"20180405174240","total_fee":"1","trade_type":"JSAPI","transaction_id":"4200000089201804052811727867"}
[2018-04-05 17:42:40][debug] query:{"appid":"wx7d05a96d073b899b","attach":"GoodsPayParam;298;38\u5987\u5973\u8282\u5957\u9910;1;20;1","bank_type":"CFT","cash_fee":"1","fee_type":"CNY","is_subscribe":"Y","mch_id":"1489371702","nonce_str":"TusgIcI1XP1yN2nL","openid":"olXx5wd4-x6BhfMoqkK_Fsb10tyY","out_trade_no":"148937170220180405174236","result_code":"SUCCESS","return_code":"SUCCESS","return_msg":"OK","sign":"6DA17E020A14A5C333CA0ACC294B858C","time_end":"20180405174240","total_fee":"1","trade_state":"SUCCESS","trade_state_desc":"\u652f\u4ed8\u6210\u529f","trade_type":"JSAPI","transaction_id":"4200000089201804052811727867"}
[2018-04-05 17:42:40][debug] im enter
[2018-04-05 17:42:40][debug] start add call data:4200000089201804052811727867
[2018-04-05 17:42:40][debug] addgoods4200000089201804052811727867
[2018-04-05 17:45:54][debug] begin goods notify
[2018-04-05 17:45:54][debug] call back...---:{"appid":"wx7d05a96d073b899b","attach":"GoodsPayParam;298;1\u5143\u62a2\u8d2d;1;21;1","bank_type":"CFT","cash_fee":"1","fee_type":"CNY","is_subscribe":"Y","mch_id":"1489371702","nonce_str":"xtk83bkg8fusmsowa96a9dsbu3ckpq43","openid":"olXx5wd4-x6BhfMoqkK_Fsb10tyY","out_trade_no":"148937170220180405174550","result_code":"SUCCESS","return_code":"SUCCESS","sign":"AE44B3AB34800D04277CA582A6603103","time_end":"20180405174554","total_fee":"1","trade_type":"JSAPI","transaction_id":"4200000096201804052784485386"}
[2018-04-05 17:45:54][debug] query:{"appid":"wx7d05a96d073b899b","attach":"GoodsPayParam;298;1\u5143\u62a2\u8d2d;1;21;1","bank_type":"CFT","cash_fee":"1","fee_type":"CNY","is_subscribe":"Y","mch_id":"1489371702","nonce_str":"XahB1ZxYjj86K3tt","openid":"olXx5wd4-x6BhfMoqkK_Fsb10tyY","out_trade_no":"148937170220180405174550","result_code":"SUCCESS","return_code":"SUCCESS","return_msg":"OK","sign":"D48BB1EA206214B0FB1E8570B2EB7C2A","time_end":"20180405174554","total_fee":"1","trade_state":"SUCCESS","trade_state_desc":"\u652f\u4ed8\u6210\u529f","trade_type":"JSAPI","transaction_id":"4200000096201804052784485386"}
[2018-04-05 17:45:54][debug] im enter
[2018-04-05 17:45:54][debug] start add call data:4200000096201804052784485386
[2018-04-05 17:45:54][debug] addgoods4200000096201804052784485386
[2018-04-05 18:27:41][debug] begin goods notify
[2018-04-05 18:27:41][debug] call back...---:{"appid":"wx7d05a96d073b899b","attach":"GoodsPayParam;298;\u5bc6\u917f\u9753\u808c\u539f\u6d46\u53d1\u9175\u9762\u819c\u8d34;1;31;1","bank_type":"CFT","cash_fee":"1","fee_type":"CNY","is_subscribe":"Y","mch_id":"1489371702","nonce_str":"fmbf0gi2zj2nj65x4o4o0ccq7oly3yn4","openid":"olXx5wd4-x6BhfMoqkK_Fsb10tyY","out_trade_no":"148937170220180405182737","result_code":"SUCCESS","return_code":"SUCCESS","sign":"4C8AD842C4ACB5CD830519DC8C9D009B","time_end":"20180405182741","total_fee":"1","trade_type":"JSAPI","transaction_id":"4200000087201804052781922474"}
[2018-04-05 18:27:42][debug] query:{"appid":"wx7d05a96d073b899b","attach":"GoodsPayParam;298;\u5bc6\u917f\u9753\u808c\u539f\u6d46\u53d1\u9175\u9762\u819c\u8d34;1;31;1","bank_type":"CFT","cash_fee":"1","fee_type":"CNY","is_subscribe":"Y","mch_id":"1489371702","nonce_str":"h2Eq9fL83g5elaY4","openid":"olXx5wd4-x6BhfMoqkK_Fsb10tyY","out_trade_no":"148937170220180405182737","result_code":"SUCCESS","return_code":"SUCCESS","return_msg":"OK","sign":"1193372BC5B427A58B1D419667719AEC","time_end":"20180405182741","total_fee":"1","trade_state":"SUCCESS","trade_state_desc":"\u652f\u4ed8\u6210\u529f","trade_type":"JSAPI","transaction_id":"4200000087201804052781922474"}
[2018-04-05 18:27:42][debug] im enter
[2018-04-05 18:27:42][debug] start add call data:4200000087201804052781922474
[2018-04-05 18:27:42][debug] addgoods4200000087201804052781922474
