[2018-04-30 14:25:54][debug] begin goods notify
[2018-04-30 14:25:54][debug] call back...---:{"appid":"wxd42787e75e0a0d24","attach":"DepositPayParam;549;515;\u4e1a\u52a1\u7ed1\u5b9a\u5546\u6237\u62bc\u91d1;1;1","bank_type":"ICBC_DEBIT","cash_fee":"1","fee_type":"CNY","is_subscribe":"Y","mch_id":"1499493602","nonce_str":"y32xewn6iq204g1hikrfytoypqdyur7u","openid":"oJj3g0ww5GepBXthjhNDBWV1GQe8","out_trade_no":"149949360220180430142538","result_code":"SUCCESS","return_code":"SUCCESS","sign":"843D46C0828EC24D33DC000144344FCC","time_end":"20180430142554","total_fee":"1","trade_type":"JSAPI","transaction_id":"4200000136201804308979518482"}
[2018-04-30 14:25:55][debug] query:{"appid":"wxd42787e75e0a0d24","attach":"DepositPayParam;549;515;\u4e1a\u52a1\u7ed1\u5b9a\u5546\u6237\u62bc\u91d1;1;1","bank_type":"ICBC_DEBIT","cash_fee":"1","fee_type":"CNY","is_subscribe":"Y","mch_id":"1499493602","nonce_str":"eRdaNaFbPr05ppqj","openid":"oJj3g0ww5GepBXthjhNDBWV1GQe8","out_trade_no":"149949360220180430142538","result_code":"SUCCESS","return_code":"SUCCESS","return_msg":"OK","sign":"7C009485C75183FA7E3D3960D0CB90AC","time_end":"20180430142554","total_fee":"1","trade_state":"SUCCESS","trade_state_desc":"\u652f\u4ed8\u6210\u529f","trade_type":"JSAPI","transaction_id":"4200000136201804308979518482"}
[2018-04-30 14:25:55][debug] add_depositlist
[2018-04-30 14:25:55][debug] insert549..515
[2018-04-30 14:25:55][debug] insert1业务绑定商户押金,549,515,1,1525069555,1,4200000136201804308979518482
[2018-04-30 14:25:55][debug] insert21
[2018-04-30 16:46:47][debug] begin goods notify
[2018-04-30 16:46:47][debug] call back...---:{"appid":"wxd42787e75e0a0d24","attach":"GoodsPayParam;549;\u5851\u65f6\u4ee3\u54c1\u724c\u5408\u4f5c;100;114;1","bank_type":"ICBC_DEBIT","cash_fee":"100","fee_type":"CNY","is_subscribe":"Y","mch_id":"1499493602","nonce_str":"rmn4h58jfn0q2ed9gebj6016v10797mg","openid":"oJj3g0ww5GepBXthjhNDBWV1GQe8","out_trade_no":"149949360220180430164640","result_code":"SUCCESS","return_code":"SUCCESS","sign":"509AA76A66BC2F974C86488BF8504D7B","time_end":"20180430164646","total_fee":"100","trade_type":"JSAPI","transaction_id":"4200000119201804309579621370"}
[2018-04-30 16:46:47][debug] query:{"appid":"wxd42787e75e0a0d24","attach":"GoodsPayParam;549;\u5851\u65f6\u4ee3\u54c1\u724c\u5408\u4f5c;100;114;1","bank_type":"ICBC_DEBIT","cash_fee":"100","fee_type":"CNY","is_subscribe":"Y","mch_id":"1499493602","nonce_str":"KY17a9baS9iiogKx","openid":"oJj3g0ww5GepBXthjhNDBWV1GQe8","out_trade_no":"149949360220180430164640","result_code":"SUCCESS","return_code":"SUCCESS","return_msg":"OK","sign":"849D8E1EB6A7170CD985F63F4CA50212","time_end":"20180430164646","total_fee":"100","trade_state":"SUCCESS","trade_state_desc":"\u652f\u4ed8\u6210\u529f","trade_type":"JSAPI","transaction_id":"4200000119201804309579621370"}
[2018-04-30 16:46:47][debug] im enter
[2018-04-30 16:46:47][debug] start add call data:4200000119201804309579621370
[2018-04-30 16:46:47][debug] addgoods4200000119201804309579621370
[2018-04-30 16:58:56][debug] begin goods notify
[2018-04-30 16:58:56][debug] call back...---:{"appid":"wxd42787e75e0a0d24","attach":"GoodsPayParam;549;\u5851\u65f6\u4ee3\u54c1\u724c\u5408\u4f5c;100;114;1","bank_type":"ICBC_DEBIT","cash_fee":"100","fee_type":"CNY","is_subscribe":"Y","mch_id":"1499493602","nonce_str":"w99ub7wmaza6220gs1xmh6htwgmsott3","openid":"oJj3g0ww5GepBXthjhNDBWV1GQe8","out_trade_no":"149949360220180430165844","result_code":"SUCCESS","return_code":"SUCCESS","sign":"89BD4859EDE3F43106BA3969586A5AF6","time_end":"20180430165855","total_fee":"100","trade_type":"JSAPI","transaction_id":"4200000113201804308782778677"}
[2018-04-30 16:58:56][debug] query:{"appid":"wxd42787e75e0a0d24","attach":"GoodsPayParam;549;\u5851\u65f6\u4ee3\u54c1\u724c\u5408\u4f5c;100;114;1","bank_type":"ICBC_DEBIT","cash_fee":"100","fee_type":"CNY","is_subscribe":"Y","mch_id":"1499493602","nonce_str":"BB3K32ssgM1WPmd0","openid":"oJj3g0ww5GepBXthjhNDBWV1GQe8","out_trade_no":"149949360220180430165844","result_code":"SUCCESS","return_code":"SUCCESS","return_msg":"OK","sign":"3F7670764A3D99002BD2FA35EC3570A3","time_end":"20180430165855","total_fee":"100","trade_state":"SUCCESS","trade_state_desc":"\u652f\u4ed8\u6210\u529f","trade_type":"JSAPI","transaction_id":"4200000113201804308782778677"}
[2018-04-30 16:58:56][debug] im enter
[2018-04-30 16:58:56][debug] start add call data:4200000113201804308782778677
[2018-04-30 16:58:56][debug] addgoods4200000113201804308782778677
[2018-04-30 17:04:22][debug] begin goods notify
[2018-04-30 17:04:22][debug] call back...---:{"appid":"wxd42787e75e0a0d24","attach":"GoodsPayParam;549;\u5851\u65f6\u4ee3\u54c1\u724c\u5408\u4f5c;100;114;1","bank_type":"ICBC_DEBIT","cash_fee":"100","fee_type":"CNY","is_subscribe":"Y","mch_id":"1499493602","nonce_str":"dk1pfk3ecvtspz7i8kbkx8x7r2p3own3","openid":"oJj3g0ww5GepBXthjhNDBWV1GQe8","out_trade_no":"149949360220180430170411","result_code":"SUCCESS","return_code":"SUCCESS","sign":"3D242258FF9781FAFFB2CDDD0B91C961","time_end":"20180430170422","total_fee":"100","trade_type":"JSAPI","transaction_id":"4200000129201804309273869173"}
[2018-04-30 17:04:23][debug] query:{"appid":"wxd42787e75e0a0d24","attach":"GoodsPayParam;549;\u5851\u65f6\u4ee3\u54c1\u724c\u5408\u4f5c;100;114;1","bank_type":"ICBC_DEBIT","cash_fee":"100","fee_type":"CNY","is_subscribe":"Y","mch_id":"1499493602","nonce_str":"4yELZyFfNpQDDvKl","openid":"oJj3g0ww5GepBXthjhNDBWV1GQe8","out_trade_no":"149949360220180430170411","result_code":"SUCCESS","return_code":"SUCCESS","return_msg":"OK","sign":"2A9AE96745C730D252BC111467E7A261","time_end":"20180430170422","total_fee":"100","trade_state":"SUCCESS","trade_state_desc":"\u652f\u4ed8\u6210\u529f","trade_type":"JSAPI","transaction_id":"4200000129201804309273869173"}
[2018-04-30 17:04:23][debug] im enter
[2018-04-30 17:04:23][debug] start add call data:4200000129201804309273869173
[2018-04-30 17:04:23][debug] addgoods4200000129201804309273869173
[2018-04-30 17:57:41][debug] begin goods notify
[2018-04-30 17:57:41][debug] call back...---:{"appid":"wxd42787e75e0a0d24","attach":"GoodsPayParam;550;\u73ab\u7470\u53d1\u9175\u9c9c\u989c\u6d3b\u808c\u7cbe\u534e\u6db2;1;88;1","bank_type":"CMB_DEBIT","cash_fee":"1","fee_type":"CNY","is_subscribe":"N","mch_id":"1499493602","nonce_str":"9zw96osddme6de80unjtmc6jr74wsej6","openid":"oJj3g0-g1EE2pcIhr0Z05GJmxBSo","out_trade_no":"149949360220180430175737","result_code":"SUCCESS","return_code":"SUCCESS","sign":"295FEB04A21CAAF44E7131F198398380","time_end":"20180430175741","total_fee":"1","trade_type":"JSAPI","transaction_id":"4200000121201804309162159263"}
[2018-04-30 17:57:42][debug] query:{"appid":"wxd42787e75e0a0d24","attach":"GoodsPayParam;550;\u73ab\u7470\u53d1\u9175\u9c9c\u989c\u6d3b\u808c\u7cbe\u534e\u6db2;1;88;1","bank_type":"CMB_DEBIT","cash_fee":"1","fee_type":"CNY","is_subscribe":"N","mch_id":"1499493602","nonce_str":"G5yRejny9R4cXJlH","openid":"oJj3g0-g1EE2pcIhr0Z05GJmxBSo","out_trade_no":"149949360220180430175737","result_code":"SUCCESS","return_code":"SUCCESS","return_msg":"OK","sign":"B082E2890CAA366F851F016E9B34D7A7","time_end":"20180430175741","total_fee":"1","trade_state":"SUCCESS","trade_state_desc":"\u652f\u4ed8\u6210\u529f","trade_type":"JSAPI","transaction_id":"4200000121201804309162159263"}
[2018-04-30 17:57:42][debug] im enter
[2018-04-30 17:57:42][debug] start add call data:4200000121201804309162159263
[2018-04-30 17:57:42][debug] addgoods4200000121201804309162159263
