[2018-04-19 17:15:01][debug] begin goods notify
[2018-04-19 17:15:01][debug] call back...---:{"appid":"wx7d05a96d073b899b","attach":"DepositPayParam;325;329;\u4e1a\u52a1\u7ed1\u5b9a\u5546\u6237\u62bc\u91d1;1;1","bank_type":"CFT","cash_fee":"1","fee_type":"CNY","is_subscribe":"Y","mch_id":"1489371702","nonce_str":"7y60rof2tslwl8vh3jl3ey54syn8kcdi","openid":"olXx5wd4-x6BhfMoqkK_Fsb10tyY","out_trade_no":"148937170220180419171456","result_code":"SUCCESS","return_code":"SUCCESS","sign":"2817DBBC1A57AA9CB890737C0C1A7F71","time_end":"20180419171501","total_fee":"1","trade_type":"JSAPI","transaction_id":"4200000085201804191307203152"}
[2018-04-19 17:15:01][debug] query:{"appid":"wx7d05a96d073b899b","attach":"DepositPayParam;325;329;\u4e1a\u52a1\u7ed1\u5b9a\u5546\u6237\u62bc\u91d1;1;1","bank_type":"CFT","cash_fee":"1","fee_type":"CNY","is_subscribe":"Y","mch_id":"1489371702","nonce_str":"EfpmMj9R7VBNu9IF","openid":"olXx5wd4-x6BhfMoqkK_Fsb10tyY","out_trade_no":"148937170220180419171456","result_code":"SUCCESS","return_code":"SUCCESS","return_msg":"OK","sign":"45A735804B902344DE83924018B0118F","time_end":"20180419171501","total_fee":"1","trade_state":"SUCCESS","trade_state_desc":"\u652f\u4ed8\u6210\u529f","trade_type":"JSAPI","transaction_id":"4200000085201804191307203152"}
[2018-04-19 17:15:01][debug] add_depositlist
[2018-04-19 17:15:01][debug] insert325..329
[2018-04-19 17:15:01][debug] insert1业务绑定商户押金,325,329,1,1524129301,1,4200000085201804191307203152
[2018-04-19 17:15:01][debug] insert21
[2018-04-19 17:16:55][debug] begin goods notify
[2018-04-19 17:16:55][debug] call back...---:{"appid":"wx7d05a96d073b899b","attach":"GoodsPayParam;325;\u5bc6\u917f\u9753\u808c\u539f\u6d46\u53d1\u9175\u9762\u819c\u8d34;1;31;1","bank_type":"CFT","cash_fee":"1","fee_type":"CNY","is_subscribe":"Y","mch_id":"1489371702","nonce_str":"sp6t2sb43xyt1rsjratayo2vzdfysm99","openid":"olXx5wd4-x6BhfMoqkK_Fsb10tyY","out_trade_no":"148937170220180419171650","result_code":"SUCCESS","return_code":"SUCCESS","sign":"511832CFB03F95CF436040DFE4971081","time_end":"20180419171655","total_fee":"1","trade_type":"JSAPI","transaction_id":"4200000094201804191834811574"}
[2018-04-19 17:16:55][debug] query:{"appid":"wx7d05a96d073b899b","attach":"GoodsPayParam;325;\u5bc6\u917f\u9753\u808c\u539f\u6d46\u53d1\u9175\u9762\u819c\u8d34;1;31;1","bank_type":"CFT","cash_fee":"1","fee_type":"CNY","is_subscribe":"Y","mch_id":"1489371702","nonce_str":"Ms8h0ppTGN1IrAcR","openid":"olXx5wd4-x6BhfMoqkK_Fsb10tyY","out_trade_no":"148937170220180419171650","result_code":"SUCCESS","return_code":"SUCCESS","return_msg":"OK","sign":"54E6255BEBB895AB4BE55B64C757DA06","time_end":"20180419171655","total_fee":"1","trade_state":"SUCCESS","trade_state_desc":"\u652f\u4ed8\u6210\u529f","trade_type":"JSAPI","transaction_id":"4200000094201804191834811574"}
[2018-04-19 17:16:55][debug] im enter
[2018-04-19 17:16:55][debug] start add call data:4200000094201804191834811574
[2018-04-19 17:16:55][debug] addgoods4200000094201804191834811574
[2018-04-19 17:21:18][debug] begin goods notify
[2018-04-19 17:21:18][debug] call back...---:{"appid":"wx7d05a96d073b899b","attach":"GoodsPayParam;325;\u5bc6\u917f\u9753\u808c\u539f\u6d46\u53d1\u9175\u9762\u819c\u8d34;1;31;1","bank_type":"CFT","cash_fee":"1","fee_type":"CNY","is_subscribe":"Y","mch_id":"1489371702","nonce_str":"4k4tt9xowyo5fw8wh3c19yi879qv91yk","openid":"olXx5wd4-x6BhfMoqkK_Fsb10tyY","out_trade_no":"148937170220180419172110","result_code":"SUCCESS","return_code":"SUCCESS","sign":"F6BF551F88809FF6B44CD629B92DE4CA","time_end":"20180419172117","total_fee":"1","trade_type":"JSAPI","transaction_id":"4200000098201804191578310399"}
[2018-04-19 17:21:18][debug] query:{"appid":"wx7d05a96d073b899b","attach":"GoodsPayParam;325;\u5bc6\u917f\u9753\u808c\u539f\u6d46\u53d1\u9175\u9762\u819c\u8d34;1;31;1","bank_type":"CFT","cash_fee":"1","fee_type":"CNY","is_subscribe":"Y","mch_id":"1489371702","nonce_str":"c9G68lhItuHqv6ad","openid":"olXx5wd4-x6BhfMoqkK_Fsb10tyY","out_trade_no":"148937170220180419172110","result_code":"SUCCESS","return_code":"SUCCESS","return_msg":"OK","sign":"5ADA11279AD4D60F29D01188A96C1BE5","time_end":"20180419172117","total_fee":"1","trade_state":"SUCCESS","trade_state_desc":"\u652f\u4ed8\u6210\u529f","trade_type":"JSAPI","transaction_id":"4200000098201804191578310399"}
[2018-04-19 17:21:18][debug] im enter
[2018-04-19 17:21:18][debug] start add call data:4200000098201804191578310399
[2018-04-19 17:21:18][debug] addgoods4200000098201804191578310399
[2018-04-19 18:14:29][debug] begin goods notify
[2018-04-19 18:14:29][debug] call back...---:{"appid":"wx7d05a96d073b899b","attach":"GoodsPayParam;325;\u5bc6\u917f\u9753\u808c\u539f\u6d46\u53d1\u9175\u9762\u819c\u8d34;10;31;1","bank_type":"CFT","cash_fee":"10","fee_type":"CNY","is_subscribe":"Y","mch_id":"1489371702","nonce_str":"osmo2feex1h8j5vb1wd0h7elb7blsrvr","openid":"olXx5wd4-x6BhfMoqkK_Fsb10tyY","out_trade_no":"148937170220180419181424","result_code":"SUCCESS","return_code":"SUCCESS","sign":"BD3052E3C1BDE644C097686CBB62F786","time_end":"20180419181428","total_fee":"10","trade_type":"JSAPI","transaction_id":"4200000100201804191714435657"}
[2018-04-19 18:14:29][debug] query:{"appid":"wx7d05a96d073b899b","attach":"GoodsPayParam;325;\u5bc6\u917f\u9753\u808c\u539f\u6d46\u53d1\u9175\u9762\u819c\u8d34;10;31;1","bank_type":"CFT","cash_fee":"10","fee_type":"CNY","is_subscribe":"Y","mch_id":"1489371702","nonce_str":"SiA2WfgzPyDh3P3x","openid":"olXx5wd4-x6BhfMoqkK_Fsb10tyY","out_trade_no":"148937170220180419181424","result_code":"SUCCESS","return_code":"SUCCESS","return_msg":"OK","sign":"CEF633EA7C68837F570288E74DE42539","time_end":"20180419181428","total_fee":"10","trade_state":"SUCCESS","trade_state_desc":"\u652f\u4ed8\u6210\u529f","trade_type":"JSAPI","transaction_id":"4200000100201804191714435657"}
[2018-04-19 18:14:29][debug] im enter
[2018-04-19 18:14:29][debug] start add call data:4200000100201804191714435657
[2018-04-19 18:14:29][debug] addgoods4200000100201804191714435657
[2018-04-19 18:17:21][debug] begin goods notify
[2018-04-19 18:17:21][debug] call back...---:{"appid":"wx7d05a96d073b899b","attach":"GoodsPayParam;325;198\u5143\u5851\u65f6\u4ee3\u7626\u8eab\u5361;10;37;1","bank_type":"CFT","cash_fee":"10","fee_type":"CNY","is_subscribe":"Y","mch_id":"1489371702","nonce_str":"rdgx2czhn5cxo5wv3o2hcm3p8bk3a08c","openid":"olXx5wd4-x6BhfMoqkK_Fsb10tyY","out_trade_no":"148937170220180419181717","result_code":"SUCCESS","return_code":"SUCCESS","sign":"AC13BAC78DC3009D62AC75A46979BED6","time_end":"20180419181721","total_fee":"10","trade_type":"JSAPI","transaction_id":"4200000086201804191821664721"}
[2018-04-19 18:17:22][debug] query:{"appid":"wx7d05a96d073b899b","attach":"GoodsPayParam;325;198\u5143\u5851\u65f6\u4ee3\u7626\u8eab\u5361;10;37;1","bank_type":"CFT","cash_fee":"10","fee_type":"CNY","is_subscribe":"Y","mch_id":"1489371702","nonce_str":"efg1myqpHJ97hzbZ","openid":"olXx5wd4-x6BhfMoqkK_Fsb10tyY","out_trade_no":"148937170220180419181717","result_code":"SUCCESS","return_code":"SUCCESS","return_msg":"OK","sign":"E4248A26D00F9944B5721C44D0D733D7","time_end":"20180419181721","total_fee":"10","trade_state":"SUCCESS","trade_state_desc":"\u652f\u4ed8\u6210\u529f","trade_type":"JSAPI","transaction_id":"4200000086201804191821664721"}
[2018-04-19 18:17:22][debug] im enter
[2018-04-19 18:17:22][debug] start add call data:4200000086201804191821664721
[2018-04-19 18:17:22][debug] addgoods4200000086201804191821664721
[2018-04-19 18:18:59][debug] begin goods notify
[2018-04-19 18:18:59][debug] call back...---:{"appid":"wx7d05a96d073b899b","attach":"GoodsPayParam;329;\u5bc6\u917f\u9753\u808c\u539f\u6d46\u53d1\u9175\u9762\u819c\u8d34;10;31;1","bank_type":"CFT","cash_fee":"10","fee_type":"CNY","is_subscribe":"Y","mch_id":"1489371702","nonce_str":"ui06xrlz8il6oac8p0g6q53rb5yaxkkz","openid":"olXx5wUZLt41E-Ul_PWwGqsUfJm0","out_trade_no":"148937170220180419181855","result_code":"SUCCESS","return_code":"SUCCESS","sign":"FAFA10D777ABC0F356AC6E936D61FEB2","time_end":"20180419181859","total_fee":"10","trade_type":"JSAPI","transaction_id":"4200000097201804191468040743"}
[2018-04-19 18:18:59][debug] query:{"appid":"wx7d05a96d073b899b","attach":"GoodsPayParam;329;\u5bc6\u917f\u9753\u808c\u539f\u6d46\u53d1\u9175\u9762\u819c\u8d34;10;31;1","bank_type":"CFT","cash_fee":"10","fee_type":"CNY","is_subscribe":"Y","mch_id":"1489371702","nonce_str":"O3FIdwiQLvwIBa27","openid":"olXx5wUZLt41E-Ul_PWwGqsUfJm0","out_trade_no":"148937170220180419181855","result_code":"SUCCESS","return_code":"SUCCESS","return_msg":"OK","sign":"BB0E250D290406790E5283046FCD4EE1","time_end":"20180419181859","total_fee":"10","trade_state":"SUCCESS","trade_state_desc":"\u652f\u4ed8\u6210\u529f","trade_type":"JSAPI","transaction_id":"4200000097201804191468040743"}
[2018-04-19 18:18:59][debug] im enter
[2018-04-19 18:18:59][debug] start add call data:4200000097201804191468040743
[2018-04-19 18:18:59][debug] addgoods4200000097201804191468040743
[2018-04-19 18:21:53][debug] begin goods notify
[2018-04-19 18:21:53][debug] call back...---:{"appid":"wx7d05a96d073b899b","attach":"GoodsPayParam;325;9.9\u5143\u63a8\u5e7f\u5361;10;39;1","bank_type":"CFT","cash_fee":"10","fee_type":"CNY","is_subscribe":"Y","mch_id":"1489371702","nonce_str":"vcz23nxodzp6w0oazz6bmitged92hxiv","openid":"olXx5wd4-x6BhfMoqkK_Fsb10tyY","out_trade_no":"148937170220180419182148","result_code":"SUCCESS","return_code":"SUCCESS","sign":"B62099272B39D79699EA9791589178E6","time_end":"20180419182152","total_fee":"10","trade_type":"JSAPI","transaction_id":"4200000088201804191605691828"}
[2018-04-19 18:21:53][debug] query:{"appid":"wx7d05a96d073b899b","attach":"GoodsPayParam;325;9.9\u5143\u63a8\u5e7f\u5361;10;39;1","bank_type":"CFT","cash_fee":"10","fee_type":"CNY","is_subscribe":"Y","mch_id":"1489371702","nonce_str":"fkIijuc9SifOXGE6","openid":"olXx5wd4-x6BhfMoqkK_Fsb10tyY","out_trade_no":"148937170220180419182148","result_code":"SUCCESS","return_code":"SUCCESS","return_msg":"OK","sign":"F369F601FDAE2E5172823D02499D8157","time_end":"20180419182152","total_fee":"10","trade_state":"SUCCESS","trade_state_desc":"\u652f\u4ed8\u6210\u529f","trade_type":"JSAPI","transaction_id":"4200000088201804191605691828"}
[2018-04-19 18:21:53][debug] im enter
[2018-04-19 18:21:53][debug] start add call data:4200000088201804191605691828
[2018-04-19 18:21:53][debug] addgoods4200000088201804191605691828
[2018-04-19 18:38:57][debug] begin goods notify
[2018-04-19 18:38:57][debug] call back...---:{"appid":"wx7d05a96d073b899b","attach":"GoodsPayParam;329;\u5bc6\u917f\u9753\u808c\u539f\u6d46\u53d1\u9175\u9762\u819c\u8d34;10;31;1","bank_type":"CFT","cash_fee":"10","fee_type":"CNY","is_subscribe":"Y","mch_id":"1489371702","nonce_str":"lhzhaypv2dz20e8z1jxzdyclrb4yb1vg","openid":"olXx5wUZLt41E-Ul_PWwGqsUfJm0","out_trade_no":"148937170220180419183853","result_code":"SUCCESS","return_code":"SUCCESS","sign":"1A5A61C90ED7CDDBF2E0D5978EB9801F","time_end":"20180419183857","total_fee":"10","trade_type":"JSAPI","transaction_id":"4200000092201804191685896804"}
[2018-04-19 18:38:57][debug] query:{"appid":"wx7d05a96d073b899b","attach":"GoodsPayParam;329;\u5bc6\u917f\u9753\u808c\u539f\u6d46\u53d1\u9175\u9762\u819c\u8d34;10;31;1","bank_type":"CFT","cash_fee":"10","fee_type":"CNY","is_subscribe":"Y","mch_id":"1489371702","nonce_str":"ox2SvmSTgKOcF459","openid":"olXx5wUZLt41E-Ul_PWwGqsUfJm0","out_trade_no":"148937170220180419183853","result_code":"SUCCESS","return_code":"SUCCESS","return_msg":"OK","sign":"5E8E8A078588A6EB1902BDED23B672ED","time_end":"20180419183857","total_fee":"10","trade_state":"SUCCESS","trade_state_desc":"\u652f\u4ed8\u6210\u529f","trade_type":"JSAPI","transaction_id":"4200000092201804191685896804"}
[2018-04-19 18:38:57][debug] im enter
[2018-04-19 18:38:57][debug] start add call data:4200000092201804191685896804
[2018-04-19 18:38:57][debug] addgoods4200000092201804191685896804
[2018-04-19 18:41:42][debug] begin goods notify
[2018-04-19 18:41:42][debug] call back...---:{"appid":"wx7d05a96d073b899b","attach":"GoodsPayParam;329;9.9\u5143\u63a8\u5e7f\u5361;1;39;1","bank_type":"CFT","cash_fee":"1","fee_type":"CNY","is_subscribe":"Y","mch_id":"1489371702","nonce_str":"181n3cdj8bgm7zan2s95e7ckoxgegnhn","openid":"olXx5wUZLt41E-Ul_PWwGqsUfJm0","out_trade_no":"148937170220180419184138","result_code":"SUCCESS","return_code":"SUCCESS","sign":"E1DE5DFDFB173A580D2A982E282F5864","time_end":"20180419184141","total_fee":"1","trade_type":"JSAPI","transaction_id":"4200000096201804191840232901"}
[2018-04-19 18:41:42][debug] query:{"appid":"wx7d05a96d073b899b","attach":"GoodsPayParam;329;9.9\u5143\u63a8\u5e7f\u5361;1;39;1","bank_type":"CFT","cash_fee":"1","fee_type":"CNY","is_subscribe":"Y","mch_id":"1489371702","nonce_str":"8I0PrxZpk7YYKB7y","openid":"olXx5wUZLt41E-Ul_PWwGqsUfJm0","out_trade_no":"148937170220180419184138","result_code":"SUCCESS","return_code":"SUCCESS","return_msg":"OK","sign":"6D3E7FCD34B55D940A756A55B3CC67C0","time_end":"20180419184141","total_fee":"1","trade_state":"SUCCESS","trade_state_desc":"\u652f\u4ed8\u6210\u529f","trade_type":"JSAPI","transaction_id":"4200000096201804191840232901"}
[2018-04-19 18:41:42][debug] im enter
[2018-04-19 18:41:42][debug] start add call data:4200000096201804191840232901
[2018-04-19 18:41:42][debug] addgoods4200000096201804191840232901
[2018-04-19 18:55:50][debug] begin goods notify
[2018-04-19 18:55:50][debug] call back...---:{"appid":"wx7d05a96d073b899b","attach":"GoodsPayParam;329;\u5bc6\u917f\u9753\u808c\u539f\u6d46\u53d1\u9175\u9762\u819c\u8d34;10;31;1","bank_type":"CFT","cash_fee":"10","fee_type":"CNY","is_subscribe":"Y","mch_id":"1489371702","nonce_str":"felqhg5cjloelia6298cl8ivq3ytjned","openid":"olXx5wUZLt41E-Ul_PWwGqsUfJm0","out_trade_no":"148937170220180419185539","result_code":"SUCCESS","return_code":"SUCCESS","sign":"3360B872C041FCBA6F3CC2C9D5E7FE4B","time_end":"20180419185549","total_fee":"10","trade_type":"JSAPI","transaction_id":"4200000086201804191867049980"}
[2018-04-19 18:55:50][debug] query:{"appid":"wx7d05a96d073b899b","attach":"GoodsPayParam;329;\u5bc6\u917f\u9753\u808c\u539f\u6d46\u53d1\u9175\u9762\u819c\u8d34;10;31;1","bank_type":"CFT","cash_fee":"10","fee_type":"CNY","is_subscribe":"Y","mch_id":"1489371702","nonce_str":"nblanyQ1dve105Fy","openid":"olXx5wUZLt41E-Ul_PWwGqsUfJm0","out_trade_no":"148937170220180419185539","result_code":"SUCCESS","return_code":"SUCCESS","return_msg":"OK","sign":"084A545E5DFCE13110A594B062DB25BF","time_end":"20180419185549","total_fee":"10","trade_state":"SUCCESS","trade_state_desc":"\u652f\u4ed8\u6210\u529f","trade_type":"JSAPI","transaction_id":"4200000086201804191867049980"}
[2018-04-19 18:55:50][debug] im enter
[2018-04-19 18:55:50][debug] start add call data:4200000086201804191867049980
[2018-04-19 18:55:50][debug] addgoods4200000086201804191867049980
[2018-04-19 21:01:30][debug] begin goods notify
[2018-04-19 21:01:30][debug] call back...---:{"appid":"wx7d05a96d073b899b","attach":"GoodsPayParam;325;\u5957\u99103;1;42;1","bank_type":"CFT","cash_fee":"1","fee_type":"CNY","is_subscribe":"Y","mch_id":"1489371702","nonce_str":"dppvrzfcvobqwkvzt5raj9zedq9gch74","openid":"olXx5wd4-x6BhfMoqkK_Fsb10tyY","out_trade_no":"148937170220180419210125","result_code":"SUCCESS","return_code":"SUCCESS","sign":"C725F32194FF5BC87B446CAFBB8C2ACF","time_end":"20180419210130","total_fee":"1","trade_type":"JSAPI","transaction_id":"4200000085201804191560127558"}
[2018-04-19 21:01:30][debug] query:{"appid":"wx7d05a96d073b899b","attach":"GoodsPayParam;325;\u5957\u99103;1;42;1","bank_type":"CFT","cash_fee":"1","fee_type":"CNY","is_subscribe":"Y","mch_id":"1489371702","nonce_str":"fHYOufWNhI3q5GmS","openid":"olXx5wd4-x6BhfMoqkK_Fsb10tyY","out_trade_no":"148937170220180419210125","result_code":"SUCCESS","return_code":"SUCCESS","return_msg":"OK","sign":"D83894B3579D7DBCC6DF9DE0CA532D43","time_end":"20180419210130","total_fee":"1","trade_state":"SUCCESS","trade_state_desc":"\u652f\u4ed8\u6210\u529f","trade_type":"JSAPI","transaction_id":"4200000085201804191560127558"}
[2018-04-19 21:01:30][debug] im enter
[2018-04-19 21:01:30][debug] start add call data:4200000085201804191560127558
[2018-04-19 21:01:30][debug] addgoods4200000085201804191560127558
[2018-04-19 21:01:37][debug] begin goods notify
[2018-04-19 21:01:37][debug] call back...---:{"appid":"wx7d05a96d073b899b","attach":"GoodsPayParam;329;\u5957\u99103;1;42;1","bank_type":"CFT","cash_fee":"1","fee_type":"CNY","is_subscribe":"Y","mch_id":"1489371702","nonce_str":"je71c6ac9zt8s6fpofd4jrohdpaxx5k4","openid":"olXx5wUZLt41E-Ul_PWwGqsUfJm0","out_trade_no":"148937170220180419210129","result_code":"SUCCESS","return_code":"SUCCESS","sign":"D71CB2E36FC24B8BBA15588C3144FC1A","time_end":"20180419210137","total_fee":"1","trade_type":"JSAPI","transaction_id":"4200000090201804191886059748"}
[2018-04-19 21:01:38][debug] query:{"appid":"wx7d05a96d073b899b","attach":"GoodsPayParam;329;\u5957\u99103;1;42;1","bank_type":"CFT","cash_fee":"1","fee_type":"CNY","is_subscribe":"Y","mch_id":"1489371702","nonce_str":"GtQ8Y2Jzajd71bkT","openid":"olXx5wUZLt41E-Ul_PWwGqsUfJm0","out_trade_no":"148937170220180419210129","result_code":"SUCCESS","return_code":"SUCCESS","return_msg":"OK","sign":"6E44E6FB7E760715E6E3CDC80A596CA5","time_end":"20180419210137","total_fee":"1","trade_state":"SUCCESS","trade_state_desc":"\u652f\u4ed8\u6210\u529f","trade_type":"JSAPI","transaction_id":"4200000090201804191886059748"}
[2018-04-19 21:01:38][debug] im enter
[2018-04-19 21:01:38][debug] start add call data:4200000090201804191886059748
[2018-04-19 21:01:38][debug] addgoods4200000090201804191886059748
[2018-04-19 22:03:04][debug] begin goods notify
[2018-04-19 22:03:04][debug] call back...---:{"appid":"wx7d05a96d073b899b","attach":"GoodsPayParam;325;\u5bc6\u917f\u9753\u808c\u539f\u6d46\u53d1\u9175\u9762\u819c\u8d34;10;31;1","bank_type":"CFT","cash_fee":"10","fee_type":"CNY","is_subscribe":"Y","mch_id":"1489371702","nonce_str":"cn9937rdg0rh3sg342cx8npnjt8dmliq","openid":"olXx5wd4-x6BhfMoqkK_Fsb10tyY","out_trade_no":"148937170220180419220300","result_code":"SUCCESS","return_code":"SUCCESS","sign":"74C76F3F2BAB7EE7898A84A0549F524C","time_end":"20180419220304","total_fee":"10","trade_type":"JSAPI","transaction_id":"4200000085201804192085367307"}
[2018-04-19 22:03:04][debug] query:{"appid":"wx7d05a96d073b899b","attach":"GoodsPayParam;325;\u5bc6\u917f\u9753\u808c\u539f\u6d46\u53d1\u9175\u9762\u819c\u8d34;10;31;1","bank_type":"CFT","cash_fee":"10","fee_type":"CNY","is_subscribe":"Y","mch_id":"1489371702","nonce_str":"K6PXJ4f1fHiLSnPl","openid":"olXx5wd4-x6BhfMoqkK_Fsb10tyY","out_trade_no":"148937170220180419220300","result_code":"SUCCESS","return_code":"SUCCESS","return_msg":"OK","sign":"6DDFB9FDA32E851B305C3B9D0C103745","time_end":"20180419220304","total_fee":"10","trade_state":"SUCCESS","trade_state_desc":"\u652f\u4ed8\u6210\u529f","trade_type":"JSAPI","transaction_id":"4200000085201804192085367307"}
[2018-04-19 22:03:04][debug] im enter
[2018-04-19 22:03:04][debug] start add call data:4200000085201804192085367307
[2018-04-19 22:03:04][debug] addgoods4200000085201804192085367307
[2018-04-19 22:03:24][debug] begin goods notify
[2018-04-19 22:03:24][debug] call back...---:{"appid":"wx7d05a96d073b899b","attach":"GoodsPayParam;325;\u5957\u99103;1;42;1","bank_type":"CFT","cash_fee":"1","fee_type":"CNY","is_subscribe":"Y","mch_id":"1489371702","nonce_str":"mb4o3t0o02bxtrewg12ex42gy9qnzh19","openid":"olXx5wd4-x6BhfMoqkK_Fsb10tyY","out_trade_no":"148937170220180419220320","result_code":"SUCCESS","return_code":"SUCCESS","sign":"0880AC1EF6C29A0C645DA0DFFDEBAA60","time_end":"20180419220324","total_fee":"1","trade_type":"JSAPI","transaction_id":"4200000100201804191344392520"}
[2018-04-19 22:03:24][debug] query:{"appid":"wx7d05a96d073b899b","attach":"GoodsPayParam;325;\u5957\u99103;1;42;1","bank_type":"CFT","cash_fee":"1","fee_type":"CNY","is_subscribe":"Y","mch_id":"1489371702","nonce_str":"dL3oncfrNjBR4Tjo","openid":"olXx5wd4-x6BhfMoqkK_Fsb10tyY","out_trade_no":"148937170220180419220320","result_code":"SUCCESS","return_code":"SUCCESS","return_msg":"OK","sign":"42B3FB60F5FF8AEAD3883ECC97D24895","time_end":"20180419220324","total_fee":"1","trade_state":"SUCCESS","trade_state_desc":"\u652f\u4ed8\u6210\u529f","trade_type":"JSAPI","transaction_id":"4200000100201804191344392520"}
[2018-04-19 22:03:24][debug] im enter
[2018-04-19 22:03:24][debug] start add call data:4200000100201804191344392520
[2018-04-19 22:03:24][debug] addgoods4200000100201804191344392520
