[2018-07-25 09:02:52][debug] begin goods notify
[2018-07-25 09:02:52][debug] call back...---:{"appid":"wxd42787e75e0a0d24","attach":"GoodsPayParam;772;\u6d4b\u8bd5\u4e0d\u51fa\u552e;1;88;1","bank_type":"CFT","cash_fee":"1","fee_type":"CNY","is_subscribe":"Y","mch_id":"1499493602","nonce_str":"475f9h86xyk67vu4f3a2hqnx1r29o8wu","openid":"oJj3g042yvfbFGdmXK1jK2-EXLt8","out_trade_no":"149949360220180725090245","result_code":"SUCCESS","return_code":"SUCCESS","sign":"85866CEC3098AAEE13684C5B91F73978","time_end":"20180725090251","total_fee":"1","trade_type":"JSAPI","transaction_id":"4200000122201807253639902346"}
[2018-07-25 09:02:53][debug] query:{"appid":"wxd42787e75e0a0d24","attach":"GoodsPayParam;772;\u6d4b\u8bd5\u4e0d\u51fa\u552e;1;88;1","bank_type":"CFT","cash_fee":"1","fee_type":"CNY","is_subscribe":"Y","mch_id":"1499493602","nonce_str":"wvzFq9hsrul3qduS","openid":"oJj3g042yvfbFGdmXK1jK2-EXLt8","out_trade_no":"149949360220180725090245","result_code":"SUCCESS","return_code":"SUCCESS","return_msg":"OK","sign":"94312AA4C9107A545C2D55B683CC8FD5","time_end":"20180725090251","total_fee":"1","trade_state":"SUCCESS","trade_state_desc":"\u652f\u4ed8\u6210\u529f","trade_type":"JSAPI","transaction_id":"4200000122201807253639902346"}
[2018-07-25 09:02:53][debug] im enter
[2018-07-25 09:02:53][debug] start add call data:4200000122201807253639902346
[2018-07-25 09:02:53][debug] addgoods4200000122201807253639902346
[2018-07-25 14:33:15][debug] begin goods notify
[2018-07-25 14:33:15][debug] call back...---:{"appid":"wxd42787e75e0a0d24","attach":"DepositPayParam;775;512;\u4e1a\u52a1\u7ed1\u5b9a\u5546\u6237\u62bc\u91d1;1;1","bank_type":"CFT","cash_fee":"1","fee_type":"CNY","is_subscribe":"N","mch_id":"1499493602","nonce_str":"lb8m1jv5oynmjwsiyyipp5n6xfgbgfe5","openid":"oJj3g00JVwufiouJi8ibxzD9RNsM","out_trade_no":"149949360220180725143300","result_code":"SUCCESS","return_code":"SUCCESS","sign":"11F2E4B1D5DF20A5C5AAFA014D99FBD0","time_end":"20180725143314","total_fee":"1","trade_type":"JSAPI","transaction_id":"4200000114201807251329316705"}
[2018-07-25 14:33:15][debug] query:{"appid":"wxd42787e75e0a0d24","attach":"DepositPayParam;775;512;\u4e1a\u52a1\u7ed1\u5b9a\u5546\u6237\u62bc\u91d1;1;1","bank_type":"CFT","cash_fee":"1","fee_type":"CNY","is_subscribe":"N","mch_id":"1499493602","nonce_str":"dxbnC1jiTmlH7Gky","openid":"oJj3g00JVwufiouJi8ibxzD9RNsM","out_trade_no":"149949360220180725143300","result_code":"SUCCESS","return_code":"SUCCESS","return_msg":"OK","sign":"B233ECC2A71175D1E18E122B217579F4","time_end":"20180725143314","total_fee":"1","trade_state":"SUCCESS","trade_state_desc":"\u652f\u4ed8\u6210\u529f","trade_type":"JSAPI","transaction_id":"4200000114201807251329316705"}
[2018-07-25 14:33:15][debug] add_depositlist
[2018-07-25 14:33:15][debug] insert775..512
[2018-07-25 14:33:15][debug] insert1业务绑定商户押金,775,512,1,1532500395,1,4200000114201807251329316705
[2018-07-25 14:33:15][debug] insert21
[2018-07-25 14:58:28][debug] begin goods notify
[2018-07-25 14:58:28][debug] call back...---:{"appid":"wxd42787e75e0a0d24","attach":"DepositPayParam;775;512;\u4e1a\u52a1\u7ed1\u5b9a\u5546\u6237\u62bc\u91d1;1;1","bank_type":"CFT","cash_fee":"1","fee_type":"CNY","is_subscribe":"N","mch_id":"1499493602","nonce_str":"q8xh2igs24hjf3v3bwngbykxuirno4wi","openid":"oJj3g00JVwufiouJi8ibxzD9RNsM","out_trade_no":"149949360220180725145820","result_code":"SUCCESS","return_code":"SUCCESS","sign":"5397062CB53748A0B279870DCE748E8B","time_end":"20180725145827","total_fee":"1","trade_type":"JSAPI","transaction_id":"4200000120201807255933694169"}
[2018-07-25 14:58:29][debug] query:{"appid":"wxd42787e75e0a0d24","attach":"DepositPayParam;775;512;\u4e1a\u52a1\u7ed1\u5b9a\u5546\u6237\u62bc\u91d1;1;1","bank_type":"CFT","cash_fee":"1","fee_type":"CNY","is_subscribe":"N","mch_id":"1499493602","nonce_str":"6stg3WRMYTJVuV5v","openid":"oJj3g00JVwufiouJi8ibxzD9RNsM","out_trade_no":"149949360220180725145820","result_code":"SUCCESS","return_code":"SUCCESS","return_msg":"OK","sign":"F6FAD396B15B0C2A086AAE96EC8257EE","time_end":"20180725145827","total_fee":"1","trade_state":"SUCCESS","trade_state_desc":"\u652f\u4ed8\u6210\u529f","trade_type":"JSAPI","transaction_id":"4200000120201807255933694169"}
[2018-07-25 14:58:29][debug] add_depositlist
[2018-07-25 14:58:29][debug] insert775..512
[2018-07-25 14:58:29][debug] insert1业务绑定商户押金,775,512,1,1532501909,1,4200000120201807255933694169
[2018-07-25 14:58:29][debug] insert21
[2018-07-25 15:00:41][debug] begin goods notify
[2018-07-25 15:00:41][debug] call back...---:{"appid":"wxd42787e75e0a0d24","attach":"DepositPayParam;775;512;\u4e1a\u52a1\u7ed1\u5b9a\u5546\u6237\u62bc\u91d1;1;1","bank_type":"CFT","cash_fee":"1","fee_type":"CNY","is_subscribe":"N","mch_id":"1499493602","nonce_str":"ilm2c83w72firuu41rb9jqw2ksd5do8k","openid":"oJj3g00JVwufiouJi8ibxzD9RNsM","out_trade_no":"149949360220180725150033","result_code":"SUCCESS","return_code":"SUCCESS","sign":"8EDA872B4E104FECA793AF50A0A1C462","time_end":"20180725150040","total_fee":"1","trade_type":"JSAPI","transaction_id":"4200000120201807256328494666"}
[2018-07-25 15:00:41][debug] query:{"appid":"wxd42787e75e0a0d24","attach":"DepositPayParam;775;512;\u4e1a\u52a1\u7ed1\u5b9a\u5546\u6237\u62bc\u91d1;1;1","bank_type":"CFT","cash_fee":"1","fee_type":"CNY","is_subscribe":"N","mch_id":"1499493602","nonce_str":"JWQUpL6MpwIxx9De","openid":"oJj3g00JVwufiouJi8ibxzD9RNsM","out_trade_no":"149949360220180725150033","result_code":"SUCCESS","return_code":"SUCCESS","return_msg":"OK","sign":"9D086E40A6FA8AA92F51B7632D92EC57","time_end":"20180725150040","total_fee":"1","trade_state":"SUCCESS","trade_state_desc":"\u652f\u4ed8\u6210\u529f","trade_type":"JSAPI","transaction_id":"4200000120201807256328494666"}
[2018-07-25 15:00:41][debug] add_depositlist
[2018-07-25 15:00:41][debug] insert775..512
[2018-07-25 15:00:41][debug] insert1业务绑定商户押金,775,512,1,1532502041,1,4200000120201807256328494666
[2018-07-25 15:00:41][debug] insert21
[2018-07-25 15:01:37][debug] begin goods notify
[2018-07-25 15:01:37][debug] call back...---:{"appid":"wxd42787e75e0a0d24","attach":"GoodsPayParam;775;\u6d4b\u8bd5\u4e0d\u51fa\u552e;1;88;1","bank_type":"CFT","cash_fee":"1","fee_type":"CNY","is_subscribe":"N","mch_id":"1499493602","nonce_str":"34bovd2df9mz9pqh61olo7v37ke0a78e","openid":"oJj3g00JVwufiouJi8ibxzD9RNsM","out_trade_no":"149949360220180725150127","result_code":"SUCCESS","return_code":"SUCCESS","sign":"8D085B6F0206135410759360160D1345","time_end":"20180725150137","total_fee":"1","trade_type":"JSAPI","transaction_id":"4200000110201807252401053626"}
[2018-07-25 15:01:38][debug] query:{"appid":"wxd42787e75e0a0d24","attach":"GoodsPayParam;775;\u6d4b\u8bd5\u4e0d\u51fa\u552e;1;88;1","bank_type":"CFT","cash_fee":"1","fee_type":"CNY","is_subscribe":"N","mch_id":"1499493602","nonce_str":"UBHoL0DCC6NDqMQz","openid":"oJj3g00JVwufiouJi8ibxzD9RNsM","out_trade_no":"149949360220180725150127","result_code":"SUCCESS","return_code":"SUCCESS","return_msg":"OK","sign":"CC8ABE92ADF86C8B7CD0F75EAFAC6549","time_end":"20180725150137","total_fee":"1","trade_state":"SUCCESS","trade_state_desc":"\u652f\u4ed8\u6210\u529f","trade_type":"JSAPI","transaction_id":"4200000110201807252401053626"}
[2018-07-25 15:01:38][debug] im enter
[2018-07-25 15:01:38][debug] start add call data:4200000110201807252401053626
[2018-07-25 15:01:38][debug] addgoods4200000110201807252401053626
[2018-07-25 16:02:31][debug] begin goods notify
[2018-07-25 16:02:31][debug] call back...---:{"appid":"wxd42787e75e0a0d24","attach":"DepositPayParam;652;512;\u4e1a\u52a1\u7ed1\u5b9a\u5546\u6237\u62bc\u91d1;1;1","bank_type":"CFT","cash_fee":"1","fee_type":"CNY","is_subscribe":"N","mch_id":"1499493602","nonce_str":"3y3rej0jc4kheb8usahg6i8obuoosy2i","openid":"oJj3g01CIDcXEeA1bzc72dSDidFk","out_trade_no":"149949360220180725160224","result_code":"SUCCESS","return_code":"SUCCESS","sign":"82B10620DA133DD0BE747E44D9F7EF0F","time_end":"20180725160230","total_fee":"1","trade_type":"JSAPI","transaction_id":"4200000111201807255090911561"}
[2018-07-25 16:02:31][debug] query:{"appid":"wxd42787e75e0a0d24","attach":"DepositPayParam;652;512;\u4e1a\u52a1\u7ed1\u5b9a\u5546\u6237\u62bc\u91d1;1;1","bank_type":"CFT","cash_fee":"1","fee_type":"CNY","is_subscribe":"N","mch_id":"1499493602","nonce_str":"obghOfQKu9CDN3JA","openid":"oJj3g01CIDcXEeA1bzc72dSDidFk","out_trade_no":"149949360220180725160224","result_code":"SUCCESS","return_code":"SUCCESS","return_msg":"OK","sign":"7F1A16BDE51DA1B84A9472FA396CF84D","time_end":"20180725160230","total_fee":"1","trade_state":"SUCCESS","trade_state_desc":"\u652f\u4ed8\u6210\u529f","trade_type":"JSAPI","transaction_id":"4200000111201807255090911561"}
[2018-07-25 16:02:31][debug] add_depositlist
[2018-07-25 16:02:31][debug] insert652..512
[2018-07-25 16:02:31][debug] insert1业务绑定商户押金,652,512,1,1532505751,1,4200000111201807255090911561
[2018-07-25 16:02:31][debug] insert21
[2018-07-25 17:59:50][debug] begin goods notify
[2018-07-25 17:59:50][debug] call back...---:{"appid":"wxd42787e75e0a0d24","attach":"DepositPayParam;844;512;\u4e1a\u52a1\u7ed1\u5b9a\u5546\u6237\u62bc\u91d1;1;1","bank_type":"CFT","cash_fee":"1","fee_type":"CNY","is_subscribe":"N","mch_id":"1499493602","nonce_str":"4b8giypkeiatdsfso9t0o81h89abmyal","openid":"oJj3g09q8xUAfSdBrfTylSK5hC4c","out_trade_no":"149949360220180725175936","result_code":"SUCCESS","return_code":"SUCCESS","sign":"2EC04D7AD105F3B042589625F9512134","time_end":"20180725175949","total_fee":"1","trade_type":"JSAPI","transaction_id":"4200000127201807251330082664"}
[2018-07-25 17:59:50][debug] query:{"appid":"wxd42787e75e0a0d24","attach":"DepositPayParam;844;512;\u4e1a\u52a1\u7ed1\u5b9a\u5546\u6237\u62bc\u91d1;1;1","bank_type":"CFT","cash_fee":"1","fee_type":"CNY","is_subscribe":"N","mch_id":"1499493602","nonce_str":"LITkl3PKjLTsD3Me","openid":"oJj3g09q8xUAfSdBrfTylSK5hC4c","out_trade_no":"149949360220180725175936","result_code":"SUCCESS","return_code":"SUCCESS","return_msg":"OK","sign":"D61824803EBCA252952EE9737E6389B2","time_end":"20180725175949","total_fee":"1","trade_state":"SUCCESS","trade_state_desc":"\u652f\u4ed8\u6210\u529f","trade_type":"JSAPI","transaction_id":"4200000127201807251330082664"}
[2018-07-25 17:59:50][debug] add_depositlist
[2018-07-25 17:59:50][debug] insert844..512
[2018-07-25 17:59:50][debug] insert1业务绑定商户押金,844,512,1,1532512790,1,4200000127201807251330082664
[2018-07-25 17:59:50][debug] insert21
