[2018-08-13 17:37:44][debug] begin goods notify
[2018-08-13 17:37:44][debug] call back...---:{"appid":"wxd42787e75e0a0d24","attach":"GoodsPayParam;915;\u53d1\u9175\u73bb\u5c3f\u9178\u9762\u819c;10000;193;1","bank_type":"CFT","cash_fee":"10000","fee_type":"CNY","is_subscribe":"Y","mch_id":"1499493602","nonce_str":"0hfbatdy7egj1m8iu9nln3sd1hdj2t19","openid":"oJj3g03VUNi-aUF4PATWohVC7QYw","out_trade_no":"149949360220180813173729","result_code":"SUCCESS","return_code":"SUCCESS","sign":"11C74CB4BE1B04BC740EBC45390308FC","time_end":"20180813173743","total_fee":"10000","trade_type":"JSAPI","transaction_id":"4200000178201808132024947020"}
[2018-08-13 17:37:44][debug] query:{"appid":"wxd42787e75e0a0d24","attach":"GoodsPayParam;915;\u53d1\u9175\u73bb\u5c3f\u9178\u9762\u819c;10000;193;1","bank_type":"CFT","cash_fee":"10000","fee_type":"CNY","is_subscribe":"Y","mch_id":"1499493602","nonce_str":"wiVjfUUbdRsOVTzN","openid":"oJj3g03VUNi-aUF4PATWohVC7QYw","out_trade_no":"149949360220180813173729","result_code":"SUCCESS","return_code":"SUCCESS","return_msg":"OK","sign":"98C4EC0A2BFAE493345285477F01ED15","time_end":"20180813173743","total_fee":"10000","trade_state":"SUCCESS","trade_state_desc":"\u652f\u4ed8\u6210\u529f","trade_type":"JSAPI","transaction_id":"4200000178201808132024947020"}
[2018-08-13 17:37:44][debug] im enter
[2018-08-13 17:37:44][debug] start add call data:4200000178201808132024947020
[2018-08-13 17:37:44][debug] addgoods4200000178201808132024947020
[2018-08-13 19:04:24][debug] begin goods notify
[2018-08-13 19:04:24][debug] call back...---:{"appid":"wxd42787e75e0a0d24","attach":"GoodsPayParam;917;\u53d1\u9175\u73bb\u5c3f\u9178\u9762\u819c;10000;193;1","bank_type":"GDB_CREDIT","cash_fee":"10000","fee_type":"CNY","is_subscribe":"Y","mch_id":"1499493602","nonce_str":"gaaqnl5diasb8xpj4taii3vv6tn01m0z","openid":"oJj3g0w7P_ey7bOwkdXidvv-mZTM","out_trade_no":"149949360220180813190404","result_code":"SUCCESS","return_code":"SUCCESS","sign":"F668979225B9E418AF124EEA9605B9F7","time_end":"20180813190423","total_fee":"10000","trade_type":"JSAPI","transaction_id":"4200000182201808137252511343"}
[2018-08-13 19:04:25][debug] query:{"appid":"wxd42787e75e0a0d24","attach":"GoodsPayParam;917;\u53d1\u9175\u73bb\u5c3f\u9178\u9762\u819c;10000;193;1","bank_type":"GDB_CREDIT","cash_fee":"10000","fee_type":"CNY","is_subscribe":"Y","mch_id":"1499493602","nonce_str":"H6PXeGaEiwixwBAk","openid":"oJj3g0w7P_ey7bOwkdXidvv-mZTM","out_trade_no":"149949360220180813190404","result_code":"SUCCESS","return_code":"SUCCESS","return_msg":"OK","sign":"F55C67D5FE8CCFFEEA7D1DBCDA4A79B8","time_end":"20180813190423","total_fee":"10000","trade_state":"SUCCESS","trade_state_desc":"\u652f\u4ed8\u6210\u529f","trade_type":"JSAPI","transaction_id":"4200000182201808137252511343"}
[2018-08-13 19:04:25][debug] im enter
[2018-08-13 19:04:25][debug] start add call data:4200000182201808137252511343
[2018-08-13 19:04:25][debug] addgoods4200000182201808137252511343
[2018-08-13 19:40:38][debug] begin goods notify
[2018-08-13 19:40:38][debug] call back...---:{"appid":"wxd42787e75e0a0d24","attach":"DepositPayParam;919;747;\u4e1a\u52a1\u7ed1\u5b9a\u5546\u6237\u62bc\u91d1;1;1","bank_type":"BOC_DEBIT","cash_fee":"1","fee_type":"CNY","is_subscribe":"Y","mch_id":"1499493602","nonce_str":"01og71k1p2q7n5htqjl41xamtpeofo1w","openid":"oJj3g0zopfj8FObs2SC7RMUd0_vE","out_trade_no":"149949360220180813193952","result_code":"SUCCESS","return_code":"SUCCESS","sign":"1E369BEF4EA3394A620346927F5E8BD9","time_end":"20180813194037","total_fee":"1","trade_type":"JSAPI","transaction_id":"4200000165201808134039094938"}
[2018-08-13 19:40:38][debug] query:{"appid":"wxd42787e75e0a0d24","attach":"DepositPayParam;919;747;\u4e1a\u52a1\u7ed1\u5b9a\u5546\u6237\u62bc\u91d1;1;1","bank_type":"BOC_DEBIT","cash_fee":"1","fee_type":"CNY","is_subscribe":"Y","mch_id":"1499493602","nonce_str":"k8YiXxfGFVRXLiJO","openid":"oJj3g0zopfj8FObs2SC7RMUd0_vE","out_trade_no":"149949360220180813193952","result_code":"SUCCESS","return_code":"SUCCESS","return_msg":"OK","sign":"47DCF344E5CBA4EDE9C39B0CC3005244","time_end":"20180813194037","total_fee":"1","trade_state":"SUCCESS","trade_state_desc":"\u652f\u4ed8\u6210\u529f","trade_type":"JSAPI","transaction_id":"4200000165201808134039094938"}
[2018-08-13 19:40:38][debug] add_depositlist
[2018-08-13 19:40:38][debug] insert919..747
[2018-08-13 19:40:38][debug] insert1业务绑定商户押金,919,747,1,1534160438,1,4200000165201808134039094938
[2018-08-13 19:40:38][debug] insert21
[2018-08-13 19:43:35][debug] begin goods notify
[2018-08-13 19:43:35][debug] call back...---:{"appid":"wxd42787e75e0a0d24","attach":"GoodsPayParam;915;\u4f53\u96d5\u73b2\u73d1\u4fee\u62a4\u5957;198000;160;1","bank_type":"COMM_CREDIT","cash_fee":"198000","fee_type":"CNY","is_subscribe":"Y","mch_id":"1499493602","nonce_str":"j1o3eb5nz9wdt9led34xh6a7f2exn72b","openid":"oJj3g03VUNi-aUF4PATWohVC7QYw","out_trade_no":"149949360220180813194309","result_code":"SUCCESS","return_code":"SUCCESS","sign":"DF3122BB6A35E5219A3DA4DC653805AA","time_end":"20180813194334","total_fee":"198000","trade_type":"JSAPI","transaction_id":"4200000181201808136918129990"}
[2018-08-13 19:43:35][debug] query:{"appid":"wxd42787e75e0a0d24","attach":"GoodsPayParam;915;\u4f53\u96d5\u73b2\u73d1\u4fee\u62a4\u5957;198000;160;1","bank_type":"COMM_CREDIT","cash_fee":"198000","fee_type":"CNY","is_subscribe":"Y","mch_id":"1499493602","nonce_str":"pqMiGePqfOOVP6x1","openid":"oJj3g03VUNi-aUF4PATWohVC7QYw","out_trade_no":"149949360220180813194309","result_code":"SUCCESS","return_code":"SUCCESS","return_msg":"OK","sign":"0CB638689932FA27A02DED4C702FCCC1","time_end":"20180813194334","total_fee":"198000","trade_state":"SUCCESS","trade_state_desc":"\u652f\u4ed8\u6210\u529f","trade_type":"JSAPI","transaction_id":"4200000181201808136918129990"}
[2018-08-13 19:43:35][debug] im enter
[2018-08-13 19:43:35][debug] start add call data:4200000181201808136918129990
[2018-08-13 19:43:35][debug] addgoods4200000181201808136918129990
[2018-08-13 20:29:15][debug] begin goods notify
[2018-08-13 20:29:15][debug] call back...---:{"appid":"wxd42787e75e0a0d24","attach":"DepositPayParam;551;775;\u4e1a\u52a1\u7ed1\u5b9a\u5546\u6237\u62bc\u91d1;1;1","bank_type":"CFT","cash_fee":"1","fee_type":"CNY","is_subscribe":"N","mch_id":"1499493602","nonce_str":"9jypbs4j6n0evjkjkr0yik5lez1249i1","openid":"oJj3g061SwO3cuqyFlMInfcyGrA4","out_trade_no":"149949360220180813202904","result_code":"SUCCESS","return_code":"SUCCESS","sign":"FE88850C7E22A54CAF01D1349EB31DC4","time_end":"20180813202914","total_fee":"1","trade_type":"JSAPI","transaction_id":"4200000165201808138803214227"}
[2018-08-13 20:29:15][debug] query:{"appid":"wxd42787e75e0a0d24","attach":"DepositPayParam;551;775;\u4e1a\u52a1\u7ed1\u5b9a\u5546\u6237\u62bc\u91d1;1;1","bank_type":"CFT","cash_fee":"1","fee_type":"CNY","is_subscribe":"N","mch_id":"1499493602","nonce_str":"zVtfTGw6lWNTLipE","openid":"oJj3g061SwO3cuqyFlMInfcyGrA4","out_trade_no":"149949360220180813202904","result_code":"SUCCESS","return_code":"SUCCESS","return_msg":"OK","sign":"D7CB73592D33397C5FA8767008441FC1","time_end":"20180813202914","total_fee":"1","trade_state":"SUCCESS","trade_state_desc":"\u652f\u4ed8\u6210\u529f","trade_type":"JSAPI","transaction_id":"4200000165201808138803214227"}
[2018-08-13 20:29:15][debug] add_depositlist
[2018-08-13 20:29:15][debug] insert551..775
[2018-08-13 20:29:15][debug] insert1业务绑定商户押金,551,775,1,1534163355,1,4200000165201808138803214227
[2018-08-13 20:29:15][debug] insert21
[2018-08-13 20:31:05][debug] begin goods notify
[2018-08-13 20:31:05][debug] call back...---:{"appid":"wxd42787e75e0a0d24","attach":"DepositPayParam;551;775;\u4e1a\u52a1\u7ed1\u5b9a\u5546\u6237\u62bc\u91d1;1;1","bank_type":"CFT","cash_fee":"1","fee_type":"CNY","is_subscribe":"N","mch_id":"1499493602","nonce_str":"3pgpkohyiluy8hhl45dacigb70dmjytr","openid":"oJj3g061SwO3cuqyFlMInfcyGrA4","out_trade_no":"149949360220180813203100","result_code":"SUCCESS","return_code":"SUCCESS","sign":"F74DB819BF9806EDB8C5A949BD0F413A","time_end":"20180813203104","total_fee":"1","trade_type":"JSAPI","transaction_id":"4200000184201808139843462258"}
[2018-08-13 20:31:05][debug] query:{"appid":"wxd42787e75e0a0d24","attach":"DepositPayParam;551;775;\u4e1a\u52a1\u7ed1\u5b9a\u5546\u6237\u62bc\u91d1;1;1","bank_type":"CFT","cash_fee":"1","fee_type":"CNY","is_subscribe":"N","mch_id":"1499493602","nonce_str":"VPqx5eOR4Zhhcb7K","openid":"oJj3g061SwO3cuqyFlMInfcyGrA4","out_trade_no":"149949360220180813203100","result_code":"SUCCESS","return_code":"SUCCESS","return_msg":"OK","sign":"DF35E5B68CE079733C80AB9BA6CA7E27","time_end":"20180813203104","total_fee":"1","trade_state":"SUCCESS","trade_state_desc":"\u652f\u4ed8\u6210\u529f","trade_type":"JSAPI","transaction_id":"4200000184201808139843462258"}
[2018-08-13 20:31:05][debug] add_depositlist
[2018-08-13 20:31:05][debug] insert551..775
[2018-08-13 20:31:05][debug] insert1业务绑定商户押金,551,775,1,1534163465,1,4200000184201808139843462258
[2018-08-13 20:31:05][debug] insert21
