[2018-07-22 10:33:32][debug] begin goods notify
[2018-07-22 10:33:32][debug] call back...---:{"appid":"wxd42787e75e0a0d24","attach":"GoodsPayParam;772;\u73ab\u7470\u53d1\u9175\u9c9c\u989c\u6d3b\u808c\u7cbe\u534e\u6db2;1;88;1","bank_type":"CFT","cash_fee":"1","fee_type":"CNY","is_subscribe":"Y","mch_id":"1499493602","nonce_str":"6e2a6o0vfachipcmloxb4mafhz3n3lu9","openid":"oJj3g042yvfbFGdmXK1jK2-EXLt8","out_trade_no":"149949360220180722103323","result_code":"SUCCESS","return_code":"SUCCESS","sign":"160759CE2D4AAB005FF0E74861356D47","time_end":"20180722103331","total_fee":"1","trade_type":"JSAPI","transaction_id":"4200000137201807229231382098"}
[2018-07-22 10:33:32][debug] query:{"appid":"wxd42787e75e0a0d24","attach":"GoodsPayParam;772;\u73ab\u7470\u53d1\u9175\u9c9c\u989c\u6d3b\u808c\u7cbe\u534e\u6db2;1;88;1","bank_type":"CFT","cash_fee":"1","fee_type":"CNY","is_subscribe":"Y","mch_id":"1499493602","nonce_str":"wXaSKgSKS3nTOyCT","openid":"oJj3g042yvfbFGdmXK1jK2-EXLt8","out_trade_no":"149949360220180722103323","result_code":"SUCCESS","return_code":"SUCCESS","return_msg":"OK","sign":"A37553AD9FD99238F38ED76DDE4606DC","time_end":"20180722103331","total_fee":"1","trade_state":"SUCCESS","trade_state_desc":"\u652f\u4ed8\u6210\u529f","trade_type":"JSAPI","transaction_id":"4200000137201807229231382098"}
[2018-07-22 10:33:32][debug] im enter
[2018-07-22 10:33:32][debug] start add call data:4200000137201807229231382098
[2018-07-22 10:33:32][debug] addgoods4200000137201807229231382098
[2018-07-22 14:15:58][debug] begin goods notify
[2018-07-22 14:15:58][debug] call back...---:{"appid":"wxd42787e75e0a0d24","attach":"GoodsPayParam;512;\u7f8e\u97f5\u5524\u9192\u8c03\u7406\u5957;10;136;1","bank_type":"CFT","cash_fee":"10","fee_type":"CNY","is_subscribe":"Y","mch_id":"1499493602","nonce_str":"4o3ydcylx380z74nmc70xfpr1fixnruf","openid":"oJj3g09sX7Z9x6EBjR8cDry-cJjU","out_trade_no":"149949360220180722141550","result_code":"SUCCESS","return_code":"SUCCESS","sign":"D371A8E2FA9BD5D2A5DEDE6E489BD944","time_end":"20180722141557","total_fee":"10","trade_type":"JSAPI","transaction_id":"4200000125201807222151657116"}
[2018-07-22 14:15:58][debug] query:{"appid":"wxd42787e75e0a0d24","attach":"GoodsPayParam;512;\u7f8e\u97f5\u5524\u9192\u8c03\u7406\u5957;10;136;1","bank_type":"CFT","cash_fee":"10","fee_type":"CNY","is_subscribe":"Y","mch_id":"1499493602","nonce_str":"I5w1N2VrcNhpJYFU","openid":"oJj3g09sX7Z9x6EBjR8cDry-cJjU","out_trade_no":"149949360220180722141550","result_code":"SUCCESS","return_code":"SUCCESS","return_msg":"OK","sign":"C832EF711B4B291B4E7D5FA39A1BF7FF","time_end":"20180722141557","total_fee":"10","trade_state":"SUCCESS","trade_state_desc":"\u652f\u4ed8\u6210\u529f","trade_type":"JSAPI","transaction_id":"4200000125201807222151657116"}
[2018-07-22 14:15:58][debug] im enter
[2018-07-22 14:15:58][debug] start add call data:4200000125201807222151657116
[2018-07-22 14:15:58][debug] addgoods4200000125201807222151657116
[2018-07-22 15:49:20][debug] begin goods notify
[2018-07-22 15:49:20][debug] call back...---:{"appid":"wxd42787e75e0a0d24","attach":"DepositPayParam;538;747;\u4e1a\u52a1\u7ed1\u5b9a\u5546\u6237\u62bc\u91d1;1;1","bank_type":"CFT","cash_fee":"1","fee_type":"CNY","is_subscribe":"Y","mch_id":"1499493602","nonce_str":"kdkhv5a1jidjlnise09xjzudgkwd42dd","openid":"oJj3g0_kbLegM3XtCaUgu5nAXsHY","out_trade_no":"149949360220180722154911","result_code":"SUCCESS","return_code":"SUCCESS","sign":"6DC39D01B995506B1D2E9DE986E8548F","time_end":"20180722154919","total_fee":"1","trade_type":"JSAPI","transaction_id":"4200000118201807226670457705"}
[2018-07-22 15:49:20][debug] query:{"appid":"wxd42787e75e0a0d24","attach":"DepositPayParam;538;747;\u4e1a\u52a1\u7ed1\u5b9a\u5546\u6237\u62bc\u91d1;1;1","bank_type":"CFT","cash_fee":"1","fee_type":"CNY","is_subscribe":"Y","mch_id":"1499493602","nonce_str":"a3x8uBXYuwJPhTp7","openid":"oJj3g0_kbLegM3XtCaUgu5nAXsHY","out_trade_no":"149949360220180722154911","result_code":"SUCCESS","return_code":"SUCCESS","return_msg":"OK","sign":"FDF588A3659F9424F3548423105963AE","time_end":"20180722154919","total_fee":"1","trade_state":"SUCCESS","trade_state_desc":"\u652f\u4ed8\u6210\u529f","trade_type":"JSAPI","transaction_id":"4200000118201807226670457705"}
[2018-07-22 15:49:20][debug] add_depositlist
[2018-07-22 15:49:20][debug] insert538..747
[2018-07-22 15:49:20][debug] insert1业务绑定商户押金,538,747,1,1532245760,1,4200000118201807226670457705
[2018-07-22 15:49:20][debug] insert21
[2018-07-22 19:25:31][debug] begin goods notify
