[2018-08-25 11:07:24][debug] begin goods notify
[2018-08-25 11:07:24][debug] call back...---:{"appid":"wxd42787e75e0a0d24","attach":"GoodsPayParam;1535166438913","bank_type":"CFT","cash_fee":"1","fee_type":"CNY","is_subscribe":"Y","mch_id":"1499493602","nonce_str":"il1l80332riopykwrh672fyihh1lzlw7","openid":"oJj3g0xxcLe8f8Hja8aI3D_hmQWk","out_trade_no":"149949360220180825110718","result_code":"SUCCESS","return_code":"SUCCESS","sign":"1C9628C643F75A376FD55AA050BB8743","time_end":"20180825110723","total_fee":"1","trade_type":"JSAPI","transaction_id":"4200000164201808257248007610"}
[2018-08-25 11:07:24][debug] query:{"appid":"wxd42787e75e0a0d24","attach":"GoodsPayParam;1535166438913","bank_type":"CFT","cash_fee":"1","fee_type":"CNY","is_subscribe":"Y","mch_id":"1499493602","nonce_str":"jp0d41mfNoWDxIma","openid":"oJj3g0xxcLe8f8Hja8aI3D_hmQWk","out_trade_no":"149949360220180825110718","result_code":"SUCCESS","return_code":"SUCCESS","return_msg":"OK","sign":"BE4F1BDAF8ACE56B0FFB1874A6F69FA8","time_end":"20180825110723","total_fee":"1","trade_state":"SUCCESS","trade_state_desc":"\u652f\u4ed8\u6210\u529f","trade_type":"JSAPI","transaction_id":"4200000164201808257248007610"}
[2018-08-25 11:07:24][debug] im enter
[2018-08-25 11:07:24][debug] addgoods4200000164201808257248007610
[2018-08-25 16:37:02][debug] begin goods notify
[2018-08-25 16:37:02][debug] call back...---:{"appid":"wxd42787e75e0a0d24","attach":"DepositPayParam;994;747;\u4e1a\u52a1\u7ed1\u5b9a\u5546\u6237\u62bc\u91d1;1;1","bank_type":"CFT","cash_fee":"1","fee_type":"CNY","is_subscribe":"Y","mch_id":"1499493602","nonce_str":"ieu0ube3wuj5bszfnbhj7h4weymjwrvb","openid":"oJj3g0_r7p5dhEm2GMmn205VC0yM","out_trade_no":"149949360220180825163649","result_code":"SUCCESS","return_code":"SUCCESS","sign":"36EE47E99F24E43A46D9FD0138295C04","time_end":"20180825163701","total_fee":"1","trade_type":"JSAPI","transaction_id":"4200000162201808255014806372"}
[2018-08-25 16:37:02][debug] query:{"appid":"wxd42787e75e0a0d24","attach":"DepositPayParam;994;747;\u4e1a\u52a1\u7ed1\u5b9a\u5546\u6237\u62bc\u91d1;1;1","bank_type":"CFT","cash_fee":"1","fee_type":"CNY","is_subscribe":"Y","mch_id":"1499493602","nonce_str":"qjIfDkBd6h71rpeV","openid":"oJj3g0_r7p5dhEm2GMmn205VC0yM","out_trade_no":"149949360220180825163649","result_code":"SUCCESS","return_code":"SUCCESS","return_msg":"OK","sign":"EE1D71ADD42503E6C938646C9136520D","time_end":"20180825163701","total_fee":"1","trade_state":"SUCCESS","trade_state_desc":"\u652f\u4ed8\u6210\u529f","trade_type":"JSAPI","transaction_id":"4200000162201808255014806372"}
[2018-08-25 16:37:02][debug] add_depositlist
[2018-08-25 16:37:02][debug] insert994..747
[2018-08-25 16:37:02][debug] insert1业务绑定商户押金,994,747,1,1535186222,1,4200000162201808255014806372
[2018-08-25 16:37:02][debug] insert21
[2018-08-25 18:37:05][debug] begin goods notify
[2018-08-25 18:37:05][debug] call back...---:{"appid":"wxd42787e75e0a0d24","attach":"GoodsPayParam;1535193420512","bank_type":"CFT","cash_fee":"10","fee_type":"CNY","is_subscribe":"Y","mch_id":"1499493602","nonce_str":"jjfaovig5bqaa4fodbdwttcj67hht0ea","openid":"oJj3g09sX7Z9x6EBjR8cDry-cJjU","out_trade_no":"149949360220180825183700","result_code":"SUCCESS","return_code":"SUCCESS","sign":"3DEC9BDC24E1630E496D4C9103B671B6","time_end":"20180825183704","total_fee":"10","trade_type":"JSAPI","transaction_id":"4200000170201808252166403598"}
[2018-08-25 18:37:05][debug] query:{"appid":"wxd42787e75e0a0d24","attach":"GoodsPayParam;1535193420512","bank_type":"CFT","cash_fee":"10","fee_type":"CNY","is_subscribe":"Y","mch_id":"1499493602","nonce_str":"wm7sEU4hZyQ3aa3e","openid":"oJj3g09sX7Z9x6EBjR8cDry-cJjU","out_trade_no":"149949360220180825183700","result_code":"SUCCESS","return_code":"SUCCESS","return_msg":"OK","sign":"C52015142B55A1A2700B25DFBB96E688","time_end":"20180825183704","total_fee":"10","trade_state":"SUCCESS","trade_state_desc":"\u652f\u4ed8\u6210\u529f","trade_type":"JSAPI","transaction_id":"4200000170201808252166403598"}
[2018-08-25 18:37:05][debug] im enter
[2018-08-25 18:37:05][debug] addgoods4200000170201808252166403598
[2018-08-25 19:01:50][debug] begin goods notify
[2018-08-25 19:01:50][debug] call back...---:{"appid":"wxd42787e75e0a0d24","attach":"DepositPayParam;899;747;\u4e1a\u52a1\u7ed1\u5b9a\u5546\u6237\u62bc\u91d1;1;1","bank_type":"CFT","cash_fee":"1","fee_type":"CNY","is_subscribe":"Y","mch_id":"1499493602","nonce_str":"on4y9sbzq6rwm9jn1lthjjeiqe5ci0ph","openid":"oJj3g02DI6QzTUwPs2iAc9exr6Cs","out_trade_no":"149949360220180825190142","result_code":"SUCCESS","return_code":"SUCCESS","sign":"696773C578719A1DA036DA61CAD3EE41","time_end":"20180825190149","total_fee":"1","trade_type":"JSAPI","transaction_id":"4200000185201808259416457864"}
[2018-08-25 19:01:51][debug] query:{"appid":"wxd42787e75e0a0d24","attach":"DepositPayParam;899;747;\u4e1a\u52a1\u7ed1\u5b9a\u5546\u6237\u62bc\u91d1;1;1","bank_type":"CFT","cash_fee":"1","fee_type":"CNY","is_subscribe":"Y","mch_id":"1499493602","nonce_str":"sk0Hff996gU8ppRK","openid":"oJj3g02DI6QzTUwPs2iAc9exr6Cs","out_trade_no":"149949360220180825190142","result_code":"SUCCESS","return_code":"SUCCESS","return_msg":"OK","sign":"C1E911689380D1860D0CE2C5E7EB3F8E","time_end":"20180825190149","total_fee":"1","trade_state":"SUCCESS","trade_state_desc":"\u652f\u4ed8\u6210\u529f","trade_type":"JSAPI","transaction_id":"4200000185201808259416457864"}
[2018-08-25 19:01:51][debug] add_depositlist
[2018-08-25 19:01:51][debug] insert899..747
[2018-08-25 19:01:51][debug] insert1业务绑定商户押金,899,747,1,1535194911,1,4200000185201808259416457864
[2018-08-25 19:01:51][debug] insert21
