[2018-08-18 15:15:43][debug] begin goods notify
[2018-08-18 15:15:43][debug] call back...---:{"appid":"wxd42787e75e0a0d24","attach":"GoodsPayParam;866;\u79d1\u7814\u9c9c\u6d3b\u6d01\u9762\u4e73;7800;191;1","bank_type":"CFT","cash_fee":"7800","fee_type":"CNY","is_subscribe":"Y","mch_id":"1499493602","nonce_str":"a13mtz1zwystooi0y6uewjwm4mseqwx6","openid":"oJj3g03AmpyCUTlX_JNqebltjEtE","out_trade_no":"149949360220180818151537","result_code":"SUCCESS","return_code":"SUCCESS","sign":"FF5598C0CD769C9770100F68A13DC436","time_end":"20180818151542","total_fee":"7800","trade_type":"JSAPI","transaction_id":"4200000169201808186489760878"}
[2018-08-18 15:15:43][debug] query:{"appid":"wxd42787e75e0a0d24","attach":"GoodsPayParam;866;\u79d1\u7814\u9c9c\u6d3b\u6d01\u9762\u4e73;7800;191;1","bank_type":"CFT","cash_fee":"7800","fee_type":"CNY","is_subscribe":"Y","mch_id":"1499493602","nonce_str":"D25sHg2KDOHAGfu3","openid":"oJj3g03AmpyCUTlX_JNqebltjEtE","out_trade_no":"149949360220180818151537","result_code":"SUCCESS","return_code":"SUCCESS","return_msg":"OK","sign":"A21B16D621251AEB2A57F66A54EE94D1","time_end":"20180818151542","total_fee":"7800","trade_state":"SUCCESS","trade_state_desc":"\u652f\u4ed8\u6210\u529f","trade_type":"JSAPI","transaction_id":"4200000169201808186489760878"}
[2018-08-18 15:15:43][debug] im enter
[2018-08-18 15:15:43][debug] start add call data:4200000169201808186489760878
[2018-08-18 15:15:43][debug] addgoods4200000169201808186489760878
[2018-08-18 15:20:31][debug] begin goods notify
[2018-08-18 15:20:31][debug] call back...---:{"appid":"wxd42787e75e0a0d24","attach":"GoodsPayParam;919;\u51c0\u5316\u8c03\u7406\u4f53\u9a8c\u5957\uff08\u6dcb\u5df4\uff09;39800;162;1","bank_type":"CFT","cash_fee":"39800","fee_type":"CNY","is_subscribe":"Y","mch_id":"1499493602","nonce_str":"bcvck7wf0iyxwetarn01xyut3fxefy3f","openid":"oJj3g0zopfj8FObs2SC7RMUd0_vE","out_trade_no":"149949360220180818152022","result_code":"SUCCESS","return_code":"SUCCESS","sign":"7C6CC9F2CD72C72EF0C1217E3C08BA27","time_end":"20180818152029","total_fee":"39800","trade_type":"JSAPI","transaction_id":"4200000177201808185838144594"}
[2018-08-18 15:20:31][debug] query:{"appid":"wxd42787e75e0a0d24","attach":"GoodsPayParam;919;\u51c0\u5316\u8c03\u7406\u4f53\u9a8c\u5957\uff08\u6dcb\u5df4\uff09;39800;162;1","bank_type":"CFT","cash_fee":"39800","fee_type":"CNY","is_subscribe":"Y","mch_id":"1499493602","nonce_str":"4XTxpc6uUeTeQ1V4","openid":"oJj3g0zopfj8FObs2SC7RMUd0_vE","out_trade_no":"149949360220180818152022","result_code":"SUCCESS","return_code":"SUCCESS","return_msg":"OK","sign":"45C5CECB0CF45F29DE8281FE729F0A69","time_end":"20180818152029","total_fee":"39800","trade_state":"SUCCESS","trade_state_desc":"\u652f\u4ed8\u6210\u529f","trade_type":"JSAPI","transaction_id":"4200000177201808185838144594"}
[2018-08-18 15:20:31][debug] im enter
[2018-08-18 15:20:31][debug] start add call data:4200000177201808185838144594
[2018-08-18 15:20:31][debug] addgoods4200000177201808185838144594
[2018-08-18 15:21:06][debug] begin goods notify
[2018-08-18 15:21:06][debug] call back...---:{"appid":"wxd42787e75e0a0d24","attach":"GoodsPayParam;919;\u7f8e\u97f5\u5524\u9192\u4f53\u9a8c\u5957\uff08\u6fc0\u6d3b\uff09;39800;161;1","bank_type":"CFT","cash_fee":"39800","fee_type":"CNY","is_subscribe":"Y","mch_id":"1499493602","nonce_str":"udta3w85bxn94h2rokn4s3yyrgc49rng","openid":"oJj3g0zopfj8FObs2SC7RMUd0_vE","out_trade_no":"149949360220180818152058","result_code":"SUCCESS","return_code":"SUCCESS","sign":"5C78A05CE4CFDB29B0B616F8130C5697","time_end":"20180818152105","total_fee":"39800","trade_type":"JSAPI","transaction_id":"4200000166201808183317344217"}
[2018-08-18 15:21:07][debug] query:{"appid":"wxd42787e75e0a0d24","attach":"GoodsPayParam;919;\u7f8e\u97f5\u5524\u9192\u4f53\u9a8c\u5957\uff08\u6fc0\u6d3b\uff09;39800;161;1","bank_type":"CFT","cash_fee":"39800","fee_type":"CNY","is_subscribe":"Y","mch_id":"1499493602","nonce_str":"zzEZyAU60d3s3eLl","openid":"oJj3g0zopfj8FObs2SC7RMUd0_vE","out_trade_no":"149949360220180818152058","result_code":"SUCCESS","return_code":"SUCCESS","return_msg":"OK","sign":"68F6D015F55FF493D9CC24164A3994F5","time_end":"20180818152105","total_fee":"39800","trade_state":"SUCCESS","trade_state_desc":"\u652f\u4ed8\u6210\u529f","trade_type":"JSAPI","transaction_id":"4200000166201808183317344217"}
[2018-08-18 15:21:07][debug] im enter
[2018-08-18 15:21:07][debug] start add call data:4200000166201808183317344217
[2018-08-18 15:21:07][debug] addgoods4200000166201808183317344217
[2018-08-18 16:14:36][debug] begin goods notify
[2018-08-18 16:14:36][debug] call back...---:{"appid":"wxd42787e75e0a0d24","attach":"GoodsPayParam;922;198\u5143\u514b\u4e3d\u7f07\u5a1c\u63a8\u5e7f\u5361;19800;199;1","bank_type":"CFT","cash_fee":"19800","fee_type":"CNY","is_subscribe":"Y","mch_id":"1499493602","nonce_str":"c6bn0z5m1o1baxorkciq2es8rnh26tvn","openid":"oJj3g02h9R6jbdgYl5oD8H7iRnSM","out_trade_no":"149949360220180818161430","result_code":"SUCCESS","return_code":"SUCCESS","sign":"F5CE9C1EF04DD55D941C70605A770CAB","time_end":"20180818161436","total_fee":"19800","trade_type":"JSAPI","transaction_id":"4200000179201808188559554054"}
[2018-08-18 16:14:37][debug] query:{"appid":"wxd42787e75e0a0d24","attach":"GoodsPayParam;922;198\u5143\u514b\u4e3d\u7f07\u5a1c\u63a8\u5e7f\u5361;19800;199;1","bank_type":"CFT","cash_fee":"19800","fee_type":"CNY","is_subscribe":"Y","mch_id":"1499493602","nonce_str":"dSCJ9vjuTgWHKFRP","openid":"oJj3g02h9R6jbdgYl5oD8H7iRnSM","out_trade_no":"149949360220180818161430","result_code":"SUCCESS","return_code":"SUCCESS","return_msg":"OK","sign":"BB5CE69818907CF6F3D59FBBC96A5AC2","time_end":"20180818161436","total_fee":"19800","trade_state":"SUCCESS","trade_state_desc":"\u652f\u4ed8\u6210\u529f","trade_type":"JSAPI","transaction_id":"4200000179201808188559554054"}
[2018-08-18 16:14:37][debug] im enter
[2018-08-18 16:14:37][debug] start add call data:4200000179201808188559554054
[2018-08-18 16:14:37][debug] addgoods4200000179201808188559554054
