[2018-05-02 09:56:43][debug] begin goods notify
[2018-05-02 09:56:43][debug] call back...---:{"appid":"wxd42787e75e0a0d24","attach":"GoodsPayParam;512;\u5bc6\u917f\u9753\u808c\u539f\u6d46\u53d1\u9175\u9762\u819c\u8d34;10;31;1","bank_type":"CFT","cash_fee":"10","fee_type":"CNY","is_subscribe":"Y","mch_id":"1499493602","nonce_str":"wiot4ucvgjq8zkhybupzk8c0fr4zpqa4","openid":"oJj3g09sX7Z9x6EBjR8cDry-cJjU","out_trade_no":"149949360220180502095633","result_code":"SUCCESS","return_code":"SUCCESS","sign":"F4841797555BBEEC940315A06DECF0EF","time_end":"20180502095642","total_fee":"10","trade_type":"JSAPI","transaction_id":"4200000132201805020578134002"}
[2018-05-02 09:56:43][debug] query:{"appid":"wxd42787e75e0a0d24","attach":"GoodsPayParam;512;\u5bc6\u917f\u9753\u808c\u539f\u6d46\u53d1\u9175\u9762\u819c\u8d34;10;31;1","bank_type":"CFT","cash_fee":"10","fee_type":"CNY","is_subscribe":"Y","mch_id":"1499493602","nonce_str":"Wb3cSiFy6tmIJ5Ie","openid":"oJj3g09sX7Z9x6EBjR8cDry-cJjU","out_trade_no":"149949360220180502095633","result_code":"SUCCESS","return_code":"SUCCESS","return_msg":"OK","sign":"9BBF62B00D171713A9420A9C3B84930C","time_end":"20180502095642","total_fee":"10","trade_state":"SUCCESS","trade_state_desc":"\u652f\u4ed8\u6210\u529f","trade_type":"JSAPI","transaction_id":"4200000132201805020578134002"}
[2018-05-02 09:56:43][debug] im enter
[2018-05-02 09:56:43][debug] start add call data:4200000132201805020578134002
[2018-05-02 09:56:43][debug] addgoods4200000132201805020578134002
[2018-05-02 11:10:56][debug] begin goods notify
[2018-05-02 11:10:56][debug] call back...---:{"appid":"wxd42787e75e0a0d24","attach":"GoodsPayParam;512;\u5bc6\u917f\u9753\u808c\u539f\u6d46\u53d1\u9175\u9762\u819c\u8d34;1;31;1","bank_type":"CFT","cash_fee":"1","fee_type":"CNY","is_subscribe":"Y","mch_id":"1499493602","nonce_str":"xn5bzba8li5tnrv0pih2ur8u5pbudbqy","openid":"oJj3g09sX7Z9x6EBjR8cDry-cJjU","out_trade_no":"149949360220180502111051","result_code":"SUCCESS","return_code":"SUCCESS","sign":"CFF18C2BA53EECC99B716E1FA4365A5C","time_end":"20180502111056","total_fee":"1","trade_type":"JSAPI","transaction_id":"4200000109201805020978946932"}
[2018-05-02 11:10:56][debug] query:{"appid":"wxd42787e75e0a0d24","attach":"GoodsPayParam;512;\u5bc6\u917f\u9753\u808c\u539f\u6d46\u53d1\u9175\u9762\u819c\u8d34;1;31;1","bank_type":"CFT","cash_fee":"1","fee_type":"CNY","is_subscribe":"Y","mch_id":"1499493602","nonce_str":"rO8hJZHNqs6alQp8","openid":"oJj3g09sX7Z9x6EBjR8cDry-cJjU","out_trade_no":"149949360220180502111051","result_code":"SUCCESS","return_code":"SUCCESS","return_msg":"OK","sign":"6AF0FBF9D6AC7194B13C5DBBB2A7BC8E","time_end":"20180502111056","total_fee":"1","trade_state":"SUCCESS","trade_state_desc":"\u652f\u4ed8\u6210\u529f","trade_type":"JSAPI","transaction_id":"4200000109201805020978946932"}
[2018-05-02 11:10:56][debug] im enter
[2018-05-02 11:10:56][debug] start add call data:4200000109201805020978946932
[2018-05-02 11:10:56][debug] addgoods4200000109201805020978946932
[2018-05-02 11:13:37][debug] begin goods notify
[2018-05-02 11:13:37][debug] call back...---:{"appid":"wxd42787e75e0a0d24","attach":"GoodsPayParam;512;\u5851\u65f6\u4ee3\u54c1\u724c\u5408\u4f5c;1;114;1","bank_type":"CFT","cash_fee":"1","fee_type":"CNY","is_subscribe":"Y","mch_id":"1499493602","nonce_str":"smkmkfh6kye99z820p3p3wq59qhmgky2","openid":"oJj3g09sX7Z9x6EBjR8cDry-cJjU","out_trade_no":"149949360220180502111332","result_code":"SUCCESS","return_code":"SUCCESS","sign":"AEDA0A402736CE7B749FBC33D40728B5","time_end":"20180502111336","total_fee":"1","trade_type":"JSAPI","transaction_id":"4200000131201805020532564178"}
[2018-05-02 11:13:37][debug] query:{"appid":"wxd42787e75e0a0d24","attach":"GoodsPayParam;512;\u5851\u65f6\u4ee3\u54c1\u724c\u5408\u4f5c;1;114;1","bank_type":"CFT","cash_fee":"1","fee_type":"CNY","is_subscribe":"Y","mch_id":"1499493602","nonce_str":"EkfOeYppiFjHF2B1","openid":"oJj3g09sX7Z9x6EBjR8cDry-cJjU","out_trade_no":"149949360220180502111332","result_code":"SUCCESS","return_code":"SUCCESS","return_msg":"OK","sign":"F81B8BA7193B0D306ABD838F545A5F43","time_end":"20180502111336","total_fee":"1","trade_state":"SUCCESS","trade_state_desc":"\u652f\u4ed8\u6210\u529f","trade_type":"JSAPI","transaction_id":"4200000131201805020532564178"}
[2018-05-02 11:13:37][debug] im enter
[2018-05-02 11:13:37][debug] start add call data:4200000131201805020532564178
[2018-05-02 11:13:37][debug] addgoods4200000131201805020532564178
[2018-05-02 11:14:16][debug] begin goods notify
[2018-05-02 11:14:16][debug] call back...---:{"appid":"wxd42787e75e0a0d24","attach":"GoodsPayParam;512;\u5851\u65f6\u4ee3\u54c1\u724c\u5408\u4f5c;1;114;1","bank_type":"CFT","cash_fee":"1","fee_type":"CNY","is_subscribe":"Y","mch_id":"1499493602","nonce_str":"i4z1vhufovbv9z39skmpqnvqam7ze87o","openid":"oJj3g09sX7Z9x6EBjR8cDry-cJjU","out_trade_no":"149949360220180502111410","result_code":"SUCCESS","return_code":"SUCCESS","sign":"74C44ED567F0A3EA9D73357F1FED569C","time_end":"20180502111415","total_fee":"1","trade_type":"JSAPI","transaction_id":"4200000138201805020913861038"}
[2018-05-02 11:14:16][debug] query:{"appid":"wxd42787e75e0a0d24","attach":"GoodsPayParam;512;\u5851\u65f6\u4ee3\u54c1\u724c\u5408\u4f5c;1;114;1","bank_type":"CFT","cash_fee":"1","fee_type":"CNY","is_subscribe":"Y","mch_id":"1499493602","nonce_str":"fP5udgFSPYAfM5I1","openid":"oJj3g09sX7Z9x6EBjR8cDry-cJjU","out_trade_no":"149949360220180502111410","result_code":"SUCCESS","return_code":"SUCCESS","return_msg":"OK","sign":"836054AD4E1FB6EE2919690BD18066CF","time_end":"20180502111415","total_fee":"1","trade_state":"SUCCESS","trade_state_desc":"\u652f\u4ed8\u6210\u529f","trade_type":"JSAPI","transaction_id":"4200000138201805020913861038"}
[2018-05-02 11:14:16][debug] im enter
[2018-05-02 11:14:16][debug] start add call data:4200000138201805020913861038
[2018-05-02 11:14:16][debug] addgoods4200000138201805020913861038
[2018-05-02 11:41:10][debug] begin goods notify
[2018-05-02 11:41:10][debug] call back...---:{"appid":"wxd42787e75e0a0d24","attach":"GoodsPayParam;512;\u79d1\u598d\u9c9c\u989c\u6d01\u9762\u4e73;1;23;1","bank_type":"CFT","cash_fee":"1","fee_type":"CNY","is_subscribe":"Y","mch_id":"1499493602","nonce_str":"az9m7yycpirjthp1v76gh0hgce5lyf1r","openid":"oJj3g09sX7Z9x6EBjR8cDry-cJjU","out_trade_no":"149949360220180502114105","result_code":"SUCCESS","return_code":"SUCCESS","sign":"D84B60277674602D67DCF06515958E77","time_end":"20180502114109","total_fee":"1","trade_type":"JSAPI","transaction_id":"4200000122201805020897651828"}
[2018-05-02 11:41:10][debug] query:{"appid":"wxd42787e75e0a0d24","attach":"GoodsPayParam;512;\u79d1\u598d\u9c9c\u989c\u6d01\u9762\u4e73;1;23;1","bank_type":"CFT","cash_fee":"1","fee_type":"CNY","is_subscribe":"Y","mch_id":"1499493602","nonce_str":"7mi8ej7hpXO6CBMS","openid":"oJj3g09sX7Z9x6EBjR8cDry-cJjU","out_trade_no":"149949360220180502114105","result_code":"SUCCESS","return_code":"SUCCESS","return_msg":"OK","sign":"07DF263DC2FFA4D5512E9D55B2CBDEB4","time_end":"20180502114109","total_fee":"1","trade_state":"SUCCESS","trade_state_desc":"\u652f\u4ed8\u6210\u529f","trade_type":"JSAPI","transaction_id":"4200000122201805020897651828"}
[2018-05-02 11:41:10][debug] im enter
[2018-05-02 11:41:10][debug] start add call data:4200000122201805020897651828
[2018-05-02 11:41:10][debug] addgoods4200000122201805020897651828
[2018-05-02 11:41:27][debug] begin goods notify
[2018-05-02 11:41:27][debug] call back...---:{"appid":"wxd42787e75e0a0d24","attach":"GoodsPayParam;512;\u9752\u67e0\u6aac\u9c9c\u989c\u6d3b\u808c\u539f\u6c34;1;22;1","bank_type":"CFT","cash_fee":"1","fee_type":"CNY","is_subscribe":"Y","mch_id":"1499493602","nonce_str":"rezlcokea4g9gfq2t1xbqdw3ld4ij7hj","openid":"oJj3g09sX7Z9x6EBjR8cDry-cJjU","out_trade_no":"149949360220180502114122","result_code":"SUCCESS","return_code":"SUCCESS","sign":"520A1A239A0AE92B9A5917034B2404E4","time_end":"20180502114127","total_fee":"1","trade_type":"JSAPI","transaction_id":"4200000138201805020816826090"}
[2018-05-02 11:41:28][debug] query:{"appid":"wxd42787e75e0a0d24","attach":"GoodsPayParam;512;\u9752\u67e0\u6aac\u9c9c\u989c\u6d3b\u808c\u539f\u6c34;1;22;1","bank_type":"CFT","cash_fee":"1","fee_type":"CNY","is_subscribe":"Y","mch_id":"1499493602","nonce_str":"8hMLUYXdLD9eAXD1","openid":"oJj3g09sX7Z9x6EBjR8cDry-cJjU","out_trade_no":"149949360220180502114122","result_code":"SUCCESS","return_code":"SUCCESS","return_msg":"OK","sign":"9CE4F11A9C11AFBA1EEF7EFEB1CF8FEF","time_end":"20180502114127","total_fee":"1","trade_state":"SUCCESS","trade_state_desc":"\u652f\u4ed8\u6210\u529f","trade_type":"JSAPI","transaction_id":"4200000138201805020816826090"}
[2018-05-02 11:41:28][debug] im enter
[2018-05-02 11:41:28][debug] start add call data:4200000138201805020816826090
[2018-05-02 11:41:28][debug] addgoods4200000138201805020816826090
[2018-05-02 11:44:03][debug] begin goods notify
[2018-05-02 11:44:03][debug] call back...---:{"appid":"wxd42787e75e0a0d24","attach":"GoodsPayParam;512;\u79d1\u598d\u9c9c\u989c\u6d01\u9762\u4e73;10;23;10","bank_type":"CFT","cash_fee":"10","fee_type":"CNY","is_subscribe":"Y","mch_id":"1499493602","nonce_str":"zicot8pspj9ip35ucwwq65i7js7687hp","openid":"oJj3g09sX7Z9x6EBjR8cDry-cJjU","out_trade_no":"149949360220180502114359","result_code":"SUCCESS","return_code":"SUCCESS","sign":"694CE49FCC0F036B131B33F19FBF0822","time_end":"20180502114403","total_fee":"10","trade_type":"JSAPI","transaction_id":"4200000138201805020809126161"}
[2018-05-02 11:44:03][debug] query:{"appid":"wxd42787e75e0a0d24","attach":"GoodsPayParam;512;\u79d1\u598d\u9c9c\u989c\u6d01\u9762\u4e73;10;23;10","bank_type":"CFT","cash_fee":"10","fee_type":"CNY","is_subscribe":"Y","mch_id":"1499493602","nonce_str":"SjMKjO2uv3mIkes1","openid":"oJj3g09sX7Z9x6EBjR8cDry-cJjU","out_trade_no":"149949360220180502114359","result_code":"SUCCESS","return_code":"SUCCESS","return_msg":"OK","sign":"6E22BAA48CAA63DB9C7AB99A63CBA007","time_end":"20180502114403","total_fee":"10","trade_state":"SUCCESS","trade_state_desc":"\u652f\u4ed8\u6210\u529f","trade_type":"JSAPI","transaction_id":"4200000138201805020809126161"}
[2018-05-02 11:44:03][debug] im enter
[2018-05-02 11:44:03][debug] start add call data:4200000138201805020809126161
[2018-05-02 11:44:03][debug] addgoods4200000138201805020809126161
[2018-05-02 15:24:43][debug] begin goods notify
[2018-05-02 15:24:43][debug] call back...---:{"appid":"wxd42787e75e0a0d24","attach":"GoodsPayParam;512;\u79d1\u598d\u9c9c\u989c\u6d01\u9762\u4e73;1;23;1","bank_type":"CFT","cash_fee":"1","fee_type":"CNY","is_subscribe":"Y","mch_id":"1499493602","nonce_str":"0a6wqozvrhpzqyn21w0kvfp5o617pqp3","openid":"oJj3g09sX7Z9x6EBjR8cDry-cJjU","out_trade_no":"149949360220180502152438","result_code":"SUCCESS","return_code":"SUCCESS","sign":"1BE5198C859EBC67FF01186FAE5C42FA","time_end":"20180502152443","total_fee":"1","trade_type":"JSAPI","transaction_id":"4200000135201805020523967536"}
[2018-05-02 15:24:43][debug] query:{"appid":"wxd42787e75e0a0d24","attach":"GoodsPayParam;512;\u79d1\u598d\u9c9c\u989c\u6d01\u9762\u4e73;1;23;1","bank_type":"CFT","cash_fee":"1","fee_type":"CNY","is_subscribe":"Y","mch_id":"1499493602","nonce_str":"4mngVECXGuJ5bazD","openid":"oJj3g09sX7Z9x6EBjR8cDry-cJjU","out_trade_no":"149949360220180502152438","result_code":"SUCCESS","return_code":"SUCCESS","return_msg":"OK","sign":"E028F8CE13332D62FF802F8276D56648","time_end":"20180502152443","total_fee":"1","trade_state":"SUCCESS","trade_state_desc":"\u652f\u4ed8\u6210\u529f","trade_type":"JSAPI","transaction_id":"4200000135201805020523967536"}
[2018-05-02 15:24:43][debug] im enter
[2018-05-02 15:24:43][debug] start add call data:4200000135201805020523967536
[2018-05-02 15:24:43][debug] addgoods4200000135201805020523967536
[2018-05-02 15:25:30][debug] begin goods notify
[2018-05-02 15:25:30][debug] call back...---:{"appid":"wxd42787e75e0a0d24","attach":"GoodsPayParam;512;\u79d1\u598d\u9c9c\u989c\u6d01\u9762\u4e73;2;23;2","bank_type":"CFT","cash_fee":"2","fee_type":"CNY","is_subscribe":"Y","mch_id":"1499493602","nonce_str":"izt9fxyng07gs7qyfrmjbqe7bxvkqgrm","openid":"oJj3g09sX7Z9x6EBjR8cDry-cJjU","out_trade_no":"149949360220180502152523","result_code":"SUCCESS","return_code":"SUCCESS","sign":"F394248526F39BE426F9DFA221C79534","time_end":"20180502152529","total_fee":"2","trade_type":"JSAPI","transaction_id":"4200000118201805020663421140"}
[2018-05-02 15:25:30][debug] query:{"appid":"wxd42787e75e0a0d24","attach":"GoodsPayParam;512;\u79d1\u598d\u9c9c\u989c\u6d01\u9762\u4e73;2;23;2","bank_type":"CFT","cash_fee":"2","fee_type":"CNY","is_subscribe":"Y","mch_id":"1499493602","nonce_str":"H3X591ZbslHu2fiV","openid":"oJj3g09sX7Z9x6EBjR8cDry-cJjU","out_trade_no":"149949360220180502152523","result_code":"SUCCESS","return_code":"SUCCESS","return_msg":"OK","sign":"F30F771083607B89C6F7F7CF31964689","time_end":"20180502152529","total_fee":"2","trade_state":"SUCCESS","trade_state_desc":"\u652f\u4ed8\u6210\u529f","trade_type":"JSAPI","transaction_id":"4200000118201805020663421140"}
[2018-05-02 15:25:30][debug] im enter
[2018-05-02 15:25:30][debug] start add call data:4200000118201805020663421140
[2018-05-02 15:25:30][debug] addgoods4200000118201805020663421140
[2018-05-02 15:33:55][debug] begin goods notify
[2018-05-02 15:33:55][debug] call back...---:{"appid":"wxd42787e75e0a0d24","attach":"GoodsPayParam;549;\u5851\u65f6\u4ee3\u54c1\u724c\u5408\u4f5c;100;114;1","bank_type":"ICBC_DEBIT","cash_fee":"100","fee_type":"CNY","is_subscribe":"Y","mch_id":"1499493602","nonce_str":"8osph6vs2avv5f2i4jsos1lpfe88ed45","openid":"oJj3g0ww5GepBXthjhNDBWV1GQe8","out_trade_no":"149949360220180502153350","result_code":"SUCCESS","return_code":"SUCCESS","sign":"15FE3796BAD28C6D63D63FE0E968FD1A","time_end":"20180502153355","total_fee":"100","trade_type":"JSAPI","transaction_id":"4200000129201805021140448497"}
[2018-05-02 15:33:56][debug] query:{"appid":"wxd42787e75e0a0d24","attach":"GoodsPayParam;549;\u5851\u65f6\u4ee3\u54c1\u724c\u5408\u4f5c;100;114;1","bank_type":"ICBC_DEBIT","cash_fee":"100","fee_type":"CNY","is_subscribe":"Y","mch_id":"1499493602","nonce_str":"EB6kUqwRyokRj1In","openid":"oJj3g0ww5GepBXthjhNDBWV1GQe8","out_trade_no":"149949360220180502153350","result_code":"SUCCESS","return_code":"SUCCESS","return_msg":"OK","sign":"F0CDF268B92DB031D1D0ED0CAE5C4BB9","time_end":"20180502153355","total_fee":"100","trade_state":"SUCCESS","trade_state_desc":"\u652f\u4ed8\u6210\u529f","trade_type":"JSAPI","transaction_id":"4200000129201805021140448497"}
[2018-05-02 15:33:56][debug] im enter
[2018-05-02 15:33:56][debug] start add call data:4200000129201805021140448497
[2018-05-02 15:33:56][debug] addgoods4200000129201805021140448497
