[2018-03-17 10:40:35][debug] begin goods notify
[2018-03-17 10:40:35][debug] call back...---:{"appid":"wxecd6b654b7533930","attach":"DepositPayParam;187;181;\u62bc\u91d1;1;1","bank_type":"CFT","cash_fee":"1","fee_type":"CNY","is_subscribe":"Y","mch_id":"1285500001","nonce_str":"y0n97hcf2j0xr0cb95h4wz53xi63mzs0","openid":"oW5_rjuFnH6510a3zXLJQqRK2bKM","out_trade_no":"128550000120180317104028","result_code":"SUCCESS","return_code":"SUCCESS","sign":"BA93FC5203C259ED0E052C53B97BB387","time_end":"20180317104035","total_fee":"1","trade_type":"JSAPI","transaction_id":"4200000081201803170148759414"}
[2018-03-17 10:40:36][debug] query:{"appid":"wxecd6b654b7533930","attach":"DepositPayParam;187;181;\u62bc\u91d1;1;1","bank_type":"CFT","cash_fee":"1","fee_type":"CNY","is_subscribe":"Y","mch_id":"1285500001","nonce_str":"S21h4hUG6XQHacdu","openid":"oW5_rjuFnH6510a3zXLJQqRK2bKM","out_trade_no":"128550000120180317104028","result_code":"SUCCESS","return_code":"SUCCESS","return_msg":"OK","sign":"D4B91A8F707D728C0869499756814DDE","time_end":"20180317104035","total_fee":"1","trade_state":"SUCCESS","trade_type":"JSAPI","transaction_id":"4200000081201803170148759414"}
[2018-03-17 10:40:36][debug] add_depositlist
[2018-03-17 10:40:36][debug] insert187..181
[2018-03-17 10:40:36][debug] insert1押金,187,181,1,1521254436,1,4200000081201803170148759414
[2018-03-17 10:40:36][debug] insert21
[2018-03-17 10:40:50][debug] begin goods notify
[2018-03-17 10:40:50][debug] call back...---:{"appid":"wxecd6b654b7533930","attach":"DepositPayParam;187;181;\u62bc\u91d1;1;1","bank_type":"CFT","cash_fee":"1","fee_type":"CNY","is_subscribe":"Y","mch_id":"1285500001","nonce_str":"y0n97hcf2j0xr0cb95h4wz53xi63mzs0","openid":"oW5_rjuFnH6510a3zXLJQqRK2bKM","out_trade_no":"128550000120180317104028","result_code":"SUCCESS","return_code":"SUCCESS","sign":"BA93FC5203C259ED0E052C53B97BB387","time_end":"20180317104035","total_fee":"1","trade_type":"JSAPI","transaction_id":"4200000081201803170148759414"}
[2018-03-17 10:40:50][debug] query:{"appid":"wxecd6b654b7533930","attach":"DepositPayParam;187;181;\u62bc\u91d1;1;1","bank_type":"CFT","cash_fee":"1","fee_type":"CNY","is_subscribe":"Y","mch_id":"1285500001","nonce_str":"vHkhuuY88Qz1Kya8","openid":"oW5_rjuFnH6510a3zXLJQqRK2bKM","out_trade_no":"128550000120180317104028","result_code":"SUCCESS","return_code":"SUCCESS","return_msg":"OK","sign":"7E1D4850644DF6F931D8B3124A756A29","time_end":"20180317104035","total_fee":"1","trade_state":"SUCCESS","trade_type":"JSAPI","transaction_id":"4200000081201803170148759414"}
[2018-03-17 10:40:50][debug] add_depositlist
[2018-03-17 10:41:09][debug] begin goods notify
[2018-03-17 10:41:09][debug] call back...---:{"appid":"wxecd6b654b7533930","attach":"DepositPayParam;187;181;\u62bc\u91d1;1;1","bank_type":"CFT","cash_fee":"1","fee_type":"CNY","is_subscribe":"Y","mch_id":"1285500001","nonce_str":"y0n97hcf2j0xr0cb95h4wz53xi63mzs0","openid":"oW5_rjuFnH6510a3zXLJQqRK2bKM","out_trade_no":"128550000120180317104028","result_code":"SUCCESS","return_code":"SUCCESS","sign":"BA93FC5203C259ED0E052C53B97BB387","time_end":"20180317104035","total_fee":"1","trade_type":"JSAPI","transaction_id":"4200000081201803170148759414"}
[2018-03-17 10:41:09][debug] query:{"appid":"wxecd6b654b7533930","attach":"DepositPayParam;187;181;\u62bc\u91d1;1;1","bank_type":"CFT","cash_fee":"1","fee_type":"CNY","is_subscribe":"Y","mch_id":"1285500001","nonce_str":"6tSTEooXdIEWxk1c","openid":"oW5_rjuFnH6510a3zXLJQqRK2bKM","out_trade_no":"128550000120180317104028","result_code":"SUCCESS","return_code":"SUCCESS","return_msg":"OK","sign":"196AB91F4C8EBB3EA0378B0351D28434","time_end":"20180317104035","total_fee":"1","trade_state":"SUCCESS","trade_type":"JSAPI","transaction_id":"4200000081201803170148759414"}
[2018-03-17 10:41:09][debug] add_depositlist
[2018-03-17 10:41:16][debug] begin goods notify
[2018-03-17 10:41:16][debug] call back...---:{"appid":"wxecd6b654b7533930","attach":"DepositPayParam;180;181;\u62bc\u91d1;1;1","bank_type":"CFT","cash_fee":"1","fee_type":"CNY","is_subscribe":"Y","mch_id":"1285500001","nonce_str":"ifuvyqm3o9f4c6fbb3knk4meco9y98hp","openid":"oW5_rjmPkj9EWngVj-NBijw1IEGg","out_trade_no":"128550000120180317104109","result_code":"SUCCESS","return_code":"SUCCESS","sign":"F9E6906F01B303C99163D247675EB77F","time_end":"20180317104115","total_fee":"1","trade_type":"JSAPI","transaction_id":"4200000090201803170255169693"}
[2018-03-17 10:41:16][debug] query:{"appid":"wxecd6b654b7533930","attach":"DepositPayParam;180;181;\u62bc\u91d1;1;1","bank_type":"CFT","cash_fee":"1","fee_type":"CNY","is_subscribe":"Y","mch_id":"1285500001","nonce_str":"EFane6blnNkxp1Ji","openid":"oW5_rjmPkj9EWngVj-NBijw1IEGg","out_trade_no":"128550000120180317104109","result_code":"SUCCESS","return_code":"SUCCESS","return_msg":"OK","sign":"EA1DB7043BF8298D3E33FE4B651BB8BA","time_end":"20180317104115","total_fee":"1","trade_state":"SUCCESS","trade_type":"JSAPI","transaction_id":"4200000090201803170255169693"}
[2018-03-17 10:41:16][debug] add_depositlist
[2018-03-17 10:41:16][debug] insert180..181
[2018-03-17 10:41:16][debug] insert1押金,180,181,1,1521254476,1,4200000090201803170255169693
[2018-03-17 10:41:16][debug] insert21
[2018-03-17 10:41:32][debug] begin goods notify
[2018-03-17 10:41:32][debug] call back...---:{"appid":"wxecd6b654b7533930","attach":"DepositPayParam;180;181;\u62bc\u91d1;1;1","bank_type":"CFT","cash_fee":"1","fee_type":"CNY","is_subscribe":"Y","mch_id":"1285500001","nonce_str":"ifuvyqm3o9f4c6fbb3knk4meco9y98hp","openid":"oW5_rjmPkj9EWngVj-NBijw1IEGg","out_trade_no":"128550000120180317104109","result_code":"SUCCESS","return_code":"SUCCESS","sign":"F9E6906F01B303C99163D247675EB77F","time_end":"20180317104115","total_fee":"1","trade_type":"JSAPI","transaction_id":"4200000090201803170255169693"}
[2018-03-17 10:41:32][debug] query:{"appid":"wxecd6b654b7533930","attach":"DepositPayParam;180;181;\u62bc\u91d1;1;1","bank_type":"CFT","cash_fee":"1","fee_type":"CNY","is_subscribe":"Y","mch_id":"1285500001","nonce_str":"0SjTWVd3qXH0YIA4","openid":"oW5_rjmPkj9EWngVj-NBijw1IEGg","out_trade_no":"128550000120180317104109","result_code":"SUCCESS","return_code":"SUCCESS","return_msg":"OK","sign":"2C135C3DEC8C6BD274A41CA2B087B946","time_end":"20180317104115","total_fee":"1","trade_state":"SUCCESS","trade_type":"JSAPI","transaction_id":"4200000090201803170255169693"}
[2018-03-17 10:41:32][debug] add_depositlist
[2018-03-17 10:41:40][debug] begin goods notify
[2018-03-17 10:41:40][debug] call back...---:{"appid":"wxecd6b654b7533930","attach":"DepositPayParam;187;181;\u62bc\u91d1;1;1","bank_type":"CFT","cash_fee":"1","fee_type":"CNY","is_subscribe":"Y","mch_id":"1285500001","nonce_str":"y0n97hcf2j0xr0cb95h4wz53xi63mzs0","openid":"oW5_rjuFnH6510a3zXLJQqRK2bKM","out_trade_no":"128550000120180317104028","result_code":"SUCCESS","return_code":"SUCCESS","sign":"BA93FC5203C259ED0E052C53B97BB387","time_end":"20180317104035","total_fee":"1","trade_type":"JSAPI","transaction_id":"4200000081201803170148759414"}
[2018-03-17 10:41:40][debug] query:{"appid":"wxecd6b654b7533930","attach":"DepositPayParam;187;181;\u62bc\u91d1;1;1","bank_type":"CFT","cash_fee":"1","fee_type":"CNY","is_subscribe":"Y","mch_id":"1285500001","nonce_str":"lkP9fhgRwRqHWyq5","openid":"oW5_rjuFnH6510a3zXLJQqRK2bKM","out_trade_no":"128550000120180317104028","result_code":"SUCCESS","return_code":"SUCCESS","return_msg":"OK","sign":"F5BF67AAC6C878B21F8F9AA661339079","time_end":"20180317104035","total_fee":"1","trade_state":"SUCCESS","trade_type":"JSAPI","transaction_id":"4200000081201803170148759414"}
[2018-03-17 10:41:40][debug] add_depositlist
[2018-03-17 10:41:50][debug] begin goods notify
[2018-03-17 10:41:50][debug] call back...---:{"appid":"wxecd6b654b7533930","attach":"DepositPayParam;180;181;\u62bc\u91d1;1;1","bank_type":"CFT","cash_fee":"1","fee_type":"CNY","is_subscribe":"Y","mch_id":"1285500001","nonce_str":"ifuvyqm3o9f4c6fbb3knk4meco9y98hp","openid":"oW5_rjmPkj9EWngVj-NBijw1IEGg","out_trade_no":"128550000120180317104109","result_code":"SUCCESS","return_code":"SUCCESS","sign":"F9E6906F01B303C99163D247675EB77F","time_end":"20180317104115","total_fee":"1","trade_type":"JSAPI","transaction_id":"4200000090201803170255169693"}
[2018-03-17 10:41:50][debug] query:{"appid":"wxecd6b654b7533930","attach":"DepositPayParam;180;181;\u62bc\u91d1;1;1","bank_type":"CFT","cash_fee":"1","fee_type":"CNY","is_subscribe":"Y","mch_id":"1285500001","nonce_str":"fWIkTa0OLDCrRl6P","openid":"oW5_rjmPkj9EWngVj-NBijw1IEGg","out_trade_no":"128550000120180317104109","result_code":"SUCCESS","return_code":"SUCCESS","return_msg":"OK","sign":"039E2DEB64209BB6C8AAE4A2D03659F9","time_end":"20180317104115","total_fee":"1","trade_state":"SUCCESS","trade_type":"JSAPI","transaction_id":"4200000090201803170255169693"}
[2018-03-17 10:41:50][debug] add_depositlist
[2018-03-17 10:42:22][debug] begin goods notify
[2018-03-17 10:42:22][debug] call back...---:{"appid":"wxecd6b654b7533930","attach":"DepositPayParam;180;181;\u62bc\u91d1;1;1","bank_type":"CFT","cash_fee":"1","fee_type":"CNY","is_subscribe":"Y","mch_id":"1285500001","nonce_str":"ifuvyqm3o9f4c6fbb3knk4meco9y98hp","openid":"oW5_rjmPkj9EWngVj-NBijw1IEGg","out_trade_no":"128550000120180317104109","result_code":"SUCCESS","return_code":"SUCCESS","sign":"F9E6906F01B303C99163D247675EB77F","time_end":"20180317104115","total_fee":"1","trade_type":"JSAPI","transaction_id":"4200000090201803170255169693"}
[2018-03-17 10:42:22][debug] query:{"appid":"wxecd6b654b7533930","attach":"DepositPayParam;180;181;\u62bc\u91d1;1;1","bank_type":"CFT","cash_fee":"1","fee_type":"CNY","is_subscribe":"Y","mch_id":"1285500001","nonce_str":"9FLjrreEMhY5bsAe","openid":"oW5_rjmPkj9EWngVj-NBijw1IEGg","out_trade_no":"128550000120180317104109","result_code":"SUCCESS","return_code":"SUCCESS","return_msg":"OK","sign":"AEC87A739E5A7DD77FB9D36ACA57F5C0","time_end":"20180317104115","total_fee":"1","trade_state":"SUCCESS","trade_type":"JSAPI","transaction_id":"4200000090201803170255169693"}
[2018-03-17 10:42:22][debug] add_depositlist
[2018-03-17 10:44:41][debug] begin goods notify
[2018-03-17 10:44:41][debug] call back...---:{"appid":"wxecd6b654b7533930","attach":"DepositPayParam;187;181;\u62bc\u91d1;1;1","bank_type":"CFT","cash_fee":"1","fee_type":"CNY","is_subscribe":"Y","mch_id":"1285500001","nonce_str":"y0n97hcf2j0xr0cb95h4wz53xi63mzs0","openid":"oW5_rjuFnH6510a3zXLJQqRK2bKM","out_trade_no":"128550000120180317104028","result_code":"SUCCESS","return_code":"SUCCESS","sign":"BA93FC5203C259ED0E052C53B97BB387","time_end":"20180317104035","total_fee":"1","trade_type":"JSAPI","transaction_id":"4200000081201803170148759414"}
[2018-03-17 10:44:42][debug] query:{"appid":"wxecd6b654b7533930","attach":"DepositPayParam;187;181;\u62bc\u91d1;1;1","bank_type":"CFT","cash_fee":"1","fee_type":"CNY","is_subscribe":"Y","mch_id":"1285500001","nonce_str":"eBkffBI5NyLcJNRi","openid":"oW5_rjuFnH6510a3zXLJQqRK2bKM","out_trade_no":"128550000120180317104028","result_code":"SUCCESS","return_code":"SUCCESS","return_msg":"OK","sign":"22F265D722A2C004D0295282AFDE29FF","time_end":"20180317104035","total_fee":"1","trade_state":"SUCCESS","trade_type":"JSAPI","transaction_id":"4200000081201803170148759414"}
[2018-03-17 10:44:42][debug] add_depositlist
[2018-03-17 10:45:24][debug] begin goods notify
[2018-03-17 10:45:24][debug] call back...---:{"appid":"wxecd6b654b7533930","attach":"DepositPayParam;180;181;\u62bc\u91d1;1;1","bank_type":"CFT","cash_fee":"1","fee_type":"CNY","is_subscribe":"Y","mch_id":"1285500001","nonce_str":"ifuvyqm3o9f4c6fbb3knk4meco9y98hp","openid":"oW5_rjmPkj9EWngVj-NBijw1IEGg","out_trade_no":"128550000120180317104109","result_code":"SUCCESS","return_code":"SUCCESS","sign":"F9E6906F01B303C99163D247675EB77F","time_end":"20180317104115","total_fee":"1","trade_type":"JSAPI","transaction_id":"4200000090201803170255169693"}
[2018-03-17 10:45:24][debug] query:{"appid":"wxecd6b654b7533930","attach":"DepositPayParam;180;181;\u62bc\u91d1;1;1","bank_type":"CFT","cash_fee":"1","fee_type":"CNY","is_subscribe":"Y","mch_id":"1285500001","nonce_str":"J5mb0wxOlX5dnvFa","openid":"oW5_rjmPkj9EWngVj-NBijw1IEGg","out_trade_no":"128550000120180317104109","result_code":"SUCCESS","return_code":"SUCCESS","return_msg":"OK","sign":"884FCC5516CCCCAA59C55AC0270AB3B5","time_end":"20180317104115","total_fee":"1","trade_state":"SUCCESS","trade_type":"JSAPI","transaction_id":"4200000090201803170255169693"}
[2018-03-17 10:45:24][debug] add_depositlist
[2018-03-17 10:46:23][debug] begin goods notify
[2018-03-17 10:46:23][debug] call back...---:{"appid":"wxecd6b654b7533930","attach":"GoodsPayParam;179;380\u5143\u4f53\u9a8c\u5957\u9910;10000;19;1","bank_type":"CFT","cash_fee":"10000","fee_type":"CNY","is_subscribe":"Y","mch_id":"1285500001","nonce_str":"ydz9lmrp7x4e7ol4vgv9i2uj8tgezdzz","openid":"oW5_rjpL3A39AFWn_bqIix-hhvTc","out_trade_no":"128550000120180317104613","result_code":"SUCCESS","return_code":"SUCCESS","sign":"90B961702DADE296A2B8ABD2A0C07077","time_end":"20180317104622","total_fee":"10000","trade_type":"JSAPI","transaction_id":"4200000090201803170168756033"}
[2018-03-17 10:46:23][debug] query:{"appid":"wxecd6b654b7533930","attach":"GoodsPayParam;179;380\u5143\u4f53\u9a8c\u5957\u9910;10000;19;1","bank_type":"CFT","cash_fee":"10000","fee_type":"CNY","is_subscribe":"Y","mch_id":"1285500001","nonce_str":"dSR3KpzY8DAe2QL2","openid":"oW5_rjpL3A39AFWn_bqIix-hhvTc","out_trade_no":"128550000120180317104613","result_code":"SUCCESS","return_code":"SUCCESS","return_msg":"OK","sign":"E84698321C1FF09FAF09352B268E8B3E","time_end":"20180317104622","total_fee":"10000","trade_state":"SUCCESS","trade_type":"JSAPI","transaction_id":"4200000090201803170168756033"}
[2018-03-17 10:46:23][debug] im enter
[2018-03-17 10:46:23][debug] start add call data:4200000090201803170168756033
[2018-03-17 10:46:23][debug] addgoods4200000090201803170168756033
[2018-03-17 10:46:38][debug] begin goods notify
[2018-03-17 10:46:38][debug] call back...---:{"appid":"wxecd6b654b7533930","attach":"GoodsPayParam;179;380\u5143\u4f53\u9a8c\u5957\u9910;10000;19;1","bank_type":"CFT","cash_fee":"10000","fee_type":"CNY","is_subscribe":"Y","mch_id":"1285500001","nonce_str":"ydz9lmrp7x4e7ol4vgv9i2uj8tgezdzz","openid":"oW5_rjpL3A39AFWn_bqIix-hhvTc","out_trade_no":"128550000120180317104613","result_code":"SUCCESS","return_code":"SUCCESS","sign":"90B961702DADE296A2B8ABD2A0C07077","time_end":"20180317104622","total_fee":"10000","trade_type":"JSAPI","transaction_id":"4200000090201803170168756033"}
[2018-03-17 10:46:38][debug] query:{"appid":"wxecd6b654b7533930","attach":"GoodsPayParam;179;380\u5143\u4f53\u9a8c\u5957\u9910;10000;19;1","bank_type":"CFT","cash_fee":"10000","fee_type":"CNY","is_subscribe":"Y","mch_id":"1285500001","nonce_str":"Pq2GuNSgRJjHKYbA","openid":"oW5_rjpL3A39AFWn_bqIix-hhvTc","out_trade_no":"128550000120180317104613","result_code":"SUCCESS","return_code":"SUCCESS","return_msg":"OK","sign":"68A1E47E069B4E46CCA4B8C7B73BE284","time_end":"20180317104622","total_fee":"10000","trade_state":"SUCCESS","trade_type":"JSAPI","transaction_id":"4200000090201803170168756033"}
[2018-03-17 10:46:38][debug] im enter
[2018-03-17 10:46:38][debug] start add call data:4200000090201803170168756033
[2018-03-17 10:46:43][debug] begin goods notify
[2018-03-17 10:46:43][debug] call back...---:{"appid":"wxecd6b654b7533930","attach":"GoodsPayParam;183;380\u5143\u4f53\u9a8c\u5957\u9910;10000;19;1","bank_type":"ICBC_DEBIT","cash_fee":"10000","fee_type":"CNY","is_subscribe":"Y","mch_id":"1285500001","nonce_str":"a3fnrv2m6v7heiexdk9iwzy7zhruv3b9","openid":"oW5_rjhppKz1e4rzMqVcnDxAGFH4","out_trade_no":"128550000120180317104636","result_code":"SUCCESS","return_code":"SUCCESS","sign":"6E18CBD79D21010E424739F9C00AAB5D","time_end":"20180317104643","total_fee":"10000","trade_type":"JSAPI","transaction_id":"4200000083201803170208916926"}
[2018-03-17 10:46:43][debug] query:{"appid":"wxecd6b654b7533930","attach":"GoodsPayParam;183;380\u5143\u4f53\u9a8c\u5957\u9910;10000;19;1","bank_type":"ICBC_DEBIT","cash_fee":"10000","fee_type":"CNY","is_subscribe":"Y","mch_id":"1285500001","nonce_str":"luNOXiFoJakPKoWs","openid":"oW5_rjhppKz1e4rzMqVcnDxAGFH4","out_trade_no":"128550000120180317104636","result_code":"SUCCESS","return_code":"SUCCESS","return_msg":"OK","sign":"27971D9D5A2EE6AA74DBCA4BBF6D484B","time_end":"20180317104643","total_fee":"10000","trade_state":"SUCCESS","trade_type":"JSAPI","transaction_id":"4200000083201803170208916926"}
[2018-03-17 10:46:43][debug] im enter
[2018-03-17 10:46:44][debug] start add call data:4200000083201803170208916926
[2018-03-17 10:46:44][debug] addgoods4200000083201803170208916926
[2018-03-17 10:46:53][debug] begin goods notify
[2018-03-17 10:46:53][debug] call back...---:{"appid":"wxecd6b654b7533930","attach":"GoodsPayParam;179;380\u5143\u4f53\u9a8c\u5957\u9910;10000;19;1","bank_type":"CFT","cash_fee":"10000","fee_type":"CNY","is_subscribe":"Y","mch_id":"1285500001","nonce_str":"ydz9lmrp7x4e7ol4vgv9i2uj8tgezdzz","openid":"oW5_rjpL3A39AFWn_bqIix-hhvTc","out_trade_no":"128550000120180317104613","result_code":"SUCCESS","return_code":"SUCCESS","sign":"90B961702DADE296A2B8ABD2A0C07077","time_end":"20180317104622","total_fee":"10000","trade_type":"JSAPI","transaction_id":"4200000090201803170168756033"}
[2018-03-17 10:46:53][debug] query:{"appid":"wxecd6b654b7533930","attach":"GoodsPayParam;179;380\u5143\u4f53\u9a8c\u5957\u9910;10000;19;1","bank_type":"CFT","cash_fee":"10000","fee_type":"CNY","is_subscribe":"Y","mch_id":"1285500001","nonce_str":"wX3l1WURLNtn3VXC","openid":"oW5_rjpL3A39AFWn_bqIix-hhvTc","out_trade_no":"128550000120180317104613","result_code":"SUCCESS","return_code":"SUCCESS","return_msg":"OK","sign":"4D7EE3ABDF3C79474CDC09A0EB2178CB","time_end":"20180317104622","total_fee":"10000","trade_state":"SUCCESS","trade_type":"JSAPI","transaction_id":"4200000090201803170168756033"}
[2018-03-17 10:46:53][debug] im enter
[2018-03-17 10:46:53][debug] start add call data:4200000090201803170168756033
[2018-03-17 10:46:57][debug] begin goods notify
[2018-03-17 10:46:57][debug] call back...---:{"appid":"wxecd6b654b7533930","attach":"GoodsPayParam;183;380\u5143\u4f53\u9a8c\u5957\u9910;10000;19;1","bank_type":"ICBC_DEBIT","cash_fee":"10000","fee_type":"CNY","is_subscribe":"Y","mch_id":"1285500001","nonce_str":"a3fnrv2m6v7heiexdk9iwzy7zhruv3b9","openid":"oW5_rjhppKz1e4rzMqVcnDxAGFH4","out_trade_no":"128550000120180317104636","result_code":"SUCCESS","return_code":"SUCCESS","sign":"6E18CBD79D21010E424739F9C00AAB5D","time_end":"20180317104643","total_fee":"10000","trade_type":"JSAPI","transaction_id":"4200000083201803170208916926"}
[2018-03-17 10:46:57][debug] query:{"appid":"wxecd6b654b7533930","attach":"GoodsPayParam;183;380\u5143\u4f53\u9a8c\u5957\u9910;10000;19;1","bank_type":"ICBC_DEBIT","cash_fee":"10000","fee_type":"CNY","is_subscribe":"Y","mch_id":"1285500001","nonce_str":"tazdFZtqGmj1JRye","openid":"oW5_rjhppKz1e4rzMqVcnDxAGFH4","out_trade_no":"128550000120180317104636","result_code":"SUCCESS","return_code":"SUCCESS","return_msg":"OK","sign":"216EFF34E575786F0B9F53C3C88BF380","time_end":"20180317104643","total_fee":"10000","trade_state":"SUCCESS","trade_type":"JSAPI","transaction_id":"4200000083201803170208916926"}
[2018-03-17 10:46:57][debug] im enter
[2018-03-17 10:46:57][debug] start add call data:4200000083201803170208916926
[2018-03-17 10:47:13][debug] begin goods notify
[2018-03-17 10:47:13][debug] call back...---:{"appid":"wxecd6b654b7533930","attach":"GoodsPayParam;183;380\u5143\u4f53\u9a8c\u5957\u9910;10000;19;1","bank_type":"ICBC_DEBIT","cash_fee":"10000","fee_type":"CNY","is_subscribe":"Y","mch_id":"1285500001","nonce_str":"a3fnrv2m6v7heiexdk9iwzy7zhruv3b9","openid":"oW5_rjhppKz1e4rzMqVcnDxAGFH4","out_trade_no":"128550000120180317104636","result_code":"SUCCESS","return_code":"SUCCESS","sign":"6E18CBD79D21010E424739F9C00AAB5D","time_end":"20180317104643","total_fee":"10000","trade_type":"JSAPI","transaction_id":"4200000083201803170208916926"}
[2018-03-17 10:47:14][debug] query:{"appid":"wxecd6b654b7533930","attach":"GoodsPayParam;183;380\u5143\u4f53\u9a8c\u5957\u9910;10000;19;1","bank_type":"ICBC_DEBIT","cash_fee":"10000","fee_type":"CNY","is_subscribe":"Y","mch_id":"1285500001","nonce_str":"vNtHKcdFBG0BnBaf","openid":"oW5_rjhppKz1e4rzMqVcnDxAGFH4","out_trade_no":"128550000120180317104636","result_code":"SUCCESS","return_code":"SUCCESS","return_msg":"OK","sign":"47CA13886CAA45058019944AEE2F5828","time_end":"20180317104643","total_fee":"10000","trade_state":"SUCCESS","trade_type":"JSAPI","transaction_id":"4200000083201803170208916926"}
[2018-03-17 10:47:14][debug] im enter
[2018-03-17 10:47:14][debug] start add call data:4200000083201803170208916926
[2018-03-17 10:47:23][debug] begin goods notify
[2018-03-17 10:47:23][debug] call back...---:{"appid":"wxecd6b654b7533930","attach":"GoodsPayParam;179;380\u5143\u4f53\u9a8c\u5957\u9910;10000;19;1","bank_type":"CFT","cash_fee":"10000","fee_type":"CNY","is_subscribe":"Y","mch_id":"1285500001","nonce_str":"ydz9lmrp7x4e7ol4vgv9i2uj8tgezdzz","openid":"oW5_rjpL3A39AFWn_bqIix-hhvTc","out_trade_no":"128550000120180317104613","result_code":"SUCCESS","return_code":"SUCCESS","sign":"90B961702DADE296A2B8ABD2A0C07077","time_end":"20180317104622","total_fee":"10000","trade_type":"JSAPI","transaction_id":"4200000090201803170168756033"}
[2018-03-17 10:47:24][debug] query:{"appid":"wxecd6b654b7533930","attach":"GoodsPayParam;179;380\u5143\u4f53\u9a8c\u5957\u9910;10000;19;1","bank_type":"CFT","cash_fee":"10000","fee_type":"CNY","is_subscribe":"Y","mch_id":"1285500001","nonce_str":"fjEXT1k44cNRwXf3","openid":"oW5_rjpL3A39AFWn_bqIix-hhvTc","out_trade_no":"128550000120180317104613","result_code":"SUCCESS","return_code":"SUCCESS","return_msg":"OK","sign":"57E2915A075812306B1E67AC6B51B2A4","time_end":"20180317104622","total_fee":"10000","trade_state":"SUCCESS","trade_type":"JSAPI","transaction_id":"4200000090201803170168756033"}
[2018-03-17 10:47:24][debug] im enter
[2018-03-17 10:47:24][debug] start add call data:4200000090201803170168756033
[2018-03-17 10:47:45][debug] begin goods notify
[2018-03-17 10:47:45][debug] call back...---:{"appid":"wxecd6b654b7533930","attach":"GoodsPayParam;183;380\u5143\u4f53\u9a8c\u5957\u9910;10000;19;1","bank_type":"ICBC_DEBIT","cash_fee":"10000","fee_type":"CNY","is_subscribe":"Y","mch_id":"1285500001","nonce_str":"a3fnrv2m6v7heiexdk9iwzy7zhruv3b9","openid":"oW5_rjhppKz1e4rzMqVcnDxAGFH4","out_trade_no":"128550000120180317104636","result_code":"SUCCESS","return_code":"SUCCESS","sign":"6E18CBD79D21010E424739F9C00AAB5D","time_end":"20180317104643","total_fee":"10000","trade_type":"JSAPI","transaction_id":"4200000083201803170208916926"}
[2018-03-17 10:47:45][debug] query:{"appid":"wxecd6b654b7533930","attach":"GoodsPayParam;183;380\u5143\u4f53\u9a8c\u5957\u9910;10000;19;1","bank_type":"ICBC_DEBIT","cash_fee":"10000","fee_type":"CNY","is_subscribe":"Y","mch_id":"1285500001","nonce_str":"uvqDbC4myFjJ1t3P","openid":"oW5_rjhppKz1e4rzMqVcnDxAGFH4","out_trade_no":"128550000120180317104636","result_code":"SUCCESS","return_code":"SUCCESS","return_msg":"OK","sign":"BF6908962E83AE8DF8AB1C3E70401DF2","time_end":"20180317104643","total_fee":"10000","trade_state":"SUCCESS","trade_type":"JSAPI","transaction_id":"4200000083201803170208916926"}
[2018-03-17 10:47:45][debug] im enter
[2018-03-17 10:47:45][debug] start add call data:4200000083201803170208916926
[2018-03-17 10:50:24][debug] begin goods notify
[2018-03-17 10:50:24][debug] call back...---:{"appid":"wxecd6b654b7533930","attach":"GoodsPayParam;179;380\u5143\u4f53\u9a8c\u5957\u9910;10000;19;1","bank_type":"CFT","cash_fee":"10000","fee_type":"CNY","is_subscribe":"Y","mch_id":"1285500001","nonce_str":"ydz9lmrp7x4e7ol4vgv9i2uj8tgezdzz","openid":"oW5_rjpL3A39AFWn_bqIix-hhvTc","out_trade_no":"128550000120180317104613","result_code":"SUCCESS","return_code":"SUCCESS","sign":"90B961702DADE296A2B8ABD2A0C07077","time_end":"20180317104622","total_fee":"10000","trade_type":"JSAPI","transaction_id":"4200000090201803170168756033"}
[2018-03-17 10:50:24][debug] query:{"appid":"wxecd6b654b7533930","attach":"GoodsPayParam;179;380\u5143\u4f53\u9a8c\u5957\u9910;10000;19;1","bank_type":"CFT","cash_fee":"10000","fee_type":"CNY","is_subscribe":"Y","mch_id":"1285500001","nonce_str":"weWNNnjcIuWUlTtO","openid":"oW5_rjpL3A39AFWn_bqIix-hhvTc","out_trade_no":"128550000120180317104613","result_code":"SUCCESS","return_code":"SUCCESS","return_msg":"OK","sign":"D186E1A0B52BE9BD0BD805D623D3156D","time_end":"20180317104622","total_fee":"10000","trade_state":"SUCCESS","trade_type":"JSAPI","transaction_id":"4200000090201803170168756033"}
[2018-03-17 10:50:24][debug] im enter
[2018-03-17 10:50:24][debug] start add call data:4200000090201803170168756033
[2018-03-17 10:50:48][debug] begin goods notify
[2018-03-17 10:50:48][debug] call back...---:{"appid":"wxecd6b654b7533930","attach":"GoodsPayParam;183;380\u5143\u4f53\u9a8c\u5957\u9910;10000;19;1","bank_type":"ICBC_DEBIT","cash_fee":"10000","fee_type":"CNY","is_subscribe":"Y","mch_id":"1285500001","nonce_str":"a3fnrv2m6v7heiexdk9iwzy7zhruv3b9","openid":"oW5_rjhppKz1e4rzMqVcnDxAGFH4","out_trade_no":"128550000120180317104636","result_code":"SUCCESS","return_code":"SUCCESS","sign":"6E18CBD79D21010E424739F9C00AAB5D","time_end":"20180317104643","total_fee":"10000","trade_type":"JSAPI","transaction_id":"4200000083201803170208916926"}
[2018-03-17 10:50:48][debug] query:{"appid":"wxecd6b654b7533930","attach":"GoodsPayParam;183;380\u5143\u4f53\u9a8c\u5957\u9910;10000;19;1","bank_type":"ICBC_DEBIT","cash_fee":"10000","fee_type":"CNY","is_subscribe":"Y","mch_id":"1285500001","nonce_str":"hUbedeeYpYcz8Kk4","openid":"oW5_rjhppKz1e4rzMqVcnDxAGFH4","out_trade_no":"128550000120180317104636","result_code":"SUCCESS","return_code":"SUCCESS","return_msg":"OK","sign":"A2D6C51B6B33CF4BF90CAEFCA48CEFB9","time_end":"20180317104643","total_fee":"10000","trade_state":"SUCCESS","trade_type":"JSAPI","transaction_id":"4200000083201803170208916926"}
[2018-03-17 10:50:48][debug] im enter
[2018-03-17 10:50:48][debug] start add call data:4200000083201803170208916926
[2018-03-17 10:54:46][debug] begin goods notify
[2018-03-17 10:54:46][debug] call back...---:{"appid":"wxecd6b654b7533930","attach":"GoodsPayParam;184;380\u5143\u4f53\u9a8c\u5957\u9910;10000;19;1","bank_type":"ICBC_DEBIT","cash_fee":"10000","fee_type":"CNY","is_subscribe":"Y","mch_id":"1285500001","nonce_str":"wmomzbim2zqmpofp7q3x559rw81x1qjx","openid":"oW5_rjjSEgxpDdoyItjY6OltPZ4Q","out_trade_no":"128550000120180317105437","result_code":"SUCCESS","return_code":"SUCCESS","sign":"F5BE15A26616978960262639E1D438A7","time_end":"20180317105446","total_fee":"10000","trade_type":"JSAPI","transaction_id":"4200000084201803170195267633"}
[2018-03-17 10:54:46][debug] query:{"appid":"wxecd6b654b7533930","attach":"GoodsPayParam;184;380\u5143\u4f53\u9a8c\u5957\u9910;10000;19;1","bank_type":"ICBC_DEBIT","cash_fee":"10000","fee_type":"CNY","is_subscribe":"Y","mch_id":"1285500001","nonce_str":"srp27OCceGaUeSQ8","openid":"oW5_rjjSEgxpDdoyItjY6OltPZ4Q","out_trade_no":"128550000120180317105437","result_code":"SUCCESS","return_code":"SUCCESS","return_msg":"OK","sign":"642C4DED5279228C262C6A4775ABD1D8","time_end":"20180317105446","total_fee":"10000","trade_state":"SUCCESS","trade_type":"JSAPI","transaction_id":"4200000084201803170195267633"}
[2018-03-17 10:54:46][debug] im enter
[2018-03-17 10:54:46][debug] start add call data:4200000084201803170195267633
[2018-03-17 10:54:46][debug] addgoods4200000084201803170195267633
[2018-03-17 10:54:57][debug] begin goods notify
[2018-03-17 10:54:57][debug] call back...---:{"appid":"wxecd6b654b7533930","attach":"GoodsPayParam;184;380\u5143\u4f53\u9a8c\u5957\u9910;10000;19;1","bank_type":"ICBC_DEBIT","cash_fee":"10000","fee_type":"CNY","is_subscribe":"Y","mch_id":"1285500001","nonce_str":"wmomzbim2zqmpofp7q3x559rw81x1qjx","openid":"oW5_rjjSEgxpDdoyItjY6OltPZ4Q","out_trade_no":"128550000120180317105437","result_code":"SUCCESS","return_code":"SUCCESS","sign":"F5BE15A26616978960262639E1D438A7","time_end":"20180317105446","total_fee":"10000","trade_type":"JSAPI","transaction_id":"4200000084201803170195267633"}
[2018-03-17 10:54:57][debug] query:{"appid":"wxecd6b654b7533930","attach":"GoodsPayParam;184;380\u5143\u4f53\u9a8c\u5957\u9910;10000;19;1","bank_type":"ICBC_DEBIT","cash_fee":"10000","fee_type":"CNY","is_subscribe":"Y","mch_id":"1285500001","nonce_str":"H9dEfLMDHKJAb4lM","openid":"oW5_rjjSEgxpDdoyItjY6OltPZ4Q","out_trade_no":"128550000120180317105437","result_code":"SUCCESS","return_code":"SUCCESS","return_msg":"OK","sign":"26338D71FFE203E703D7F20B4437AAF0","time_end":"20180317105446","total_fee":"10000","trade_state":"SUCCESS","trade_type":"JSAPI","transaction_id":"4200000084201803170195267633"}
[2018-03-17 10:54:57][debug] im enter
[2018-03-17 10:54:57][debug] start add call data:4200000084201803170195267633
[2018-03-17 10:55:13][debug] begin goods notify
[2018-03-17 10:55:13][debug] call back...---:{"appid":"wxecd6b654b7533930","attach":"GoodsPayParam;184;380\u5143\u4f53\u9a8c\u5957\u9910;10000;19;1","bank_type":"ICBC_DEBIT","cash_fee":"10000","fee_type":"CNY","is_subscribe":"Y","mch_id":"1285500001","nonce_str":"wmomzbim2zqmpofp7q3x559rw81x1qjx","openid":"oW5_rjjSEgxpDdoyItjY6OltPZ4Q","out_trade_no":"128550000120180317105437","result_code":"SUCCESS","return_code":"SUCCESS","sign":"F5BE15A26616978960262639E1D438A7","time_end":"20180317105446","total_fee":"10000","trade_type":"JSAPI","transaction_id":"4200000084201803170195267633"}
[2018-03-17 10:55:13][debug] query:{"appid":"wxecd6b654b7533930","attach":"GoodsPayParam;184;380\u5143\u4f53\u9a8c\u5957\u9910;10000;19;1","bank_type":"ICBC_DEBIT","cash_fee":"10000","fee_type":"CNY","is_subscribe":"Y","mch_id":"1285500001","nonce_str":"iAHw42S6gC5NtbvN","openid":"oW5_rjjSEgxpDdoyItjY6OltPZ4Q","out_trade_no":"128550000120180317105437","result_code":"SUCCESS","return_code":"SUCCESS","return_msg":"OK","sign":"2AEB431B20ACBCE50712E33E273C6341","time_end":"20180317105446","total_fee":"10000","trade_state":"SUCCESS","trade_type":"JSAPI","transaction_id":"4200000084201803170195267633"}
[2018-03-17 10:55:13][debug] im enter
[2018-03-17 10:55:13][debug] start add call data:4200000084201803170195267633
[2018-03-17 10:55:45][debug] begin goods notify
[2018-03-17 10:55:45][debug] call back...---:{"appid":"wxecd6b654b7533930","attach":"GoodsPayParam;184;380\u5143\u4f53\u9a8c\u5957\u9910;10000;19;1","bank_type":"ICBC_DEBIT","cash_fee":"10000","fee_type":"CNY","is_subscribe":"Y","mch_id":"1285500001","nonce_str":"wmomzbim2zqmpofp7q3x559rw81x1qjx","openid":"oW5_rjjSEgxpDdoyItjY6OltPZ4Q","out_trade_no":"128550000120180317105437","result_code":"SUCCESS","return_code":"SUCCESS","sign":"F5BE15A26616978960262639E1D438A7","time_end":"20180317105446","total_fee":"10000","trade_type":"JSAPI","transaction_id":"4200000084201803170195267633"}
[2018-03-17 10:55:45][debug] query:{"appid":"wxecd6b654b7533930","attach":"GoodsPayParam;184;380\u5143\u4f53\u9a8c\u5957\u9910;10000;19;1","bank_type":"ICBC_DEBIT","cash_fee":"10000","fee_type":"CNY","is_subscribe":"Y","mch_id":"1285500001","nonce_str":"rN62datrS2pHasQj","openid":"oW5_rjjSEgxpDdoyItjY6OltPZ4Q","out_trade_no":"128550000120180317105437","result_code":"SUCCESS","return_code":"SUCCESS","return_msg":"OK","sign":"B499F97D43EBC403FE273BE59A06B0FB","time_end":"20180317105446","total_fee":"10000","trade_state":"SUCCESS","trade_type":"JSAPI","transaction_id":"4200000084201803170195267633"}
[2018-03-17 10:55:45][debug] im enter
[2018-03-17 10:55:45][debug] start add call data:4200000084201803170195267633
[2018-03-17 10:58:46][debug] begin goods notify
[2018-03-17 10:58:46][debug] call back...---:{"appid":"wxecd6b654b7533930","attach":"GoodsPayParam;184;380\u5143\u4f53\u9a8c\u5957\u9910;10000;19;1","bank_type":"ICBC_DEBIT","cash_fee":"10000","fee_type":"CNY","is_subscribe":"Y","mch_id":"1285500001","nonce_str":"wmomzbim2zqmpofp7q3x559rw81x1qjx","openid":"oW5_rjjSEgxpDdoyItjY6OltPZ4Q","out_trade_no":"128550000120180317105437","result_code":"SUCCESS","return_code":"SUCCESS","sign":"F5BE15A26616978960262639E1D438A7","time_end":"20180317105446","total_fee":"10000","trade_type":"JSAPI","transaction_id":"4200000084201803170195267633"}
[2018-03-17 10:58:46][debug] query:{"appid":"wxecd6b654b7533930","attach":"GoodsPayParam;184;380\u5143\u4f53\u9a8c\u5957\u9910;10000;19;1","bank_type":"ICBC_DEBIT","cash_fee":"10000","fee_type":"CNY","is_subscribe":"Y","mch_id":"1285500001","nonce_str":"Y4jzI8BCDzQKEg6C","openid":"oW5_rjjSEgxpDdoyItjY6OltPZ4Q","out_trade_no":"128550000120180317105437","result_code":"SUCCESS","return_code":"SUCCESS","return_msg":"OK","sign":"34F9CFB6FCD33577DCD70DE67B55DB5B","time_end":"20180317105446","total_fee":"10000","trade_state":"SUCCESS","trade_type":"JSAPI","transaction_id":"4200000084201803170195267633"}
[2018-03-17 10:58:46][debug] im enter
[2018-03-17 10:58:46][debug] start add call data:4200000084201803170195267633
[2018-03-17 11:14:44][debug] begin goods notify
[2018-03-17 11:14:44][debug] call back...---:{"appid":"wxecd6b654b7533930","attach":"DepositPayParam;187;181;\u62bc\u91d1;1;1","bank_type":"CFT","cash_fee":"1","fee_type":"CNY","is_subscribe":"Y","mch_id":"1285500001","nonce_str":"y0n97hcf2j0xr0cb95h4wz53xi63mzs0","openid":"oW5_rjuFnH6510a3zXLJQqRK2bKM","out_trade_no":"128550000120180317104028","result_code":"SUCCESS","return_code":"SUCCESS","sign":"BA93FC5203C259ED0E052C53B97BB387","time_end":"20180317104035","total_fee":"1","trade_type":"JSAPI","transaction_id":"4200000081201803170148759414"}
[2018-03-17 11:14:45][debug] query:{"appid":"wxecd6b654b7533930","attach":"DepositPayParam;187;181;\u62bc\u91d1;1;1","bank_type":"CFT","cash_fee":"1","fee_type":"CNY","is_subscribe":"Y","mch_id":"1285500001","nonce_str":"IbXCYHly1x1jeWVo","openid":"oW5_rjuFnH6510a3zXLJQqRK2bKM","out_trade_no":"128550000120180317104028","result_code":"SUCCESS","return_code":"SUCCESS","return_msg":"OK","sign":"13C9162703EAA3BCA7E42E54A66381BC","time_end":"20180317104035","total_fee":"1","trade_state":"SUCCESS","trade_type":"JSAPI","transaction_id":"4200000081201803170148759414"}
[2018-03-17 11:14:45][debug] add_depositlist
[2018-03-17 11:15:25][debug] begin goods notify
[2018-03-17 11:15:25][debug] call back...---:{"appid":"wxecd6b654b7533930","attach":"DepositPayParam;180;181;\u62bc\u91d1;1;1","bank_type":"CFT","cash_fee":"1","fee_type":"CNY","is_subscribe":"Y","mch_id":"1285500001","nonce_str":"ifuvyqm3o9f4c6fbb3knk4meco9y98hp","openid":"oW5_rjmPkj9EWngVj-NBijw1IEGg","out_trade_no":"128550000120180317104109","result_code":"SUCCESS","return_code":"SUCCESS","sign":"F9E6906F01B303C99163D247675EB77F","time_end":"20180317104115","total_fee":"1","trade_type":"JSAPI","transaction_id":"4200000090201803170255169693"}
[2018-03-17 11:15:25][debug] query:{"appid":"wxecd6b654b7533930","attach":"DepositPayParam;180;181;\u62bc\u91d1;1;1","bank_type":"CFT","cash_fee":"1","fee_type":"CNY","is_subscribe":"Y","mch_id":"1285500001","nonce_str":"bwEFqRYECzXuOwX6","openid":"oW5_rjmPkj9EWngVj-NBijw1IEGg","out_trade_no":"128550000120180317104109","result_code":"SUCCESS","return_code":"SUCCESS","return_msg":"OK","sign":"9FD0E1B82D901532B87A7F60A7E772B6","time_end":"20180317104115","total_fee":"1","trade_state":"SUCCESS","trade_type":"JSAPI","transaction_id":"4200000090201803170255169693"}
[2018-03-17 11:15:25][debug] add_depositlist
[2018-03-17 11:20:28][debug] begin goods notify
[2018-03-17 11:20:28][debug] call back...---:{"appid":"wxecd6b654b7533930","attach":"GoodsPayParam;179;380\u5143\u4f53\u9a8c\u5957\u9910;10000;19;1","bank_type":"CFT","cash_fee":"10000","fee_type":"CNY","is_subscribe":"Y","mch_id":"1285500001","nonce_str":"ydz9lmrp7x4e7ol4vgv9i2uj8tgezdzz","openid":"oW5_rjpL3A39AFWn_bqIix-hhvTc","out_trade_no":"128550000120180317104613","result_code":"SUCCESS","return_code":"SUCCESS","sign":"90B961702DADE296A2B8ABD2A0C07077","time_end":"20180317104622","total_fee":"10000","trade_type":"JSAPI","transaction_id":"4200000090201803170168756033"}
[2018-03-17 11:20:28][debug] query:{"appid":"wxecd6b654b7533930","attach":"GoodsPayParam;179;380\u5143\u4f53\u9a8c\u5957\u9910;10000;19;1","bank_type":"CFT","cash_fee":"10000","fee_type":"CNY","is_subscribe":"Y","mch_id":"1285500001","nonce_str":"pao65YguPsfR46r7","openid":"oW5_rjpL3A39AFWn_bqIix-hhvTc","out_trade_no":"128550000120180317104613","result_code":"SUCCESS","return_code":"SUCCESS","return_msg":"OK","sign":"895CCCA93AF401714E2F367A48AA5F77","time_end":"20180317104622","total_fee":"10000","trade_state":"SUCCESS","trade_type":"JSAPI","transaction_id":"4200000090201803170168756033"}
[2018-03-17 11:20:28][debug] im enter
[2018-03-17 11:20:28][debug] start add call data:4200000090201803170168756033
[2018-03-17 11:20:50][debug] begin goods notify
[2018-03-17 11:20:50][debug] call back...---:{"appid":"wxecd6b654b7533930","attach":"GoodsPayParam;183;380\u5143\u4f53\u9a8c\u5957\u9910;10000;19;1","bank_type":"ICBC_DEBIT","cash_fee":"10000","fee_type":"CNY","is_subscribe":"Y","mch_id":"1285500001","nonce_str":"a3fnrv2m6v7heiexdk9iwzy7zhruv3b9","openid":"oW5_rjhppKz1e4rzMqVcnDxAGFH4","out_trade_no":"128550000120180317104636","result_code":"SUCCESS","return_code":"SUCCESS","sign":"6E18CBD79D21010E424739F9C00AAB5D","time_end":"20180317104643","total_fee":"10000","trade_type":"JSAPI","transaction_id":"4200000083201803170208916926"}
[2018-03-17 11:20:50][debug] query:{"appid":"wxecd6b654b7533930","attach":"GoodsPayParam;183;380\u5143\u4f53\u9a8c\u5957\u9910;10000;19;1","bank_type":"ICBC_DEBIT","cash_fee":"10000","fee_type":"CNY","is_subscribe":"Y","mch_id":"1285500001","nonce_str":"36e7CuxgYIileCdu","openid":"oW5_rjhppKz1e4rzMqVcnDxAGFH4","out_trade_no":"128550000120180317104636","result_code":"SUCCESS","return_code":"SUCCESS","return_msg":"OK","sign":"CF54F4E7DF2F798711931828090BC84B","time_end":"20180317104643","total_fee":"10000","trade_state":"SUCCESS","trade_type":"JSAPI","transaction_id":"4200000083201803170208916926"}
[2018-03-17 11:20:50][debug] im enter
[2018-03-17 11:20:50][debug] start add call data:4200000083201803170208916926
[2018-03-17 11:28:48][debug] begin goods notify
[2018-03-17 11:28:48][debug] call back...---:{"appid":"wxecd6b654b7533930","attach":"GoodsPayParam;184;380\u5143\u4f53\u9a8c\u5957\u9910;10000;19;1","bank_type":"ICBC_DEBIT","cash_fee":"10000","fee_type":"CNY","is_subscribe":"Y","mch_id":"1285500001","nonce_str":"wmomzbim2zqmpofp7q3x559rw81x1qjx","openid":"oW5_rjjSEgxpDdoyItjY6OltPZ4Q","out_trade_no":"128550000120180317105437","result_code":"SUCCESS","return_code":"SUCCESS","sign":"F5BE15A26616978960262639E1D438A7","time_end":"20180317105446","total_fee":"10000","trade_type":"JSAPI","transaction_id":"4200000084201803170195267633"}
[2018-03-17 11:28:49][debug] query:{"appid":"wxecd6b654b7533930","attach":"GoodsPayParam;184;380\u5143\u4f53\u9a8c\u5957\u9910;10000;19;1","bank_type":"ICBC_DEBIT","cash_fee":"10000","fee_type":"CNY","is_subscribe":"Y","mch_id":"1285500001","nonce_str":"pi6W6L86A6OqTaQn","openid":"oW5_rjjSEgxpDdoyItjY6OltPZ4Q","out_trade_no":"128550000120180317105437","result_code":"SUCCESS","return_code":"SUCCESS","return_msg":"OK","sign":"444F3869F32006FCAC680155D3FD3D31","time_end":"20180317105446","total_fee":"10000","trade_state":"SUCCESS","trade_type":"JSAPI","transaction_id":"4200000084201803170195267633"}
[2018-03-17 11:28:49][debug] im enter
[2018-03-17 11:28:49][debug] start add call data:4200000084201803170195267633
