[2018-04-20 14:21:59][debug] begin goods notify
[2018-04-20 14:21:59][debug] call back...---:{"appid":"wx7d05a96d073b899b","attach":"DepositPayParam;339;335;\u4e1a\u52a1\u7ed1\u5b9a\u5546\u6237\u62bc\u91d1;1;1","bank_type":"CFT","cash_fee":"1","fee_type":"CNY","is_subscribe":"N","mch_id":"1489371702","nonce_str":"andzizrl50vna8at6zv8wnflcbsfhnyn","openid":"olXx5wQTrRurM1lhtPQvmIuSyLt4","out_trade_no":"148937170220180420142144","result_code":"SUCCESS","return_code":"SUCCESS","sign":"6B7FD434356337ED4DFD2B698DE4702B","time_end":"20180420142158","total_fee":"1","trade_type":"JSAPI","transaction_id":"4200000093201804201993643169"}
[2018-04-20 14:21:59][debug] query:{"appid":"wx7d05a96d073b899b","attach":"DepositPayParam;339;335;\u4e1a\u52a1\u7ed1\u5b9a\u5546\u6237\u62bc\u91d1;1;1","bank_type":"CFT","cash_fee":"1","fee_type":"CNY","is_subscribe":"N","mch_id":"1489371702","nonce_str":"HlFNJPslFOmsdky8","openid":"olXx5wQTrRurM1lhtPQvmIuSyLt4","out_trade_no":"148937170220180420142144","result_code":"SUCCESS","return_code":"SUCCESS","return_msg":"OK","sign":"E1256FD25271EF033079DC807FB3B14E","time_end":"20180420142158","total_fee":"1","trade_state":"SUCCESS","trade_state_desc":"\u652f\u4ed8\u6210\u529f","trade_type":"JSAPI","transaction_id":"4200000093201804201993643169"}
[2018-04-20 14:21:59][debug] add_depositlist
[2018-04-20 14:21:59][debug] insert339..335
[2018-04-20 14:21:59][debug] insert1业务绑定商户押金,339,335,1,1524205319,1,4200000093201804201993643169
[2018-04-20 14:21:59][debug] insert21
[2018-04-20 15:36:29][debug] begin goods notify
[2018-04-20 15:36:29][debug] call back...---:{"appid":"wx7d05a96d073b899b","attach":"GoodsPayParam;346;\u514b\u4e3d\u7f07\u5a1c\u63a8\u5e7f\u5361;10000;78;1","bank_type":"ICBC_CREDIT","cash_fee":"10000","fee_type":"CNY","is_subscribe":"N","mch_id":"1489371702","nonce_str":"xogm2iexsnzgmo9g9ga5zq41gwnz2x6r","openid":"olXx5wf4qaRVwOXHRY_WdCSAYEYo","out_trade_no":"148937170220180420153612","result_code":"SUCCESS","return_code":"SUCCESS","sign":"0CB7DD6B6C51FA3F3A0E428CD1FD2E0A","time_end":"20180420153628","total_fee":"10000","trade_type":"JSAPI","transaction_id":"4200000084201804202303723288"}
[2018-04-20 15:36:29][debug] query:{"appid":"wx7d05a96d073b899b","attach":"GoodsPayParam;346;\u514b\u4e3d\u7f07\u5a1c\u63a8\u5e7f\u5361;10000;78;1","bank_type":"ICBC_CREDIT","cash_fee":"10000","fee_type":"CNY","is_subscribe":"N","mch_id":"1489371702","nonce_str":"ZpP1PVhnb0LZWllg","openid":"olXx5wf4qaRVwOXHRY_WdCSAYEYo","out_trade_no":"148937170220180420153612","result_code":"SUCCESS","return_code":"SUCCESS","return_msg":"OK","sign":"F632192FCC69CA4955AEAB541231A7CA","time_end":"20180420153628","total_fee":"10000","trade_state":"SUCCESS","trade_state_desc":"\u652f\u4ed8\u6210\u529f","trade_type":"JSAPI","transaction_id":"4200000084201804202303723288"}
[2018-04-20 15:36:29][debug] im enter
[2018-04-20 15:36:29][debug] start add call data:4200000084201804202303723288
[2018-04-20 15:36:29][debug] addgoods4200000084201804202303723288
[2018-04-20 16:43:28][debug] begin goods notify
[2018-04-20 16:43:28][debug] call back...---:{"appid":"wx7d05a96d073b899b","attach":"GoodsPayParam;384;\u514b\u4e3d\u7f07\u5a1c\u63a8\u5e7f\u5361;10000;78;1","bank_type":"ICBC_DEBIT","cash_fee":"10000","fee_type":"CNY","is_subscribe":"N","mch_id":"1489371702","nonce_str":"04my280mwq5mbctz96iij60w5gsptfos","openid":"olXx5wclYyL1Lw3OtNjf9xvH_BUA","out_trade_no":"148937170220180420164321","result_code":"SUCCESS","return_code":"SUCCESS","sign":"59CE24388AF5E83100479A87884F3CFC","time_end":"20180420164328","total_fee":"10000","trade_type":"JSAPI","transaction_id":"4200000093201804202284602322"}
[2018-04-20 16:43:28][debug] query:{"appid":"wx7d05a96d073b899b","attach":"GoodsPayParam;384;\u514b\u4e3d\u7f07\u5a1c\u63a8\u5e7f\u5361;10000;78;1","bank_type":"ICBC_DEBIT","cash_fee":"10000","fee_type":"CNY","is_subscribe":"N","mch_id":"1489371702","nonce_str":"QE90pGcqmqAoImzp","openid":"olXx5wclYyL1Lw3OtNjf9xvH_BUA","out_trade_no":"148937170220180420164321","result_code":"SUCCESS","return_code":"SUCCESS","return_msg":"OK","sign":"002B7DE7C2BE5497E6D67722E198801A","time_end":"20180420164328","total_fee":"10000","trade_state":"SUCCESS","trade_state_desc":"\u652f\u4ed8\u6210\u529f","trade_type":"JSAPI","transaction_id":"4200000093201804202284602322"}
[2018-04-20 16:43:28][debug] im enter
[2018-04-20 16:43:28][debug] start add call data:4200000093201804202284602322
[2018-04-20 16:43:28][debug] addgoods4200000093201804202284602322
[2018-04-20 17:22:22][debug] begin goods notify
[2018-04-20 17:22:22][debug] call back...---:{"appid":"wx7d05a96d073b899b","attach":"GoodsPayParam;366;\u514b\u4e3d\u7f07\u5a1c\u63a8\u5e7f\u5361;10000;78;1","bank_type":"BOC_CREDIT","cash_fee":"10000","fee_type":"CNY","is_subscribe":"N","mch_id":"1489371702","nonce_str":"o1dxdqgaimsts9eilrb9sf1gtcd3okxx","openid":"olXx5wSt3Hh_seXkYqGRcsKB8G4g","out_trade_no":"148937170220180420172213","result_code":"SUCCESS","return_code":"SUCCESS","sign":"CFD26432890AA1B93126306982D0B63E","time_end":"20180420172222","total_fee":"10000","trade_type":"JSAPI","transaction_id":"4200000100201804202553428210"}
[2018-04-20 17:22:23][debug] query:{"appid":"wx7d05a96d073b899b","attach":"GoodsPayParam;366;\u514b\u4e3d\u7f07\u5a1c\u63a8\u5e7f\u5361;10000;78;1","bank_type":"BOC_CREDIT","cash_fee":"10000","fee_type":"CNY","is_subscribe":"N","mch_id":"1489371702","nonce_str":"zFMG9UaZfQHVseMX","openid":"olXx5wSt3Hh_seXkYqGRcsKB8G4g","out_trade_no":"148937170220180420172213","result_code":"SUCCESS","return_code":"SUCCESS","return_msg":"OK","sign":"133F0A4620CC469BCFA6FABC5F2A64D6","time_end":"20180420172222","total_fee":"10000","trade_state":"SUCCESS","trade_state_desc":"\u652f\u4ed8\u6210\u529f","trade_type":"JSAPI","transaction_id":"4200000100201804202553428210"}
[2018-04-20 17:22:23][debug] im enter
[2018-04-20 17:22:23][debug] start add call data:4200000100201804202553428210
[2018-04-20 17:22:23][debug] addgoods4200000100201804202553428210
[2018-04-20 19:43:36][debug] begin goods notify
[2018-04-20 19:43:36][debug] call back...---:{"appid":"wx7d05a96d073b899b","attach":"GoodsPayParam;368;\u514b\u4e3d\u7f07\u5a1c\u63a8\u5e7f\u5361;10000;78;1","bank_type":"CFT","cash_fee":"10000","fee_type":"CNY","is_subscribe":"N","mch_id":"1489371702","nonce_str":"eqwndb9xae37jyyswt07w5d1w1gmrf3m","openid":"olXx5wYmrOeqOAYJVPRjLqz_tZSQ","out_trade_no":"148937170220180420194324","result_code":"SUCCESS","return_code":"SUCCESS","sign":"8FE95D86C0E44258C7BF7152E6E36537","time_end":"20180420194335","total_fee":"10000","trade_type":"JSAPI","transaction_id":"4200000096201804202357228400"}
[2018-04-20 19:43:36][debug] query:{"appid":"wx7d05a96d073b899b","attach":"GoodsPayParam;368;\u514b\u4e3d\u7f07\u5a1c\u63a8\u5e7f\u5361;10000;78;1","bank_type":"CFT","cash_fee":"10000","fee_type":"CNY","is_subscribe":"N","mch_id":"1489371702","nonce_str":"AYwj012600t2oMZB","openid":"olXx5wYmrOeqOAYJVPRjLqz_tZSQ","out_trade_no":"148937170220180420194324","result_code":"SUCCESS","return_code":"SUCCESS","return_msg":"OK","sign":"2A9B542C3161360EF00020BCC382D814","time_end":"20180420194335","total_fee":"10000","trade_state":"SUCCESS","trade_state_desc":"\u652f\u4ed8\u6210\u529f","trade_type":"JSAPI","transaction_id":"4200000096201804202357228400"}
[2018-04-20 19:43:36][debug] im enter
[2018-04-20 19:43:36][debug] start add call data:4200000096201804202357228400
[2018-04-20 19:43:36][debug] addgoods4200000096201804202357228400
[2018-04-20 19:46:38][debug] begin goods notify
[2018-04-20 19:46:38][debug] call back...---:{"appid":"wx7d05a96d073b899b","attach":"GoodsPayParam;359;\u514b\u4e3d\u7f07\u5a1c\u63a8\u5e7f\u5361;10000;78;1","bank_type":"CFT","cash_fee":"10000","fee_type":"CNY","is_subscribe":"N","mch_id":"1489371702","nonce_str":"6jr83jgbsyf5vued2yz2e9qm19baotxx","openid":"olXx5wbiE7Tmwuk9deLbsbHXCAYM","out_trade_no":"148937170220180420194632","result_code":"SUCCESS","return_code":"SUCCESS","sign":"B35FA2A510D54227F239141AC7A22815","time_end":"20180420194637","total_fee":"10000","trade_type":"JSAPI","transaction_id":"4200000089201804202446676411"}
[2018-04-20 19:46:38][debug] query:{"appid":"wx7d05a96d073b899b","attach":"GoodsPayParam;359;\u514b\u4e3d\u7f07\u5a1c\u63a8\u5e7f\u5361;10000;78;1","bank_type":"CFT","cash_fee":"10000","fee_type":"CNY","is_subscribe":"N","mch_id":"1489371702","nonce_str":"b38FGpmjt7CjW63h","openid":"olXx5wbiE7Tmwuk9deLbsbHXCAYM","out_trade_no":"148937170220180420194632","result_code":"SUCCESS","return_code":"SUCCESS","return_msg":"OK","sign":"AE34F8F965EA3BCCB59DC7F9F88C491F","time_end":"20180420194637","total_fee":"10000","trade_state":"SUCCESS","trade_state_desc":"\u652f\u4ed8\u6210\u529f","trade_type":"JSAPI","transaction_id":"4200000089201804202446676411"}
[2018-04-20 19:46:38][debug] im enter
[2018-04-20 19:46:38][debug] start add call data:4200000089201804202446676411
[2018-04-20 19:46:38][debug] addgoods4200000089201804202446676411
