[2018-03-14 15:57:57][debug] begin goods notify
[2018-03-14 15:57:57][debug] call back...:{"appid":"wx7d05a96d073b899b","attach":"DepositPayParam;152;155;\u62bc\u91d1;1;1","bank_type":"CFT","cash_fee":"1","fee_type":"CNY","is_subscribe":"Y","mch_id":"1489371702","nonce_str":"er0jtgvwy1cfox0bbry3fransln77zsy","openid":"olXx5wd4-x6BhfMoqkK_Fsb10tyY","out_trade_no":"148937170220180314155749","result_code":"SUCCESS","return_code":"SUCCESS","sign":"F0F984A677130344D2F968CED22CE20A","time_end":"20180314155756","total_fee":"1","trade_type":"JSAPI","transaction_id":"4200000091201803148543356558"}
[2018-03-14 15:57:57][debug] query:{"appid":"wx7d05a96d073b899b","attach":"DepositPayParam;152;155;\u62bc\u91d1;1;1","bank_type":"CFT","cash_fee":"1","fee_type":"CNY","is_subscribe":"Y","mch_id":"1489371702","nonce_str":"zuqfoolfMxWGVZNy","openid":"olXx5wd4-x6BhfMoqkK_Fsb10tyY","out_trade_no":"148937170220180314155749","result_code":"SUCCESS","return_code":"SUCCESS","return_msg":"OK","sign":"520CB6A33F39256F7DAF5C4052B8DB13","time_end":"20180314155756","total_fee":"1","trade_state":"SUCCESS","trade_type":"JSAPI","transaction_id":"4200000091201803148543356558"}
[2018-03-14 15:57:57][debug] add_depositlist
[2018-03-14 15:57:57][debug] insert152..155
[2018-03-14 15:57:57][debug] insert1押金,152,155,1,1521014277,1,4200000091201803148543356558
[2018-03-14 15:57:57][debug] insert21
[2018-03-14 15:58:08][debug] begin goods notify
[2018-03-14 15:58:08][debug] call back...:{"appid":"wx7d05a96d073b899b","attach":"DepositPayParam;152;155;\u62bc\u91d1;1;1","bank_type":"CFT","cash_fee":"1","fee_type":"CNY","is_subscribe":"Y","mch_id":"1489371702","nonce_str":"er0jtgvwy1cfox0bbry3fransln77zsy","openid":"olXx5wd4-x6BhfMoqkK_Fsb10tyY","out_trade_no":"148937170220180314155749","result_code":"SUCCESS","return_code":"SUCCESS","sign":"F0F984A677130344D2F968CED22CE20A","time_end":"20180314155756","total_fee":"1","trade_type":"JSAPI","transaction_id":"4200000091201803148543356558"}
[2018-03-14 15:58:08][debug] query:{"appid":"wx7d05a96d073b899b","attach":"DepositPayParam;152;155;\u62bc\u91d1;1;1","bank_type":"CFT","cash_fee":"1","fee_type":"CNY","is_subscribe":"Y","mch_id":"1489371702","nonce_str":"zDkkAJ7SN7r15qIC","openid":"olXx5wd4-x6BhfMoqkK_Fsb10tyY","out_trade_no":"148937170220180314155749","result_code":"SUCCESS","return_code":"SUCCESS","return_msg":"OK","sign":"A237CF4560DE62D7F9AE036789D96361","time_end":"20180314155756","total_fee":"1","trade_state":"SUCCESS","trade_type":"JSAPI","transaction_id":"4200000091201803148543356558"}
[2018-03-14 15:58:08][debug] add_depositlist
[2018-03-14 15:58:24][debug] begin goods notify
[2018-03-14 15:58:24][debug] call back...:{"appid":"wx7d05a96d073b899b","attach":"DepositPayParam;152;155;\u62bc\u91d1;1;1","bank_type":"CFT","cash_fee":"1","fee_type":"CNY","is_subscribe":"Y","mch_id":"1489371702","nonce_str":"er0jtgvwy1cfox0bbry3fransln77zsy","openid":"olXx5wd4-x6BhfMoqkK_Fsb10tyY","out_trade_no":"148937170220180314155749","result_code":"SUCCESS","return_code":"SUCCESS","sign":"F0F984A677130344D2F968CED22CE20A","time_end":"20180314155756","total_fee":"1","trade_type":"JSAPI","transaction_id":"4200000091201803148543356558"}
[2018-03-14 15:58:24][debug] query:{"appid":"wx7d05a96d073b899b","attach":"DepositPayParam;152;155;\u62bc\u91d1;1;1","bank_type":"CFT","cash_fee":"1","fee_type":"CNY","is_subscribe":"Y","mch_id":"1489371702","nonce_str":"UfqMMaJMcp3gj0Ob","openid":"olXx5wd4-x6BhfMoqkK_Fsb10tyY","out_trade_no":"148937170220180314155749","result_code":"SUCCESS","return_code":"SUCCESS","return_msg":"OK","sign":"21846A754AC116E8A8BED1C52600B8B8","time_end":"20180314155756","total_fee":"1","trade_state":"SUCCESS","trade_type":"JSAPI","transaction_id":"4200000091201803148543356558"}
[2018-03-14 15:58:24][debug] add_depositlist
[2018-03-14 15:58:56][debug] begin goods notify
[2018-03-14 15:58:56][debug] call back...:{"appid":"wx7d05a96d073b899b","attach":"DepositPayParam;152;155;\u62bc\u91d1;1;1","bank_type":"CFT","cash_fee":"1","fee_type":"CNY","is_subscribe":"Y","mch_id":"1489371702","nonce_str":"er0jtgvwy1cfox0bbry3fransln77zsy","openid":"olXx5wd4-x6BhfMoqkK_Fsb10tyY","out_trade_no":"148937170220180314155749","result_code":"SUCCESS","return_code":"SUCCESS","sign":"F0F984A677130344D2F968CED22CE20A","time_end":"20180314155756","total_fee":"1","trade_type":"JSAPI","transaction_id":"4200000091201803148543356558"}
[2018-03-14 15:58:56][debug] query:{"appid":"wx7d05a96d073b899b","attach":"DepositPayParam;152;155;\u62bc\u91d1;1;1","bank_type":"CFT","cash_fee":"1","fee_type":"CNY","is_subscribe":"Y","mch_id":"1489371702","nonce_str":"hCu5NvSW6Mz174aA","openid":"olXx5wd4-x6BhfMoqkK_Fsb10tyY","out_trade_no":"148937170220180314155749","result_code":"SUCCESS","return_code":"SUCCESS","return_msg":"OK","sign":"9BDFEB671FD90C1AE8FE21BF511B4C4C","time_end":"20180314155756","total_fee":"1","trade_state":"SUCCESS","trade_type":"JSAPI","transaction_id":"4200000091201803148543356558"}
[2018-03-14 15:58:56][debug] add_depositlist
[2018-03-14 16:01:58][debug] begin goods notify
[2018-03-14 16:01:58][debug] call back...:{"appid":"wx7d05a96d073b899b","attach":"DepositPayParam;152;155;\u62bc\u91d1;1;1","bank_type":"CFT","cash_fee":"1","fee_type":"CNY","is_subscribe":"Y","mch_id":"1489371702","nonce_str":"er0jtgvwy1cfox0bbry3fransln77zsy","openid":"olXx5wd4-x6BhfMoqkK_Fsb10tyY","out_trade_no":"148937170220180314155749","result_code":"SUCCESS","return_code":"SUCCESS","sign":"F0F984A677130344D2F968CED22CE20A","time_end":"20180314155756","total_fee":"1","trade_type":"JSAPI","transaction_id":"4200000091201803148543356558"}
[2018-03-14 16:01:59][debug] query:{"appid":"wx7d05a96d073b899b","attach":"DepositPayParam;152;155;\u62bc\u91d1;1;1","bank_type":"CFT","cash_fee":"1","fee_type":"CNY","is_subscribe":"Y","mch_id":"1489371702","nonce_str":"2PFhmkgRtuVHgupE","openid":"olXx5wd4-x6BhfMoqkK_Fsb10tyY","out_trade_no":"148937170220180314155749","result_code":"SUCCESS","return_code":"SUCCESS","return_msg":"OK","sign":"60CA0EBF73A1AC3D4BBE905957B52C83","time_end":"20180314155756","total_fee":"1","trade_state":"SUCCESS","trade_type":"JSAPI","transaction_id":"4200000091201803148543356558"}
[2018-03-14 16:01:59][debug] add_depositlist
[2018-03-14 16:32:01][debug] begin goods notify
[2018-03-14 16:32:01][debug] call back...:{"appid":"wx7d05a96d073b899b","attach":"DepositPayParam;152;155;\u62bc\u91d1;1;1","bank_type":"CFT","cash_fee":"1","fee_type":"CNY","is_subscribe":"Y","mch_id":"1489371702","nonce_str":"er0jtgvwy1cfox0bbry3fransln77zsy","openid":"olXx5wd4-x6BhfMoqkK_Fsb10tyY","out_trade_no":"148937170220180314155749","result_code":"SUCCESS","return_code":"SUCCESS","sign":"F0F984A677130344D2F968CED22CE20A","time_end":"20180314155756","total_fee":"1","trade_type":"JSAPI","transaction_id":"4200000091201803148543356558"}
[2018-03-14 16:32:01][debug] query:{"appid":"wx7d05a96d073b899b","attach":"DepositPayParam;152;155;\u62bc\u91d1;1;1","bank_type":"CFT","cash_fee":"1","fee_type":"CNY","is_subscribe":"Y","mch_id":"1489371702","nonce_str":"nzffq3H5xcYzJQhG","openid":"olXx5wd4-x6BhfMoqkK_Fsb10tyY","out_trade_no":"148937170220180314155749","result_code":"SUCCESS","return_code":"SUCCESS","return_msg":"OK","sign":"45789860C2B0F7F786FDC03E57671315","time_end":"20180314155756","total_fee":"1","trade_state":"SUCCESS","trade_type":"JSAPI","transaction_id":"4200000091201803148543356558"}
[2018-03-14 16:32:01][debug] add_depositlist
[2018-03-14 17:02:04][debug] begin goods notify
[2018-03-14 17:02:04][debug] call back...:{"appid":"wx7d05a96d073b899b","attach":"DepositPayParam;152;155;\u62bc\u91d1;1;1","bank_type":"CFT","cash_fee":"1","fee_type":"CNY","is_subscribe":"Y","mch_id":"1489371702","nonce_str":"er0jtgvwy1cfox0bbry3fransln77zsy","openid":"olXx5wd4-x6BhfMoqkK_Fsb10tyY","out_trade_no":"148937170220180314155749","result_code":"SUCCESS","return_code":"SUCCESS","sign":"F0F984A677130344D2F968CED22CE20A","time_end":"20180314155756","total_fee":"1","trade_type":"JSAPI","transaction_id":"4200000091201803148543356558"}
[2018-03-14 17:02:04][debug] query:{"appid":"wx7d05a96d073b899b","attach":"DepositPayParam;152;155;\u62bc\u91d1;1;1","bank_type":"CFT","cash_fee":"1","fee_type":"CNY","is_subscribe":"Y","mch_id":"1489371702","nonce_str":"p5FZgmZMsLYTWH4P","openid":"olXx5wd4-x6BhfMoqkK_Fsb10tyY","out_trade_no":"148937170220180314155749","result_code":"SUCCESS","return_code":"SUCCESS","return_msg":"OK","sign":"24F8C1776F580B1C3A61971A459DBC6B","time_end":"20180314155756","total_fee":"1","trade_state":"SUCCESS","trade_type":"JSAPI","transaction_id":"4200000091201803148543356558"}
[2018-03-14 17:02:04][debug] add_depositlist
[2018-03-14 17:32:05][debug] begin goods notify
[2018-03-14 17:32:05][debug] call back...:{"appid":"wx7d05a96d073b899b","attach":"DepositPayParam;152;155;\u62bc\u91d1;1;1","bank_type":"CFT","cash_fee":"1","fee_type":"CNY","is_subscribe":"Y","mch_id":"1489371702","nonce_str":"er0jtgvwy1cfox0bbry3fransln77zsy","openid":"olXx5wd4-x6BhfMoqkK_Fsb10tyY","out_trade_no":"148937170220180314155749","result_code":"SUCCESS","return_code":"SUCCESS","sign":"F0F984A677130344D2F968CED22CE20A","time_end":"20180314155756","total_fee":"1","trade_type":"JSAPI","transaction_id":"4200000091201803148543356558"}
[2018-03-14 17:32:05][debug] query:{"appid":"wx7d05a96d073b899b","attach":"DepositPayParam;152;155;\u62bc\u91d1;1;1","bank_type":"CFT","cash_fee":"1","fee_type":"CNY","is_subscribe":"Y","mch_id":"1489371702","nonce_str":"7FUqkLfwqRNrGxre","openid":"olXx5wd4-x6BhfMoqkK_Fsb10tyY","out_trade_no":"148937170220180314155749","result_code":"SUCCESS","return_code":"SUCCESS","return_msg":"OK","sign":"3D80B0601B090E557BB11D9645580062","time_end":"20180314155756","total_fee":"1","trade_state":"SUCCESS","trade_type":"JSAPI","transaction_id":"4200000091201803148543356558"}
[2018-03-14 17:32:05][debug] add_depositlist
[2018-03-14 18:02:07][debug] begin goods notify
[2018-03-14 18:02:07][debug] call back...:{"appid":"wx7d05a96d073b899b","attach":"DepositPayParam;152;155;\u62bc\u91d1;1;1","bank_type":"CFT","cash_fee":"1","fee_type":"CNY","is_subscribe":"Y","mch_id":"1489371702","nonce_str":"er0jtgvwy1cfox0bbry3fransln77zsy","openid":"olXx5wd4-x6BhfMoqkK_Fsb10tyY","out_trade_no":"148937170220180314155749","result_code":"SUCCESS","return_code":"SUCCESS","sign":"F0F984A677130344D2F968CED22CE20A","time_end":"20180314155756","total_fee":"1","trade_type":"JSAPI","transaction_id":"4200000091201803148543356558"}
[2018-03-14 18:02:07][debug] query:{"appid":"wx7d05a96d073b899b","attach":"DepositPayParam;152;155;\u62bc\u91d1;1;1","bank_type":"CFT","cash_fee":"1","fee_type":"CNY","is_subscribe":"Y","mch_id":"1489371702","nonce_str":"okOhZhX3N6EwdKd9","openid":"olXx5wd4-x6BhfMoqkK_Fsb10tyY","out_trade_no":"148937170220180314155749","result_code":"SUCCESS","return_code":"SUCCESS","return_msg":"OK","sign":"CBFDE2616E2CDC6EB788419057EB9502","time_end":"20180314155756","total_fee":"1","trade_state":"SUCCESS","trade_type":"JSAPI","transaction_id":"4200000091201803148543356558"}
[2018-03-14 18:02:07][debug] add_depositlist
[2018-03-14 19:02:09][debug] begin goods notify
[2018-03-14 19:02:09][debug] call back...:{"appid":"wx7d05a96d073b899b","attach":"DepositPayParam;152;155;\u62bc\u91d1;1;1","bank_type":"CFT","cash_fee":"1","fee_type":"CNY","is_subscribe":"Y","mch_id":"1489371702","nonce_str":"er0jtgvwy1cfox0bbry3fransln77zsy","openid":"olXx5wd4-x6BhfMoqkK_Fsb10tyY","out_trade_no":"148937170220180314155749","result_code":"SUCCESS","return_code":"SUCCESS","sign":"F0F984A677130344D2F968CED22CE20A","time_end":"20180314155756","total_fee":"1","trade_type":"JSAPI","transaction_id":"4200000091201803148543356558"}
[2018-03-14 19:02:09][debug] query:{"appid":"wx7d05a96d073b899b","attach":"DepositPayParam;152;155;\u62bc\u91d1;1;1","bank_type":"CFT","cash_fee":"1","fee_type":"CNY","is_subscribe":"Y","mch_id":"1489371702","nonce_str":"0bkrzc1ucn41eTNd","openid":"olXx5wd4-x6BhfMoqkK_Fsb10tyY","out_trade_no":"148937170220180314155749","result_code":"SUCCESS","return_code":"SUCCESS","return_msg":"OK","sign":"CCCB6D5273B1D38AC09CD384EF1233C7","time_end":"20180314155756","total_fee":"1","trade_state":"SUCCESS","trade_type":"JSAPI","transaction_id":"4200000091201803148543356558"}
[2018-03-14 19:02:09][debug] add_depositlist
[2018-03-14 22:06:54][debug] begin goods notify
[2018-03-14 22:06:54][debug] call back...:{"appid":"wx7d05a96d073b899b","attach":"DepositPayParam;152;156;\u62bc\u91d1;1;1","bank_type":"CFT","cash_fee":"1","fee_type":"CNY","is_subscribe":"Y","mch_id":"1489371702","nonce_str":"36tkqryf6776lkmygouts3qsz01l7jf0","openid":"olXx5wd4-x6BhfMoqkK_Fsb10tyY","out_trade_no":"148937170220180314220650","result_code":"SUCCESS","return_code":"SUCCESS","sign":"EF68115A73D476AF928A5971A4DC739D","time_end":"20180314220654","total_fee":"1","trade_type":"JSAPI","transaction_id":"4200000081201803148749702488"}
[2018-03-14 22:06:54][debug] query:{"appid":"wx7d05a96d073b899b","attach":"DepositPayParam;152;156;\u62bc\u91d1;1;1","bank_type":"CFT","cash_fee":"1","fee_type":"CNY","is_subscribe":"Y","mch_id":"1489371702","nonce_str":"2EXYN3cLBa9pcRep","openid":"olXx5wd4-x6BhfMoqkK_Fsb10tyY","out_trade_no":"148937170220180314220650","result_code":"SUCCESS","return_code":"SUCCESS","return_msg":"OK","sign":"83A67D3C0108867B8AEA287184A05795","time_end":"20180314220654","total_fee":"1","trade_state":"SUCCESS","trade_type":"JSAPI","transaction_id":"4200000081201803148749702488"}
[2018-03-14 22:06:54][debug] add_depositlist
[2018-03-14 22:06:54][debug] insert152..156
[2018-03-14 22:06:54][debug] insert1押金,152,156,1,1521036414,1,4200000081201803148749702488
[2018-03-14 22:06:54][debug] insert21
[2018-03-14 22:07:03][debug] begin goods notify
[2018-03-14 22:07:03][debug] call back...:{"appid":"wx7d05a96d073b899b","attach":"DepositPayParam;152;156;\u62bc\u91d1;1;1","bank_type":"CFT","cash_fee":"1","fee_type":"CNY","is_subscribe":"Y","mch_id":"1489371702","nonce_str":"36tkqryf6776lkmygouts3qsz01l7jf0","openid":"olXx5wd4-x6BhfMoqkK_Fsb10tyY","out_trade_no":"148937170220180314220650","result_code":"SUCCESS","return_code":"SUCCESS","sign":"EF68115A73D476AF928A5971A4DC739D","time_end":"20180314220654","total_fee":"1","trade_type":"JSAPI","transaction_id":"4200000081201803148749702488"}
[2018-03-14 22:07:03][debug] query:{"appid":"wx7d05a96d073b899b","attach":"DepositPayParam;152;156;\u62bc\u91d1;1;1","bank_type":"CFT","cash_fee":"1","fee_type":"CNY","is_subscribe":"Y","mch_id":"1489371702","nonce_str":"a6NQYFU5SzKInrHd","openid":"olXx5wd4-x6BhfMoqkK_Fsb10tyY","out_trade_no":"148937170220180314220650","result_code":"SUCCESS","return_code":"SUCCESS","return_msg":"OK","sign":"74829AD70C751269EAA656450D0E1687","time_end":"20180314220654","total_fee":"1","trade_state":"SUCCESS","trade_type":"JSAPI","transaction_id":"4200000081201803148749702488"}
[2018-03-14 22:07:03][debug] add_depositlist
[2018-03-14 22:07:19][debug] begin goods notify
[2018-03-14 22:07:19][debug] call back...:{"appid":"wx7d05a96d073b899b","attach":"DepositPayParam;152;156;\u62bc\u91d1;1;1","bank_type":"CFT","cash_fee":"1","fee_type":"CNY","is_subscribe":"Y","mch_id":"1489371702","nonce_str":"36tkqryf6776lkmygouts3qsz01l7jf0","openid":"olXx5wd4-x6BhfMoqkK_Fsb10tyY","out_trade_no":"148937170220180314220650","result_code":"SUCCESS","return_code":"SUCCESS","sign":"EF68115A73D476AF928A5971A4DC739D","time_end":"20180314220654","total_fee":"1","trade_type":"JSAPI","transaction_id":"4200000081201803148749702488"}
[2018-03-14 22:07:20][debug] query:{"appid":"wx7d05a96d073b899b","attach":"DepositPayParam;152;156;\u62bc\u91d1;1;1","bank_type":"CFT","cash_fee":"1","fee_type":"CNY","is_subscribe":"Y","mch_id":"1489371702","nonce_str":"bLGuOlt5w5l8pUQi","openid":"olXx5wd4-x6BhfMoqkK_Fsb10tyY","out_trade_no":"148937170220180314220650","result_code":"SUCCESS","return_code":"SUCCESS","return_msg":"OK","sign":"13FE13BEA3637B1D26BD76FC0D2B5CB1","time_end":"20180314220654","total_fee":"1","trade_state":"SUCCESS","trade_type":"JSAPI","transaction_id":"4200000081201803148749702488"}
[2018-03-14 22:07:20][debug] add_depositlist
[2018-03-14 22:07:51][debug] begin goods notify
[2018-03-14 22:07:51][debug] call back...:{"appid":"wx7d05a96d073b899b","attach":"DepositPayParam;152;156;\u62bc\u91d1;1;1","bank_type":"CFT","cash_fee":"1","fee_type":"CNY","is_subscribe":"Y","mch_id":"1489371702","nonce_str":"36tkqryf6776lkmygouts3qsz01l7jf0","openid":"olXx5wd4-x6BhfMoqkK_Fsb10tyY","out_trade_no":"148937170220180314220650","result_code":"SUCCESS","return_code":"SUCCESS","sign":"EF68115A73D476AF928A5971A4DC739D","time_end":"20180314220654","total_fee":"1","trade_type":"JSAPI","transaction_id":"4200000081201803148749702488"}
[2018-03-14 22:07:51][debug] query:{"appid":"wx7d05a96d073b899b","attach":"DepositPayParam;152;156;\u62bc\u91d1;1;1","bank_type":"CFT","cash_fee":"1","fee_type":"CNY","is_subscribe":"Y","mch_id":"1489371702","nonce_str":"hLgji6fLFlXpz7wn","openid":"olXx5wd4-x6BhfMoqkK_Fsb10tyY","out_trade_no":"148937170220180314220650","result_code":"SUCCESS","return_code":"SUCCESS","return_msg":"OK","sign":"88AD289DCFBFF6902D668141A3548137","time_end":"20180314220654","total_fee":"1","trade_state":"SUCCESS","trade_type":"JSAPI","transaction_id":"4200000081201803148749702488"}
[2018-03-14 22:07:51][debug] add_depositlist
[2018-03-14 22:10:52][debug] begin goods notify
[2018-03-14 22:10:52][debug] call back...:{"appid":"wx7d05a96d073b899b","attach":"DepositPayParam;152;156;\u62bc\u91d1;1;1","bank_type":"CFT","cash_fee":"1","fee_type":"CNY","is_subscribe":"Y","mch_id":"1489371702","nonce_str":"36tkqryf6776lkmygouts3qsz01l7jf0","openid":"olXx5wd4-x6BhfMoqkK_Fsb10tyY","out_trade_no":"148937170220180314220650","result_code":"SUCCESS","return_code":"SUCCESS","sign":"EF68115A73D476AF928A5971A4DC739D","time_end":"20180314220654","total_fee":"1","trade_type":"JSAPI","transaction_id":"4200000081201803148749702488"}
[2018-03-14 22:10:53][debug] query:{"appid":"wx7d05a96d073b899b","attach":"DepositPayParam;152;156;\u62bc\u91d1;1;1","bank_type":"CFT","cash_fee":"1","fee_type":"CNY","is_subscribe":"Y","mch_id":"1489371702","nonce_str":"cmZjpFmwv7bml07e","openid":"olXx5wd4-x6BhfMoqkK_Fsb10tyY","out_trade_no":"148937170220180314220650","result_code":"SUCCESS","return_code":"SUCCESS","return_msg":"OK","sign":"B469531F92886C31D0F0DFACB1933CD2","time_end":"20180314220654","total_fee":"1","trade_state":"SUCCESS","trade_type":"JSAPI","transaction_id":"4200000081201803148749702488"}
[2018-03-14 22:10:53][debug] add_depositlist
[2018-03-14 22:40:54][debug] begin goods notify
[2018-03-14 22:40:54][debug] call back...:{"appid":"wx7d05a96d073b899b","attach":"DepositPayParam;152;156;\u62bc\u91d1;1;1","bank_type":"CFT","cash_fee":"1","fee_type":"CNY","is_subscribe":"Y","mch_id":"1489371702","nonce_str":"36tkqryf6776lkmygouts3qsz01l7jf0","openid":"olXx5wd4-x6BhfMoqkK_Fsb10tyY","out_trade_no":"148937170220180314220650","result_code":"SUCCESS","return_code":"SUCCESS","sign":"EF68115A73D476AF928A5971A4DC739D","time_end":"20180314220654","total_fee":"1","trade_type":"JSAPI","transaction_id":"4200000081201803148749702488"}
[2018-03-14 22:40:54][debug] query:{"appid":"wx7d05a96d073b899b","attach":"DepositPayParam;152;156;\u62bc\u91d1;1;1","bank_type":"CFT","cash_fee":"1","fee_type":"CNY","is_subscribe":"Y","mch_id":"1489371702","nonce_str":"mzGQNgwschIHJBER","openid":"olXx5wd4-x6BhfMoqkK_Fsb10tyY","out_trade_no":"148937170220180314220650","result_code":"SUCCESS","return_code":"SUCCESS","return_msg":"OK","sign":"64A4081EE45FE9B0EF62683D6127E298","time_end":"20180314220654","total_fee":"1","trade_state":"SUCCESS","trade_type":"JSAPI","transaction_id":"4200000081201803148749702488"}
[2018-03-14 22:40:54][debug] add_depositlist
[2018-03-14 23:10:56][debug] begin goods notify
[2018-03-14 23:10:56][debug] call back...:{"appid":"wx7d05a96d073b899b","attach":"DepositPayParam;152;156;\u62bc\u91d1;1;1","bank_type":"CFT","cash_fee":"1","fee_type":"CNY","is_subscribe":"Y","mch_id":"1489371702","nonce_str":"36tkqryf6776lkmygouts3qsz01l7jf0","openid":"olXx5wd4-x6BhfMoqkK_Fsb10tyY","out_trade_no":"148937170220180314220650","result_code":"SUCCESS","return_code":"SUCCESS","sign":"EF68115A73D476AF928A5971A4DC739D","time_end":"20180314220654","total_fee":"1","trade_type":"JSAPI","transaction_id":"4200000081201803148749702488"}
[2018-03-14 23:10:56][debug] query:{"appid":"wx7d05a96d073b899b","attach":"DepositPayParam;152;156;\u62bc\u91d1;1;1","bank_type":"CFT","cash_fee":"1","fee_type":"CNY","is_subscribe":"Y","mch_id":"1489371702","nonce_str":"UCB2F73iBfA8BHOB","openid":"olXx5wd4-x6BhfMoqkK_Fsb10tyY","out_trade_no":"148937170220180314220650","result_code":"SUCCESS","return_code":"SUCCESS","return_msg":"OK","sign":"A30A80C8297817B86AE6BF02A5B5FD1C","time_end":"20180314220654","total_fee":"1","trade_state":"SUCCESS","trade_type":"JSAPI","transaction_id":"4200000081201803148749702488"}
[2018-03-14 23:10:56][debug] add_depositlist
[2018-03-14 23:40:58][debug] begin goods notify
[2018-03-14 23:40:58][debug] call back...:{"appid":"wx7d05a96d073b899b","attach":"DepositPayParam;152;156;\u62bc\u91d1;1;1","bank_type":"CFT","cash_fee":"1","fee_type":"CNY","is_subscribe":"Y","mch_id":"1489371702","nonce_str":"36tkqryf6776lkmygouts3qsz01l7jf0","openid":"olXx5wd4-x6BhfMoqkK_Fsb10tyY","out_trade_no":"148937170220180314220650","result_code":"SUCCESS","return_code":"SUCCESS","sign":"EF68115A73D476AF928A5971A4DC739D","time_end":"20180314220654","total_fee":"1","trade_type":"JSAPI","transaction_id":"4200000081201803148749702488"}
[2018-03-14 23:40:58][debug] query:{"appid":"wx7d05a96d073b899b","attach":"DepositPayParam;152;156;\u62bc\u91d1;1;1","bank_type":"CFT","cash_fee":"1","fee_type":"CNY","is_subscribe":"Y","mch_id":"1489371702","nonce_str":"IyTVazwuzzXmbppk","openid":"olXx5wd4-x6BhfMoqkK_Fsb10tyY","out_trade_no":"148937170220180314220650","result_code":"SUCCESS","return_code":"SUCCESS","return_msg":"OK","sign":"4DD6CA1E134B11C092F0245D51F2AE9A","time_end":"20180314220654","total_fee":"1","trade_state":"SUCCESS","trade_type":"JSAPI","transaction_id":"4200000081201803148749702488"}
[2018-03-14 23:40:58][debug] add_depositlist
