[2018-05-19 15:08:32][debug] begin goods notify
[2018-05-19 15:08:32][debug] call back...---:{"appid":"wxd42787e75e0a0d24","attach":"DepositPayParam;752;747;\u4e1a\u52a1\u7ed1\u5b9a\u5546\u6237\u62bc\u91d1;1;1","bank_type":"CFT","cash_fee":"1","fee_type":"CNY","is_subscribe":"Y","mch_id":"1499493602","nonce_str":"q6ret7m3k94kffbdjj4ur0drxeew7ezu","openid":"oJj3g066uDwbwqx3geWVxI_kj2jc","out_trade_no":"149949360220180519150825","result_code":"SUCCESS","return_code":"SUCCESS","sign":"859005139786149AD758E87FAE95BC1B","time_end":"20180519150831","total_fee":"1","trade_type":"JSAPI","transaction_id":"4200000112201805193263273976"}
[2018-05-19 15:08:32][debug] query:{"appid":"wxd42787e75e0a0d24","attach":"DepositPayParam;752;747;\u4e1a\u52a1\u7ed1\u5b9a\u5546\u6237\u62bc\u91d1;1;1","bank_type":"CFT","cash_fee":"1","fee_type":"CNY","is_subscribe":"Y","mch_id":"1499493602","nonce_str":"Xa6At1CfykZgDsVL","openid":"oJj3g066uDwbwqx3geWVxI_kj2jc","out_trade_no":"149949360220180519150825","result_code":"SUCCESS","return_code":"SUCCESS","return_msg":"OK","sign":"C71429F7C04C79432ACEF424551D126B","time_end":"20180519150831","total_fee":"1","trade_state":"SUCCESS","trade_state_desc":"\u652f\u4ed8\u6210\u529f","trade_type":"JSAPI","transaction_id":"4200000112201805193263273976"}
[2018-05-19 15:08:32][debug] add_depositlist
[2018-05-19 15:08:32][debug] insert752..747
[2018-05-19 15:08:32][debug] insert1业务绑定商户押金,752,747,1,1526713712,1,4200000112201805193263273976
[2018-05-19 15:08:32][debug] insert21
[2018-05-19 17:19:24][debug] begin goods notify
[2018-05-19 17:19:24][debug] call back...---:{"appid":"wxd42787e75e0a0d24","attach":"DepositPayParam;724;747;\u4e1a\u52a1\u7ed1\u5b9a\u5546\u6237\u62bc\u91d1;1;1","bank_type":"CFT","cash_fee":"1","fee_type":"CNY","is_subscribe":"Y","mch_id":"1499493602","nonce_str":"blliywvwmanq12o1kl0e2ko1mnpj6787","openid":"oJj3g04CYJTfcnJHuyjppUUX4cD4","out_trade_no":"149949360220180519171918","result_code":"SUCCESS","return_code":"SUCCESS","sign":"8CF419A917873F6E764AE6DE2CB8A791","time_end":"20180519171923","total_fee":"1","trade_type":"JSAPI","transaction_id":"4200000127201805193271334627"}
[2018-05-19 17:19:24][debug] query:{"appid":"wxd42787e75e0a0d24","attach":"DepositPayParam;724;747;\u4e1a\u52a1\u7ed1\u5b9a\u5546\u6237\u62bc\u91d1;1;1","bank_type":"CFT","cash_fee":"1","fee_type":"CNY","is_subscribe":"Y","mch_id":"1499493602","nonce_str":"sKEMhNQG3rDll6g0","openid":"oJj3g04CYJTfcnJHuyjppUUX4cD4","out_trade_no":"149949360220180519171918","result_code":"SUCCESS","return_code":"SUCCESS","return_msg":"OK","sign":"3EEE0DC2BBCC70CCD37F8D8185A7DB3D","time_end":"20180519171924","total_fee":"1","trade_state":"SUCCESS","trade_state_desc":"\u652f\u4ed8\u6210\u529f","trade_type":"JSAPI","transaction_id":"4200000127201805193271334627"}
[2018-05-19 17:19:24][debug] add_depositlist
[2018-05-19 17:19:24][debug] insert724..747
[2018-05-19 17:19:24][debug] insert1业务绑定商户押金,724,747,1,1526721564,1,4200000127201805193271334627
[2018-05-19 17:19:24][debug] insert21
[2018-05-19 17:31:39][debug] begin goods notify
[2018-05-19 17:31:39][debug] call back...---:{"appid":"wxd42787e75e0a0d24","attach":"DepositPayParam;753;747;\u4e1a\u52a1\u7ed1\u5b9a\u5546\u6237\u62bc\u91d1;1;1","bank_type":"CFT","cash_fee":"1","fee_type":"CNY","is_subscribe":"Y","mch_id":"1499493602","nonce_str":"v599j4ixx8k9c180ijima0lligdvnpeg","openid":"oJj3g09WU5uYTG9tIIX-c10ezXgo","out_trade_no":"149949360220180519173127","result_code":"SUCCESS","return_code":"SUCCESS","sign":"70612B911F922AE71A58245A98F21418","time_end":"20180519173138","total_fee":"1","trade_type":"JSAPI","transaction_id":"4200000126201805193332662419"}
[2018-05-19 17:31:40][debug] query:{"appid":"wxd42787e75e0a0d24","attach":"DepositPayParam;753;747;\u4e1a\u52a1\u7ed1\u5b9a\u5546\u6237\u62bc\u91d1;1;1","bank_type":"CFT","cash_fee":"1","fee_type":"CNY","is_subscribe":"Y","mch_id":"1499493602","nonce_str":"Z9N6ro7kdVNXaUiT","openid":"oJj3g09WU5uYTG9tIIX-c10ezXgo","out_trade_no":"149949360220180519173127","result_code":"SUCCESS","return_code":"SUCCESS","return_msg":"OK","sign":"8030E8BE48B5777D8D7DF6F518567F74","time_end":"20180519173138","total_fee":"1","trade_state":"SUCCESS","trade_state_desc":"\u652f\u4ed8\u6210\u529f","trade_type":"JSAPI","transaction_id":"4200000126201805193332662419"}
[2018-05-19 17:31:40][debug] add_depositlist
[2018-05-19 17:31:40][debug] insert753..747
[2018-05-19 17:31:40][debug] insert1业务绑定商户押金,753,747,1,1526722300,1,4200000126201805193332662419
[2018-05-19 17:31:40][debug] insert21
